(S1 (S (NP (DT The) (JJ following)) (VP (VBD were) (PP (IN among) (NP (NP (NP (NN yesterday) (POS 's)) (NNS offerings) (CC and) (NNS pricings)) (PP (IN in) (NP (DT the) (UCP (NNP U.S.) (CC and) (JJ non-U.S.)) (NN capital) (NNS markets))))) (, ,) (PP (IN with) (NP (NP (NNS terms)) (CC and) (NP (NN syndicate) (NN manager)))) (, ,) (SBAR (IN as) (S (VP (VBN compiled) (PP (IN by) (NP (NNP Dow) (NNP Jones) (NNP Capital) (NNPS Markets) (NNP Report))))))) (: :)))

(S1 (NP (NP (NNP Washington)) (, ,) (NP (NNP D.C.)) (: --)))

(S1 (NP (NP (QP ($ $) (CD 200) (CD million))) (PP (IN of) (NP (NP (JJ general) (NN obligation) (NN tax) (NN revenue) (NN anticipation) (NNS notes)) (, ,) (NP (NNP Series) (CD 1990)) (, ,) (ADJP (JJ due) (NP (NNP Sept.) (CD 28) (, ,) (CD 1990))))) (. .)))

(S1 (S (NP (QP (RB About) ($ $) (CD 190) (CD million))) (VP (VBD were) (VP (VBN offered) (PP (IN through) (NP (NNP Shearson) (NNP Lehman) (NNP Hutton) (NNP Inc))))) (. .)))

(S1 (S (NP (NNP Shearson)) (VP (VBZ is) (VP (VBG offering) (NP (DT the) (NNS notes)) (PP (IN as) (NP (NP (ADJP (QP (CD 6) (CD 3\/4)) (NN %)) (NNS securities)) (VP (VBN priced) (S (VP (TO to) (VP (VB yield) (NP (CD 6.15) (NN %)))))))))) (. .)))

(S1 (S (NP (NNP J.P.) (NNP Morgan) (NNPS Securities) (NNP Inc.)) (VP (VBZ is) (VP (VBG offering) (NP (NP (DT the) (JJ remaining) (QP ($ $) (CD 10) (CD million))) (PP (IN of) (NP (NNS notes)))))) (. .)))

(S1 (S (NP (DT The) (NNS notes)) (VP (VBP are) (VP (VBN rated) (S (ADJP (JJ MIG-1))) (PP (IN by) (NP (NP (NNP Moody) (POS 's)) (NNPS Investors) (NNP Service) (NNP Inc))))) (. .)))

(S1 (S (NP (NP (NNP Standard) (CC &) (NNP Poor) (POS 's)) (NNP Corp.)) (VP (VBZ has) (NP (PRP them)) (PP (IN under) (NP (NN review)))) (. .)))

(S1 (NP (NNP Federal) (NNP National) (NNP Mortgage) (NNP Association) (: --)))

(S1 (NP (NP (QP ($ $) (CD 400) (CD million))) (PP (IN of) (NP (NNP Remic) (NN mortgage) (NNS securities))) (VP (VBG being) (VP (VBN offered) (PP (IN in) (NP (CD 16) (NNS classes))) (PP (IN by) (NP (NNP Bear) (, ,) (NNP Stearns) (CC &) (NNP Co))))) (. .)))

(S1 (S (NP (NP (DT The) (NN offering)) (, ,) (NP (NNP Series) (CD 1989-83)) (, ,)) (VP (VBZ is) (VP (VBN backed) (PP (IN by) (NP (NNP Fannie) (NNP Mae) (ADJP (CD 9) (NN %)) (NNS securities))))) (. .)))

(S1 (S (NP (DT The) (NN offering)) (VP (VBD used) (NP (JJ at-market) (NN pricing))) (. .)))

(S1 (S (ADVP (RB Separately)) (, ,) (NP (NNP Fannie) (NNP Mae)) (VP (VBD issued) (NP (NP (QP ($ $) (CD 400) (CD million))) (PP (IN of) (NP (NNP Remic) (NN mortgage) (NNS securities)))) (PP (IN in) (NP (CD 12) (NNS classes))) (PP (IN through) (NP (NNP First) (NNP Boston) (NNP Corp)))) (. .)))

(S1 (S (NP (NP (DT The) (NN offering)) (, ,) (NP (NNP Series) (CD 1989-84)) (, ,)) (VP (VBZ is) (VP (VBN backed) (PP (IN by) (NP (NNP Fannie) (NNP Mae) (ADJP (CD 9) (NN %)) (NNS securities))))) (. .)))

(S1 (S (NP (NN Pricing) (NNS details)) (VP (VBD were) (RB n't) (ADJP (JJ available))) (. .)))

(S1 (S (NP (DT The) (CD two) (NNS offerings)) (VP (VBP bring) (NP (NP (NNP Fannie) (NNP Mae) (POS 's)) (CD 1989) (NNP Remic) (NN issuance)) (PP (TO to) (NP (NP (QP ($ $) (CD 31) (CD billion))) (CC and) (NP (PRP$ its) (JJ total) (NN volume)))) (PP (TO to) (NP (QP ($ $) (CD 43.3) (CD billion)))) (SBAR (IN since) (S (NP (DT the) (NN program)) (VP (VBD began) (PP (IN in) (NP (NNP April) (CD 1987))))))) (. .)))

(S1 (NP (NP (NNP Societa) (FW per) (NNP Azioni) (NNP Finanziaria) (NNP Industria) (NNP Manaifatturiera)) (PRN (-LRB- -LRB-) (NP (NNP Italy)) (-RRB- -RRB-)) (: --)))

(S1 (NP (NP (QP ($ $) (CD 150) (CD million))) (PP (IN of) (NP (ADJP (CD 9) (NN %)) (NN depository) (NNS receipts))) (ADJP (JJ due) (NP (NNP Nov.) (CD 27) (, ,) (CD 1994))) (, ,) (VP (VBN priced) (PP (IN at) (NP (CD 101.60))) (S (VP (TO to) (VP (VB yield) (NP (ADJP (NP (CD 9.07) (NN %)) (JJR less)) (NNS fees)) (, ,) (PP (IN via) (NP (NNP Bankers) (NNP Trust) (NNP International) (NNP Ltd))))))) (. .)))

(S1 (NP (NNS Fees) (CD 1) (CD 7\/8) (. .)))

(S1 (NP (NP (NP (NNP Mitsubishi) (NNP Corp) (. .)) (NNP Finance)) (PRN (-LRB- -LRB-) (NP (NNP Japanese) (NN parent)) (-RRB- -RRB-)) (: --)))

(S1 (S (NP (NP (QP ($ $) (CD 100) (CD million))) (PP (IN of) (NP (NP (ADJP (QP (CD 8) (CD 5\/8)) (NN %)) (NNS bonds)) (ADJP (JJ due) (NP (NNP Nov.) (CD 1) (, ,) (CD 1993))) (VP (VBN priced) (PP (IN at) (NP (QP (CD 101) (CD 1\/4)))))))) (VP (TO to) (VP (VB yield) (NP (CD 8.74) (NN %)) (ADVP (RB annually) (RBR less)) (NP (JJ full) (NNS fees)) (, ,) (PP (IN via) (NP (NNP Yamaichi) (NNP International) (PRN (-LRB- -LRB-) (NP (NNP Europe)) (-RRB- -RRB-)) (NNP Ltd))))) (. .)))

(S1 (NP (NNS Fees) (QP (CD 1) (CD 5\/8)) (. .)))

(S1 (NP (NP (NNP Indian) (NNP Oil) (NNP Corp) (. .)) (PRN (-LRB- -LRB-) (NP (NNP India)) (-RRB- -RRB-)) (: --)))

(S1 (NP (NP (QP ($ $) (CD 200) (CD million))) (PP (IN of) (NP (JJ floating-rate) (NNS notes))) (ADJP (JJ due) (NP (NNP November) (CD 1994))) (, ,) (VP (VP (VBG paying) (NP (NP (JJ six-month) (NNP London) (NN interbank) (JJ offered) (NN rate)) (CC plus) (NP (CD 3\/16) (NN point)))) (CC and) (VP (VBN priced) (PP (IN at) (NP (NN par))))) (PP (IN via) (NP (NNP Credit) (NNP Suisse) (NNP First) (NNP Boston) (NNP Ltd))) (. .)))

(S1 (S (VP (VBN Guaranteed) (PP (IN by) (NP (NNP India)))) (. .)))

(S1 (NP (NNS Fees) (CD 0.36) (. .)))

(S1 (S (NP (NNS Notes)) (VP (VBN offered) (PP (IN at) (NP (NP (DT a) (JJ fixed) (NN level)) (PP (IN of) (NP (CD 99.75)))))) (. .)))

(S1 (NP (NP (NNP National) (NNP Westminster) (NNP Bank) (NNP PLC)) (PRN (-LRB- -LRB-) (NP (NNP U.K.)) (-RRB- -RRB-)) (: --)))

(S1 (S (NP (NP (QP (# #) (CD 200) (CD million))) (PP (IN of) (NP (JJ undated) (JJ variable-rate) (NNS notes)))) (VP (VBN priced) (PP (IN at) (NP (NN par))) (PP (IN via) (NP (NNP Merill) (NNP Lynch) (NNP International) (NNP Ltd)))) (. .)))

(S1 (S (NP (JJ Initial) (NN interest) (NN rate)) (VP (VBD set) (PP (IN at) (NP (NP (CD 0.375) (NN point)) (PP (IN over) (NP (JJ three-month) (NNP Libor)))))) (. .)))

(S1 (S (NP (JJ Subsequent) (NNS margins)) (VP (VBN set) (PP (IN by) (NP (NP (NN agreement)) (PP (IN between) (NP (NNP NatWest) (CC and) (NNP Merrill)))))) (. .)))

(S1 (S (SBAR (IN If) (S (NP (DT no) (NN margin)) (VP (VBD agreed)))) (, ,) (NP (EX there)) (VP (VBZ is) (NP (NP (NP (DT a) (NN fallback) (NN rate)) (PP (IN of) (NP (NP (NP (NNP Libor)) (PP (IN plus) (NP (NP (CD 0.75) (NN point)) (PP (IN in) (NP (NP (NNS years)) (QP (CD one) (TO to) (CD 15))))))) (, ,) (CC and) (NP (NNP Libor))))) (CC plus) (NP (NP (CD 1.25) (NN point)) (ADVP (RB thereafter))))) (. .)))

(S1 (NP (NP (NNP Keihin) (NNP Electric) (NNP Express) (NNP Railway) (NNP Co) (. .)) (PRN (-LRB- -LRB-) (NP (NNP Japan)) (-RRB- -RRB-)) (: --)))

(S1 (NP (NP (QP ($ $) (CD 150) (CD million))) (PP (IN of) (NP (NNS bonds))) (ADJP (JJ due) (NP (NNP Nov.) (CD 9) (, ,) (CD 1993))) (, ,) (PP (IN with) (NP (JJ equity-purchase) (NNS warrants))) (, ,) (VP (VBG indicating) (NP (NP (DT a) (ADJP (CD 4) (NN %)) (NN coupon)) (PP (IN at) (NP (NN par))) (PP (IN via) (NP (NNP Yamaichi) (NNP International) (PRN (-LRB- -LRB-) (NP (NNP Europe)) (-RRB- -RRB-)) (NNP Ltd))))) (. .)))

(S1 (S (NP (DT Each) (ADJP ($ $) (CD 5,000)) (NN bond)) (VP (VBZ carries) (NP (NP (CD one) (NN warrant)) (, ,) (ADJP (JJ exercisable) (PP (PP (IN from) (NP (NNP Dec.) (CD 1) (, ,) (CD 1989))) (, ,) (PP (IN through) (NP (NNP Nov.) (CD 2) (, ,) (CD 1993))) (, ,)) (S (VP (TO to) (VP (VB buy) (NP (NN company) (NNS shares)) (PP (IN at) (NP (NP (DT an) (JJ expected) (NN premium)) (PP (IN of) (NP (QP (CD 2) (CD 1\/2)) (NN %))) (PP (TO to) (NP (DT the) (NN closing) (NN share) (NN price)))))))) (SBAR (WHADVP (WRB when)) (S (NP (NNS terms)) (VP (VBP are) (VP (VBN fixed) (NP (NNP Oct.) (CD 24))))))))) (. .)))

(S1 (NP (NP (NNP Seiren) (NNP Co) (. .)) (PRN (-LRB- -LRB-) (NP (NNP Japan)) (-RRB- -RRB-)) (: --)))

(S1 (NP (NP (QP (CD 110) (CD million)) (NNP Swiss) (NNS francs)) (PP (IN of) (NP (NP (ADJP (RB privately) (VBN placed)) (JJ convertible) (NNS notes)) (ADJP (JJ due) (NP (NNP March) (CD 31) (, ,) (CD 1994))) (, ,) (PP (IN with) (NP (NP (DT an) (VBN indicated) (CD 0.25) (NN %) (NN coupon)) (PP (IN at) (NP (NN par))))) (, ,) (PP (IN via) (NP (NNP Bank) (NNP Leu) (NNP Ltd))))) (. .)))

(S1 (S (VP (VBD Put) (NP (NP (NN option)) (PP (IN on) (NP (NNP March) (CD 31) (, ,) (CD 1992) (, ,)))) (PP (IN at) (NP (DT an) (JJ indicated) (CD 109))) (S (VP (TO to) (VP (VB yield) (NP (CD 3.865) (NN %)))))) (. .)))

(S1 (ADJP (JJ Callable) (S (PP (IN on) (NP (NNP March) (CD 31) (, ,) (CD 1992))) (, ,) (PP (IN at) (NP (CD 109))) (, ,) (ADVP (RB also)) (VP (VP (VBG beginning) (NP (NNP Sept.) (CD 30) (, ,) (CD 1992) (, ,)) (PP (IN from) (NP (QP (CD 101) (CD 1\/2))))) (CC and) (VP (VBG declining) (NP (NP (PDT half) (DT a) (NN point)) (ADVP (RB semiannually))) (PP (TO to) (NP (NN par))))) (. .))))

(S1 (S (NP (DT Each) (ADJP (CD 50,000) (JJ Swiss) (NN franc)) (NN note)) (VP (VBZ is) (ADJP (JJ convertible) (PP (PP (IN from) (NP (NNP Nov.) (CD 20) (, ,) (CD 1989) (, ,))) (PP (TO to) (NP (NNP March) (CD 17) (, ,) (CD 1994) (, ,)))) (PP (IN at) (NP (NP (DT an) (VBN indicated) (ADJP (CD 5) (NN %)) (NN premium)) (PP (IN over) (NP (NP (DT the) (VBG closing) (NN share) (NN price)) (NP (NP (NNP Oct.) (CD 25)) (, ,) (SBAR (WHADVP (WRB when)) (S (NP (NNS terms)) (VP (VBP are) (VP (VBN scheduled) (S (VP (TO to) (VP (VB be) (VP (VBN fixed)))))))))))))))) (. .)))

(S1 (NP (NP (NNP N.) (NNP Nomura) (CC &) (NNP Co) (. .)) (PRN (-LRB- -LRB-) (NP (NNP Japan)) (-RRB- -RRB-)) (: --)))

(S1 (NP (NP (QP (CD 50) (CD million)) (NNP Swiss) (NNS francs)) (PP (IN of) (NP (NP (ADJP (RB privately) (VBN placed)) (JJ convertible) (NNS notes)) (ADJP (JJ due) (NP (NNP March) (CD 31) (, ,) (CD 1994))) (, ,) (PP (IN with) (NP (NP (DT an) (VBN indicated) (ADJP (CD 0.5) (NN %)) (NN coupon)) (PP (IN at) (NP (NN par))))) (, ,) (PP (IN via) (NP (NNP Bank) (NNP Julius) (NNP Baer))))) (. .)))

(S1 (S (NP (NP (NN Put) (NN option)) (PP (IN on) (NP (NNP March) (CD 31) (, ,) (CD 1992) (, ,)))) (ADVP (IN at) (DT an)) (VP (VBD indicated) (NP (QP (CD 108) (CD 1\/4))) (S (VP (TO to) (VP (VB yield) (NP (CD 3.846) (NN %)))))) (. .)))

(S1 (S (NP (DT Each) (ADJP (CD 50,000) (JJ Swiss) (NN franc)) (NN note)) (VP (VBZ is) (ADJP (JJ convertible) (PP (PP (IN from) (NP (NNP Nov.) (CD 20) (, ,) (CD 1989) (, ,))) (PP (TO to) (NP (NNP March) (CD 17) (, ,) (CD 1994) (, ,)))) (PP (IN at) (NP (NP (DT a) (ADJP (CD 5) (NN %)) (NN premium)) (PP (IN over) (NP (NP (DT the) (VBG closing) (NN share) (NN price)) (NP (NP (NNP Oct.) (CD 21)) (, ,) (SBAR (WHADVP (WRB when)) (S (NP (NNS terms)) (VP (VBP are) (VP (VBN scheduled) (S (VP (TO to) (VP (VB be) (VP (VBN fixed)))))))))))))))) (. .)))

(S1 (NP (NP (NNP Aegon) (NNP N.V) (. .)) (PRN (-LRB- -LRB-) (NP (NNPS Netherlands)) (-RRB- -RRB-)) (: --)))

(S1 (NP (NP (QP (CD 250) (CD million)) (JJ Dutch) (NNS guilders)) (PP (IN of) (NP (NP (ADJP (QP (CD 7) (CD 3\/4)) (NN %)) (NNS bonds)) (ADJP (JJ due) (NP (NNP Nov.) (CD 15) (, ,) (CD 1999))) (, ,) (VP (VBN priced) (PP (IN at) (NP (QP (CD 101) (CD 1\/4)))) (S (VP (TO to) (VP (VB yield) (NP (CD 7.57) (NN %)) (PP (IN at) (NP (NP (NN issue) (NN price)) (CC and) (NP (ADJP (NP (CD 7.86) (NN %)) (JJR less)) (JJ full) (NNS fees))))))) (, ,) (PP (IN via) (NP (NNP AMRO) (NNP Bank)))))) (. .)))

(S1 (NP (NNS Fees) (CD 2) (. .)))

(S1 (NP (NNP Continental) (NNPS Airlines) (: --)))

(S1 (S (NP (NP (DT a) (JJ four-part) (, ,) (ADJP (QP ($ $) (CD 71) (CD million))) (NN issue)) (PP (IN of) (NP (VBN secured) (NN equipment) (NNS certificates)))) (VP (VBN priced) (PP (IN through) (NP (NNP Drexel) (NNP Burnham) (NNP Lambert) (NNP Inc)))) (. .)))

(S1 (S (NP (NP (DT The) (NN size)) (PP (IN of) (NP (DT the) (NN issue)))) (VP (VBD was) (VP (VBN decreased) (PP (IN from) (NP (DT an) (ADJP (RB originally) (VBN planned)) (QP ($ $) (CD 95.2) (CD million)))))) (. .)))

(S1 (S (PP (IN In) (NP (NN addition))) (, ,) (NP (NP (DT a) (VBN planned) (JJ two-part) (NN offering)) (PP (IN of) (NP (NP (QP ($ $) (CD 58) (CD million))) (PP (IN in) (NP (JJ unsecured) (NNS notes)))))) (VP (VBD was) (RB n't) (VP (VBD offered))) (. .)))

(S1 (S (NP (NP (DT The) (JJ first) (NN part)) (, ,) (VP (VBG consisting) (PP (IN of) (NP (NP (QP ($ $) (CD 2.5) (CD million))) (PP (IN of) (NP (NP (ADJP (QP (CD 11) (CD 1\/4)) (NN %)) (JJ secured) (NN equipment) (NNS certificates)) (ADJP (JJ due) (NP (NNP June) (CD 15) (, ,) (CD 1990)))))))) (, ,)) (VP (VBD was) (VP (VBN priced) (PP (IN at) (NP (CD 98.481))) (PP (IN with) (NP (NP (DT a) (NN yield)) (PP (TO to) (NP (NP (NN maturity)) (PP (IN of) (NP (CD 13.75) (NN %))))))))) (. .)))

(S1 (S (NP (NP (DT The) (JJ second) (NN part)) (, ,) (VP (VBG consisting) (PP (IN of) (NP (NP (QP ($ $) (CD 28) (CD million))) (PP (IN of) (NP (NP (ADJP (QP (CD 11) (CD 3\/4)) (NN %)) (JJ secured) (NN equipment) (NNS certificates)) (ADJP (JJ due) (NP (NNP June) (CD 15) (, ,) (CD 1995)))))))) (, ,)) (VP (VBD was) (VP (VBN priced) (PP (IN at) (NP (CD 87.026))) (PP (IN with) (NP (NP (DT a) (NN yield)) (PP (TO to) (NP (NP (NN maturity)) (PP (IN of) (NP (CD 15.25) (NN %))))))))) (. .)))

(S1 (S (NP (NP (DT The) (JJ third) (NN part)) (, ,) (VP (VBG consisting) (PP (IN of) (NP (NP (QP ($ $) (CD 18.5) (CD million))) (PP (IN of) (NP (NP (ADJP (QP (CD 12) (CD 1\/8)) (NN %)) (JJ secured) (NN equipment) (NNS certificates)) (ADJP (JJ due) (NP (NNP April) (CD 15) (, ,) (CD 1996)))))))) (, ,)) (VP (VBD was) (VP (VBN priced) (PP (IN at) (NP (CD 85.60))) (PP (IN with) (NP (NP (DT a) (NN yield)) (PP (TO to) (NP (NP (NN maturity)) (PP (IN of) (NP (CD 15.75) (NN %))))))))) (. .)))

(S1 (S (NP (NP (DT The) (JJ fourth) (NN part)) (, ,) (VP (VBG consisting) (PP (IN of) (NP (NP (QP ($ $) (CD 22) (CD million))) (PP (IN of) (NP (NP (ADJP (QP (CD 12) (CD 1\/2)) (NN %)) (JJ secured) (NN equipment) (NNS certificates)) (ADJP (JJ due) (NP (NNP April) (CD 15) (, ,) (CD 1999)))))))) (, ,)) (VP (VBD was) (VP (VBN priced) (PP (IN at) (NP (CD 85.339))) (PP (IN with) (NP (NP (DT a) (NN yield)) (PP (TO to) (NP (NP (NN maturity)) (PP (IN of) (NP (CD 15.50) (NN %))))))))) (. .)))

(S1 (S (NP (DT The) (NN issue)) (VP (VBD was) (VP (VP (VBN rated) (ADJP (JJ single-B-2)) (PP (IN by) (NP (NNP Moody) (POS 's)))) (CC and) (VP (ADJP (JJ single-B)) (PP (IN by) (NP (NNP S&P)))))) (. .)))

(S1 (S (NP (NP (DT All) (NNS parts)) (PP (IN of) (NP (DT the) (NN issue)))) (VP (VBP are) (ADJP (JJ callable) (PP (IN at) (NP (DT any) (NN time)))) (PP (IN at) (NP (NN par)))) (. .)))

(S1 (S (NP (NNP Continental) (NNPS Airlines)) (VP (VBZ is) (NP (NP (DT a) (NN unit)) (PP (IN of) (NP (NNP Texas) (NNP Air) (NNP Corp))))) (. .)))

