(S1 (S (SBAR (IN Although) (S (NP (CD two) (NNP Baby) (NNS Bells)) (VP (VBD showed) (NP (NP (JJ strong) (NN growth)) (PP (IN in) (NP (NN access) (NNS lines)))) (, ,) (NP (NP (NN usage)) (CC and) (NP (JJ unregulated) (NN business) (NN revenue)))))) (, ,) (NP (CD one)) (VP (VBD reported) (NP (NP (DT a) (JJ modest) (NN gain)) (PP (IN in) (NP (JJ third-quarter) (NN net)))) (SBAR (IN while) (S (NP (DT the) (JJ other)) (VP (VBD posted) (NP (DT a) (JJ small) (NN drop)))))) (. .)))

(S1 (S (NP (NP (NNP Ameritech) (NNP Corp.) (POS 's)) (NNS earnings)) (VP (VBD increased) (NP (CD 2.8) (NN %)) (, ,) (SBAR (IN after) (S (NP (JJ strong) (NN revenue) (NNS gains)) (VP (VBD were) (VP (VBN offset) (ADVP (RB somewhat)) (PP (IN by) (NP (NP (NNS refunds)) (CC and) (NP (NP (NN rate) (NNS reductions)) (VP (VBN imposed) (PP (IN by) (NP (NP (NNS regulators)) (PP (IN in) (NP (PRP$ its) (NNP Midwest) (NN territory)))))))))))))) (. .)))

(S1 (S (NP (NP (NNP BellSouth) (NNP Corp.) (POS 's)) (JJ third-quarter) (NNS earnings)) (VP (VBD dropped) (NP (CD 3.8) (NN %)) (PP (IN as) (NP (NP (DT a) (NN result)) (PP (IN of) (NP (NP (NN debt) (NN refinancing)) (, ,) (NP (NP (DT the) (JJ recent) (NN acquisition)) (PP (IN of) (NP (DT a) (UCP (JJ cellular) (CC and) (NN paging)) (NN property)))) (CC and) (NP (NP (NN rate) (NNS reductions)) (PP (IN in) (NP (PRP$ its) (NNP Southeast) (NN territory))))))))) (. .)))

(S1 (NP (NNP BellSouth)))

(S1 (S (PP (IN At) (NP (NP (NNP BellSouth)) (, ,) (VP (VBN based) (PP (IN in) (NP (NNP Atlanta)))))) (, ,) (NP (NN customer) (NN access) (NNS lines)) (VP (VBD grew) (PP (IN by) (NP (NP (CD 162,000)) (, ,) (CC or) (NP (CD 3.5) (NN %)) (, ,))) (PP (IN during) (NP (NP (DT the) (JJ 12-month) (NN period)) (VP (VBN ended) (NP (NNP Sept)))))) (. .)))

(S1 (S (PP (IN For) (NP (DT the) (JJ third) (NN quarter))) (, ,) (NP (JJ total) (NN operating) (NN revenue)) (VP (VBD grew) (NP (CD 2.6) (NN %)) (PP (TO to) (NP (QP ($ $) (CD 3.55) (CD billion)))) (PP (IN from) (NP (QP ($ $) (CD 3.46) (CD billion))))) (. .)))

(S1 (S (NP (JJ Total) (NN operating) (NNS expenses)) (VP (VBD increased) (NP (CD 3.5) (NN %)) (PP (TO to) (NP (QP ($ $) (CD 2.78) (CD billion)))) (PP (IN from) (NP (QP ($ $) (CD 2.69) (CD billion))))) (. .)))

(S1 (S (S (NP (NP (JJ Overall) (NN access) (NNS minutes)) (PP (IN of) (NP (NN use)))) (VP (VBD increased) (NP (CD 10.3) (NN %)))) (CC and) (S (NP (NN toll) (NNS messages)) (VP (VBD jumped) (NP (CD 5.2) (NN %)))) (. .)))

(S1 (S (NP (NNP BellSouth) (NNP Chairman) (CC and) (NNP Chief) (NNP Executive) (NNP Officer) (NNP John) (NNP L.) (NNP Clendenin)) (VP (VBD said) (SBAR (S (NP (CD three) (NNS factors)) (VP (VBD accounted) (PP (IN for) (NP (NP (DT the) (NN drop)) (PP (IN in) (NP (JJ third-quarter) (NNS earnings))))))))) (. .)))

(S1 (S (S (NP (NP (DT The) (NN refinancing)) (PP (IN of) (NP (NP (QP ($ $) (CD 481) (CD million))) (PP (IN in) (NP (JJ long-term) (NN debt)))))) (VP (VBD reduced) (NP (JJ net) (NN income)) (PP (IN by) (NP (NP (QP ($ $) (CD 22) (CD million))) (, ,) (CC or) (NP (NP (CD five) (NNS cents)) (NP (DT a) (NN share))))))) (, ,) (CC but) (S (PP (IN in) (NP (DT the) (JJ long) (NN run))) (VP (MD will) (VP (VB save) (NP (NP (QP (JJR more) (IN than) ($ $) (CD 250) (CD million))) (PP (IN in) (NP (NN interest) (NNS costs))))))) (. .)))

(S1 (S (NP (DT The) (NN company)) (ADVP (RB previously)) (VP (VBD said) (SBAR (IN that) (S (NP (NP (DT the) (JJ recent) (NN acquisition)) (PP (IN of) (NP (NP (NNP Mobile) (NNP Communications) (NNP Corp.)) (PP (IN of) (NP (NNP America)))))) (VP (MD would) (VP (VB dilute) (NP (CD 1989) (NNS earnings)) (PP (IN by) (NP (QP (RB about) (CD 3)) (NN %)))))))) (. .)))

(S1 (S (PP (IN In) (NP (NN addition))) (, ,) (NP (NNS earnings)) (VP (VBD were) (VP (VBN reduced) (PP (IN by) (NP (NP (NN rate) (NNS reductions)) (PP (IN in) (NP (NNP Florida) (, ,) (NNP Kentucky) (, ,) (NNP Alabama) (, ,) (NNP Tennessee) (CC and) (NNP Louisiana))))))) (. .)))

(S1 (NP (NNP Ameritech)))

(S1 (S (PP (IN At) (NP (NP (NNP Ameritech)) (, ,) (VP (VBN based) (PP (IN in) (NP (NNP Chicago)))))) (, ,) (S (NP (NN customer) (NN access) (NNS lines)) (VP (VBD increased) (PP (IN by) (NP (NP (CD 402,000)) (, ,) (CC or) (NP (CD 2.6) (NN %)))))) (, ,) (CC and) (S (NP (JJ cellular) (JJ mobile) (NNS lines)) (VP (VBD increased) (PP (IN by) (NP (NP (CD 80,000)) (, ,) (CC or) (NP (CD 62.3) (NN %)) (, ,))) (PP (IN for) (NP (NP (DT the) (JJ 12-month) (NN period)) (VP (VBN ended) (NP (NNP Sept.) (CD 30))))))) (. .)))

(S1 (S (PP (IN For) (NP (DT the) (JJ third) (NN quarter))) (, ,) (NP (NN revenue)) (VP (VBD increased) (NP (CD 1.9) (NN %)) (PP (TO to) (NP (QP ($ $) (CD 2.55) (CD billion)))) (PP (IN from) (NP (QP ($ $) (CD 2.51) (CD billion))))) (. .)))

(S1 (S (NP (NN Operating) (NNS expenses)) (VP (VBD increased) (NP (CD 2.6) (NN %)) (PP (TO to) (NP (QP ($ $) (CD 2.04) (CD billion)))) (, ,) (PP (VBG including) (NP (NP (JJ one-time) (JJ pretax) (NNS charges)) (PP (IN of) (NP (QP ($ $) (CD 40) (CD million)))) (PP (IN for) (NP (NN labor) (NN contract) (VBG signing) (NNS bonuses)))))) (. .)))

(S1 (S (S (NP (JJ Local) (NN service)) (NP (NN revenue)) (VP (VBD increased) (NP (CD 3.5) (NN %)))) (CC and) (S (NP (UCP (NN directory) (CC and) (JJ unregulated)) (NN business) (NN revenue)) (VP (VBD jumped) (NP (CD 9.5) (NN %)))) (. .)))

(S1 (S (CC But) (S (NP (NN network) (NN access) (NN revenue)) (VP (VBD dropped) (NP (CD 4) (NN %)))) (CC and) (S (NP (NN toll) (NN revenue)) (VP (VBD dropped) (NP (CD 1.4) (NN %)))) (. .)))

(S1 (FRAG (X (SYM a)) (: -) (VP (VBZ reflects) (NP (NP (JJ 2-for-1) (NN stock) (NN split)) (ADJP (JJ effective) (NP (NNP Dec.) (CD 30) (, ,) (CD 1988))))) (. .)))

(S1 (FRAG (X (SYM b)) (: -) (VP (VBZ reflects) (NP (NP (JJ extraordinary) (NN loss)) (PP (IN of) (NP (NP (CD five) (NNS cents)) (NP (DT a) (NN share)))) (PP (IN for) (NP (JJ early) (NN debt) (NN retirement))))) (. .)))

(S1 (FRAG (X (SYM c)) (: -) (VP (VBZ reflects) (NP (NP (NP (JJ extraordinary) (NN loss)) (PP (IN of) (NP (NP (CD five) (NNS cents)) (NP (DT a) (NN share))))) (CC and) (NP (NP (JJ extraordinary) (NN gain)) (PP (IN of) (NP (NP (CD 14) (NNS cents)) (NP (DT a) (NN share)))) (PP (IN from) (NP (NP (JJ cumulative) (NN effect)) (PP (IN of) (NP (NN accounting) (NN change)))))))) (. .)))

