(S1 (SBARQ (WHADVP (WRB Where)) (SQ (VBP do) (NP (NNP Americans)) (VP (VB put) (NP (PRP$ their) (NN money)))) (. ?)))

(S1 (S (NP (PRP It)) (VP (VBZ depends) (PP (IN on) (SBAR (WHADVP (WRB when)) (S (NP (PRP you)) (VP (VBP look)))))) (. .)))

(S1 (S (PP (IN In) (NP (CD 1900))) (, ,) (PP (IN for) (NP (NN instance))) (, ,) (NP (NP (QP (JJR less) (IN than) (CD 8)) (NN %)) (PP (IN of) (NP (NNS assets)))) (VP (VBD went) (PP (IN into) (NP (NN bank) (NNS deposits)))) (. .)))

(S1 (S (NP (DT That)) (VP (VP (VBD rose) (PP (TO to) (NP (QP (RB nearly) (CD 18)) (NN %))) (PP (IN during) (NP (DT the) (NNP Depression)))) (, ,) (CC and) (VP (VBZ has) (RB n't) (VP (VBN changed) (NP (RB much)) (ADVP (IN since))))) (. .)))

(S1 (S (NP (NN Pension) (NNS reserves)) (, ,) (PP (IN on) (NP (DT the) (JJ other) (NN hand))) (, ,) (VP (VBN made) (PRT (RP up)) (NP (NP (DT a) (ADJP (RB relatively) (JJ small)) (NN part)) (PP (IN of) (NP (NN household) (NNS assets)))) (PP (IN until) (NP (DT the) (JJ last) (NN decade))) (, ,) (SBAR (WHADVP (WRB when)) (S (NP (PRP they)) (VP (VBD skyrocketed))))) (. .)))

(S1 (S (CC And) (NP (EX there)) (VP (VBZ has) (VP (VBN been) (NP (NP (DT a) (JJ drastic) (NN decline)) (PP (IN in) (NP (NP (DT the) (NN importance)) (PP (IN of) (NP (NP (JJ unincorporated) (NN business) (NNS assets)) (: --) (NP (NP (NNS thanks)) (PP (TO to) (NP (NP (NN industry) (NN consolidation)) (CC and) (NP (NP (DT a) (NN decline)) (PP (IN in) (NP (NN family) (NNS farms)))))))))))))) (. .)))

(S1 (S (NP (DT That)) (VP (VBZ 's) (NP (NP (DT some)) (PP (IN of) (SBAR (WHNP (WP what)) (S (VP (VBZ emerges) (PP (IN from) (NP (NP (DT the) (JJ following) (NNS charts)) (, ,) (SBAR (WHNP (WDT which)) (S (VP (VBP show) (SBAR (WHADVP (WRB how)) (S (NP (NNPS Americans)) (VP (VBP have) (VP (VBN changed) (NP (PRP$ their) (NN investment) (NNS patterns)) (PP (IN over) (NP (DT the) (JJ past) (CD 90) (NNS years)))))))))))))))))) (. .)))

(S1 (S (NP (DT Some) (NNS results)) (VP (VBP are) (ADJP (JJ self-explanatory))) (. .)))

(S1 (S (CC But) (NP (JJ other) (NNS figures)) (VP (VBP are) (ADJP (JJ surprising))) (. .)))

(S1 (S (NP (NN Housing)) (, ,) (PP (IN for) (NP (NN instance))) (, ,) (VP (VBZ has) (VP (VBN remained) (NP (NP (DT a) (ADJP (RB fairly) (JJ steady)) (NN component)) (PP (IN of) (NP (NN household) (NNS assets)))) (PP (IN over) (NP (DT the) (JJ past) (NN decade))) (: --) (SBAR (IN although) (S (NP (JJ common) (NN wisdom)) (VP (MD would) (VP (VB have) (VP (VBN expected) (NP (DT an) (NN increase))))))))) (. .)))

(S1 (SINV (`` `) (S (`` `) (NP (EX There)) (VP (VBZ is) (NP (NP (DT a) (NN lot)) (PP (IN of) (NP (NN attention))) (VP (VBN paid) (PP (TO to) (NP (NN housing))) (PP (IN as) (NP (NP (DT a) (NN form)) (PP (IN of) (NP (NN household) (NN wealth)))))))) (, ,) ('' ')) ('' ') (VP (VBZ says)) (NP (NP (NNP Edward) (NNP N.) (NNP Wolff)) (, ,) (NP (NP (NN professor)) (PP (IN of) (NP (NNS economics))) (PP (IN at) (NP (NNP New) (NNP York) (NNP University))))) (. .)))

(S1 (S (`` `) (`` `) (CC But) (NP (PRP it)) (VP (VBZ has) (RB n't) (VP (VBN increased) (ADJP (RB much) (JJ relative) (PP (TO to) (NP (JJ other) (NNS assets)))))) (. .)))

(S1 (S (NP (PRP It)) (VP (VBZ suggests) (SBAR (IN that) (S (NP (NNS households)) (VP (VBP accumulate) (NP (NN wealth)) (PP (IN across) (NP (NP (DT a) (JJ broad) (NN spectrum)) (PP (IN of) (NP (NNS assets))))))))) (. .)))

(S1 (S (CC And) (NP (NN housing)) (SBAR (IN though) (S (NP (PRP it)) (VP (VBZ appears) (PP (IN in) (NP (DT the) (JJ popular) (NN mind))) (PP (IN as) (S (VP (VBG being) (NP (DT the) (JJ major) (-LRB- -LCB-) (NN growing) (-RRB- -RCB-) (NN household) (NN asset)))))))) (, ,) (VP (VBZ is) (RB n't)) (. .) ('' ') ('' ')))

(S1 (S (S (PP (IN In) (NP (NN addition))) (, ,) (NP (NP (NNS investors) (POS ')) (NN desire) (S (VP (TO to) (VP (VB hold) (NP (NP (NNS stocks)) (PRN (: --) (UCP (ADVP (RB directly)) (CC and) (PP (IN through) (NP (JJ mutual) (NNS funds)))) (: --))))))) (VP (VBZ has) (VP (VBN held) (S (ADJP (RB surprisingly) (JJ steady)))))) (: ;) (S (NP (NP (NP (NNS stocks) (POS ')) (NN importance)) (PP (IN among) (NP (NNS assets)))) (VP (ADVP (RB largely)) (VBZ reflects) (NP (NP (NP (DT the) (NNS ups) (CC and) (NNS downs)) (PP (IN of) (NP (DT the) (NN stock) (NN market)))) (, ,) (CC and) (RB not) (NP (NP (DT a) (NN shift)) (PP (IN in) (NP (JJ stock-holding) (NNS preferences))))))) (. .)))

(S1 (SINV (`` `) (S (`` `) (NP (NNS Stocks)) (VP (VBP have) (RB not) (VP (VBN spread) (PP (TO to) (NP (DT the) (JJ general) (NN public))))) (, ,) (PP (IN despite) (NP (DT the) (NN fact) (SBAR (IN that) (S (NP (DT the) (NN environment)) (VP (VBZ is) (ADJP (RB much) (JJ different)))))))) (, ,) ('' ') ('' ') (VP (VBZ concludes)) (NP (NP (NNP Robert) (NNP Avery)) (, ,) (NP (NP (DT an) (NN economist)) (PP (IN at) (NP (NNP Cornell) (NNP University))))) (. .)))

(S1 (FRAG (`` `) (FRAG (S (`` `) (PP (TO To) (NP (PRP me))) (NP (PRP it)) (VP (VBZ says) (SBAR (IN that) (S (PP (IN despite) (NP (NP (PDT all) (DT the) (NNS views)) (SBAR (WHNP (IN that)) (S (NP (PRP we)) (VP (VBP spend) (NP (NP (RB too) (JJ much)) (PP (IN of) (NP (NP (PRP$ our) (NN wealth)) (PP (IN on) (NP (NN paper) (NNS assets))))))))))) (, ,) (NP (PRP we)) (VP (VBP have) (NP (NP (NNS ways)) (PP (IN of) (NP (NP (VBG holding) (NN wealth)) (ADJP (JJ similar) (PP (TO to) (NP (CD 100) (NNS years) (RB ago))))))))))) (. .) ('' '))) ('' ')))

(S1 (S (: --) (NP (DT The) (NNS charts)) (VP (VBP show) (SBAR (WHADVP (WRB how)) (S (NP (JJ househld) (NNS assets)) (VP (VBP have) (VP (VBN been) (VP (VBN distributed) (PP (IN over) (NP (NN time))))))))) (. .)))

(S1 (NP (NP (NP (DT The) (JJ main) (NNS components)) (PP (IN of) (NP (NP (DT the) (JJ various) (NN asseet) (NNS categories)) (: :) (NP (NNP Housing))))) (: :) (NP (NP (JJ Primary) (NN home)) (, ,) (CONJP (CC but) (RB not)) (NP (NP (DT the) (NN land)) (SBAR (S (NP (PRP it)) (VP (VBZ 's) (ADVP (RB on))))))) (. .)))

(S1 (FRAG (NP (NP (NN Land)) (CC and) (NP (JJ Other) (JJ Real) (NN Estate))) (: :) (S (VP (VB Land) (PP (IN on) (SBAR (WHNP (WDT which)) (S (NP (JJ primary) (NN home)) (VP (VBZ is) (VP (VBN built) (, ,) (NP (NN investment) (NN property))))))))) (. .)))

(S1 (NP (NP (NN Consumer) (NNS Durables)) (: :) (NP (NNS Automobiles)) (, ,) (NP (NNS appliances)) (, ,) (NP (NN furniture)) (. .)))

(S1 (NP (NP (NN Bank) (NNS Deposits)) (: :) (NP (NN Currency)) (, ,) (NP (JJ checking-account) (NNS deposits)) (, ,) (NP (JJ small) (NNS savings) (CC and) (NN time) (NNS deposits)) (, ,) (NP (NP (NNS certificates)) (PP (IN of) (NP (NNS deposits)))) (, ,) (NP (JJ money-market) (NN fund) (NNS shares)) (. .)))

(S1 (NP (NP (NNS Bonds)) (: :) (S (VP (VBZ Excludes) (NP (NN bond) (NNS funds)))) (. .)))

(S1 (NP (NP (NNP Stocks\/Mutual) (NNP Funds)) (: :) (NP (NP (NNS Stocks)) (CC and) (NP (NP (JJ mutual) (NNS funds)) (PP (JJ other) (IN than) (NP (JJ money-market) (NNS funds))))) (. .)))

(S1 (NP (NP (JJ Unincorporated) (NN Business)) (: :) (NP (NP (NNS Partnerships)) (CC and) (NP (JJ sole) (NNS proprietorships)) (, ,) (NP (JJ professional) (NNS corporations))) (. .)))

(S1 (NP (NP (NN Pension) (NNS Reserves)) (: :) (NP (NP (NNPS Holdings)) (PP (IN by) (NP (NN pension) (NNS funds)))) (. .)))

