(S1 (S (ADVP (JJ Okay)) (, ,) (ADVP (RB now)) (NP (PRP you)) (VP (MD can) (VP (VB pick) (PRT (RP up)) (NP (DT that) (NN phone)))) (. .)))

(S1 (S (CC But) (VP (VBP do) (RB n't) (VP (VB do) (NP (NN anything)) (NP (NN rash)))) (. .)))

(S1 (S (PP (IN After) (NP (NP (JJ last) (NNP Friday) (POS 's)) (NN stock-market) (NN plunge))) (, ,) (NP (NN investment) (NNS professionals)) (VP (VBD cautioned) (S (NP (NNS people)) (VP (TO to) (VP (VB resist) (NP (DT the) (NN urge) (S (VP (TO to) (VP (VP (VB call) (NP (PRP$ their) (NNS brokers))) (CC and) (VP (VB sell) (NP (NNS stocks))))))))))) (. .)))

(S1 (S (S (NP (NP (RB Not) (VBG selling)) (PP (IN into) (NP (DT a) (NN panic)))) (VP (VBD turned) (PRT (RP out)) (S (VP (TO to) (VP (VB be) (NP (ADJP (RB very) (JJ good)) (NN advice))))))) (: :) (S (PP (IN Despite) (NP (NP (DT the) (NN market) (POS 's)) (NN volatility))) (, ,) (NP (DT the) (NNP Dow) (NNP Jones) (NNP Industrial) (NNP Average)) (VBZ has) (VP (VBD surged) (NP (CD 114) (NNS points)) (PP (IN in) (NP (DT the) (JJ past) (CD four) (NNS days))))) (. .)))

(S1 (S (ADVP (RB Now)) (, ,) (PP (IN with) (NP (NP (DT a) (NN semblance)) (PP (IN of) (NP (NN normalcy) (VBG returning))))) (, ,) (NP (DT some) (NNS advisers)) (VP (VBP say) (SBAR (S (NP (PRP it)) (VP (VBZ 's) (NP (NP (NN time)) (SBAR (IN for) (S (NP (NNS investors)) (VP (TO to) (VP (VB take) (NP (NP (DT a) (JJ hard) (, ,) (JJ cold) (NN look)) (PP (IN at) (NP (NP (DT the) (NNS stocks)) (SBAR (S (NP (PRP they)) (VP (VBP own) (CC and) (VBP consider) (NP (DT some) (JJ careful) (NN pruning))))))))))))))))) (. .)))

(S1 (SINV (`` `) (S (`` `) (NP (DT The) (NN market)) (VP (VBZ is) (VP (VBG sending) (NP (JJ nervous) (NNS signals)))) (, ,) ('' ')) ('' ') (VP (VBZ says)) (NP (NP (NNP Peter) (NNP J.) (NNP Canelo)) (, ,) (NP (NP (JJ chief) (NN market) (NN strategist)) (PP (IN for) (NP (NNP Bear) (, ,) (NNP Stearns) (CC &) (NNP Co.))))) (, ,) (CC and) (S (NP (PRP it)) (VP (VBZ 's) (ADJP (`` `) (ADJP (`` `) (JJ unwise) ('' ')) ('' ')) (S (VP (TO to) (VP (VB be) (VP (VBN overcommitted) (PP (TO to) (NP (NNS stocks))))))))) (. .)))

(S1 (S (NP (NP (NNP Alan) (NNP Weston)) (, ,) (NP (NP (NN president)) (PP (IN of) (NP (NP (NNP Weston) (NNP Capital) (NNP Management)) (, ,) (NP (DT a) (NNP Los) (NNP Angeles) (JJ money-management) (NN firm))))) (, ,)) (VP (VBZ adds) (SBAR (IN that) (S (PP (IN in) (NP (NP (NNS periods)) (PP (IN of) (NP (NP (NN uncertainty)) (PP (IN like) (NP (NN today))))))) (, ,) (`` `) (S (`` `) (NP (PRP it)) (VP (VBZ 's) (NP (NP (DT a) (JJ good) (NN time)) (SBAR (S (VP (TO to) (VP (VB cut) (PRT (RP out)) (NP (NP (DT the) (JJ dead) (NNS branches)) (PP (IN of) (NP (PRP$ your) (NN portfolio)))))))))) (. .) ('' ')) ('' '))))))

(S1 (S (NP (RB Not) (NN everybody)) (VP (VBZ agrees) (SBAR (IN that) (S (NP (PRP it)) (VP (VBZ 's) (NP (NP (NN time)) (SBAR (S (VP (TO to) (VP (VB trim)))))))))) (. .)))

(S1 (SINV (`` `) (S (`` `) (NP (PRP We)) (VP (VBP are) (RB n't) (ADJP (JJ inclined) (S (VP (TO to) (VP (VB prune) (NP (NN stock) (NNS portfolios)) (ADVP (RB now))))))) (, ,) ('' ')) ('' ') (VP (VBZ says)) (NP (NP (NNP Steven) (NNP G.) (NNP Einhorn)) (, ,) (NP (NP (NN chairman)) (PP (IN of) (NP (NP (DT the) (NN investment) (NN policy) (NN committee)) (PP (IN of) (NP (NNP Goldman) (, ,) (NNP Sachs) (CC &) (NNP Co))))))) (. .)))

(S1 (S (`` `) (NP (`` `) (NNS Investors)) (VP (MD should) (VP (VB stay) (PP (IN with) (NP (PRP$ their) (NNS stocks))))) (. .)))

(S1 (S (S (NP (PRP We)) (VP (VBP expect) (NP (NP (DT a) (ADJP (JJ choppy) (CC and) (JJ sloppy)) (NN market)) (PP (IN for) (NP (DT a) (JJ short) (NN period)))))) (, ,) (CC but) (S (NP (PRP we)) (VP (VBP do) (RB n't) (VP (VB think) (SBAR (S (NP (PRP it)) (VP (MD will) (VP (VB be) (ADJP (JJ ugly))))))))) (. .)))

(S1 (S (NP (DT The) (NN downside)) (VP (VBZ is) (ADJP (JJ limited))) (. .) ('' ') ('' ')))

(S1 (S (CC And) (NP (NP (RB even) (DT those)) (SBAR (WHNP (WP who)) (S (VP (VBP say) (SBAR (S (NP (DT some) (JJ selective) (NN selling)) (VP (MD may) (VP (VB be) (PP (IN in) (NP (NN order))))))))))) (VP (VBP stress) (SBAR (IN that) (S (NP (NNS individuals)) (VP (VBP need) (S (VP (TO to) (VP (VB be) (PP (IN in) (NP (DT the) (NN stock) (NN market)))))) (S (VP (VP (TO to) (VP (VB achieve) (NP (PRP$ their) (JJ long-term) (NN investment) (NNS objectives)))) (CC and) (VP (TO to) (VP (VB help) (S (VP (VB balance) (NP (PRP$ their) (JJ other) (NNS assets)))))))))))) (. .)))

(S1 (S (NP (DT Any) (VBG selling)) (PRN (, ,) (S (NP (PRP they)) (VP (VBP say))) (, ,)) (VP (MD should) (VP (VB be) (ADJP (RB well) (JJ thought-out)) (, ,) (CC and) (VP (VBN executed) (ADVP (RB gradually)) (, ,) (PP (IN during) (NP (NN market) (NNS rallies)))))) (. .)))

(S1 (S (NP (PRP They)) (VP (VBP offer) (NP (DT these) (NNS suggestions))) (: :)))

(S1 (S (VP (VB GET) (ADJP (JJ RID) (PP (IN OF) (NP (DT THE) (NNS DOGS))))) (. .)))

(S1 (SINV (`` `) (S (`` `) (S (VP (VB Sell) (NP (NP (NNS stocks)) (SBAR (WHNP (WDT that)) (S (VP (VBP are) (RB n't) (VP (VBG doing) (ADVP (RB well)) (ADVP (RB now))))))))) (, ,) (CC and) (S (NP (DT that)) (VP (VBP do) (RB n't) (VP (VB have) (NP (JJ good) (NNS earnings) (NNS prospects))))) (, ,) ('' ')) ('' ') (VP (VBZ says)) (NP (NP (NNP Alfred) (NNP Goldman)) (, ,) (NP (NP (JJ technical) (NN analyst)) (PP (IN at) (NP (ADJP (NNP St.) (JJ Louis-based)) (NNP A.G.) (NNP Edwards) (CC &) (NNP Sons))))) (. .)))

(S1 (S (`` `) (S (`` `) (NP (JJS Most) (NNS people)) (VP (VB do) (NP (RB just) (DT the) (JJ opposite)))) (: :) (S (NP (PRP They)) (VP (VP (VBP sell) (NP (PRP$ their) (NNS winners))) (CC and) (VP (VBP keep) (NP (PRP$ their) (NNS losers))))) (. .) ('' ') ('' ')))

(S1 (SBARQ (WHNP (WHNP (WDT Which) (NNS types)) (PP (IN of) (NP (NNS stocks)))) (SQ (VP (VBP are) (ADJP (RBS most) (JJ likely) (S (VP (TO to) (VP (VB qualify))))))) (. ?)))

(S1 (SINV (S (NP (NN Technology) (NNS stocks))) (, ,) (VP (VBZ says)) (NP (NNP Mr.) (NNP Goldman)) (. .)))

(S1 (S (VP (VB WATCH) (PP (IN FOR) (NP (NNS EARNINGS) (NNS DISAPPOINTMENTS)))) (. .)))

(S1 (SINV (S (NP (DT A) (NN company)) (VP (VBZ does) (RB n't) (VP (VB have) (S (VP (TO to) (VP (VB post) (NP (DT a) (NN loss) (S (VP (TO to) (VP (VB be) (NP (NP (DT a) (NN candidate)) (PP (IN for) (NP (NN sale)))))))))))))) (, ,) (VP (VBZ says)) (NP (NP (NNP Charles) (NNP I.) (NNP Clough) (NNP Jr.)) (, ,) (NP (NP (JJ chief) (NN market) (NN strategist)) (PP (IN at) (NP (NNP Merrill) (NNP Lynch) (CC &) (NNP Co))))) (. .)))

(S1 (S (SBAR (IN If) (S (NP (NNS earnings)) (VP (VBP do) (RB n't) (VP (VB live) (PRT (RP up)) (PP (TO to) (NP (NP (NNS analysts) (POS ')) (NNS expectations))))))) (PRN (, ,) (S (NP (PRP he)) (VP (VBZ says))) (, ,)) (NP (DT that)) (VP (VBZ 's) (ADJP (JJ enough) (S (VP (TO to) (VP (VB dump) (NP (DT the) (NN stock))))))) (. .)))

(S1 (S (NP (NP (NNP John) (NNP Markese)) (, ,) (NP (NP (NN director)) (PP (IN of) (NP (NN research))) (PP (IN for) (NP (NP (DT the) (NNP American) (NNP Association)) (PP (IN of) (NP (NNP Individual) (NNPS Investors)))))) (, ,)) (VP (VBZ raises) (NP (DT a) (JJ cautionary) (NN note))) (. .)))

(S1 (S (`` `) (S (`` `) (S (VP (VBG Substituting) (NP (NP (DT a) (NN rule)) (PP (IN of) (NP (NN thumb)))) (PP (IN for) (NP (PRP$ your) (JJ own) (NN judgment))))) ('' ') ('' ') (VP (MD can) (VP (VB be) (NP (DT a) (NN mistake))))) (, ,) (NP (PRP he)) (VP (VBZ says)) (. .)))

(S1 (S (NP (DT An) (NNS earnings) (NN disappointment)) (VP (MD may) (VP (VB reflect) (NP (NP (DT a) (NN situation)) (SBAR (WHNP (WDT that)) (S (VP (VBZ 's) (ADJP (JJ short-term)))))))) (. .)))

(S1 (S (CC But) (NP (NNP Mr.) (NNP Clough)) (VP (VBZ says) (, ,) (`` `) (S (`` `) (NP (DT The) (NN risk)) (VP (VBZ is) (SBAR (IN that) (S (NP (NNS earnings) (NNS disappointments)) (VP (MD will) (VP (VB continue)))))))) (. .) ('' ') ('' ')))

(S1 (S (S (NP (DT The) (NN economy)) (VP (VBZ is) (VP (VBG decelerating) (PP (IN after) (NP (CD six) (JJ good) (NNS years)))))) (, ,) (CC and) (`` `) (S (`` `) (ADVP (RB right) (RB now)) (NP (PRP it)) (VP (VBZ 's) (ADJP (JJR better)) (S (VP (TO to) (VP (VP (VB shoot) (ADVP (RB first))) (CC and) (VP (VB ask) (NP (NNS questions)) (ADVP (RB later))))))) (. .) ('' ')) ('' ')))

(S1 (FRAG (SBAR (WHNP (WDT Which)) (S (NP (NP (NNS types)) (PP (IN of) (NP (NNS stocks)))) (ADVP (RB currently)) (VP (VBP have) (NP (DT the) (JJS greatest) (NN earnings) (NNS risks))))) (. ?)))

(S1 (S (FRAG (NP (NP (NN Computer) (NNS companies)) (: ;) (NP (NP (NP (NN commodity) (JJ cyclical) (NNS stocks)) (, ,) (PP (IN like) (NP (NNS autos)))) (: ;) (CC and) (NP (NN retailing) (NNS stocks))))) (, ,) (NP (PRP he)) (VP (VBZ says)) (. .)))

(S1 (S (VP (VB BEWARE) (PP (IN OF) (NP (JJ HEAVY) (NN DEBT)))) (. .)))

(S1 (SINV (S (NP (NP (DT The) (NNS companies)) (ADJP (JJ apt) (S (VP (TO to) (VP (VB run) (PP (IN into) (NP (NNS earnings) (NNS problems))) (NP (JJS soonest))))))) (VP (VBP are) (NP (NP (DT the) (NNS ones)) (PP (IN with) (NP (JJ heavy) (NN debt) (NNS loads)))))) (, ,) (VP (VBZ says)) (NP (NP (NNP Larry) (NNP Biehl)) (, ,) (NP (NP (NN partner)) (PP (IN in) (NP (NP (DT the) (NAC (NNP San) (NNP Mateo) (, ,) (NNP Calif.) (, ,)) (JJ money-management) (NN firm)) (PP (IN of) (NP (NNP Bailard))) (, ,) (NP (NP (NNP Biehl)) (CC &) (NP (NNP Kaiser))))))) (. .)))

(S1 (S (NP (NP (NNP Mr.) (NNP Canelo)) (PP (IN of) (NP (NNP Bear) (NNP Stearns)))) (VP (VBZ agrees) (: :) (`` `) (S (`` `) (SBAR (IN If) (S (NP (PRP we)) (VP (VBP do) (VP (VB have) (NP (DT an) (JJ economic) (NN slowdown)))))) (, ,) ('' ') ('' ') (NP (PRP he)) (VP (VBZ says) (, ,) (`` `) (S (`` `) (NP (NP (NNS companies)) (PP (IN with) (NP (JJ high) (NN debt) (NNS ratios)))) (VP (MD will) (VP (VB be) (VP (VBN dumped) (PP (IN en) (NP (FW masse)))))))))) (. .) ('' ') ('' ')))

(S1 (S (S (NP (NP (DT The) (JJS best) (NN course)) (PP (IN for) (NP (JJ individual) (NNS investors)))) (VP (VBZ is) (S (VP (TO to) (VP (VB sell) (NP (DT these) (NNS stocks)) (ADVP (RB now))))))) (, ,) (NP (DT the) (CD two) (NNS advisers)) (VP (VBP say)) (. .)))

(S1 (S (VP (VB SELL) (NP (`` `) (NNP WHISPER) ('' ') (NNS STOCKS))) (. .)))

(S1 (S (NP (NP (NP (NNP UAL) (NNP Corp.) (POS 's)) (NN difficulty)) (PP (IN in) (S (VP (VBG obtaining) (NP (NP (NN bank) (NN financing)) (PP (IN for) (NP (NP (PRP$ its) (JJ leveraged) (NN buy-out)) (CC and) (NP (PRP$ its) (VBG resulting) (NN price) (NN plunge))))))))) (VP (VBZ is) (NP (NP (DT a) (NN tip-off)) (PP (TO to) (SBAR (WHNP (WP what)) (S (VP (VBZ 's) (VP (VBG going) (S (VP (TO to) (VP (VB happen) (PP (TO to) (NP (`` `) (NP (`` `) (NN takeover) (NNS stocks) (, ,) ('' ')) ('' ') (PRN (S (VP (VBZ says) (NP (NNP Mr.) (NNP Canelo))))))))))))))))) (. .)))

(S1 (S (S (NP (NN Takeover) (NN activity)) (VP (MD will) (VP (VB slow) (PRT (RP down)) (SBAR (IN as) (S (NP (JJR more) (CC and) (JJR more) (NNS banks)) (VP (VB tighten) (NP (PRP$ their) (NN lending) (NNS requirements)))))))) (, ,) (NP (PRP he)) (VP (VBZ says)) (. .)))

(S1 (S (`` `) (NP (`` `) (EX There)) (VP (MD 'll) (VP (VB be) (NP (ADJP (JJR fewer) (CC and) (JJR fewer)) (NNS deals)))) (. .) ('' ') ('' ')))

(S1 (S (ADVP (RB Moreover)) (, ,) (NP (JJ many) (JJ financial) (NNS advisers)) (VP (VBP say) (SBAR (S (NP (NNS individuals)) (VP (MD should) (VP (VB be) (PP (IN in) (NP (DT the) (NN stock) (NN market))) (PP (IN as) (NP (NP (JJ long-term) (NNS investors)) (, ,) (CONJP (RB not) (IN as)) (NP (NP (NNS traders)) (VP (VBG trying) (S (VP (TO to) (VP (VB catch) (NP (DT the) (JJ next) (JJ hot) (NN stock)))))))))))))) (. .)))

(S1 (S (PP (IN In) (ADJP (JJ general))) (, ,) (NP (PRP they)) (VP (VBP say) (, ,) (S (VP (VB avoid) (NP (NN takeover) (NNS stocks))))) (. .)))

(S1 (S (VP (VB COMPARE) (NP (NNP P\/E) (NNS RATIOS)) (PP (IN WITH) (NP (NNS PROSPECTS)))) (. .)))

(S1 (S (NP (NNP Mr.) (NNP Canelo)) (VP (VBZ suggests) (SBAR (IN that) (S (NP (NNS investors)) (VP (VB compare) (NP (NP (NNS price\/earnings) (NNS ratios)) (PRN (-LRB- -LRB-) (NP (NP (DT the) (NN price)) (PP (IN of) (NP (NP (DT a) (NN share)) (PP (IN of) (NP (NN stock))))) (VP (VBN divided) (PP (IN by) (NP (NP (NP (DT a) (NN company) (POS 's)) (JJ per-share) (NNS earnings)) (PP (IN for) (NP (DT a) (JJ 12-month) (NN period))))))) (-RRB- -RRB-))) (PP (IN with) (NP (VBN projected) (NN growth) (NNS rates))))))) (. .)))

(S1 (S (`` `) (S (`` `) (SBAR (IN If) (S (NP (PRP you)) (VP (VBP think) (SBAR (S (NP (NNS earnings)) (VP (MD will) (VP (VB grow) (NP (QP (IN at) (CD 20)) (NN %)) (NP (DT a) (NN year))))))))) (, ,) (NP (PRP it)) (VP (VBZ 's) (ADJP (RB all) (JJ right)) (S (VP (TO to) (VP (VB pay) (NP (QP (CD 20) (NNS times)) (NNS earnings)))))) (, ,) ('' ')) ('' ') (NP (PRP he)) (VP (VBZ says)) (. .)))

(S1 (S (`` `) (S (`` `) (CC But) (VP (VB do) (RB n't) (VP (VB pay) (NP (QP (CD 30) (NNS times)) (NNS earnings)) (PP (IN for) (NP (NP (DT a) (NN company)) (SBAR (WHNP (WDT that)) (S (VP (VBZ 's) (VP (VBN expected) (S (VP (TO to) (VP (VB grow) (NP (QP (IN at) (CD 15)) (NN %)) (NP (DT a) (NN year))))))))))))) (. .) ('' ')) ('' ')))

(S1 (S (NP (NNP Mr.) (NNP Canelo)) (VP (VBZ thinks) (SBAR (S (S (NP (DT the) (NN market)) (VP (MD will) (ADVP (RB probably)) (VP (VB go) (ADVP (RBR higher))))) (, ,) (CC but) (S (`` `) (`` `) (VP (MD will) (VP (VB be) (ADJP (JJ ruthless) (PP (IN with) (NP (NNS stocks)))) (SBAR (IN if) (S (NP (DT the) (NNS earnings)) (VP (VBP are) (RB n't) (ADVP (RB there))))))))))) (. .) ('' ') ('' ')))

(S1 (S (NP (NNP Mr.) (NNP Markese)) (VP (VBZ cautions) (SBAR (IN that) (S (NP (NNS investors)) (VP (MD should) (RB n't) (ADVP (RB slavishly)) (VP (VB follow) (NP (DT any) (JJ specific) (NNS price\/earnings) (NN sell) (NN trigger))))))) (. .)))

(S1 (S (`` `) (S (`` `) (SBAR (IN If) (S (NP (PRP you)) (VP (VBP say) (S (VP (VB sell) (SBAR (RB anytime) (S (NP (NP (DT a) (NN company) (POS 's)) (NNS price\/earnings) (NN ratio)) (VP (VBZ exceeds) (NP (CD 15)))))))))) (, ,) (NP (DT that)) (VP (VBZ knocks) (PRT (RP out)) (NP (PDT all) (PRP$ your) (NN growth) (NNS stocks))) (, ,) ('' ')) ('' ') (NP (PRP he)) (VP (VBZ says)) (. .)))

(S1 (S (`` `) (S (`` `) (NP (PRP You)) (VP (VB eliminate) (NP (NP (NNS companies)) (PP (IN with) (NP (JJ substantial) (NNS prospects))) (SBAR (WHNP (WDT that)) (S (VP (VBP are) (VP (VBG moving) (PRT (RP up)) (PP (IN in) (NP (NN price))))))))) (. .) ('' ')) ('' ')))

(S1 (S (VP (VB EXAMINE) (SBAR (WHNP (WP WHAT)) (S (VP (VBZ HAS) (VP (VBN CHANGED)))))) (. .)))

(S1 (S (NP (NP (NNP Tom) (NNP Schlesinger)) (, ,) (NP (NP (NN market) (NN analyst)) (PP (IN at) (NP (NP (NNP A.G.) (NNP Edwards) (CC &) (NNP Sons)) (NNP Inc.)))) (, ,)) (VP (VBZ says) (SBAR (S (NP (NNS investors)) (VP (MD should) (VP (VB consider) (VP (VBG selling) (SBAR (IN if) (S (NP (EX there)) (VP (VBZ has) (VP (VBN been) (NP (NP (DT a) (JJ fundamental) (NN change)) (PP (IN in) (NP (DT a) (NN company)))) (SBAR (IN since) (S (NP (PRP they)) (VP (VBD bought) (NP (PRP$ its) (NN stock))))))))))))))) (. .)))

(S1 (S (VP (VB Say) (SBAR (S (NP (PRP you)) (VP (VBD purchased) (NP (DT a) (NN stock)) (PP (IN because) (IN of) (NP (NP (DT a) (JJ new) (NN product)) (SBAR (WHNP (WDT that)) (S (VP (VBD was) (PP (IN in) (NP (DT the) (NNS works)))))))))))) (. .)))

(S1 (S (ADVP (RB Now)) (, ,) (PP (IN because) (IN of) (NP (JJ various) (NNS difficulties))) (, ,) (NP (DT the) (NN product)) (VP (VBZ has) (VP (VBN been) (VP (VBN scrapped)))) (. .)))

(S1 (S (S (NP (NNP Time)) (VP (TO to) (VP (VB sell)))) (, ,) (VP (VBZ says)) (NP (NNP Mr.) (NNP Schlesinger)) (. .)))

(S1 (S (ADVP (RB Similarly)) (, ,) (NP (PRP he)) (VP (VBZ says) (, ,) (S (VP (VBP suppose) (SBAR (S (NP (PRP you)) (VP (VBD were) (VP (VBN attracted) (PP (TO to) (NP (DT a) (NN company))) (PP (IN because) (IN of) (NP (NNS expectations) (SBAR (IN that) (S (NP (NNS sales)) (VP (MD would) (VP (VB hit) (NP (QP ($ $) (CD 200) (CD million))) (PP (IN by) (NP (CD 1990)))))))))))))))) (. .)))

(S1 (S (S (SBAR (IN If) (S (S (NP (NNS things)) (VP (VBP have) (RB n't) (VP (VBN worked) (PRT (RP out)) (ADVP (RB that) (RB well))))) (, ,) (CC and) (S (NP (NNS sales)) (VP (MD wo) (RB n't) (VP (VB hit) (NP (QP ($ $) (CD 200) (CD million))) (PP (IN until) (NP (CD 1992)))))))) (, ,) (NP (PRP it)) (VP (VBZ 's) (NP (NP (NN time)) (SBAR (S (VP (TO to) (VP (VB consider) (VP (VBG selling))))))))) (, ,) (NP (PRP he)) (VP (VBZ says)) (. .)))

