(S1 (INTJ (UH Ducks) (. .)))

(S1 (S (SBAR (IN If) (S (NP (DT the) (NNP White) (NNP House)) (VP (VBZ spots) (NP (CD one))))) (, ,) (NP (PRP it)) (VP (VBZ intends) (S (VP (TO to) (VP (VB fire) (NP (DT a) (NN veto)) (PP (IN at) (NP (PRP it))))))) (. .)))

(S1 (S (S (NP (NNS Ducks)) (VP (VBP are) (NP (NP (NP (DT this) (NN season) (POS 's)) (NN word)) (PP (IN for) (NP (JJ new) (NNS taxes)))))) (, ,) (IN under) (S (NP (NNP OMB) (NNP Director) (NNP Richard) (NNP Darman)) (VP (VBZ 's) (NP (NN formulation)) (SBAR (IN that) (`` `) (S (`` `) (SBAR (IN if) (S (NP (PRP it)) (VP (VP (VBZ looks) (PP (IN like) (NP (DT a) (NN duck)))) (, ,) (VP (VBZ walks) (PP (IN like) (NP (DT a) (NN duck)))) (CC and) (VP (VBZ quacks) (PP (IN like) (NP (DT a) (NN duck))))))) (, ,) (NP (PRP it)) (VP (VBZ 's) (NP (DT a) (NN duck))) (. .) ('' ')) ('' '))))))

(S1 (S (NP (NNP George) (NNP Bush)) (VP (VBZ is) (ADJP (RB quite) (JJ clear)) (: :) (NP (DT No) (JJ new) (NNS ducks))) (. .)))

(S1 (FRAG (CC But) (WP what) (IN about) (S (NP (PDT all) (DT those) (JJ non-duck) (NNS ducks)) (VP (VBG flapping) (PP (IN over) (NP (NNP Washington))))) (. ?)))

(S1 (S (NP (PRP We)) (VP (VBP see) (NP (NP (DT a) (JJ whole) (NN flock)) (PP (IN of) (NP (NP (NNS programs)) (SBAR (WHNP (WDT that)) (S (VP (MD will) (VP (VB impose) (NP (JJ significant) (NNS costs)) (PP (IN on) (NP (DT the) (NNP American) (NN economy))) (PP (IN in) (NP (NP (DT the) (NN form)) (PP (IN of) (NP (NP (JJ burdensome) (NN regulation)) (CC and) (NP (JJR higher) (NNS liabilities)))))))))))))) (. .)))

(S1 (FRAG (NP (NP (JJ Federal) (NN child) (NN care)) (PRN (-LRB- -LRB-) (NP (NN quack)) (-RRB- -RRB-))) (. .)))

(S1 (FRAG (NP (NP (DT The) (NNP Clean) (NNP Air) (NN bill)) (PRN (-LRB- -LRB-) (NP (NN quack)) (-RRB- -RRB-))) (. .)))

(S1 (S (NP (DT The) (NNS disabled-workers)) (VP (VBP bill) (PRN (-LRB- -LRB-) (NP (NN quack)) (, ,) (NP (JJ quack)) (-RRB- -RRB-))) (. .)))

(S1 (S (S (NP (DT The) (NNP Bush) (NNP White) (NNP House)) (VP (VBZ is) (VP (VBG breeding) (NP (JJ non-duck) (NNS ducks)) (NP (NP (DT the) (JJ same) (NN way)) (SBAR (S (NP (DT the) (NNP Nixon) (NNP White) (NNP House)) (VP (VBD did)))))))) (: :) (S (NP (PRP It)) (VP (VBZ hops) (PP (IN on) (NP (NP (DT an) (NN issue)) (SBAR (WHNP (WDT that)) (S (VP (VBZ is) (NP (NP (NN unopposable)) (: --) (NP (NP (JJR cleaner) (NN air)) (, ,) (NP (NP (JJR better) (NN treatment)) (PP (IN of) (NP (DT the) (JJ disabled)))) (, ,) (NP (JJR better) (NN child) (NN care))))))))))) (. .)))

(S1 (S (NP (PRP It)) (VP (VBZ comes) (PRT (RP up)) (PP (IN with) (NP (NP (DT a) (JJ toned-down) (NN version)) (PP (IN of) (NP (DT a) (NNP Democratic) (NN proposal)))))) (. .)))

(S1 (S (S (NP (DT The) (NN bill)) (VP (VBZ gets) (VP (VBN signed) (PP (IN into) (NP (NN law)))))) (CC and) (RB then) (S (NP (DT the) (NN administration)) (VP (VBZ watches) (ADVP (RB helplessly)) (, ,) (S (VP (VBG wondering) (SBAR (WHADVP (WRB where)) (S (NP (PDT all) (DT the) (`` `) (ADJP (`` `) (JJ unexpected) ('' ')) ('' ') (NNS costs)) (VP (VBD came) (PP (IN from))))))))) (. .)))

(S1 (S (VP (VB Consider) (, ,) (PP (IN for) (NP (NN instance))) (, ,) (S (NP (DT the) (ADJP (RB very) (JJ fat)) (NN fowl)) (VP (VBN known) (PP (IN as) (NP (JJ federalized) (NN child) (NN care)))))) (. .)))

(S1 (S (S (NP (DT The) (NNP President)) (VP (VBD came) (PRT (RP up)) (PP (IN with) (NP (DT a) (JJ good) (NN bill))))) (, ,) (CC but) (S (NP (RB now)) (VP (MD may) (VP (VB end) (PRT (RP up)) (S (VP (VBG signing) (NP (NP (DT the) (JJ awful) (JJ bureaucratic) (NN creature)) (VP (VBN hatched) (PP (IN on) (NP (NNP Capitol) (NNP Hill)))))))))) (. .)))

(S1 (S (NP (PRP It)) (VP (MD would) (VP (VB create) (NP (CD 38,000) (JJ local) (NN day-care) (NNS commissions)) (, ,) (ADVP (JJ answerable) (PP (TO to) (NP (NP (DT the) (NNP Department)) (PP (IN of) (NP (NP (NNP Health)) (CC and) (NP (NNP Human) (NNPS Services))))))))) (. .)))

(S1 (S (S (NP (PRP They)) (VP (MD 'd) (VP (VB determine) (SBAR (WHADVP (WRB where)) (S (NP (NNS parents)) (VP (MD could) (VP (VB store) (NP (PRP$ their) (NNS kids)) (PP (IN during) (NP (DT the) (NN day)))))))))) (, ,) (CC and) (S (NP (PRP they)) (VP (MD 'd) (VP (VB regulate) (NP (DT the) (NN storage) (NNS facilities))))) (. .)))

(S1 (S (S (NP (DT The) (JJ initial) (NNS costs)) (VP (VBP are) (VP (VBN said) (S (VP (TO to) (VP (VB be) (PP (IN in) (NP (DT the) (NP (NP (QP ($ $) (CD 2) (CD billion))) (NP (DT a) (NN year))) (NN range))))))))) (, ,) (CC but) (S (NP (DT that)) (VP (VBZ 's) (NP (RB only) (DT the) (NN beginning)))) (. .)))

(S1 (S (NP (JJ New) (NNS entitlements)) (VP (VBP tend) (S (VP (TO to) (VP (VB grow) (, ,) (S (VP (VBG creating) (NP (NP (DT a) (NN rationale)) (PP (IN for) (NP (JJ new) (NNS taxes)))))))))) (. .)))

(S1 (INTJ (UH Quack) (. .)))

(S1 (S (S (NP (DT The) (NN administration)) (VP (VBZ claims) (SBAR (IN that) (S (NP (PRP$ its) (NNP Clean) (NNP Air) (NN bill)) (VP (MD will) (VP (VB cost) (NP (NNS businesses)) (NP (NP (QP (IN between) ($ $) (CD 14) (CD billion) (CC and) ($ $) (CD 19) (CD billion))) (ADVP (RB annually))))))))) (, ,) (CC but) (S (NP (NN economist) (NNP Michael) (NNP Evans)) (VP (VBZ estimates) (SBAR (IN that) (S (NP (NP (DT the) (NNS costs)) (PP (IN for) (NP (NNS firms)))) (VP (MD will) (ADVP (RB actually)) (VP (VB be) (PP (IN in) (NP (NP (NP (DT the) (QP ($ $) (CD 60) (CD billion))) (NP (DT a) (NN year))) (NN range))))))))) (. .)))

(S1 (S (NP (DT The) (NNP House) (NN bill)) (ADVP (RB also)) (VP (VBZ distorts) (NP (NP (JJ economic) (NN efficiency)) (PP (IN in) (NP (NP (DT all) (NNS sorts)) (PP (IN of) (NP (JJ perverse) (NNS ways))))))) (. .)))

(S1 (S (PP (IN For) (NP (NN example))) (, ,) (NP (DT the) (NN administration) (NN proposal)) (VP (VBZ imposes) (NP (NP (ADJP (RB extremely) (JJ tough)) (NNS emissions) (NNS standards)) (PP (IN on) (NP (JJ new) (NN power) (NNS plants))))) (. .)))

(S1 (S (RB So) (PP (RB instead) (IN of) (S (VP (VBG building) (NP (ADJP (RBR more) (JJ efficient)) (JJ modern) (NNS plants))))) (, ,) (NP (NNS utilities)) (VP (VBP stick) (NP (NP (NNS scrubbers)) (PP (IN on) (NP (DT the) (JJ old) (NNS plants))))) (. .)))

(S1 (S (NP (NP (DT The) (NN money)) (VP (VBN spent) (PP (IN on) (NP (NNS scrubbers))))) (VP (VBZ is) (VP (VBN diverted) (PP (IN from) (NP (NP (JJ planned) (NN research)) (PP (IN on) (NP (JJ new) (, ,) (JJR cleaner) (NN technology))))))) (. .)))

(S1 (S (NP (DT The) (NN bill)) (ADVP (RB also)) (VP (VBZ imposes) (NP (NP (DT the) (NNP California) (NNS auto-emissions) (NNS standards)) (PP (IN on) (NP (DT all) (NNS cars)))) (ADVP (RB nationwide)) (, ,) (SBAR (IN as) (IN if) (S (NP (NP (NP (DT a) (NN car)) (VP (VBN registered) (PP (IN in) (NP (NNP Big) (NNP Sky))))) (, ,) (NP (NNP Montana)) (, ,)) (VP (VBN needed) (S (VP (TO to) (VP (VB be) (ADJP (ADJP (RB as) (JJ clean)) (PP (IN as) (NP (NP (CD one)) (VP (VBN driven) (PP (IN in) (NP (NNP Los) (NNP Angeles)))))))))))))) (. .)))

(S1 (S (NP (NP (NNS Proponents)) (PP (IN of) (NP (DT the) (JJ nationwide) (NNS standards)))) (VP (VBP say) (SBAR (S (NP (NP (DT the) (NN cost)) (PP (IN for) (NP (NN car) (NNS buyers)))) (VP (MD would) (VP (VB be) (NP (NP (QP (RB about) ($ $) (CD 500))) (PP (IN per) (NP (NN car))))))))) (. .)))

(S1 (S (NP (JJ Other) (NNS analysts)) (VP (VBP say) (SBAR (S (NP (DT that) (NN estimate)) (VP (VBZ is) (ADJP (JJ low)))))) (. .)))

(S1 (INTJ (UH Quack) (. .)))

(S1 (S (NP (NN Nobody)) (VP (VBZ knows) (SBAR (WHNP (WHNP (WHADJP (WRB how) (JJ many)) (NNS billions)) (PP (IN of) (NP (NNS dollars)))) (S (NP (NP (DT the) (NNPS Americans)) (PP (IN With) (NP (NNP Disabilities) (NNP Act)))) (VP (MD will) (VP (VB cost) (, ,) (SBAR (IN because) (S (NP (NN nobody)) (VP (VBZ knows) (SBAR (WHNP (WP what)) (S (NP (DT the) (NN bill)) (VP (VBZ entails)))))))))))) (. .)))

(S1 (S (NP (PRP It)) (VP (VBZ is) (NP (NP (DT an) (ADJP (RB intentionally) (JJ vague)) (NN document)) (SBAR (WHNP (WDT that)) (S (VP (MD will) (VP (VB create) (NP (NP (DT a) (NN wave)) (PP (IN of) (NP (NN litigation)))))))))) (. .)))

(S1 (S (NP (NNS Judges)) (VP (MD will) (VP (VB write) (NP (DT the) (JJ real) (NN bill)) (SBAR (IN as) (S (NP (NNS suits)) (VP (VBP roll) (PP (IN through) (NP (DT the) (NNS courts)))))))) (. .)))

(S1 (S (NP (NNS Lawyers)) (VP (MD will) (VP (VB benefit))) (. .)))

(S1 (S (NP (NP (JJ Private) (NNS companies)) (, ,) (CC and) (ADVP (RB ultimately)) (NP (PRP$ their) (NNS customers)) (, ,)) (VP (MD will) (VP (VB end) (PRT (RP up)) (S (NP (NN footing)) (NP (DT the) (JJ huge) (NN bill))))) (. .)))

(S1 (S (NP (NP (DT The) (NN effect)) (PP (IN of) (NP (NNP Nixon) (NN era)))) (NP (JJ non-duck) (NNS ducks)) (VP (VBD was) (NP (NP (DT an) (NN economy)) (VP (VBN clogged) (PRT (RP up)) (PP (IN with) (NP (NNS regulations) (CC and) (NNS distortions)))))) (. .)))

(S1 (S (NP (PDT All) (DT this)) (VP (VBD was) (VP (VBN recognized) (CC and) (VBN documented) (PP (IN in) (NP (DT the) (VBG succeeding) (NNS years))) (PP (IN by) (NP (NP (NNS economists)) (, ,) (SBAR (WHNP (DT some) (WHPP (IN of) (WHNP (WP whom)))) (S (VP (VBD worked) (PP (IN in) (NP (DT the) (NNP Reagan) (NN administration))) (S (VP (TO to) (VP (VB lift) (NP (DT this) (NN burden)) (PP (IN from) (NP (NP (DT the) (JJ American) (NNS people)) (, ,) (NP (NNS states)) (CC and) (NP (JJ local) (NNS governments)))))))))))))) (. .)))

(S1 (S (S (VP (VBG Running) (PP (IN for) (NP (NN President))) (PP (IN in) (NP (CD 1980) (CC and) (CD 1988))))) (, ,) (NP (NNP George) (NNP Bush)) (ADVP (RB also)) (VP (ADVP (RB persuasively)) (VBD diagnosed) (NP (NP (DT the) (JJ economic) (NN stagnation)) (PP (IN of) (NP (DT the) (NNS 1970s))))) (. .)))

(S1 (S (PP (IN In) (NP (NN fact))) (, ,) (PP (IN during) (NP (NP (JJ last) (NN year) (POS 's)) (NN campaign))) (, ,) (NP (DT the) (JJ entire) (NN nation)) (ADVP (RB constantly)) (VP (VBD heard) (S (NP (NNP Mr.) (NNP Bush)) (VP (VB tout) (NP (PRP$ his) (NNS accomplishments)) (PP (IN as) (NP (NP (NN head)) (PP (IN of) (NP (DT the) (NNP Task) (NNP Force))))) (PP (IN on) (NP (NNP Regulatory) (NNP Relief)))))) (. .)))

(S1 (S (`` `) (S (`` `) (NP (NNP Government)) (VP (VBZ continues) (S (VP (TO to) (VP (VB inhibit) (NP (NP (NP (DT the) (NN productivity)) (PP (IN of) (NP (PRP$ our) (NN citizenry)))) (CC and) (NP (NP (DT the) (JJ international) (NN competitiveness)) (PP (IN of) (NP (JJ American) (NN business)))))))))) (, ,) ('' ') ('' ') (NP (DT the) (NN vice) (NN president)) (VP (VBD declared) (SBAR (WHADVP (WRB when)) (S (NP (PRP he)) (VP (VBD was) (NP (NP (NN head)) (PP (IN of) (NP (DT the) (NN task) (NN force)))))))) (. .)))

(S1 (S (CC But) (PP (IN with) (NP (NP (DT the) (JJ impending) (NN passage)) (PP (IN of) (NP (DT these) (JJ new) (NNS programs))))) (, ,) (NP (NNP Mr.) (NNP Bush)) (VP (MD will) (ADVP (RB surely)) (VP (VB be) (VP (VBG sending) (S (NP (JJ many) (NNS people)) (VP (VBG hurtling) (ADVP (RB back) (PP (IN into) (NP (DT the) (JJ regulatory) (NN thicket)))) (SBAR (IN that) (S (NP (PRP he)) (VP (VBD had) (VP (VBN helped) (S (VP (VB cut) (ADVP (RB back))))))))))))) (. .)))

(S1 (S (PP (IN By) (NP (CD 1986))) (, ,) (NP (NP (DT the) (NN number)) (PP (IN of) (NP (JJ federal) (NNS regulators)))) (VP (VBD was) (ADVP (RB down) (PP (TO to) (NP (QP (RB about) (CD 103,000)))))) (. .)))

(S1 (S (S (ADVP (RB Then)) (NP (PRP it)) (VP (VBD turned) (PRT (RP up)))) (, ,) (CC and) (S (PP (IN by) (NP (CD one) (NN estimate))) (NP (DT the) (NN number)) (VP (MD will) (VP (VB be) (ADVP (RB up) (PP (TO to) (NP (QP (RB about) (CD 109,000)) (NNS regulators)))) (PP (IN by) (NP (JJ next) (NN year)))))) (. .)))

(S1 (S (S (VP (VBG Holding) (NP (DT the) (NN dam)) (PP (IN on) (NP (NNS taxes))))) (VP (VBZ is) (NP (NP (DT the) (ADJP (RBS most) (JJ important)) (NN task)) (PP (IN of) (NP (DT the) (NNP Bush) (NN presidency))))) (. .)))

(S1 (S (NP (PRP We)) (VP (MD would) (VP (VB have) (VP (VBN thought) (PP (IN by) (NP (RB now))) (PRN (, ,) (ADVP (RB though)) (, ,)) (SBAR (IN that) (S (NP (EX there)) (VP (VBD was) (NP (NP (DT a) (JJ significant) (NN core)) (PP (IN of) (NP (NP (NNS people)) (VP (VBN involved) (PP (IN in) (NP (NN government) (NN life)))) (SBAR (WHNP (WP who)) (S (VP (VBD understood) (SBAR (IN that) (S (NP (JJ direct) (NN taxation)) (VP (VBZ is) (RB n't) (NP (NP (DT the) (JJ only) (NN way)) (SBAR (S (VP (TO to) (VP (VB slow) (PRT (RP down)) (NP (DT an) (NN economy)))))))))))))))))))))) (. .)))

(S1 (S (NP (PRP It)) (VP (VBZ is) (ADVP (RB merely)) (NP (DT the) (ADJP (RBS most) (JJ obvious)))) (. .)))

(S1 (S (SBAR (WHNP (WP What)) (S (VP (VBZ is) (ADJP (ADVP (RB even) (RBR more)) (JJ ironic))))) (VP (VBZ is) (SBAR (IN that) (S (NP (NP (DT all)) (PP (IN over) (NP (DT the) (NN world) (NNS nations)))) (VP (VBP are) (VP (VBG learning) (SBAR (IN that) (S (NP (JJ well-intentioned) (JJ public) (NNS programs)) (ADVP (RB often)) (VP (VB backfire))))))))) (. .)))

(S1 (S (CC But) (SBAR (IN while) (S (NP (PRP they)) (VP (VBP are) (VP (VBG unloading) (NP (DT these) (NNS burdens)))))) (, ,) (NP (DT the) (NNP United) (NNPS States)) (VP (VBZ is) (ADJP (JJ close) (PP (TO to) (S (VP (VBG creating) (NP (QP (CD three) (JJR more)) (JJ big) (NNS ones))))))) (. .)))

(S1 (S (NP (DT The) (NNP Bush) (NN administration)) (VP (MD ought) (S (VP (TO to) (VP (VB be) (VP (VBG setting) (PRT (RP aside)) (NP (NP (DT some)) (PP (IN of) (NP (PRP$ its) (NN buckshot)))) (PP (IN for) (NP (DT the) (JJ non-duck) (NNS ducks)))))))) (. .)))

