(S1 (S (NP (DT A) (JJ NEW) (NN MINIMUM-WAGE) (NN PLAN)) (VP (VBZ has) (VP (VBN been) (VP (VBN worked) (PRT (RP out)) (PP (IN by) (NP (NP (NNP Congress)) (CC and) (NP (NNP Bush)))) (, ,) (S (VP (VBG opening) (NP (NP (DT the) (NN way)) (PP (IN for) (NP (NP (DT the) (JJ first) (NN increase)) (PP (IN in) (NP (QP (IN over) (CD nine)) (NNS years))))))))))) (. .)))

(S1 (S (NP (NP (DT The) (NN compromise) (NN proposal)) (, ,) (VP (VBG ending) (NP (NP (DT a) (JJ long) (NN impasse)) (PP (IN between) (NP (NP (NNPS Democrats)) (CC and) (NP (DT the) (NN president)))))) (, ,)) (VP (MD would) (VP (VB boost) (NP (DT the) (JJ minimum) (NN wage)) (PP (TO to) (NP (NP ($ $) (CD 4.25)) (NP (DT an) (NN hour)))) (PP (IN by) (NP (NNP April) (CD 1991))) (PP (IN from) (NP (NP ($ $) (CD 3.35)) (NP (RB now)))))) (. .)))

(S1 (S (NP (DT The) (NN legislation)) (ADVP (RB also)) (VP (VBZ includes) (NP (DT a) (JJR lower) (`` `) (NP (`` `) (NN training) (NN wage) ('' ')) ('' ') (PP (IN for) (NP (NP (JJ new) (NNS workers)) (SBAR (WHNP (WP who)) (S (VP (VBP are) (NP (NNS teen-agers))))))))) (. .)))

(S1 (S (NP (DT The) (NNP Big) (NNP Board)) (VP (VBZ is) (VP (VBG considering) (S (VP (VBG reviving) (NP (NP (DT a) (NN curb)) (PP (IN on) (NP (NN program) (NN trading)))) (SBAR (WHADVP (WRB when)) (S (NP (DT the) (NN market)) (VP (VBZ is) (ADJP (JJ volatile))))))))) (. .)))

(S1 (S (NP (NP (DT The) (NN exchange)) (, ,) (SBAR (WHNP (WDT which)) (S (VP (VBD abandoned) (NP (NP (PDT such) (DT a) (`` `) (NX (`` `) (NX (NN collar)) ('' ')) ('' ')) (NP (JJ last) (NN year))) (SBAR (IN because) (S (NP (PRP it)) (VP (VBD did) (RB n't) (VP (VB prevent) (NP (JJ sharp) (NN price) (NNS swings))))))))) (, ,)) (VP (VBZ has) (VP (VBN been) (PP (IN under) (NP (NN attack))) (ADVP (RB recently)) (PP (IN for) (S (RB not) (VP (VBG taking) (NP (NP (NN action)) (PP (IN against) (NP (NN program) (NN trading))))))))) (. .)))

(S1 (S (NP (NNP Great) (NNP Northern) (NNP Nekoosa)) (VP (VBD reacted) (ADVP (RB coolly)) (PP (TO to) (NP (NP (NP (NNP Georgia-Pacific) (POS 's)) (NN takeover) (NN bid)) (PP (IN of) (NP (NP (NP ($ $) (CD 58)) (NP (DT a) (NN share))) (, ,) (CC or) (NP (QP ($ $) (CD 3.19) (CD billion))) (, ,))))) (SBAR (IN though) (S (NP (DT the) (NN suitor)) (VP (VBD said) (SBAR (S (NP (DT all) (NNS terms)) (VP (VBP are) (ADJP (JJ negotiable))))))))) (. .)))

(S1 (S (NP (NP (NNP Great) (NNP Northern) (POS 's)) (NN stock)) (VP (VBD soared) (NP ($ $) (CD 20.125)) (, ,) (PP (TO to) (NP ($ $) (CD 62.875))) (, ,) (PP (IN on) (NP (NN speculation) (SBAR (IN that) (S (NP (DT a) (JJR higher) (NN bid)) (VP (MD would) (VP (VB emerge)))))))) (. .)))

(S1 (S (NP (NN Stock) (NNS prices)) (VP (VBD rallied) (SBAR (IN as) (S (NP (DT the) (NNP Georgia-Pacific) (NN bid)) (VP (VBD broke) (NP (NP (DT the) (NN market) (POS 's)) (JJ recent) (NN gloom)))))) (. .)))

(S1 (S (NP (DT The) (NNP Dow) (NNP Jones) (NNS industrials)) (VP (VBD finished) (ADVP (RB up) (NP (CD 41.60))) (, ,) (PP (IN at) (NP (CD 2645.08)))) (. .)))

(S1 (S (NP (DT The) (NN dollar) (CC and) (NN bond) (NNS prices)) (ADVP (RB also)) (VP (VBD closed) (ADVP (JJR higher))) (. .)))

(S1 (S (NP (VBG Leading) (NNS indicators)) (VP (VBD rose) (NP (DT a) (JJ slight) (CD 0.2) (NN %)) (PP (IN in) (NP (NNP September))) (, ,) (NP (DT a) (JJ further) (NN indication) (SBAR (S (NP (DT the) (NN economy)) (VP (VBZ is) (UCP (VP (VBG slowing)) (CC but) (PP (IN without) (NP (NP (DT any) (JJ clear) (NN sign)) (PP (IN of) (SBAR (IN whether) (S (NP (DT a) (NN recession)) (VP (VBZ looms))))))))))))) (. .)))

(S1 (S (ADVP (RB Meanwhile)) (, ,) (NP (JJ new-home) (NNS sales)) (VP (VBD plunged) (NP (CD 14) (NN %)) (PP (IN in) (NP (DT the) (NN month)))) (. .)))

(S1 (S (NP (NN Labor) (NNS costs)) (VP (VBD climbed) (NP (CD 1.2) (NN %)) (PP (IN in) (NP (JJ private) (NN industry))) (PP (IN during) (NP (DT the) (JJ third) (NN quarter))) (, ,) (S (VP (VBG matching) (NP (DT the) (JJ second-quarter) (NN rise))))) (. .)))

(S1 (S (NP (NN Health-insurance) (NNS costs)) (VP (VBD soared)) (. .)))

(S1 (S (NP (NNP Time) (NNP Warner) (CC and) (NNP Sony)) (VP (MD could) (VP (VB end) (PRT (RP up)) (S (VP (VBG becoming) (NP (NP (NNS partners)) (PP (IN in) (NP (JJ several) (NN business) (NNS ventures)))) (PP (IN as) (NP (NP (NN part)) (PP (IN of) (NP (NP (DT a) (NN settlement)) (PP (IN of) (NP (NP (PRP$ their) (NN dispute)) (PP (IN over) (NP (NNP Hollywood) (NNS producers) (NX (NX (NNP Peter) (NNP Guber)) (CC and) (NX (NNP Jon) (NNP Peters))))))))))))))) (. .)))

(S1 (S (NP (NP (DT A) (NN bidding) (NN war)) (PP (IN for) (NP (NNP Jaguar)))) (VP (VBD became) (ADJP (RBR more) (JJ likely)) (SBAR (IN as) (S (NP (NNP Britain)) (ADVP (RB unexpectedly)) (VP (VBD decided) (S (VP (TO to) (VP (VB end) (NP (NP (NNS restrictions)) (VP (VBG blocking) (NP (NP (DT a) (NN takeover)) (PP (IN of) (NP (DT the) (NN luxury) (NN car) (NN maker))))))))))))) (. .)))

(S1 (S (NP (NNP Sea) (NNPS Containers)) (VP (VBZ plans) (S (VP (TO to) (VP (VP (VB sell) (NP (NP (QP ($ $) (CD 1.1) (CD billion))) (PP (IN of) (NP (NNS assets))))) (CC and) (VP (VB use) (NP (NP (DT some)) (PP (IN of) (NP (DT the) (NNS proceeds)))) (S (VP (TO to) (VP (VB buy) (NP (NP (QP (IN about) (CD 50)) (NN %)) (PP (IN of) (NP (PRP$ its) (JJ common) (NNS shares)))) (PP (IN for) (NP (NP ($ $) (CD 70)) (NP (DT each)))))))))))) (. .)))

(S1 (S (NP (DT The) (NN company)) (VP (VBZ is) (VP (VBG trying) (S (VP (TO to) (VP (VB fend) (PRT (RP off)) (NP (NP (DT a) (JJ hostile) (NN bid)) (PP (IN by) (NP (CD two) (JJ European) (NN shipping) (NNS firms))))))))) (. .)))

(S1 (S (NP (NNP Eastern) (NNPS Airlines) (NNS pilots)) (VP (VBD were) (VP (VBN awarded) (NP (NP (QP (IN between) ($ $) (CD 60) (CD million) (CC and) ($ $) (CD 100) (CD million))) (PP (IN in) (NP (JJ back) (NN pay)))) (PP (IN by) (NP (DT an) (NN arbitrator))) (, ,) (NP (NP (DT a) (NN decision)) (SBAR (WHNP (WDT that)) (S (VP (MD could) (VP (VB complicate) (NP (NP (DT the) (NN carrier) (POS 's)) (NN bankruptcy) (NN reorganization))))))))) (. .)))

(S1 (S (S (NP (NNP LTV) (NNP Steel)) (VP (VBZ is) (VP (VBG boosting) (NP (NP (NNS prices)) (PP (IN of) (NP (JJ flat) (VBN rolled) (NN steel) (NNS products)))) (NP (DT an) (JJ average) (CD 3) (NN %))))) (, ,) (CC but) (S (NP (PRP it)) (VP (VBZ 's) (ADJP (JJ unclear)) (SBAR (IN whether) (S (NP (NP (DT the) (NNS increases)) (, ,) (VP (VBN set) (PP (IN for) (NP (NNP Jan.) (CD 1) (, ,) (CD 1990)))) (, ,)) (VP (MD will) (VP (VB stick))))))) (. .)))

(S1 (S (NP (NP (NNP Southern) (POS 's)) (NNP Gulf) (NNP Power) (NN unit)) (VP (VBD paid) (NP (NP ($ $) (CD 500,000)) (PP (IN in) (NP (NNS fines)))) (PP (IN after) (S (VP (VBG pleading) (ADJP (JJ guilty) (PP (TO to) (NP (NP (NN conspiracy) (S (VP (TO to) (VP (VB make) (NP (JJ illegal) (JJ political) (NNS contributions)))))) (CC and) (NP (NN tax) (NN evasion))))))))) (. .)))

(S1 (S (NP (RBR More) (JJ big) (JJ Japanese) (NNS investors)) (VP (VBP are) (VP (VBG buying) (NP (NNP U.S.) (JJ mortgage-backed) (NNS securities)) (, ,) (S (VP (VBG reversing) (NP (DT a) (JJ recent) (NN trend)))))) (. .)))

(S1 (S (NP (NP (NNP USX) (POS 's)) (NN profit)) (VP (VBD dropped) (NP (CD 23) (NN %)) (PP (IN in) (NP (DT the) (JJ third) (NN quarter))) (SBAR (IN as) (S (NP (VBN improved) (NN oil) (NNS results)) (VP (VBD failed) (S (VP (TO to) (VP (VB offset) (NP (NP (NN weakness)) (PP (IN in) (NP (NP (DT the) (NN firm) (POS 's)) (NN steel) (CC and) (JJ natural) (NN gas) (NNS operations))))))))))) (. .)))

(S1 (S (NP (NNP Miniscribe)) (VP (VP (VBD reported) (NP (DT a) (JJ negative) (JJ net) (NN worth))) (CC and) (VP (VBD hinted) (SBAR (S (NP (PRP it)) (VP (MD may) (VP (VB file) (PP (IN for) (NP (NNP Chapter) (CD 11))))))))) (. .)))

(S1 (S (NP (DT The) (NN disk-drive) (NN maker)) (VP (VBD disclosed) (NP (DT a) (JJ major) (NN fraud)) (ADVP (NP (CD two) (NNS months)) (RB ago))) (. .)))

(S1 (NP (NNS Markets) (: --)))

(S1 (NP (NP (NNS Stocks)) (: :) (NP (NP (NN Volume)) (NP (CD 176,100,000) (NNS shares))) (. .)))

(S1 (S (NP (NNP Dow) (NNP Jones)) (VP (VBZ industrials) (NP (NP (NP (CD 2645.08)) (, ,) (ADVP (RB up) (NP (CD 41.60)))) (: ;) (NP (NP (NN transportation)) (NP (NP (CD 1205.01)) (, ,) (ADVP (RB up) (NP (CD 13.15))))) (: ;) (NP (NP (NNS utilities)) (NP (NP (CD 219.19)) (, ,) (ADVP (RB up) (NP (CD 2.45))))))) (. .)))

(S1 (NP (NP (NNS Bonds)) (: :) (NP (NP (NNP Shearson) (NNP Lehman) (NNP Hutton) (NNP Treasury) (NN index)) (NP (CD 3426.33)) (, ,) (ADVP (IN up)))))

(S1 (NP (NP (NNS Commodities)) (: :) (NP (NP (NP (NNP Dow) (NNP Jones) (NNS futures) (NN index)) (NP (CD 129.63)) (, ,) (ADVP (IN up) (NP (CD 0.25)))) (: ;) (NP (NP (NN spot) (NN index)) (NP (CD 129.84)) (, ,) (ADVP (IN off) (NP (CD 0.25))))) (. .)))

(S1 (NP (NP (NN Dollar)) (: :) (NP (NP (NP (CD 142.85) (NN yen)) (, ,) (ADVP (IN up) (NP (CD 0.95)))) (: ;) (NP (NP (CD 1.8415) (NNS marks)) (, ,) (ADVP (RB up) (NP (CD 0.0075))))) (. .)))

