(S1 (S (NP (DT The) (NN stock) (NN market)) (VP (VBD went) (PP (IN on) (NP (DT a) (JJ dizzying) (NN ride))) (SBAR (IN as) (S (NP (NP (NNP UAL)) (, ,) (NP (NP (NN parent)) (PP (IN of) (NP (NNP United) (NNP Airlines)))) (, ,)) (ADVP (RB once) (RB again)) (VP (VBD led) (NP (NNS shares)) (PP (IN into) (NP (NP (DT a) (JJ breathtaking) (NN decline)) (CC and) (NP (RB then) (DT an) (NN afternoon) (NN comeback)))))))) (. .)))

(S1 (S (PP (IN At) (NP (NP (DT the) (NN end)) (PP (IN of) (NP (NP (PRP it)) (NP (DT all)))))) (, ,) (NP (DT the) (NNP Dow) (NNP Jones) (NNP Industrial) (NNP Average)) (VP (VBD closed) (ADVP (RB down) (NP (CD 3.69)) (PP (TO to) (NP (CD 2659.22))))) (. .)))

(S1 (S (PP (IN At) (NP (CD one) (NN point))) (NP (NN yesterday) (NN morning)) (, ,) (NP (DT the) (NNP Dow)) (VP (VBD was) (ADVP (RB down) (NP (CD 80.53) (NNS points)))) (. .)))

(S1 (S (NP (NNP New) (NNP York) (NNP Stock) (NNP Exchange) (NN volume)) (VP (VBD was) (NP (CD 237,960,000) (NNS shares))) (. .)))

(S1 (S (NP (VBG Declining) (NNS issues)) (VP (VBD swamped) (NP (NNS advancers)) (, ,) (ADVP (CD 1,222) (TO to) (CD 382))) (. .)))

(S1 (S (NP (NP (NP (NN Yesterday) (POS 's)) (NN sell-off)) (CC and) (NP (NN rebound))) (VP (VBD was) (NP (DT a) (JJ powerful) (NN reminder) (SBAR (IN that) (S (NP (NP (CD 11) (NNS days)) (PP (IN after) (NP (NP (DT the) (JJ 190-point) (NN plunge)) (PP (IN on) (NP (NNP Friday) (DT the) (NN 13th)))))) (, ,) (NP (DT the) (NN stock) (NN market)) (ADVP (RB still)) (VP (VBZ has) (NP (NP (DT a) (JJ bad) (NN case)) (PP (IN of) (NP (NNS nerves))))))))) (. .)))

(S1 (S (NP (NP (NN Takeover) (NN stock) (NN speculation)) (CC and) (NP (JJ futures-related) (NN program) (NN trading))) (VP (VBD drove) (NP (DT the) (JJ industrial) (NN average)) (PP (IN through) (NP (JJ wide) (NNS ranges)))) (. .)))

(S1 (S (CC And) (NP (EX there)) (VP (VBZ is) (NP (JJR more) (NN volatility) (S (VP (TO to) (VP (VB come)))))) (. .)))

(S1 (SINV (`` `) (S (`` `) (NP (NNP October) (NN 13th)) (VP (VBD left) (NP (PRP us)) (PP (IN with) (NP (DT a) (ADJP (VBN cut) (CC and) (VBN exposed)) (NN nerve))))) (, ,) ('' ') ('' ') (VP (VBD said)) (NP (NP (NNP Jack) (NNP Solomon)) (, ,) (NP (NP (JJ technical) (NN analyst)) (PP (IN for) (NP (NNP Bear) (NNP Stearns))))) (. .)))

(S1 (FRAG (`` `) (`` `) (S (NP (NNS People)) (VP (VBP are) (ADJP (JJ fearful) (CC and) (JJ sensitive)))) (. .)))

(S1 (S (NP (NP (NN Everybody) (POS 's)) (NN finger)) (VP (VBZ is) (ADJP (ADJP (NP (CD one) (NN inch)) (JJR closer)) (PP (TO to) (NP (DT the) (NN button))))) (. .)))

(S1 (S (NP (PRP I)) (VP (VBP have) (ADVP (RB never)) (VP (VBN had) (NP (ADJP (RB as) (JJ many)) (NNS calls) (SBAR (IN as) (S (NP (PRP I)) (VP (VBD had) (NP (DT this) (NN morning)))))))) (. .)))

(S1 (S (NP (NN Volatility)) (VP (VBZ is) (ADVP (RB here)) (S (VP (TO to) (VP (VB stay))))) (. .) ('' ') ('' ')))

(S1 (S (NP (DT The) (NNP Dow) (NNP Jones) (NNP Industrial) (NNP Average)) (VP (VBD plunged) (NP (QP (RB about) (CD 80)) (NNS points)) (PP (IN in) (NP (NP (RB slightly) (JJR more)) (PP (IN than) (NP (NP (CD one) (NN hour)) (PP (IN after) (NP (DT the) (VBG opening) (NN bell)))))))) (. .)))

(S1 (S (PP (IN For) (NP (JJ many))) (, ,) (NP (PRP it)) (VP (VBD began) (S (VP (TO to) (VP (VB look) (PP (IN like) (NP (NP (DT a) (NN replay)) (PP (IN of) (NP (NNP Oct.) (CD 13))))))))) (. .)))

(S1 (S (SBAR (IN As) (S (NP (NP (NNS stocks)) (CC and) (NP (JJ stock-index) (NNS futures))) (VP (VBD fell)))) (, ,) (NP (DT a) (NN trading) (NN limit)) (VP (VBD was) (VP (VBN hit) (PP (IN in) (NP (DT the) (NNP S&P) (CD 500) (NN stock) (NNS futures) (NN pit))))) (. .)))

(S1 (S (PP (IN Under) (NP (DT a) (JJ post-1987) (NN crash) (NN reform))) (, ,) (NP (DT the) (NNP Chicago) (NNP Mercantile) (NNP Exchange)) (VP (MD would) (RB n't) (VP (VB permit) (S (NP (DT the) (NNP December) (NNP S&P) (NNS futures)) (VP (TO to) (VP (VB fall) (ADVP (ADVP (RBR further)) (PP (IN than) (NP (CD 12) (NNS points)))) (PP (IN for) (NP (DT a) (JJ half) (NN hour)))))))) (. .)))

(S1 (S (NP (IN That)) (VP (VBN caused) (S (NP (NP (DT a) (JJ brief) (NN period)) (PP (IN of) (NP (NN panic) (NN selling))) (PP (IN of) (NP (NP (NNS stocks)) (PP (IN on) (NP (DT the) (NNP Big) (NNP Board)))))))) (. .)))

(S1 (S (CC But) (PP (IN at) (NP (DT a) (JJ critical) (NN moment))) (, ,) (NP (NN stock-index) (NN arbitrage) (NNS traders)) (VP (VBD showed) (NP (NP (PRP$ their) (NN power)) (CC and) (NP (NN control)))) (. .)))

(S1 (S (NP (PRP They)) (VP (VBD scooped) (PRT (RP up)) (NP (NP (NNS hundreds)) (PP (IN of) (NP (NNP S&P) (NNS futures)))) (SBAR (WHADVP (WRB when)) (S (NP (DT the) (NN market)) (VP (VBD needed) (NP (PRP it)) (ADVP (RBS most)))))) (. .)))

(S1 (S (PP (IN At) (NP (IN about) (CD 10:40) (RB a.m.) (NNP EDT))) (, ,) (NP (JJ several) (JJ big) (NN buy) (NNS orders)) (VP (VBD hit) (NP (DT the) (NNP S&P) (NN pit)) (ADVP (RB simultaneously)) (, ,) (S (VP (VBG lifting) (NP (DT the) (NNS futures)) (PRT (RP up)) (PP (PP (IN out) (PP (IN of) (NP (DT the) (NN trading) (NN limit)))) (CC and) (PP (ADVP (RB eventually)) (IN into) (NP (NP (NNS ranges)) (SBAR (WHNP (WDT that)) (S (VP (VBD caused) (NP (NP (JJ computer-driven) (NN program) (NN buying)) (PP (IN of) (NP (NNS stocks))))))))))))) (. .)))

(S1 (SINV (`` `) (S (`` `) (NP (PRP It)) (VP (VBZ is) (ADJP (RB very) (JJ clear)) (SBAR (IN that) (S (NP (DT those) (NN buy) (NNS orders)) (VP (VBD came) (PP (IN from) (NP (NP (NNS people)) (SBAR (WHNP (WP who)) (S (VP (VBD wanted) (S (NP (PRP$ their) (NN franchise)) (ADJP (VBN protected)))))))))))) (, ,) ('' ')) ('' ') (VP (VBD said)) (NP (CD one) (JJ Chicago-based) (NNS futures) (NN trader)) (. .)))

(S1 (S (`` `) (NP (`` `) (DT These) (NNS guys)) (VP (VBD wanted) (S (VP (TO to) (VP (VB do) (NP (NP (NN something)) (SBAR (S (VP (TO to) (VP (VB show) (SBAR (WHADJP (WRB how) (JJ powerful)) (S (NP (PRP they)) (VP (VBP are))))))))))))) (. .) ('' ') ('' ')))

(S1 (S (NP (NNS Traders)) (VP (VBD said) (SBAR (S (NP (NP (NNP Goldman) (NNP Sachs)) (, ,) (NP (NNP Shearson) (NNP Lehman) (NNP Hutton)) (CC and) (NP (NNP Salomon) (NNP Brothers))) (VP (VBD were) (NP (NP (DT the) (JJ main) (NN force)) (PP (IN behind) (NP (DT the) (NNS futures) (NN buying)))) (PP (IN at) (NP (DT the) (JJ pivotal) (NN moment))))))) (. .)))

(S1 (S (NP (NNP Shearson) (NNP Lehman) (NNP Hutton)) (VP (VBD declined) (S (VP (TO to) (VP (VB comment))))) (. .)))

(S1 (S (NP (NP (NNS Officials)) (PP (IN at) (NP (NP (NNP Goldman) (NNP Sachs)) (CC and) (NP (NNP Salomon) (NNP Brothers))))) (VP (VBD were) (ADJP (JJ unavailable) (PP (IN for) (NP (NN comment))))) (. .)))

(S1 (S (PP (IN As) (PP (IN in) (NP (DT the) (NAC (NNP Oct.) (CD 13)) (NN massacre)))) (, ,) (NP (NP (NN yesterday) (NN morning) (POS 's)) (NN drop)) (VP (VBD was) (VP (VBN triggered) (PP (IN by) (NP (NP (JJ bad) (NN news)) (PP (IN for) (NP (NP (NNS speculators)) (PP (IN in) (NP (NNP UAL))))))))) (. .)))

(S1 (S (NP (DT A) (NNP UAL) (NN statement)) (SBAR (IN after) (S (NP (DT the) (NN market)) (VP (VBD closed) (NP (NNP Monday))))) (VP (VBD indicated) (SBAR (IN that) (S (NP (NP (DT the) (NN airline) (POS 's)) (NN board)) (VP (VBD wanted) (S (VP (TO to) (VP (VB keep) (S (NP (DT the) (NN company)) (ADJP (JJ independent))) (, ,) (S (ADVP (RB effectively)) (VP (VBG crushing) (NP (NP (NNS hopes)) (PP (IN of) (NP (DT an) (JJ immediate) (NN buy-out))))))))))))) (. .)))

(S1 (S (S (NP (NP (CD Five) (NNS minutes)) (PP (IN before) (NP (DT the) (NNP Big) (NNP Board)))) (VP (VBD opened))) (, ,) (NP (DT a) (JJ preliminary) (NN price)) (VP (VBD was) (VP (VBD flashed) (PP (IN for) (NP (NNP UAL))) (: --) (ADVP (RB somewhere) (PP (IN between) (NP (CD 135) (CC and) (CD 155)))) (, ,) (NP (NP (DT a) (NN loss)) (PP (IN of) (NP (NP (QP (RB as) (JJ much) (IN as) ($ $) (CD 43))) (NP (DT a) (NN share)))) (PP (IN from) (NP (NP (NNP Monday) (POS 's)) (NN close)))))) (. .)))

(S1 (S (NP (NNP UAL)) (ADVP (RB finally)) (VP (VBD opened) (PP (IN for) (S (VP (VBG trading) (PP (IN at) (NP (CD 10:08) (NN a.m.)))))) (PP (IN at) (NP (CD 150))) (, ,) (ADVP (RB down) (NP ($ $) (CD 28)))) (. .)))

(S1 (S (NP (NN Floor) (NNS traders)) (VP (VBD said) (SBAR (S (NP (EX there)) (VP (VBD was) (NP (NP (DT a) (JJ huge) (NN crowd)) (PP (IN around) (NP (NP (NP (DT the) (NNP Big) (NNP Board) (NN specialist) (POS 's)) (NN post)) (SBAR (WHADVP (WRB where)) (S (NP (NNP UAL)) (VP (VBZ trades))))))))))) (. .)))

(S1 (SINV (`` `) (S (`` `) (NP (EX There)) (VP (VBD was) (NP (NP (DT a) (JJ seething) (NN mass)) (PP (IN of) (NP (NNS people))))) (, ,) ('' ')) ('' ') (VP (VBD said)) (NP (CD one) (NN floor) (NN trader)) (. .)))

(S1 (S (`` `) (S (`` `) (RB Then) (NP (EX there)) (VP (VBD was) (NP (NP (DT a) (JJ big) (NN liquidation)) (PP (IN of) (NP (NP (NN stock) (POS ')) (POS ')))) (PP (IN across) (NP (DT the) (NN board))))) (, ,) (NP (PRP he)) (VP (VBD added)) (. .)))

(S1 (S (NP (NP (NN Takeover) (NNS speculators)) (PRN (: --) (SBAR (WHNP (WP who)) (S (VP (VBP have) (ADVP (RB already)) (VP (VBN taken) (NP (NP (DT a) (JJ record) (NN loss)) (VP (VBN estimated) (PP (IN at) (NP (QP (JJR more) (IN than) ($ $) (CD 700) (CD million))))) (PP (IN on) (NP (NNP UAL)))))))) (: --))) (VP (VBD started) (S (VP (VBG selling) (NP (NP (JJ other) (NNS stocks)) (CONJP (RB as) (RB well) (IN as)) (NP (NNP S&P) (NNS futures))) (PP (IN in) (NP (DT an) (NN attempt) (S (VP (TO to) (VP (VB hedge) (PP (IN against) (NP (DT a) (JJ further) (NNP UAL) (NN blood) (NN bath))))))))))) (. .)))

(S1 (S (PP (RB Shortly) (IN after) (NP (DT the) (NNP UAL) (NN opening))) (, ,) (NP (NN program) (NNS traders)) (VP (VBD started) (S (VP (VBG selling) (NP (NP (NP (NNS stocks)) (PP (IN in) (NP (DT the) (NNP Major) (NNP Market) (NNP Index)))) (CC and) (NP (NNP S&P) (CD 500) (NN index)))))) (. .)))

(S1 (S (NP (DT The) (JJ 20-stock) (NNP MMI)) (VP (VBZ mimics) (NP (DT the) (NNP Dow) (NNP Jones) (NNP Industrial) (NNP Average))) (. .)))

(S1 (S (PP (IN By) (NP (CD 10:30) (NN a.m.))) (NP (DT the) (NNP Dow)) (VP (VBD was) (ADVP (RB down) (NP (CD 62.70)))) (. .)))

(S1 (S (NP (NP (DT All) (NNS 20-stocks)) (PP (IN in) (NP (DT the) (NNP MMI))) (PP (IN except) (NP (NP (NNP Exxon)) (, ,) (NP (NNP General) (NNP Motors)) (CC and) (NP (NNP Sears))))) (VP (VBD were) (ADVP (RB down) (NP (QP ($ $) (CD 1) (TO to) ($ $) (CD 2))))) (. .)))

(S1 (S (PP (IN At) (NP (NP (CD 10:33)) (, ,) (SBAR (WHADVP (WRB when)) (S (NP (DT the) (NNP S&P) (CD 500) (NNP December) (NNS futures) (NN contract)) (VP (VBD crunched) (PP (TO to) (NP (DT a) (JJ 12-point) (NN loss))) (PP (IN under) (NP (NP (DT the) (NN force)) (PP (IN of) (NP (NN sell) (NNS programs)))))))))) (, ,) (S (NP (NNP S&P) (NNS futures) (NN trading)) (VP (VBD was) (VP (VBN halted)))) (CC and) (S (NP (NP (NN program) (NNS trades)) (PP (IN on) (NP (DT the) (NNP Big) (NNP Board)))) (VP (VBD were) (VP (VBN routed) (PP (IN into) (NP (NP (DT a) (JJ special) (NN computer)) (SBAR (WHNP (WDT that)) (S (VP (VBZ scans) (PP (IN for) (NP (NN order) (NNS imbalances))))))))))) (. .)))

(S1 (S (PP (IN Under) (NP (NP (DT the) (NNS rules)) (VP (VBN adopted) (PP (IN by) (NP (DT the) (NNP Chicago) (NNP Mercantile) (NNP Exchange)))))) (, ,) (S (NP (DT the) (NNS futures) (NN contract)) (VP (MD can) (RB not) (VP (VB drop) (PP (IN below) (NP (DT the) (NN limit)))))) (, ,) (CC but) (S (NP (NNS buyers)) (VP (MD can) (VP (VB purchase) (NP (NNS futures))))) (. .)))

(S1 (S (PP (IN At) (NP (DT this) (NN point))) (, ,) (NP (DT the) (NNP Dow) (NNS industrials)) (VP (VBD were) (UCP (ADVP (RB down) (NP (CD 75.41) (NNS points))) (CC and) (VP (VBG falling)))) (. .)))

(S1 (S (S (NP (NP (DT The) (NN trading) (NN halt)) (PP (IN in) (NP (DT the) (NNP S&P) (CD 500) (NNS futures)))) (VP (VBN exacerbated) (NP (NN selling) (CC and) (NN confusion)))) (, ,) (NP (JJ many) (NNS traders)) (VP (VBP maintain)) (. .)))

(S1 (S (CC But) (SBAR (IN as) (S (NP (DT the) (NN fright)) (VP (VBD began) (S (VP (TO to) (VP (VB spread) (PP (IN through) (NP (DT the) (NNP S&P) (NN pit))))))))) (, ,) (NP (DT the) (JJ big) (NN brokerage) (NNS firms)) (VP (VP (VBD came) (PRT (RP in))) (CC and) (VP (VBD bought) (NP (NNS futures)) (ADVP (RB aggressively)))) (. .)))

(S1 (SINV (`` `) (S (`` `) (NP (PRP It)) (VP (VBD was) (ADJP (JJ whooosh))) (. !) ('' ')) ('' ') (VP (VBD said)) (NP (CD one) (NNS futures) (NN trader)) (. .)))

(S1 (S (PP (IN In) (NP (CD five) (NNS minutes))) (, ,) (NP (DT the) (NNP Dow) (NNS industrials)) (VP (VBD climbed) (NP (QP (RB almost) (CD 30)) (NNS points))) (. .)))

(S1 (S (NP (DT The) (JJ big) (NNS futures) (NN buying)) (VP (VBD triggered) (NP (NP (JJ stock-index) (NN buy) (NNS programs)) (SBAR (WHNP (WDT that)) (S (ADVP (RB eventually)) (VP (VBD trimmed) (NP (NP (DT the) (NNP Dow) (POS 's)) (NN loss)) (PP (TO to) (NP (CD 31) (NNS points))) (PP (IN by) (NP (CD 11) (RB a.m)))))))) (. .)))

(S1 (S (NP (NNS Traders)) (VP (VBD said) (SBAR (S (NP (DT the) (NNS futures) (NN buying)) (VP (VBD was) (RB finely) (VP (VBN calculated) (PP (IN by) (NP (NN program) (NNS traders)))))))) (. .)))

(S1 (S (NP (DT These) (NNS firms)) (VP (VBD sold) (NP (NN stock)) (PP (IN into) (NP (DT the) (JJ big) (NN morning) (NN decline))) (, ,) (CC but) (VP (VBG seeing) (NP (NP (DT the) (NN velocity)) (PP (IN of) (NP (NP (DT the) (NN market) (POS 's)) (NN drop))) (, ,) (VP (VBN held) (ADVP (RB back)) (PP (IN on) (NP (NP (PRP$ their) (VBG offsetting) (NNS purchases)) (PP (IN of) (NP (NNS futures))))))) (SBAR (IN until) (S (NP (DT the) (NNP S&P) (NNS futures)) (VP (VBD hit) (NP (DT the) (NN trading) (NN limit))))))) (. .)))

(S1 (S (RB Then) (NP (PRP they)) (VP (VBD completed) (NP (NP (DT the) (JJ other) (NN side)) (PP (IN of) (NP (DT the) (NN trade)))) (PP (IN by) (S (VP (VBG buying) (NP (NNS futures)) (, ,) (SBAR (WHNP (WDT which)) (S (VP (ADVP (RB abruptly)) (VBD halted) (NP (NP (DT the) (NN stock) (NN market) (POS 's)) (NN decline) (SBAR (IN as) (S (NP (NNS traders)) (VP (VBD began) (S (VP (TO to) (VP (VB buy) (NP (NNS stocks)))))))))))))))) (. .)))

(S1 (S (PP (IN From) (NP (RB then) (RB on))) (, ,) (NP (DT the) (NNP Dow) (NNS industrials)) (VP (VBD held) (PP (IN at) (NP (NP (DT a) (NN loss)) (PP (IN of) (NP (QP (CD 40) (TO to) (CD 50)) (NNS points)))))) (. .)))

(S1 (S (ADVP (RB Then)) (, ,) (PP (IN in) (NP (JJ late-afternoon) (NN trading))) (, ,) (NP (NP (JJ hundred-thousand-share) (NN buy) (NNS orders)) (PP (IN for) (NP (NNP UAL)))) (VP (VBD hit) (NP (DT the) (NN market)) (, ,) (PP (VBG including) (NP (NP (DT a) (JJ 200,000-share) (NN order)) (PP (IN through) (NP (NNP Bear) (NNP Stearns))) (SBAR (WHNP (WDT that)) (S (VP (VBD seemed) (S (VP (TO to) (VP (VB spark) (NP (NP (NNP UAL) (POS 's)) (JJ late) (NN price) (NN surge))))))))))) (. .)))

(S1 (S (ADVP (RB Almost) (RB simultaneously)) (, ,) (NP (NNP PaineWebber)) (VP (VBD began) (NP (NP (DT a) (ADJP (RB very) (JJ visible)) (NN buy) (NN program)) (PP (IN for) (NP (NP (NNS dozens)) (PP (IN of) (NP (NNS stocks))))))) (. .)))

(S1 (S (NP (DT The) (JJ combined) (NN buying)) (VP (VBD rallied) (NP (DT the) (NNP Dow)) (PP (IN into) (NP (DT a) (JJ small) (NN gain))) (, ,) (PP (IN before) (S (VP (VBG closing) (PP (IN at) (NP (DT a) (JJ slight) (NN loss))))))) (. .)))

(S1 (S (NP (DT Some) (JJ institutional) (NNS traders)) (VP (VBD loved) (NP (DT the) (JJ wild) (NN ride))) (. .)))

(S1 (SINV (`` `) (S (`` `) (NP (DT This)) (VP (VBZ is) (NP (NN fun))) (, ,) ('' ')) ('' ') (VP (VBD asserted)) (NP (NP (NNP Susan) (NNP Del) (NNP Signore)) (, ,) (NP (NP (NN head) (NN equity) (NN trader)) (PP (IN at) (NP (NNPS Travelers) (NNP Investment) (NNP Management) (NNP Co))))) (. .)))

(S1 (S (NP (PRP She)) (VP (VBD said) (SBAR (S (NP (PRP she)) (VP (VBD used) (NP (NP (DT the) (NN market) (POS 's)) (JJ wild) (NNS swings)) (S (VP (TO to) (VP (VB buy) (NP (NNS shares)) (PP (ADVP (RB cheaply)) (IN on) (NP (DT the) (NN sell-off)))))))))) (. .)))

(S1 (S (PP (IN On) (NP (DT the) (NN comeback))) (, ,) (NP (NNP Ms.) (NNP Del) (NNP Signore)) (VP (VBN unloaded) (NP (NP (NNS shares)) (SBAR (S (NP (PRP she)) (VP (VBZ has) (VP (VBN been) (VP (VBG aiming) (S (VP (TO to) (VP (VB get) (ADJP (JJ rid) (PP (IN of))))))))))))) (. .)))

(S1 (S (CC But) (NP (NP (NNS traders)) (SBAR (WHNP (WP who)) (S (VP (VB risk) (NP (NP (NN money)) (VP (VBG handling) (NP (NP (JJ big) (NNS blocks)) (PP (IN of) (NP (NN stock)))))))))) (VP (VBD were) (VP (VBN shaken))) (. .)))

(S1 (SINV (`` `) (S (`` `) (NP (DT This) (NN market)) (VP (VBZ is) (VP (VBG eating) (PRT (RP away)) (NP (PRP$ my) (NN youth)))) (, ,) ('' ')) ('' ') (VP (VBD said)) (NP (NP (NNP Chung) (NNP Lew)) (, ,) (NP (NP (NN head) (NN equity) (NN trader)) (PP (IN at) (NP (NNP Kleinwort) (NNP Benson) (NNP North) (NNP America) (NNP Inc))))) (. .)))

(S1 (S (`` `) (NP (`` `) (NN Credibility)) (VP (VBZ sounds) (ADJP (JJ intangible))) (. .)))

(S1 (S (CC But) (NP (PRP I)) (VP (VBP think) (SBAR (S (NP (PRP we)) (VP (VBP are) (VP (VBG losing) (NP (NN credibility)) (SBAR (IN because) (S (SBAR (WHADVP (WRB when)) (S (NP (DT the) (NN market)) (VP (VBZ does) (NP (DT this))))) (, ,) (NP (PRP it)) (VP (VBZ does) (RB n't) (VP (VB present) (NP (PRP itself)) (PP (IN as) (NP (DT a) (JJ rational) (NN investment)))))))))))) (. .)))

(S1 (S (CC But) (SBAR (IN if) (S (NP (PRP you)) (VP (VBP overlook) (NP (PDT all) (DT this))))) (, ,) (NP (PRP it)) (VP (VBZ is) (NP (NP (DT a) (JJ beautiful) (NN market)) (PP (IN for) (NP (NN investment)))) (ADVP (RB still))) (. .) ('' ') ('' ')))

(S1 (S (NP (NNS Traders)) (VP (VBD attributed) (NP (NP (NNS rallies)) (PP (IN in) (NP (NP (DT a) (NN number)) (PP (IN of) (NP (NNS stocks)))))) (PP (TO to) (NP (NP (DT a) (JJ Japanese) (NN buy) (NN program)) (SBAR (WHNP (WDT that)) (S (NP (NNP PaineWebber)) (VP (VBD carried) (PRT (RP out)) (PP (IN as) (NP (NP (NN part)) (PP (IN of) (NP (NP (DT a) (NN shift)) (PP (IN in) (NP (NN portfolio) (NN strategy))))))) (, ,) (PP (VBG according) (PP (TO to) (NP (NNP Dow) (NNP Jones) (NNP Professional) (NNP Investor) (NNP Report)))))))))) (. .)))

(S1 (S (NP (NNP Dow) (NNP Jones)) (VP (VBD climbed) (NP (QP (CD 5) (CD 3\/4))) (PP (TO to) (NP (CD 41))) (PP (IN on) (NP (NP (ADJP (RB very) (JJ heavy)) (NN volume)) (PP (IN of) (NP (CD 786,100) (NNS shares)))))) (. .)))

(S1 (S (NP (NNS Analysts)) (VP (VBD said) (SBAR (S (NP (DT a) (JJ big) (JJ Japanese) (JJ buy) (NN order)) (VP (VBD was) (PP (IN behind) (NP (DT the) (NN rise))))))) (. .)))

(S1 (S (NP (DT A) (NNP Dow) (NNP Jones) (NN spokesman)) (VP (VBD said) (SBAR (S (NP (EX there)) (VP (VBD were) (NP (NP (DT no) (JJ corporate) (NNS developments)) (SBAR (WHNP (WDT that)) (S (VP (MD would) (VP (VB account) (PP (IN for) (NP (DT the) (NN activity)))))))))))) (. .)))

(S1 (S (NP (NP (JJ Other) (NNS issues)) (VP (VBD said) (S (VP (TO to) (VP (VB be) (VP (VBN included) (PP (IN in) (NP (DT the) (NN buy) (NN program))))))))) (VP (VBD were) (NP (NP (NP (NNP Procter) (CC &) (NNP Gamble)) (, ,) (SBAR (WHNP (WDT which)) (S (VP (VBD rose) (NP (QP (CD 2) (CD 7\/8))) (PP (TO to) (NP (QP (CD 133) (CD 1\/2)))))))) (: ;) (NP (NP (NNP Atlantic) (NNP Richfield)) (, ,) (SBAR (WHNP (WDT which)) (S (VP (VBD gained) (NP (CD 2)) (PP (TO to) (NP (QP (CD 103) (CD 3\/4)))))))) (, ,) (CC and) (NP (NP (NNP Rockwell) (NNP International)) (, ,) (SBAR (WHNP (WDT which)) (S (VP (VBD jumped) (NP (QP (CD 2) (CD 3\/4))) (PP (TO to) (NP (QP (CD 27) (CD 1\/8)))))))))) (. .)))

(S1 (S (NP (NNP PaineWebber)) (VP (VBD declined) (S (VP (TO to) (VP (VB comment))))) (. .)))

(S1 (S (NP (NNP UAL)) (VP (VBD finished) (PP (IN at) (NP (CD 170))) (, ,) (ADVP (RB off) (NP (QP (CD 8) (CD 3\/8))))) (. .)))

(S1 (S (NP (JJ Other) (NN airline) (NNS stocks)) (VP (VBD fell) (PP (IN in) (NP (NP (NN response)) (PP (TO to) (NP (NP (DT the) (NNP UAL) (NN board) (POS 's)) (NN decision) (S (VP (TO to) (VP (VB remain) (ADJP (JJ independent)) (PP (IN for) (NP (RB now)))))))))) (, ,) (PP (VBG including) (NP (NP (NNP USAir) (NNP Group)) (, ,) (SBAR (WHNP (WDT which)) (S (ADVP (RB separately)) (VP (VBD reported) (NP (NP (DT a) (JJ third-quarter) (NN loss)) (PP (IN of) (NP (NP ($ $) (CD 1.86)) (NP (DT a) (NN share))))) (PP (VBN compared) (PP (IN with) (NP (DT a) (JJ year-ago) (NN profit)))))))))) (. .)))

(S1 (S (NP (NNP USAir)) (VP (VBD fell) (NP (QP (CD 2) (CD 1\/2))) (PP (TO to) (NP (CD 40)))) (. .)))

(S1 (S (S (NP (NP (NNP AMR)) (, ,) (NP (NP (DT the) (NN parent)) (PP (IN of) (NP (NNP American) (NNPS Airlines)))) (, ,)) (VP (VBD fell) (NP (QP (CD 1) (CD 3\/4))) (PP (TO to) (NP (QP (CD 68) (CD 7\/8)))) (PP (IN on) (NP (QP (CD 2.3) (CD million)) (NNS shares))))) (: ;) (S (NP (NNP Delta) (NNP Air) (NNPS Lines)) (VP (VBD lost) (NP (CD 1) (CD 1\/2)) (PP (TO to) (NP (CD 66))))) (, ,) (S (NP (NNP Southwest) (NNPS Airlines)) (VP (VBD slid) (NP (CD 3\/4)) (PP (TO to) (NP (CD 24) (CD 1\/4))))) (CC and) (S (NP (NNP Midway) (NNP Airlines)) (VP (VBD dropped) (NP (CD 1\/4)) (PP (TO to) (NP (QP (CD 14) (CD 7\/8)))))) (. .)))

(S1 (S (NP (NP (NNP Texas) (NNP Air)) (, ,) (SBAR (WHNP (WDT which)) (S (VP (VBZ owns) (NP (NP (NNP Continental)) (CC and) (NP (NNP Eastern) (NNS airlines)))))) (, ,)) (VP (VBD lost) (NP (CD 3\/8)) (PP (TO to) (NP (QP (CD 13) (CD 1\/8)))) (PP (IN on) (NP (DT the) (NNP American) (NNP Stock) (NNP Exchange)))) (. .)))

(S1 (S (NP (NNS Metals) (NNS stocks)) (ADVP (RB also)) (VP (VBD were) (ADJP (RB especially) (JJ weak)) (, ,) (SBAR (IN as) (S (NP (NP (NNS concerns)) (PP (IN about) (NP (NP (DT the) (NNS earnings) (NN outlook)) (PP (IN for) (NP (JJ cyclical) (NNS companies)))))) (VP (VBD weighed) (PP (IN on) (NP (DT the) (NN group))))))) (. .)))

(S1 (S (S (NP (NP (NNP Aluminum) (NNP Co.)) (PP (IN of) (NP (NNP America)))) (VP (VBD dropped) (NP (CD 1) (CD 1\/2)) (PP (TO to) (NP (QP (CD 70) (CD 1\/4)))))) (, ,) (S (NP (NNP Phelps) (NNP Dodge)) (VP (VBD fell) (NP (CD 4)) (PP (TO to) (NP (QP (CD 59) (CD 7\/8)))))) (, ,) (S (NP (NNP Asarco)) (VP (VBD lost) (NP (QP (CD 1) (CD 3\/8))) (PP (TO to) (NP (CD 31) (CD 3\/4))))) (, ,) (S (NP (NNP Reynolds) (NNPS Metals)) (VP (VBD slid) (NP (QP (CD 1) (CD 3\/8))) (PP (TO to) (NP (QP (CD 50) (CD 3\/8)))))) (, ,) (S (NP (NNP Amax)) (VP (VBD dropped) (NP (QP (CD 1) (CD 1\/8))) (PP (TO to) (NP (QP (CD 21) (CD 5\/8)))))) (CC and) (S (NP (NNP Cyprus) (NNP Minerals)) (VP (VBD skidded) (NP (CD 2)) (PP (TO to) (NP (CD 26) (CD 3\/4))))) (. .)))

(S1 (S (NP (NNP Alcan) (NNP Aluminium)) (VP (VBD was) (NP (DT an) (NN exception)) (, ,) (SBAR (IN as) (S (NP (PRP it)) (VP (VBD gained) (NP (QP (CD 1) (CD 3\/8))) (PP (TO to) (NP (CD 23))) (PP (IN on) (NP (QP (CD two) (CD million)) (NNS shares))))))) (. .)))

(S1 (S (NP (NNP Goodyear) (NNP Tire) (CC &) (NNP Rubber)) (VP (VBD tumbled) (NP (QP (CD 2) (CD 7\/8))) (PP (TO to) (NP (QP (CD 43) (CD 7\/8))))) (. .)))

(S1 (S (NP (PRP$ Its) (JJ third-quarter) (NNS earnings)) (VP (VP (VBD were) (ADJP (ADJP (JJR higher)) (PP (IN than) (ADVP (NP (DT a) (NN year)) (RB ago))))) (, ,) (CC but) (VP (VBD fell) (ADVP (RB short) (PP (IN of) (NP (NNS expectations)))))) (. .)))

(S1 (S (NP (NP (JJ Other) (NNS stocks)) (PP (IN in) (NP (DT the) (NNP Dow) (NNS industrials))) (SBAR (WHNP (WDT that)) (S (VP (VBD failed) (S (VP (TO to) (VP (VB benefit) (PP (IN from) (NP (NP (DT the) (NN market) (POS 's)) (NN rebound)))))))))) (VP (VBD included) (NP (NP (NP (NNP United) (NNP Technologies)) (, ,) (SBAR (WHNP (WDT which)) (S (VP (VBD dropped) (NP (CD 1)) (PP (TO to) (NP (QP (CD 53) (CD 5\/8))))))) (, ,)) (CC and) (NP (NP (NNP Bethle) (NNP hem) (NNP Steel)) (, ,) (SBAR (WHNP (WDT which)) (S (VP (VBD fell) (NP (CD 1)) (PP (TO to) (NP (QP (CD 16) (CD 7\/8)))))))))) (. .)))

(S1 (S (NP (NNP BankAmerica)) (VP (VBD dropped) (NP (QP (CD 1) (CD 1\/4))) (PP (TO to) (NP (CD 29) (CD 1\/2))) (PP (IN on) (NP (QP (CD 2.3) (CD million)) (NNS shares))) (PP (IN amid) (NP (NNS rumors) (SBAR (IN that) (S (NP (NP (DT the) (NN earthquake)) (NP (JJ last) (NN week)) (PP (IN in) (NP (DT the) (NNP San) (NNP Francisco) (NN area)))) (VP (VBD had) (VP (VBN caused) (NP (NP (JJ structural) (NN damage)) (PP (TO to) (NP (PRP$ its) (NN headquarters) (NN building))))))))))) (. .)))

(S1 (S (NP (DT The) (NN company)) (VP (VP (VBD denied) (NP (DT the) (NNS rumors))) (CC and) (VP (VBD noted) (SBAR (IN that) (S (NP (PRP it)) (VP (VBZ does) (RB n't) (VP (VB own) (NP (DT the) (NN building)))))))) (. .)))

(S1 (S (NP (NP (NNS Stocks)) (PP (IN of) (NP (JJ California-based) (NNS thrifts)))) (ADVP (RB also)) (VP (VBD were) (VP (ADVP (RB hard)) (VBN hit))) (. .)))

(S1 (S (S (NP (NNP Great) (NNP Western) (NNP Financial)) (VP (VBD lost) (NP (QP (CD 1) (CD 1\/8))) (PP (TO to) (NP (QP (CD 20) (CD 1\/2)))) (PP (IN on) (NP (QP (CD 1.6) (CD million)) (NNS shares))))) (, ,) (S (NP (NNP Golden) (NNP West) (NNP Financial)) (VP (VBD dropped) (NP (QP (CD 1) (CD 1\/4))) (PP (TO to) (NP (QP (CD 28) (CD 1\/2)))))) (CC and) (S (NP (NNP H.F.) (NNP Ahmanson)) (VP (VBD dipped) (NP (CD 5\/8)) (PP (TO to) (NP (QP (CD 21) (CD 1\/4)))))) (. .)))

(S1 (S (S (NP (NNP HomeFed)) (VP (VBD plunged) (NP (QP (CD 3) (CD 5\/8))) (PP (TO to) (NP (CD 38) (CD 1\/2))))) (: ;) (S (NP (PRP$ its) (JJ third-quarter) (NNS earnings)) (VP (VBD were) (ADVP (RB down) (PP (IN from) (ADVP (NP (DT a) (NN year)) (RB ago)))))) (. .)))

(S1 (S (NP (NNP Golden) (NNP Valley) (NNP Microwave) (NNP Foods)) (VP (VBD skidded) (NP (QP (CD 3) (CD 5\/8))) (PP (TO to) (NP (CD 31) (CD 3\/4))) (PP (IN after) (S (VP (VBG warning) (SBAR (IN that) (S (NP (PRP$ its) (JJ fourth-quarter) (NNS results)) (VP (MD could) (VP (VB be) (VP (VBN hurt) (PP (IN by) (`` `) (NP (`` `) (DT some) (RB fairly) (JJ large) (JJ international) (NN marketing) (NNS expenses)))))))))))) (. .) ('' ') ('' ')))

(S1 (S (NP (JJ Dividend-related) (NN trading)) (VP (VBD swelled) (NP (NP (NN volume)) (PP (IN in) (NP (NP (CD two) (NNS issues)) (: :) (NP (NP (NP (NNP Security) (NNP Pacific)) (, ,) (SBAR (WHNP (WDT which)) (S (VP (VP (VBD fell) (NP (CD 7\/8)) (PP (TO to) (NP (QP (CD 44) (CD 1\/2))))) (CC and) (VP (VBD led) (NP (NP (DT the) (NNP Big) (NNP Board) (POS 's)) (RBS most) (JJ actives) (NN list)) (PP (IN on) (NP (NP (JJ composite) (NN volume)) (PP (IN of) (NP (QP (CD 14.8) (CD million)) (NNS shares))))))))) (, ,)) (CC and) (NP (NP (NNP Nipsco) (NNP Industries)) (, ,) (SBAR (WHNP (WDT which)) (S (VP (VBD lost) (NP (CD 3\/8)) (PP (TO to) (NP (CD 17) (CD 3\/8))) (PP (IN on) (NP (QP (CD 4.4) (CD million)) (NNS shares)))))))))))) (. .)))

(S1 (S (NP (DT Both) (NNS stocks)) (VP (VP (VBP have) (NP (NP (NN dividend) (NNS yields)) (PP (IN of) (NP (QP (RB about) (CD 5)) (NN %))))) (CC and) (VP (MD will) (VP (VB go) (ADJP (JJ ex-dividend)) (NP (NNP Wednesday))))) (. .)))

(S1 (S (NP (NNP Kellogg)) (VP (VBD surged) (NP (QP (CD 4) (CD 1\/4))) (PP (TO to) (NP (CD 75)))) (. .)))

(S1 (S (NP (NNP Donaldson) (, ,) (NNP Lufkin) (CC &) (NNP Jenrette)) (VP (VBD placed) (NP (DT the) (NN stock)) (PP (IN on) (NP (NP (PRP$ its) (NN list)) (PP (IN of) (NP (JJ recommended) (NNS issues)))))) (. .)))

(S1 (S (NP (DT The) (NN company)) (VP (VBD noted) (SBAR (IN that) (S (NP (PRP$ its) (JJ third-quarter) (NNS results)) (VP (MD should) (VP (VB be) (VP (VBN released) (NP (NP (RB later) (DT this) (NN week)) (CC or) (RB early) (NP (IN next) (NN week))))))))) (. .)))

(S1 (S (NP (NNP Vista) (NNP Chemical)) (VP (VBD rose) (NP (QP (CD 1) (CD 3\/8))) (PP (TO to) (NP (QP (CD 38) (CD 5\/8)))) (SBAR (IN after) (S (NP (NNP Bear) (NNP Stearns)) (VP (VBD added) (NP (DT the) (NN stock)) (PP (TO to) (NP (NP (DT the) (NN firm) (POS 's)) (JJ buy) (NN list))) (, ,) (S (VP (VBG citing) (NP (JJ recent) (NN price) (NN weakness)))))))) (. .)))

(S1 (S (S (NP (NP (NNP Georgia) (NNP Gulf)) (, ,) (NP (NP (DT another) (NN producer)) (PP (IN of) (NP (NN commodity) (NNS chemicals)))) (, ,)) (VP (VBD advanced) (NP (CD 2)) (PP (TO to) (NP (CD 49) (CD 1\/2))))) (: ;) (S (NP (NP (NNP Dallas) (NN investor) (NNP Harold) (NNP Simmons)) (, ,) (SBAR (WHNP (WP who)) (S (VP (VBZ holds) (NP (NP (QP (RB about) (CD 10)) (NN %)) (PP (IN of) (NP (PRP$ its) (NNS shares))))))) (, ,)) (VP (VBD said) (SBAR (S (NP (PRP he)) (VP (VBZ has) (RB n't) (VP (VBN raised) (NP (PRP$ his) (NN stake)))))))) (. .)))

(S1 (S (NP (NNP Norfolk) (NNP Southern)) (VP (VBD went) (ADVP (RB up) (NP (QP (CD 1) (CD 1\/8)))) (PP (TO to) (NP (QP (CD 37) (CD 7\/8))))) (. .)))

(S1 (S (NP (NP (DT The) (NN company) (POS 's)) (NN board)) (VP (VBD approved) (NP (NP (DT the) (NN repurchase)) (PP (IN of) (NP (NP (QP (IN up) (TO to) (CD 45) (CD million)) (JJ common) (NNS shares)) (, ,) (CC or) (NP (NP (QP (RB about) (CD 26)) (NN %)) (PP (IN of) (NP (NP (PRP$ its) (NNS shares)) (ADJP (JJ outstanding)))))))) (, ,) (PP (IN through) (NP (NP (DT the) (NN end)) (PP (IN of) (NP (CD 1992)))))) (. .)))

(S1 (S (NP (JJ Airborne) (NN Freight)) (VP (VBD climbed) (NP (QP (CD 1) (CD 1\/8))) (PP (TO to) (NP (CD 38) (CD 1\/2)))) (. .)))

(S1 (S (NP (PRP$ Its) (JJ third-quarter) (NNS earnings)) (VP (VP (ADVP (RBR more) (IN than)) (VBD doubled) (PP (IN from) (ADVP (NP (DT a) (NN year)) (RBR earlier)))) (CC and) (VP (VBD exceeded) (NP (NP (NNS analysts) (POS ')) (NNS expectations)))) (. .)))

(S1 (S (NP (NP (NNP John) (NNP Harland)) (, ,) (SBAR (WHNP (WDT which)) (S (VP (MD will) (VP (VB replace) (NP (NNP American) (NNP Medical) (NNP International)) (PP (IN on) (NP (DT the) (NNP S&P) (CD 500))) (PP (VBG following) (NP (NP (NNP Wednesday) (POS 's)) (NN close))))))) (, ,)) (VP (VBD gained) (NP (CD 5\/8)) (PP (TO to) (NP (QP (CD 24) (CD 1\/8))))) (. .)))

(S1 (S (NP (DT The) (NNP Amex) (NNP Market) (NNP Value) (NNP Index)) (VP (VBD fell) (NP (CD 3.10)) (PP (TO to) (NP (CD 376.36)))) (. .)))

(S1 (S (NP (NN Volume)) (VP (VBD totaled) (NP (CD 14,560,000) (NNS shares))) (. .)))

