(S1 (S (`` `) (S (`` `) (NP (DT The) (NN croaker)) (VP (VBZ 's) (VP (VBN done) (VP (VBN gone) (PP (IN from) (NP (DT the) (NN hook))))))) (: --)))

(S1 (ADVP (RB damn) (. !)))

(S1 (S (NP (PRP$ My) (NN language)) (ADVP (RB sure)) (VP (VBZ goes) (S (VP (TO to) (VP (NN pot) (ADVP (IN down) (RB here)) (PP (IN on) (NP (DT the) (NN coast))))))) (. .) ('' ') ('' ')))

(S1 (S (NP (DT The) (NNP husky)) (VP (VBP blond) (NP (NP (NN guide)) (PP (IN with) (NP (DT the) (NNP Aggie) (NN cap) (NNS twists)))) (NP (PRP$ his) (NN face)) (PP (IN in) (NP (JJ mock) (NN fury)))) (. .)))

(S1 (S (`` `) (S (`` `) (NP (PRP I)) (VP (VBD got) (S (VP (TO to) (VP (VP (VB get) (ADVP (RB back) (PP (TO to) (NP (NN school))))) (CC and) (VP (VB straighten) (PRT (RP out)) (NP (PRP$ my) (NNP English))))))) (. .) ('' ')) ('' ')))

(S1 (S (NP (PRP He)) (VP (VBZ has) (NP (NP (CD two) (JJR more) (NNS years)) (PP (IN at) (NP (NNP Texas) (NNP A&M))))) (. .)))

(S1 (S (ADVP (RB Right) (RB now)) (NP (PRP he)) (VP (VBZ takes) (NP (NNS people)) (PP (IN out) (PP (TO to) (NP (NP (NN fish)) (PP (IN in) (NP (NP (DT the) (NNS bays)) (PP (IN behind) (NP (DT the) (NN barrier) (NNS islands))) (SBAR (IN that) (S (VP (NN curve) (PP (IN for) (NP (NP (NNS hundreds)) (PP (IN of) (NP (NP (NNS miles)) (PP (IN along) (NP (DT the) (JJ eastern) (NN coast))))) (PP (IN of) (NP (NNP Texas))) (, ,) (PP (VBG enclosing) (NP (NP (JJ milky) (JJ green) (NNS lagoons)) (PP (IN behind) (NP (NP (NP (NNS ridges)) (PP (IN of) (NP (NN sand)))) (CC and) (NP (JJ grassy) (NN scrub)))) (SBAR (IN that) (S (VP (NN rim) (NP (NP (DT the) (JJ deep) (NN blue)) (PP (IN of) (NP (NP (DT the) (NNP Gulf)) (ADVP (IN beyond))))))))))))))))))))) (. .)))

(S1 (S (S (NP (EX There)) (VP (VBP have) (VP (VBN been) (NP (NP (CD three) (NNS days)) (PP (IN of) (NP (JJ hot) (, ,) (JJ wind-swept) (NN rain))))))) (, ,) (CC and) (S (ADVP (RB now)) (PP (IN with) (NP (DT the) (JJ first) (NN sun))) (NP (PRP we)) (VP (VBP are) (PP (IN after) (NP (JJ speckled) (NN seatrout))) (, ,) (SBAR (WHNP (WHNP (WDT which)) (PP (IN with) (NP (NN redfish)))) (S (VP (VBZ provides) (NP (NP (JJS most)) (PP (IN of) (NP (DT the) (NN game) (NN fishing) (NNS hereabouts))))))))) (. .)))

(S1 (S (S (NP (DT The) (JJ little) (NN radio)) (VP (VBZ fizzes) (SBAR (IN as) (S (NP (JJ other) (NNS boats)) (VP (VBP want) (S (VP (TO to) (VP (VB see) (SBAR (IN if) (S (NP (PRP we)) (VP (VBP have) (VP (VBN found) (NP (DT any) (NN fish)))))))))))))) (: --) (S (S (VP (VBG spotting) (NP (NN location)))) (VP (VBZ is) (NP (NP (NN everything)) (PP (IN in) (NP (DT this) (NN sport)))))) (. .)))

(S1 (S (NP (JJ Negative) (NNS answers)) (VP (VBP crackle) (ADVP (RB back))) (. .)))

(S1 (S (NP (DT The) (NN fish)) (ADVP (RB often)) (VP (VBP are) (ADJP (JJ plentiful)) (PP (IN around) (NP (NP (DT the) (NNS pilings)) (PP (IN of) (NP (NP (DT the) (JJ old) (NN gas) (NNS wells)) (SBAR (WHNP (WDT that)) (S (VP (VBP dot) (NP (DT the) (JJ flat) (NN surface)) (PP (IN like) (NP (NP (DT the) (NNS remains)) (PP (IN of) (NP (JJ sunken) (NNS ships))))))))))))) (. .)))

(S1 (S (NP (PRP We)) (VP (VBP go) (PP (PP (IN from) (NP (CD one))) (PP (TO to) (NP (DT the) (JJ other))))) (. .)))

(S1 (S (NP (DT The) (NN sun)) (VP (VBZ is) (ADJP (JJ hot)) (SBAR (RB now) (IN though) (S (NP (PRP it)) (VP (VBZ 's) (NP (NP (RB only) (CD 8)) (PP (IN in) (NP (DT the) (NN morning)))))))) (. .)))

(S1 (S (NP (NP (DT The) (JJ great) (NN silver) (NNS clouds)) (PP (IN on) (NP (DT the) (NN horizon)))) (VP (VBP build) (NP (PRP themselves)) (PP (IN on) (NP (DT the) (JJ pale) (NN water)))) (. .)))

(S1 (S (NP (PRP We)) (VP (NN cruise) (PP (IN toward) (NP (NP (DT another) (NN set)) (PP (IN of) (NP (NNS pilings)))))) (. .)))

(S1 (S (NP (DT The) (NN guide)) (VP (VP (VBZ scoops) (PP (IN into) (NP (DT a) (NN pail)))) (CC and) (VP (VBZ puts) (NP (DT a) (ADJP (RB frantically) (JJ wiggling)) (NN croaker)) (PP (IN on) (NP (DT the) (NN hook))))) (. .)))

(S1 (S (RB Then) (NP (PRP he)) (VP (VBZ casts) (PRT (RP out))) (. .)))

(S1 (S (`` `) (VP (`` `) (ADVP (RB Just)) (VB wait) (PP (IN for) (NP (NP (DT that) (NN tap-tap)) (, ,) (SBAR (WHNP (WDT that)) (S (VP (VBP thump-thump))))))) (. .)))

(S1 (S (NP (PRP It)) (VP (VBZ comes) (ADJP (RB real) (JJ gentle)) (SBAR (IN before) (S (NP (PRP it)) (VP (VBZ pulls))))) (. .)))

(S1 (S (S (VP (VBP Do) (RB n't) (VP (VB forget)))) (, ,) (NP (NNP trout)) (VP (VBP have) (NP (ADJP (RB very) (JJ soft)) (NNS mouths))) (. .) ('' ') ('' ')))

(S1 (S (NP (DT The) (NN radio)) (VP (NNS queries) (ADVP (RB again))) (. .)))

(S1 (S (NP (`` `) (NP (`` `) (NP (NP (NNP Pickin) (POS ')) (QP (CD one) (CC or) (CD two))) (, ,) ('' ')) ('' ')) (VP (VBZ says) (NP (DT the) (NN guide)) (, ,) (S (VP (VBG chuckling)))) (. .)))

(S1 (S (`` `) (`` `) (NP (PRP You)) (VP (MD can) (VP (VB tell) (SBAR (S (NP (PRP they)) (VP (VBP 've) (VP (VBN got) (NP (NN nothin)) ('' '))))))) (. .) ('' ') ('' ')))

(S1 (S (NP (NP (DT A) (NN pair)) (PP (IN of) (NP (JJ black) (NNS skimmers)))) (VP (NN zig-zag) (PP (RB past) (ADJP (JJ close) (PP (TO to) (NP (DT the) (NN surface)))))) (. .)))

(S1 (S (ADVP (RB Soon)) (NP (PRP we)) (VP (VBP have) (NP (NP (PRP$ our) (NN limit)) (PP (IN of) (NP (NP (DT the) (VBG shimmering) (NN fish)) (VP (VBN stippled) (PP (IN in) (NP (JJ rose-gold) (CC and) (JJ black)))))))) (. .)))

(S1 (S (CC And) (NP (PRP we)) (VP (VBP are) (NP (NP (DT the) (JJ first)) (ADVP (RB back) (PP (IN at) (NP (NP (DT the) (NN dock)) (, ,) (SBAR (WHADVP (WRB where)) (S (NP (DT the) (JJ great) (JJ blue) (NNS herons)) (VP (VBP stand) (VP (VBG waiting) (PP (IN by) (NP (DT the) (VBG cleaning) (NNS benches)))))))))))) (. .)))

(S1 (S (S (NP (DT The) (NN guide)) (VP (VBZ is) (ADJP (JJ young)))) (CC and) (S (NP (PRP he)) (VP (VBZ knows) (NP (DT this) (NN business)))) (CC but) (S (NP (PRP he)) (VP (VBZ wants) (NP (NP (DT a) (JJ different) (NN life)) (PP (IN after) (NP (NN college)))) (, ,) (PP (JJ such) (IN as) (S (VP (VP (VBG working) (PP (IN for) (NP (NNP IBM)))) (CC and) (VP (VBG wearing) (NP (DT a) (NN necktie)))))))) (. .)))

(S1 (S (NP (DT This)) (VP (MD must) (VP (VB be) (NP (NP (DT the) (JJ last) (JJ big) (NN stretch)) (PP (IN of) (NP (DT the) (NNP American) (NN seacoast))) (SBAR (WHNP (WDT that)) (S (VP (VBZ is) (`` `) (ADJP (`` `) (JJ undeveloped)))))))) (. .) ('' ') ('' ')))

(S1 (S (NP (EX There)) (VP (VBP are) (NP (NP (DT a) (JJ few) (JJ ramshackle) (NN fishing) (NNS towns)) (PP (IN with) (NP (NP (JJ quiet) (NNS atolls)) (PP (IN of) (NP (NN resort) (NNS houses)))))) (ADVP (RB nearby))) (. .)))

(S1 (S (NP (NNS People)) (VP (VBP are) (ADJP (RB not) (JJ apt) (S (VP (TO to) (VP (VB be) (ADJP (JJ self-conscious) (PP (IN about) (NP (NP (DT the) (NN place)) (CC or) (NP (PRP themselves)))))))))) (. .)))

(S1 (S (S (NP (NNP Texas)) (VP (VBZ is) (ADJP (JJ big) (CC and) (JJ beautiful)))) (CC and) (S (S (NP (PRP they)) (VP (VBP live) (ADVP (RB here)))) (, ,) (NP (DT that)) (VP (VBZ 's) (NP (DT all)))) (. .)))

(S1 (S (S (VP (VBG Jutting) (PRT (RP out)) (ADVP (RB just)) (PP (TO to) (NP (NP (DT the) (NN north)) (PP (IN of) (NP (PRP us))))))) (VP (VBZ is) (NP (NP (DT the) (NNP Blackjack) (NNP Peninsula)) (PRN (-LRB- -LRB-) (PP (IN after) (NP (NP (DT the) (NN oak)) (, ,) (RB not) (NP (DT the) (NN game)))) (-RRB- -RRB-)) (SBAR (WHNP (WDT which)) (S (VP (VBZ forms) (NP (NP (DT the) (NN core)) (PP (IN of) (NP (DT the) (NNP Aransas) (NNP Wildlife) (NNP Refuge))))))))) (. .)))

(S1 (S (NP (PRP It)) (VP (VBZ is) (ADJP (JJ famous)) (PP (IN as) (NP (NP (DT the) (NN winter) (NN home)) (PP (IN of) (NP (DT the) (JJ whooping) (NN crane))))) (, ,) (NP (NP (DT that) (NN symbol)) (PP (IN of) (NP (NP (DT the) (NN destruction)) (PP (IN of) (NP (JJ wild) (NNP America))))))) (. .)))

(S1 (S (NP (JJ Last) (NN year)) (NP (DT a) (NNP gunner)) (VP (VBD shot) (NP (NP (DT a) (NN whooper)) (PP (IN by) (NP (NN mistake) (NN thinking)))) (SBAR (IN that) (S (NP (PRP it)) (VP (VBD was) (NP (DT a) (NN snow) (NN goose)))))) (. .)))

(S1 (S (NP (PRP He)) (VP (VP (VBD paid) (NP (DT an) (JJ immense) (NN fine))) (CC and) (VP (VBD was) (ADJP (JJ lucky))) (, ,) (PP (VBG according) (PP (TO to) (NP (NP (DT a) (JJ local) (NN wag)) (, ,) (SBAR (S (VP (TO to) (VP (VB escape) (NP (DT the) (NN gas) (NN chamber)))))))))) (. .)))

(S1 (S (NP (DT The) (NN peninsula)) (VP (VBZ comes) (PRT (RP off)) (NP (NP (DT the) (JJ vast) (JJ southeastern) (NN alluvial)) (ADJP (JJ plain) (PP (IN with) (NP (NP (NNS fields)) (PP (IN of) (NP (NP (NN rice)) (CC and) (NP (NN cotton) (CC and) (NN sorghum)))))))) (ADVP (ADVP (RB as) (RB far)) (SBAR (IN as) (S (NP (DT the) (NN eye)) (VP (MD can) (VP (VB see))))))) (. .)))

(S1 (S (PP (IN Near) (NP (DT the) (NN coast))) (NP (EX there)) (VP (VBP are) (NP (NP (JJ dense) (NNS coverts)) (PP (IN of) (NP (NP (JJ live) (NN oak)) (VP (VBN interspersed) (PP (IN with) (NP (NNS marshes) (CC and) (NNS prairies)))))))) (. .)))

(S1 (S (S (NP (JJ Deer) (, ,) (JJ wild) (NN hog) (, ,) (NNS armadillos) (CC and) (NNS alligators)) (VP (VBP are) (NP (DT the) (NN glamour) (NNS quadrupeds)))) (CC and) (S (NP (DT the) (NNS birds)) (VP (VBP are) (NP (NP (NNS innumerable)) (, ,) (NP (RB especially) (DT the) (NNS herons)) (CC and) (NP (DT the) (NNS spoonbills))))) (. .)))

(S1 (S (PP (IN Above) (NP (NP (DT the) (NNS blossoms)) (PP (IN of) (NP (NN lantana) (CC and) (NN scarlet) (NN pea))))) (NP (DT the) (JJ inky-brown) (CC and) (JJ golden) (NNS palamedes) (NN butterfly)) (VP (VBZ floats) (PP (IN on) (NP (PRP$ its) (JJ lazy) (NN wingbeat)))) (. .)))

(S1 (S (ADVP (RB Inland) (NP (DT a) (JJ few) (NNS miles)) (PP (IN from) (NP (DT the) (NN refuge)))) (NP (EX there)) (VP (VBZ is) (NP (NP (DT a) (NN place)) (VP (VBD called) (S (NP (NNP Tivoli)) (, ,) (PP (IN with) (NP (NP (DT a) (JJ white) (NN church)) (, ,) (NP (DT a) (NN gas) (NN station)) (CC and) (NP (DT a) (NN grocery)))) (, ,) (NP (DT the) (NNS houses)) (ADJP (RB relatively) (JJ close) (PP (ADVP (RB together)) (IN for) (NP (NP (PDT such) (DT a) (NN settlement)) (PP (IN in) (NP (DT these) (NNS parts)))))))))) (. .)))

(S1 (S (`` `) (S (`` `) (NP (NNP Tivoli) (NNP Motel))) (, ,) ('' ') ('' ') (NP (PRP I)) (VP (VBD read) (NP (NP (DT a) (NN sign)) (PP (IN in) (NP (NP (DT the) (JJ usual) (NN pronunciation)) (PP (IN of) (NP (DT the) (NN name)))))) (SBAR (IN as) (S (NP (PRP we)) (VP (VBP whoosh) (ADVP (RB through)))))) (. .)))

(S1 (S (`` `) (S (`` `) (ADVP (RB Here) (PP (IN in) (NP (JJ south) (NNP Texas)))) (NP (PRP we)) (VP (VBP say) (ADJP (JJ Tie-vole-ee))) (, ,) ('' ')) ('' ') (NP (PRP$ my) (NN host)) (VP (ADVP (RB gently)) (VBZ corrects)) (. .)))

(S1 (S (NP (NNP Mr.) (NNP King)) (VP (VBZ is) (NP (NP (DT the) (NN director)) (PP (IN of) (NP (NP (DT the) (NNP Foreign) (NNP Press) (NNP Center)) (PP (IN in) (NP (NNP New) (NNP York))))))) (. .)))

