(S1 (PRN (-LRB- -LRB-) (S (PP (IN During) (NP (PRP$ its) (NN centennial) (NN year))) (, ,) (NP (DT The) (NNP Wall) (NNP Street) (NNP Journal)) (VP (MD will) (VP (VB report) (NP (NP (NNS events)) (PP (IN of) (NP (DT the) (JJ past) (NN century))) (SBAR (WHNP (WDT that)) (S (VP (VBP stand) (PP (IN as) (NP (NP (NNS milestones)) (PP (IN of) (NP (JJ American) (NN business) (NN history))))))))))) (. .)) (-RRB- -RRB-)))

(S1 (S (NP (NP (DT THE) (FW YOM) (FW KIPPUR) (NN WAR)) (, ,) (SBAR (WHADVP (WRB WHEN)) (S (NP (NNP EGYPT)) (VP (VBD CRASHED) (PP (IN into) (NP (NNP Israel))) (PP (IN on) (NP (NP (NNP Oct.) (CD 6) (, ,) (CD 1973)) (, ,) (NP (NP (DT the) (JJS holiest) (NN day)) (PP (IN in) (NP (DT the) (JJ Jewish) (NN calendar))))))))) (, ,)) (VP (VBD lasted) (NP (RB barely) (DT a) (NN month))) (. .)))

(S1 (S (CC But) (NP (CD one) (JJ far-afield) (NN effect)) (VP (VBZ is) (ADVP (RB still)) (PP (IN with) (NP (PRP us)))) (. .)))

(S1 (S (NP (DT The) (NNP Arab) (NNS states)) (, ,) (S (ADVP (RB always)) (ADJP (RB bitterly) (JJ resentful) (PP (IN of) (NP (NP (NNP U.S.) (NN support)) (PP (IN toward) (NP (NNP Israel))))))) (, ,) (VP (VBD realized) (SBAR (S (NP (PRP they)) (VP (VBD held) (NP (NP (DT an) (JJ irresistable) (NN weapon)) (: --) (NP (NN oil))))))) (. .)))

(S1 (S (ADVP (RB Early) (PP (IN in) (NP (NNP October)))) (, ,) (NP (NP (CD six) (NNP Arab) (NNS nations)) (PP (IN in) (NP (DT the) (NNP Persian) (NNP Gulf)))) (VP (VBN jacked) (PRT (RP up)) (NP (NNS prices)) (ADVP (RB sharply))) (. .)))

(S1 (S (PP (IN On) (NP (NP (NNP Oct.) (CD 22)) (, ,) (VP (VBN led) (PP (IN by) (NP (NP (NNP Saudi) (NNP Arabia)) (, ,) (NP (NP (DT the) (NN world) (POS 's)) (JJS largest) (NN exporter))))))) (, ,) (NP (PRP they)) (VP (JJ embargoed) (NP (NP (NN oil) (NNS shipments)) (PP (PP (TO to) (NP (DT the) (NNP U.S.))) (CC and) (PP (TO to) (NP (NP (DT the) (NNP Netherlands)) (, ,) (NP (NP (NNP Israel) (POS 's)) (JJS staunchest) (JJ European) (NN ally))))))) (. .)))

(S1 (S (NP (DT The) (NN timing)) (VP (VBD was) (ADJP (JJ perfect))) (. .)))

(S1 (S (NP (DT The) (NNPS Arabs)) (VP (VBD had) (VP (VBN tried) (NP (NNS embargos)) (ADVP (RB before)))) (. .)))

(S1 (S (PP (IN In) (NP (NP (CD 1956)) (, ,) (SBAR (WHADVP (WRB when)) (S (NP (NNP Britain) (, ,) (NNP France) (CC and) (NNP Israel)) (VP (VBD invaded) (NP (NNP Egypt)) (S (VP (TO to) (VP (VB seize) (NP (DT the) (NNP Suez) (NNP Canal)))))))))) (, ,) (NP (NNP Arab) (NNS producers)) (VP (VBP cut) (PRT (RP off)) (NP (NP (NNS supplies)) (PP (TO to) (NP (NNP Europe))))) (. .)))

(S1 (S (NP (NNP Texas)) (ADVP (RB simply)) (VP (VBD pumped) (ADJP (JJR harder))) (. .)))

(S1 (S (NP (NNP U.S.) (NN oil) (NNS supplies)) (PRN (, ,) (ADVP (RB however)) (, ,)) (VP (VP (VBD had) (VP (JJ peaked) (PP (IN in) (NP (CD 1970) (CC and) (CD 1971))))) (CC and) (VP (PP (IN by) (NP (CD 1973))) (VBD were) (VP (VBG declining)))) (. .)))

(S1 (S (NP (NNS Imports)) (, ,) (PP (IN then) (NP (NP (QP (CD six) (CD million)) (NNS barrels)) (NP (DT a) (NN day)))) (, ,) (VP (VBD came) (PP (ADVP (RB primarily)) (IN from) (NP (NP (NNP Venezuela)) (CC and) (NP (NNP Canada))))) (. .)))

(S1 (S (CC But) (NP (NNP Middle) (NNP East) (NNS supplies)) (VP (VBD were) (VP (VBG growing) (PP (IN in) (NP (NN importance))))) (. .)))

(S1 (S (PP (IN By) (NP (CD 1973))) (, ,) (NP (DT the) (NNP U.S.)) (VP (VP (VBD was) (VP (VBG bringing) (PRT (RP in)) (NP (NP (QP (CD two) (CD million)) (NNS barrels)) (PP (IN of) (NP (NNP Arab) (NN oil))) (NP (DT a) (NN day))))) (, ,) (NP (NP (QP (JJR more) (IN than) (CD 10)) (NN %)) (PP (IN of) (NP (NP (DT the) (QP (CD 17.3) (CD million)) (NNS barrels)) (VP (VBN consumed) (ADVP (RB daily))))))) (. .)))

(S1 (S (NP (NP (NNS Politics)) (CC and) (NP (NNS economics))) (VP (VBD conspired)) (. .)))

(S1 (S (NP (NP (NNP Japan)) (CC and) (NP (NNP Europe))) (, ,) (S (ADJP (ADJP (ADVP (RB far) (RBR more)) (JJ dependent)) (PP (IN on) (NP (NNP Mideast) (NN oil))) (PP (IN than) (NP (DT the) (NNP U.S.))))) (, ,) (VP (MD would) (RB n't) (VP (VP (VB offend) (NP (DT the) (NNPS Arabs))) (CC or) (VP (VB trade) (PRT (RP off)) (NP (PRP$ their) (JJ precious) (NNS supplies))))) (. .)))

(S1 (S (S (NP (DT The) (NNP U.S.)) (VP (VBD did) (VP (VB manage) (S (VP (TO to) (VP (VB supply) (NP (DT the) (NNPS Dutch)) (PP (IN with) (NP (NN oil))) (PP (IN by) (S (VP (VBG relabeling) (NP (NNS supplies))))))))))) (: ;) (S (SBAR (RB once) (S (NP (NN oil)) (VP (VBZ is) (VP (VBN shipped))))) (, ,) (NP (DT no) (PRP one)) (VP (MD can) (VP (VB tell) (NP (PRP$ its) (NN source))))) (. .)))

(S1 (S (CC But) (S (NP (JJ car-happy) (NNPS Americans)) (VP (VBD panicked))) (, ,) (CC and) (SINV (ADVP (RB so)) (VBD did) (NP (DT the) (UCP (NNP U.S.) (CC and) (JJ other)) (NN oil-consuming) (NNS governments))) (. .)))

(S1 (S (`` `) (NP (`` `) (NP (NN Shortage) ('' ')) ('' ') (CC and) (`` `) (NP (`` `) (NN crisis) ('' ')) ('' ')) (VP (VBD became) (NP (NN buzz) (NNS words)) (, ,) (SBAR (IN although) (S (NP (DT neither)) (VP (ADVP (RB really)) (VBN applied))))) (. .)))

(S1 (S (NP (NP (DT The) (NN spot) (NNS dislocations)) (SBAR (WHNP (WDT that)) (S (VP (VBD showed) (ADVP (RB up)))))) (VP (VBD were) (ADVP (RB largely)) (NP (NP (DT the) (NN result)) (PP (IN of) (NP (NP (NN confusion)) (PRN (-LRB- -LRB-) (NP (NP (JJ much)) (PP (IN of) (NP (PRP it))) (PP (IN in) (NP (NNP Washington)))) (-RRB- -RRB-))))) (, ,) (SBAR (IN though) (S (NP (DT that)) (VP (VBD was) (NP (NP (JJ cold) (NN comfort)) (PP (IN for) (S (NP (NNS drivers)) (VP (VBG waiting) (PP (IN in) (NP (NP (JJ mile-long) (NNS lines)) (PP (IN at) (NP (DT the) (NN gas) (NNS pumps))))))))))))) (. .)))

(S1 (S (S (NP (DT The) (NN embargo)) (VP (VBD lasted) (NP (QP (RB only) (CD six)) (NNS months)))) (, ,) (CC but) (S (NP (DT the) (NN price) (NNS hikes)) (VP (VBD became) (NP (NP (DT a) (NN fact)) (PP (IN of) (NP (NN life)))))) (. .)))

(S1 (S (SBAR (WHNP (WP What)) (S (NP (DT the) (NNPS Arabs)) (VP (VBD started)))) (, ,) (NP (NN inflation)) (VP (VBD finished)) (. .)))

(S1 (S (ADVP (ADVP (RB Once)) (CC and) (PP (IN for) (NP (DT all)))) (, ,) (NP (NP (ADJP ($ $) (JJ 5-a-barrel)) (JJ crude) (NN oil)) (CC and) (NP (JJ 35-cents-a-gallon) (NN gasoline))) (VP (VBD were) (NP (NN history))) (. .)))

