(S1 (S (NP (NNP Manville)) (, ,) (S (VP (VBG having) (S (VP (VB rid) (NP (PRP itself)) (PP (IN of) (NP (NN asbestos))))))) (, ,) (ADVP (RB now)) (VP (VBZ sells) (NP (NNS fiberglass) (, ,) (NN forest) (NNS products) (, ,) (NNS minerals) (CC and) (JJ industrial) (NNS goods))) (. .)))

(S1 (S (NP (JJ Heady)) (VP (VBP stuff) (SBAR (S (NP (PRP it)) (VP (VBZ 's) (RB not))))) (. .)))

(S1 (S (CC But) (S (NP (NP (NNP Manville) (POS 's)) (NN ownership)) (VP (VBZ is) (ADJP (JJ unusual)))) (, ,) (CC and) (S (NP (PRP it)) (VP (VBZ has) (VP (VBN caught) (NP (NP (DT the) (NN eye)) (PP (IN of) (NP (DT some) (JJ canny) (PRN (: --) (CC and) (JJ patient) (: --)) (NNS investors))))))) (. .)))

(S1 (S (NP (NP (DT The) (JJ Denver-based) (NN concern)) (, ,) (SBAR (WHNP (WDT which)) (S (VP (VBD emerged) (PP (IN from) (NP (NN bankruptcy-law) (NNS proceedings))) (NP (RB late) (JJ last) (NN year))))) (, ,)) (VP (VBZ is) (VP (VBN controlled) (PP (IN by) (NP (DT the) (NNP Manville) (NNP Personal) (NNP Injury) (NNP Settlement) (NNP Trust))))) (. .)))

(S1 (S (NP (NP (DT The) (NN trust)) (, ,) (SBAR (WHNP (WDT which)) (S (VP (VBZ owns) (NP (NP (CD 80) (NN %)) (PP (IN of) (NP (NP (NNP Manville) (POS 's)) (NN stock)))) (PP (IN on) (NP (DT a) (ADJP (RB fully) (VBN diluted)) (NN basis)))))) (, ,)) (VP (VBZ is) (NP (NP (DT a) (JJ separate) (JJ legal) (NN entity)) (SBAR (WHNP (WDT that)) (S (VP (VBZ is) (VP (VBG settling) (NP (NP (NNS claims)) (PP (IN with) (NP (NN asbestos) (NNS victims)))))))))) (. .)))

(S1 (FRAG (SBAR (WHADVP (WRB When)) (S (CC and) (SBAR (IN if) (S (NP (DT the) (NN trust)) (VP (VBZ runs) (PP (IN out) (PP (IN of) (NP (NN cash))))))) (PRN (: --) (SBAR (WHNP (WDT which)) (S (VP (VBZ seems) (ADJP (RB increasingly) (JJ likely))))) (: --)) (NP (PRP it)) (VP (MD will) (VP (VB need) (S (VP (TO to) (VP (VB convert) (NP (PRP$ its) (NNP Manville) (NN stock)) (PP (TO to) (NP (NN cash)))))))))) (. .)))

(S1 (S (CC But) (PP (IN as) (NP (DT an) (ADJP (CD 80) (NN %)) (NN owner))) (, ,) (SBAR (IN if) (S (NP (PRP it)) (VP (VBD tried) (S (VP (TO to) (VP (VB sell) (NP (NP (JJ much)) (PP (IN of) (NP (PRP$ its) (NN stock)))) (PP (IN in) (NP (DT the) (NN market))))))))) (, ,) (NP (PRP it)) (VP (MD would) (ADVP (RB likely)) (VP (VB depress) (NP (NP (DT the) (NN price)) (PP (IN of) (NP (PRP$ its) (NNS shares)))))) (. .)))

(S1 (S (NP (DT Some) (NNS investors)) (VP (VBP say) (SBAR (S (NP (EX there)) (VP (VBZ is) (NP (DT a) (JJ good) (NN chance) (SBAR (IN that) (S (NP (DT the) (NN trust)) (VP (MD will) (, ,) (ADVP (RB instead)) (, ,) (VP (VB seek) (S (VP (TO to) (VP (VB convert) (NP (NP (DT the) (NN company) (POS 's)) (NNS shares)) (PP (TO to) (NP (NN cash)))))) (, ,) (PP (IN in) (NP (NP (DT some) (NN sort)) (PP (IN of) (NP (NP (JJ friendly) (NN restructuring)) (SBAR (WHNP (WDT that)) (S (VP (MD would) (RB n't) (VP (VB involve) (S (VP (ADVP (RB just)) (VBG dumping) (NP (NN stock)) (PP (IN on) (NP (DT the) (NN market)))))))))))))))))))))) (. .)))

(S1 (SINV (`` `) (S (`` `) (NP (PRP$ Their) (NN principal) (NN asset)) (VP (VBZ is) (NP (ADJP (NNP Manville) (JJ common)) (NN stock))) (, ,) ('' ')) ('' ') (VP (VBZ says)) (NP (NP (NNP Jeffrey) (NNP Halis)) (, ,) (SBAR (WHNP (WP who)) (S (VP (VBZ runs) (NP (NP (NNP Sabre) (NNP Associates)) (, ,) (NP (NP (DT an) (NN investment) (NN fund)) (SBAR (WHNP (WDT that)) (S (VP (VBZ owns) (NP (NNP Manville) (NNS shares))))))))))) (. .)))

(S1 (S (`` `) (`` `) (SBAR (IN If) (S (NP (PRP they)) (VP (VBD tried) (S (VP (TO to) (VP (VB sell))))))) (, ,) (NP (PRP they)) (VP (MD 'd) (VP (VB be) (VP (VBG chasing) (NP (PRP$ their) (JJ own) (NN tail))))) (. .)))

(S1 (S (SBAR (WHNP (WP What)) (S (VP (VBZ makes) (NP (DT the) (JJS most) (NN sense))))) (VP (VBZ is) (S (VP (TO to) (VP (VB find) (NP (NP (NN someone)) (SBAR (WHNP (WP who)) (S (VP (VBZ wants) (S (VP (TO to) (VP (VP (VB buy) (NP (DT the) (JJ whole) (NN company))) (CC or) (VP (VB cause) (NP (NP (DT a) (NN recapitalization)) (PP (IN of) (NP (DT all) (NNS shares)))))))))))))))) (. .) ('' ') ('' ')))

(S1 (S (NP (DT The) (NN trust)) (VP (VBZ is) (RB n't) (VP (VBG commenting) (PP (IN on) (SBAR (WHADVP (WRB when)) (S (NP (PRP it)) (VP (MD might) (VP (VB need) (S (VP (TO to) (VP (VB liquefy) (NP (PRP$ its) (NNP Manville) (NN stock)))))))))))) (. .)))

(S1 (S (ADVP (RB However)) (, ,) (NP (NP (NP (DT the) (NN trust) (POS 's)) (NN cash) (NN flow)) (PP (IN from) (NP (NNS investments)))) (VP (VBZ is) (ADJP (ADJP (RB far) (JJ short)) (PP (IN of) (NP (NP (PRP$ its) (NNS payments)) (PP (TO to) (NP (NN asbestos) (NNS victims))))))) (. .)))

(S1 (S (NP (PRP$ Its) (NN cash) (CC and) (NN liquid) (NNS securities)) (VP (VBD fell) (PP (IN by) (NP (QP ($ $) (CD 338) (CD million)))) (PP (IN in) (NP (NP (DT the) (JJ first) (CD six) (NNS months)) (PP (IN of) (NP (CD 1989)))))) (. .)))

(S1 (S (NP (DT The) (NN trust)) (ADVP (RB also)) (VP (MD will) (VP (VB receive) (NP (NP (QP ($ $) (CD 75) (CD million))) (NP (DT a) (NN year)) (PP (VBG starting) (PP (IN in) (NP (CD 1991))))) (PP (IN on) (NP (NP (DT a) (NN bond)) (SBAR (S (NP (PRP it)) (VP (VBZ holds) (PP (IN from) (NP (NNP Manville)))))))))) (. .)))

(S1 (S (CC And) (, ,) (PP (VBG beginning) (PP (IN in) (NP (CD 1992)))) (, ,) (NP (PRP it)) (VP (MD will) (VP (VB have) (NP (DT a) (NN claim)) (PP (IN on) (NP (NP (QP (RB as) (JJ much) (IN as) (CD 20)) (NN %)) (PP (IN of) (NP (NP (NNP Manville) (POS 's)) (JJ annual) (JJ net) (NN income))))))) (. .)))

(S1 (S (ADVP (RB Even) (RB so)) (, ,) (NP (DT the) (NN trust)) (VP (MD would) (VP (VB seem) (S (VP (TO to) (VP (VB be) (VP (VBG facing) (NP (DT a) (NN cash) (NN crunch)))))))) (. .)))

(S1 (S (PP (IN As) (PP (IN of) (NP (NNP June) (CD 30)))) (, ,) (NP (PRP it)) (VP (VBD had) (VP (VBN settled) (NP (NP (QP (RB only) (IN about) (CD 15,000) (IN of) (DT the) (CD 81,000)) (JJ received) (NNS claims)) (PP (IN from) (NP (NN asbestos) (NNS victims)))) (, ,) (PP (IN for) (NP (NP (DT an) (NN average)) (PP (IN of) (NP (NP ($ $) (CD 40,424)) (NP (DT each)))))))) (. .)))

(S1 (S (-LRB- -LRB-) (NP (DT The) (NN average)) (VP (MD should) (VP (VB drop) (PP (IN over) (NP (NN time))) (, ,) (SBAR (IN since) (S (NP (DT the) (JJS most) (JJ expensive) (NNS claims)) (VP (VBP are) (VP (VBG being) (VP (VBN settled) (ADVP (RB first))))))))) (-RRB- -RRB-) (. .)))

(S1 (S (CC And) (PP (IN as) (PP (IN of) (NP (NN midyear)))) (, ,) (S (VP (VBN settled))) (CC but) (S (NP (JJ unpaid) (NNS claims)) (VP (VBD amounted) (PP (TO to) (NP (QP ($ $) (CD 136) (CD million)))) (: --) (NP (NP (NP (QP (JJR more) (IN than) (PDT half)) (DT the) (NN trust) (POS 's)) (NN total)) (PP (IN of) (NP (NP (QP ($ $) (CD 268) (CD million))) (PP (IN in) (NP (NP (NN cash)) (CC and) (NP (JJ marketable) (NNS securities))))))))) (. .)))

(S1 (S (`` `) (S (`` `) (PP (IN At) (NP (DT some) (NN point))) (, ,) (NP (PRP we)) (VP (VBP 're) (VP (VBG going) (S (VP (TO to) (VP (VB need) (NP (NP (DT an) (NN infusion)) (PP (IN of) (NP (NNS funds))))))))) (, ,) ('' ')) ('' ') (NP (NP (DT a) (NN person)) (ADJP (JJ close) (PP (TO to) (NP (DT the) (NN trust))))) (VP (VBZ says)) (. .)))

(S1 (S (PP (ADVP (RB Even)) (IN before) (NP (RB then))) (, ,) (NP (DT the) (NN trust)) (VP (MD may) (VP (VB be) (ADJP (JJ eager) (S (VP (TO to) (VP (VB unload) (NP (NNP Manville) (NN stock)))))))) (. .)))

(S1 (S (S (NP (PRP It)) (VP (VBZ does) (RB n't) (VP (VB pay) (NP (DT a) (NN dividend))))) (, ,) (CC and) (S (NP (DT this) (NN trust)) (VP (VBZ needs) (NP (NN income)))) (. .)))

(S1 (S (ADVP (RB Moreover)) (, ,) (SBAR (IN with) (S (NP (NP (CD 88) (NN %)) (PP (IN of) (NP (PRP$ its) (NNS assets)))) (VP (VBN tied) (PRT (RP up)) (PP (IN in) (NP (NNP Manville)))))) (, ,) (NP (DT the) (NN trust)) (VP (VBZ is) (ADVP (RB badly)) (PP (IN in) (NP (NP (NN need)) (PP (IN of) (NP (NN diversification)))))) (. .)))

(S1 (S (`` `) (S (`` `) (ADVP (RB Obviously)) (, ,) (NP (DT a) (JJ diversified) (NN portfolio)) (VP (MD would) (VP (VB have) (NP (JJR less) (NN risk)))) (, ,) ('' ')) ('' ') (NP (NP (DT the) (NN person)) (ADJP (JJ close) (PP (TO to) (NP (DT the) (NN trust))))) (VP (VBZ says)) (. .)))

(S1 (S (NP (NP (NNP Manville)) (NP (PRP itself))) (VP (VBZ does) (RB n't) (VP (VB rule) (PRT (RP out)) (NP (DT a) (NN restructuring)))) (. .)))

(S1 (S (SBAR (IN Though) (S (NP (DT the) (NN ink)) (VP (VBZ is) (ADJP (RB barely) (JJ dry) (PP (IN on) (NP (PRP$ its) (JJ new) (, ,) (JJ post-bankruptcy) (NN law) (NN structure))))))) (, ,) (NP (NP (NNP Bill) (NNP Bullock)) (, ,) (NP (NP (NP (NNP Manville) (POS 's)) (NN head)) (PP (IN of) (NP (NN investor) (NNS relations)))) (, ,)) (VP (VBZ says) (SBAR (S (NP (DT the) (NN company)) (VP (VBZ is) (ADVP (RB continually)) (VP (VBG pondering) (`` `) (`` `) (SBAR (IN whether) (S (NP (EX there)) (VP (VBZ is) (NP (NP (DT a) (JJR better) (NN way)) (SBAR (S (VP (TO to) (VP (VB be) (VP (VBN structured))))))))))))))) (. .)))

(S1 (S (S (NP (PRP We)) (VP (VBP understand) (SBAR (IN that) (S (NP (DT the) (NN trust)) (VP (VBZ is) (ADVP (RB ultimately)) (VP (VBG going) (S (VP (TO to) (VP (VB need) (S (VP (TO to) (VP (VB sell) (NP (NP (DT some)) (PP (IN of) (NP (PRP$ our) (NNS shares)))))))))))))))) (, ,) ('' ') ('' ') (NP (PRP he)) (VP (VBZ says)) (. .)))

(S1 (S (PP (IN Of) (NP (NN course))) (, ,) (NP (CD one) (NN option)) (VP (MD would) (VP (VB be) (SBAR (IN for) (S (NP (NNP Manville)) (VP (TO to) (VP (VB buy) (PRT (RP out)) (NP (NP (NP (DT the) (NN trust) (POS 's)) (NNS shares)) (: --) (SBAR (WHNP (WDT which)) (S (VP (MD would) (VP (VB do) (NP (RB little)) (S (VP (TO to) (VP (VB benefit) (NP (JJ public) (NNS stockholders)))))))))))))))) (. .)))

(S1 (S (CC But) (NP (DT the) (NN trust)) (, ,) (PP (IN in) (NP (JJS most) (NNS cases))) (, ,) (VP (VBZ is) (VP (VBN forbidden) (PP (IN from) (S (VP (VBG seeking) (NP (NP (DT a) (NN buyer)) (PP (IN for) (NP (RB only) (PRP$ its) (NNS shares)))) (PP (IN before) (NP (NNP November) (CD 1993)))))))) (. .)))

(S1 (S (CC And) (NP (DT both) (NP (DT the) (NN trust)) (CC and) (NP (NNP Manville))) (VP (VBP are) (VP (VBG seeking) (S (VP (TO to) (VP (VB avoid) (NP (DT the) (JJ bad) (NN publicity) (SBAR (IN that) (S (, ,) (PP (IN in) (NP (DT the) (NN asbestos) (NN era))) (, ,) (VP (VBD tarred) (NP (DT the) (NNP Manville) (NN name))))))))))) (. .)))

(S1 (S (ADVP (RB Thus)) (PRN (, ,) (S (NP (NNS analysts)) (VP (VBP say))) (, ,)) (NP (DT the) (NN trust)) (VP (VBZ is) (ADJP (JJ unlikely) (S (VP (TO to) (VP (VB do) (NP (NP (NN anything)) (SBAR (WHNP (WDT that)) (S (VP (MD would) (VP (VB hurt) (NP (NP (NNP Manville) (POS 's)) (JJ other) (NNS shareholders)))))))))))) (. .)))

(S1 (S (`` `) (S (`` `) (NP (DT This)) (VP (VBZ is) (NP (NP (DT a) (JJ rare) (NN case)) (PP (IN of) (NP (NP (DT a) (NN company)) (PP (IN with) (NP (NP (DT a) (JJ big) (NN majority) (NN holder)) (SBAR (WHNP (WDT which)) (S (VP (MD will) (ADVP (RB probably)) (VP (VB act) (PP (IN in) (NP (NP (DT the) (NNS interests)) (PP (IN of) (NP (DT the) (NN minority) (NNS holders))))))))))))))) (, ,) ('' ')) ('' ') (NP (CD one) (NN investor)) (VP (VBZ says)) (. .)))

(S1 (S (SBAR (RB Even) (IN if) (S (NP (EX there)) (VP (VBZ is) (NP (DT no) (NN restructuring))))) (, ,) (NP (NNP Manville)) (VP (VBZ seems) (S (VP (TO to) (VP (VB be) (NP (JJ attractive) (NN long-term)))))) (. .)))

(S1 (S (NP (PRP$ Its) (NN stock)) (, ,) (PP (IN at) (NP (QP (CD 9) (CD 5\/8)))) (, ,) (VP (VBZ trades) (PP (IN at) (NP (NP (QP (IN about) (CD 8) (CD 1\/2) (NNS times)) (VBN estimated) (CD 1989) (NNS earnings)) (PRN (: --) (NP (NP (DT an) (ADJP (RB appropriately) (JJ low)) (NN multiple)) (PP (IN for) (NP (NP (DT a) (NN company)) (PP (IN with) (NP (JJ recession-sensitive) (NNS customers)))))))))) (. .)))

(S1 (S (NP (NNP Mr.) (NNP Bullock)) (VP (VBZ says) (SBAR (S (NP (NP (CD 45) (NN %)) (PP (IN of) (NP (NNS revenues)))) (VP (VBP are) (VP (VBN tied) (PP (TO to) (NP (NN construction)))))))) (. .)))

(S1 (S (NP (NNS Analysts)) (VP (VBP predict) (NP (ADJP (JJ little) (CC or) (DT no)) (JJ near-term) (NN growth))) (. .)))

(S1 (S (NP (PRP They)) (VP (VBP are) (, ,) (ADVP (RB nonetheless)) (, ,) (PP (ADVP (RB high)) (IN on) (NP (NP (NNP Manville) (POS 's)) (NN management)))) (. .)))

(S1 (SINV (`` `) (S (`` `) (NP (PRP It)) (VP (VBZ 's) (NP (NP (CD one)) (PP (IN of) (NP (NP (DT the) (JJS best)) (PP (IN in) (NP (DT the) (NN business))))))) (, ,) ('' ')) ('' ') (VP (VBZ says)) (NP (NNP Salomon) (NNPS Brothers) (NN analyst) (NNP Stephen) (NNP Dobi)) (. .)))

(S1 (S (CC And) (NP (PRP he)) (VP (VBZ says) (SBAR (S (NP (NNP Manville)) (VP (VBZ has) (NP (NP (DT the) (JJ financial) (NN flexibility)) (SBAR (S (VP (TO to) (VP (VB buy) (NP (JJ other) (NNS companies)) (PP (IN at) (NP (DT the) (ADJP (JJS best) (JJ possible)) (NN moment))) (SBAR (WHADVP (WRB when)) (S (NP (JJ other) (JJ construction-related) (NNS firms)) (VP (VBP are) (VP (VP (VBG hurting)) (CC and) (VP (VBG selling) (ADJP (JJ cheap)))))))))))))))) (. .)))

(S1 (S (PP (IN With) (NP (NP (NP (DT a) (JJ conservative) (NN debt-to-equity) (NN ratio)) (PP (IN of) (NP (NN 1-to-1)))) (: --) (CC and) (NP (NP (QP ($ $) (CD 329) (CD million))) (PP (IN in) (NP (NN cash)))))) (: --) (NP (NNP Manville)) (VP (VBZ is) (ADVP (RB indeed)) (ADVP (RB actively)) (PP (IN on) (NP (DT the) (NN prowl)))) (. .)))

(S1 (S (ADVP (RB So) (RB far)) (, ,) (PP (IN as) (NP (DT a) (JJ price-conscious) (NN shopper))) (, ,) (NP (NNP Manville)) (VP (VBZ has) (RB n't) (VP (VBN bought) (NP (RB much)))) (. .)))

(S1 (S (NP (NP (NNP Paul) (NNP Kleinaitis)) (, ,) (NP (NP (DT an) (NN analyst)) (PP (IN at) (NP (NNP Duff) (CC &) (NNP Phelps)))) (, ,)) (VP (VBZ says) (, ,) (`` `) (S (`` `) (SBAR (RB Even) (IN though) (S (NP (PRP they)) (VP (VBP have) (NP (NN borrowing) (NN power))))) (, ,) (NP (PRP they)) (VP (VBP have) (VP (VBN been) (VP (VBN disciplined) (PP (IN about) (NP (NNS acquisitions)))))))) (. .) ('' ') ('' ')))

(S1 (S (CC And) (NP (NNP Mr.) (NNP Kleinaitis)) (VP (VBZ says) (SBAR (IN that) (S (SBAR (IN with) (S (NP (NP (CD 80) (NN %)) (PP (IN of) (NP (PRP$ its) (NN stock)))) (PP (IN in) (NP (JJ friendly) (NNS hands))))) (, ,) (NP (NNP Manville)) (VP (VBZ is) (NP (NP (DT the) (JJ rare) (ADJP (RB publicly) (VBN traded)) (NN company)) (SBAR (WHNP (WDT that)) (S (VP (MD can) (VP (VP (VB ignore) (NP (JJ short-term) (NN stock) (NNS fluctuations))) (CC and) (VP (VB plan) (PP (IN for) (NP (DT the) (JJ long) (NN haul))))))))))))) (. .)))

(S1 (NP (NP (NNP Manville)) (PRN (-LRB- -LRB-) (NP (NNP NYSE)) (: ;) (NP (NP (NN Symbol)) (: :) (NP (NNP MVL))) (-RRB- -RRB-))))

(S1 (NP (NP (NN Business)) (: :) (NP (NNP Forest) (NNS products) (CC and) (NN roofing))))

(S1 (NP (NP (NN Year)) (VP (VBN ended) (NP (NNP Dec.) (CD 31) (, ,) (CD 1988))) (: :) (NP (JJ Sales)) (: :) (NP (NP ($ $) (CD 2.06) (NNS billions)) (NP (JJ Net) (NN loss))) (: :) (NP (ADJP (QP ($ $) (CD 1.30) (CD billion))) (JJ \) (NN *))))

(S1 (NP (NP (NP (JJ Third) (NN quarter)) (, ,) (NP (NNP Sept.) (CD 30) (, ,) (CD 1989))) (: :) (NP (JJ Per-share) (NNS earnings)) (: :) (NP (NP (CD 30) (NNS cents)) (PP (IN vs.) (NP (NP (CD 44) (NNS cents)) (NP (NNP \) (NNP *) (NNP \) (NNP *)))))))

(S1 (NP (NP (JJ Average) (JJ daily) (NN trading) (NN volume)) (: :) (NP (CD 74,351) (NNS shares))))

(S1 (NP (NP (NP (JJ Common) (NNS shares)) (ADJP (JJ outstanding))) (: :) (QP (CD 120) (CD million))))

(S1 (S (NP (NNP \) (NNP *)) (VP (VBZ Includes) (NP (ADJP (QP ($ $) (CD 1.29) (CD billion))) (JJ extraordinary) (NN charge))) (. .)))

(S1 (S (NP (NNP \) (NNP *) (NNS \)) (ADVP (NP (CD *) (NN Year)) (RB ago)) (VP (VBP figure) (SBAR (S (VP (VBZ is) (ADJP (JJ restated)))))) (. .)))

