(S1 (S (NP (NP (NNP UNITED) (NNP AIR) (POS 'S)) (NN PARENT)) (VP (VBD quashed) (NP (NP (DT any) (NNS prospects)) (PP (IN for) (NP (NP (DT an) (JJ immediate) (NN revival)) (PP (IN of) (NP (DT the) (JJ labor-management) (NN buy-out)))))) (, ,) (S (VP (VBG saying) (SBAR (S (NP (NNP UAL)) (VP (MD should) (VP (VB remain) (ADJP (JJ independent)) (PP (IN for) (NP (RB now)))))))))) (. .)))

(S1 (S (ADVP (RB Also)) (, ,) (NP (NNP UAL) (NNP Chairman) (NNP Stephen) (NNP Wolf)) (VP (VBD pulled) (ADVP (IN out) (PP (IN of) (NP (DT the) (NN buy-out) (NN effort) (S (VP (TO to) (VP (VB focus) (PP (IN on) (S (VP (VBG running) (NP (DT the) (NN company)))))))))))) (. .)))

(S1 (S (NP (DT The) (CD two) (NNS developments)) (VP (VBP leave) (NP (DT the) (NN airline)) (PP (IN with) (NP (NP (JJ several) (NNS problems)) (, ,) (PP (VBG including) (NP (DT an) (JJ unsettled) (NN labor) (NN situation)))))) (. .)))

(S1 (S (S (NP (NN Stock) (NNS prices)) (VP (VBD fell))) (CC and) (S (NP (NNS bonds)) (VP (VBD rose) (SBAR (IN as) (S (NP (NNS worries)) (VP (VBN mounted) (PP (IN about) (NP (NP (DT the) (NN economy)) (CC and) (NP (DT the) (NN junk) (NN bond) (NN market))))))))) (. .)))

(S1 (S (NP (DT The) (NNP Dow) (NNP Jones) (NNS industrials)) (VP (VBD sank) (NP (CD 26.23) (NNS points)) (, ,) (PP (TO to) (NP (CD 2662.91)))) (. .)))

(S1 (S (NP (DT The) (NN dollar)) (ADVP (RB also)) (VP (VBD declined)) (. .)))

(S1 (S (S (NP (NP (DT The) (NN turmoil)) (PP (IN in) (NP (NN junk) (NNS bonds)))) (VP (MD may) (VP (VB last) (PP (IN for) (NP (NNS years)))))) (, ,) (NP (NNS investors) (CC and) (NNS traders)) (VP (VBP say)) (. .)))

(S1 (S (NP (RB Even) (NNP Drexel)) (VP (VBZ is) (VP (VBG pulling) (PRT (RP back)))) (. .)))

(S1 (S (NP (NNP Santa) (NNP Fe) (NNP Pacific)) (VP (VBZ plans) (S (VP (TO to) (VP (VP (VB sell) (NP (NP (CD 20) (NN %)) (PP (IN of) (NP (PRP$ its) (JJ large) (JJ real) (NN estate) (NN unit)))) (PP (TO to) (NP (DT a) (NNP California) (NN pension) (NN fund))) (PP (IN for) (NP (QP ($ $) (CD 400) (CD million))))) (CC and) (VP (VB spin) (NP (DT the) (NN rest)) (PRT (RP off)) (PP (TO to) (NP (NNS shareholders)))))))) (. .)))

(S1 (S (NP (DT The) (NN proposal)) (VP (VBZ values) (NP (NP (DT the) (NN company) (POS 's)) (JJ real) (NN estate) (NN operation)) (PP (IN at) (NP (QP ($ $) (CD 2) (CD billion))))) (. .)))

(S1 (S (NP (NNP Time) (NNP Warner)) (VP (VBD reported) (NP (NP (DT a) (ADJP (QP ($ $) (CD 176) (CD million))) (NN loss)) (PP (IN for) (NP (DT the) (JJ third) (NN quarter)))) (, ,) (S (VP (VBG reflecting) (NP (NP (NP (DT the) (NN cost)) (PP (IN of) (NP (DT the) (JJ recent) (NN merger)))) (CC and) (NP (NP (DT a) (NN method)) (PP (IN of) (S (VP (VBG accounting) (PP (IN for) (NP (DT the) (NN deal))))))))))) (. .)))

(S1 (S (NP (NNS Thrifts)) (VP (VBD continued) (S (VP (TO to) (VP (VB shed) (NP (NNS assets))))) (PP (IN in) (NP (NNP August))) (, ,) (S (ADVP (RB mainly)) (VP (TO to) (VP (VB comply) (PP (IN with) (NP (NP (JJR stiffer) (NN capital) (NNS rules)) (PP (IN under) (NP (DT the) (NNP S&L) (NN bailout) (NN law))))))))) (. .)))

(S1 (S (ADVP (RB Also)) (, ,) (NP (NNS withdrawals)) (VP (VBD exceeded) (NP (NNS deposits)) (PP (IN by) (NP (NP (QP ($ $) (CD 5.1) (CD billion))) (PP (IN in) (NP (DT the) (NN month)))))) (. .)))

(S1 (S (NP (NP (NNP Exxon) (POS 's)) (NN profit)) (VP (VBD fell) (NP (CD 9) (NN %)) (PP (IN in) (NP (DT the) (JJ third) (NN quarter))) (, ,) (S (VP (VBN hurt) (PP (IN by) (NP (NP (VBG sagging) (NNS results)) (PP (IN at) (NP (NP (CD two)) (PP (IN of) (NP (PRP$ its) (CD three) (JJ main) (NNS businesses)))))))))) (. .)))

(S1 (S (NP (NNP Phillips) (CC and) (NNP Arco)) (VP (VBD posted) (NP (NNS declines))) (. .)))

(S1 (S (NP (NNP Ashland)) (VP (VBD had) (NP (DT a) (NN loss))) (. .)))

(S1 (S (NP (NP (NNP Amerada) (NNP Hess)) (CC and) (NP (NNP Occidental) (NNP Petroleum))) (VP (VBD had) (NP (NNS gains))) (. .)))

(S1 (S (NP (NP (NP (NNP Ogilvy) (POS 's)) (NN chairman)) (, ,) (NP (NNP Kenneth) (NNP Roman)) (, ,)) (VP (VBZ is) (VP (VBG leaving) (S (VP (TO to) (VP (VB take) (NP (NP (DT a) (JJ top) (NN post)) (PP (IN at) (NP (NNP American) (NNP Express))))))))) (. .)))

(S1 (S (NP (PRP$ His) (NN resignation)) (VP (VBZ follows) (NP (NP (DT a) (JJ hostile) (NN takeover)) (PP (IN of) (NP (NP (DT the) (NN ad) (NN agency)) (PP (IN in) (NP (NNP May))) (PP (IN by) (NP (NP (NNP WPP)) (PP (IN of) (NP (NNP Britain))))))))) (. .)))

(S1 (S (NP (DT The) (NNP Justice) (NNP Department)) (VP (VBD took) (NP (NP (NNS steps)) (SBAR (WHNP (WDT that)) (S (VP (MD could) (VP (VB restrict) (NP (NP (DT the) (NN use)) (PP (IN by) (NP (NNS prosecutors))) (PP (IN of) (NP (NP (JJ criminal) (NN racketeering) (NNS charges)) (PP (IN against) (NP (JJ white-collar) (NNS defendants)))))))))))) (. .)))

(S1 (S (NP (NNP Shearson)) (VP (VBD was) (VP (VBN sued) (PP (IN by) (NP (NP (NN money) (NN manager) (NNP George) (NNP Soros)) (, ,) (SBAR (WHNP (WP who)) (S (VP (VBD claimed) (SBAR (S (NP (NP (CD one)) (PP (IN of) (NP (PRP$ his) (NNS funds)))) (VP (VBD was) (VP (VBD defrauded) (ADVP (IN out) (PP (IN of) (NP (QP ($ $) (CD 60) (CD million))))) (PP (IN during) (NP (NN stock-index) (NNS futures) (NN trading))) (PP (ADVP (RB just)) (IN after) (NP (DT the) (CD 1987) (NN crash)))))))))))))) (. .)))

(S1 (S (NP (NP (NNP Drexel) (POS 's)) (NNS efforts) (S (VP (TO to) (VP (VB settle) (NP (PRP$ its) (JJ legal) (NNS troubles)))))) (VP (VBP are) (VP (VBG being) (VP (VBN resisted) (PP (IN by) (NP (QP (IN at) (JJS least) (CD 10)) (NNS states)))))) (. .)))

(S1 (S (NP (DT Some)) (VP (MD may) (VP (VB try) (S (VP (TO to) (VP (VB revoke) (NP (NP (NP (DT the) (NN firm) (POS 's)) (NN license)) (SBAR (S (VP (TO to) (VP (VB sell) (NP (NNS securities)))))))))))) (. .)))

(S1 (S (NP (NNP Prime) (NNP Computer)) (VP (VBZ plans) (S (VP (TO to) (VP (VB dismiss) (NP (NP (CD 20) (NN %)) (PP (IN of) (NP (PRP$ its) (NN work) (NN force)))) (S (VP (TO to) (VP (VB cut) (NP (NNS costs)) (PP (VBG following) (NP (PRP$ its) (JJ recent) (JJ leveraged) (NN buy-out)))))))))) (. .)))

(S1 (S (NP (DT The) (NN action)) (VP (VBZ renews) (NP (NP (NN concern)) (PP (IN about) (NP (NP (NNS buyouts)) (PP (IN in) (NP (JJ high-tech) (NNS industries))))))) (. .)))

(S1 (S (NP (NNP Paribas)) (VP (VBZ plans) (S (NP (NP (DT a) (NN bid)) (PP (IN for) (NP (NP (DT another) (JJ big) (NNP French) (ADJP (JJ financial) (CC and) (JJ industrial)) (NN firm)) (, ,) (NP (NNP Navigation) (NNP Mixte)) (, ,)))) (NP (NP (DT a) (NN sign)) (SBAR (S (NP (NP (NNP Europe) (POS 's)) (NN takeover) (NN fever)) (VP (VBZ has) (RB n't) (VP (VBN cooled)))))))) (. .)))

(S1 (S (NP (NNP Qintex) (NNP Australia)) (VP (VBD unveiled) (NP (NNS plans) (S (VP (TO to) (VP (VB restructure) (CC and) (VB sell) (NP (NNS assets)) (S (VP (TO to) (VP (VB try) (S (VP (TO to) (VP (VB ease) (NP (PRP$ its) (JJ financial) (NNS problems))))))))))))) (. .)))

(S1 (S (NP (NP (NNP Union) (NNP Carbide) (POS 's)) (NNS earnings)) (VP (VBD plunged) (NP (CD 35) (NN %)) (PP (IN in) (NP (DT the) (JJ third) (NN quarter))) (, ,) (S (VP (VBG reflecting) (NP (NP (NN weakness)) (PP (IN in) (NP (NP (DT the) (NN company) (POS 's)) (NN core) (NNS chemicals) (CC and) (NNS plastics) (NNS businesses))))))) (. .)))

(S1 (S (NP (NP (NNP Japan) (POS 's)) (NNP Daiwa) (NNP Securities)) (VP (VBD named) (S (NP (NNP Masahiro) (NNP Dozen)) (VP (NN president)))) (. .)))

(S1 (S (NP (NP (DT The) (JJ rapid) (NN advance)) (PP (IN of) (NP (DT the) (JJ 52-year-old) (NN executive)))) (VP (VBD surprised) (NP (NP (JJ many)) (PP (IN at) (NP (DT the) (NN company))))) (. .)))

(S1 (NP (NNS Markets) (: --)))

(S1 (NP (NP (NNS Stocks)) (: :) (NP (NP (NN Volume)) (NP (CD 135,860,000) (NNS shares))) (. .)))

(S1 (FRAG (NP (NP (NNP Dow) (NNP Jones) (NNS industrials)) (NP (NP (CD 2662.91)) (, ,) (ADVP (RB off) (NP (CD 26.23))))) (: ;) (FRAG (NP (NP (NN transportation)) (NP (NP (CD 1236.66)) (, ,) (ADVP (RB up) (NP (CD 5.86))))) (: ;) (NP (NP (NNS utilities)) (NP (NP (CD 215.35)) (, ,) (ADVP (RB off) (NP (CD 0.13)))))) (. .)))

(S1 (NP (NP (NNS Bonds)) (: :) (NP (NP (NNP Shearson) (NNP Lehman) (NNP Hutton) (NNP Treasury) (NN index)) (NP (CD 3411.08)) (, ,) (ADVP (IN up)))))

(S1 (NP (NP (NNS Commodities)) (: :) (NP (NP (NP (NNP Dow) (NNP Jones) (NNS futures) (NN index)) (NP (CD 129.49)) (, ,) (ADVP (IN off) (NP (CD 0.13)))) (: ;) (NP (NP (NN spot) (NN index)) (NP (CD 131.64)) (, ,) (ADVP (IN up) (NP (CD 0.30))))) (. .)))

(S1 (NP (NP (NN Dollar)) (: :) (NP (NP (NP (CD 141.90) (NN yen)) (, ,) (ADVP (IN off) (NP (CD 0.53)))) (: ;) (NP (NP (CD 1.8470) (NNS marks)) (, ,) (ADVP (IN off) (NP (CD 0.0108))))) (. .)))

