(S1 (S (SBAR (WHADVP (WRB When)) (S (NP (NP (PRP$ his) (NP (NNP Seventh) (NNP Avenue)) (NN fur) (NN business)) (ADVP (RB here))) (VP (VBD was) (VP (VBG flying) (ADVP (RB high)) (ADVP (NP (CD 20) (NNS years)) (RB ago)))))) (, ,) (NP (NNP Jack) (NNP Purnick)) (VP (VBD had) (NP (NP (CD 25) (NNS workers)) (CC and) (NP (DT a) (JJ large) (NN factory)))) (. .)))

(S1 (S (ADVP (RB Now)) (NP (PRP$ his) (JJ half-dozen) (NNS employees)) (VP (VBP work) (PP (IN in) (NP (NP (DT an) (JJ eighth-floor) (NN shop)) (SBAR (WHNP (WDT that)) (S (NP (PRP he)) (VP (VBZ says) (SBAR (S (VP (VBZ is) (ADJP (ADJP (JJR smaller)) (PP (IN than) (NP (PRP$ his) (JJ old) (NN storage) (NN room))))))))))))) (. .)))

(S1 (S (NP (PRP He)) (ADVP (RB also)) (VP (VBZ says) (SBAR (S (NP (PRP he)) (VP (VBZ is) (VP (VBG losing) (NP (NN money)) (ADVP (RB now))))))) (. .)))

(S1 (S (NP (PRP He)) (VP (VBZ blames) (NP (NNS imports))) (. .)))

(S1 (S (CC But) (PP (RB just) (IN down) (NP (NP (NNP Seventh) (NNP Avenue)) (, ,) (SBAR (WHADVP (WRB where)) (S (NP (NP (QP (RB about) (CD 75)) (NN %)) (PP (IN of) (NP (NNP U.S.) (NN fur) (NNS garments)))) (VP (VBP are) (VP (VBN made))))))) (, ,) (NP (NNP Larry) (NNP Rosen)) (VP (VBZ has) (VP (VP (VBN acquired) (NP (CD two) (JJ retail) (NNS outlets))) (, ,) (VP (VBD broadened) (NP (PRP$ his) (JJ fur-making) (NN line))) (CC and) (VP (VBN expanded) (PP (IN into) (NP (NN leather)))))) (. .)))

(S1 (S (NP (PRP He)) (VP (NNS credits) (NP (NNS imports))) (. .)))

(S1 (S (NP (DT The) (NN difference)) (VP (VBZ lies) (PP (IN in) (SBAR (WHADVP (WRB how)) (S (NP (DT the) (CD two) (JJ entrepreneurial) (NNS furriers)) (VP (VBD reacted) (PP (TO to) (NP (NP (DT the) (JJ foreign) (NN competition)) (CC and) (NP (NP (NN transformation)) (PP (IN of) (NP (NP (PRP$ their) (NN industry)) (PP (IN over) (NP (DT the) (JJ past) (CD 10) (NNS years))))))))))))) (. .)))

(S1 (S (NP (PRP One)) (VP (VBD stuck) (PP (TO to) (NP (NN old-line) (NN business) (NNS traditions))) (, ,) (SBAR (IN while) (S (NP (DT the) (JJ other)) (VP (VBD embraced) (NP (DT the) (NN change)))))) (. .)))

(S1 (SINV (`` `) (S (`` `) (NP (DT The) (JJ small) (, ,) (JJ good) (NN fur) (NN salon)) (VP (VBZ is) (RB not) (SBAR (WHNP (WP what)) (S (NP (PRP it)) (VP (VBD used) (S (VP (TO to) (VP (VB be)))))))) (, ,) ('' ')) ('' ') (VP (VBZ says)) (NP (NP (NNP Mr.) (NNP Purnick)) (, ,) (ADJP (NP (CD 75) (NNS years)) (JJ old))) (. .)))

(S1 (S (`` `) (S (`` `) (NP (PRP We)) (VP (VB make) (NP (NP (DT the) (JJS finest) (NN product)) (PP (IN in) (NP (DT the) (NN world)))))) (, ,) (CC and) (S (NP (DT the) (NNPS Americans)) (VP (VBP are) (VP (VBG being) (VP (VBN kicked) (PRT (RP around)))))) (. .) ('' ') ('' ')))

(S1 (S (NP (NNP Mr.) (NNP Rosen)) (, ,) (ADVP (RB though)) (, ,) (VP (VBZ believes) (SBAR (S (NP (NNS imports)) (VP (VBP have) (VP (VBN reinvigorated) (NP (NP (DT the) (NN industry)) (SBAR (WHPP (IN in) (WHNP (WDT which))) (S (NP (PRP he)) (VP (VBZ has) (VP (VBN worked) (PP (IN for) (NP (NP (JJS most)) (PP (IN of) (NP (PRP$ his) (CD 57) (NNS years))))))))))))))) (. .)))

(S1 (S (`` `) (S (`` `) (NP (PRP You)) (VP (VBP 've) (VP (VBN got) (NP (NP (DT some) (NNS minds)) (ADVP (RB here)) (SBAR (WHNP (WDT that)) (S (VP (MD wo) (RB n't) (VP (VB think) (ADVP (RB progressively))))))))) (, ,) ('' ')) ('' ') (NP (PRP he)) (VP (VBZ says)) (. .)))

(S1 (S (NP (NP (NN Import) (NN competition)) (PP (IN for) (NP (NNP U.S.) (NNS furs)))) (VP (VBZ has) (VP (VBN risen) (ADVP (RB sharply)) (SBAR (IN since) (S (NP (NNS furriers)) (VP (VBD started) (VP (ADVP (RB aggressively)) (VBG marketing) (NP (`` `) (NP (`` `) (NN working-girl) (NN mink) ('' ')) ('' ') (CC and) (NP (JJ similar) (JJ lower-priced) (VBN imported) (NNS furs))) (PP (IN in) (NP (JJ recent) (NNS years))))))))) (. .)))

(S1 (S (NP (NNS Merchants)) (VP (VBD discovered) (VP (ADVP (NP (DT a) (NN consumer)) (RB largely)) (VBN ignored) (PP (IN by) (NP (NP (JJ higher-priced) (NNS furriers)) (: :) (NP (NP (DT the) (JJR younger) (NN woman)) (PRN (: --) (PP (ADVP (RB even)) (IN in) (NP (PRP$ her) (JJ late) (NNS 20s))) (: --)) (SBAR (WHNP (WP who)) (S (ADVP (RB never)) (VP (VBD thought) (SBAR (S (NP (PRP she)) (VP (MD could) (VP (VB buy) (NP (DT a) (NN mink)))))))))))))) (. .)))

(S1 (S (NP (DT The) (JJ new) (NN market)) (VP (VBD helped) (S (VP (VB boost) (NP (NP (NNP U.S.) (NN fur) (NNS sales)) (PP (TO to) (NP (NP (QP (RB about) ($ $) (CD 1.8) (CD billion))) (ADVP (NP (DT a) (NN year)) (RB now))))))) (, ,) (S (VP (VB triple) (NP (NP (DT the) (NN level)) (PP (IN in) (NP (DT the) (JJ late) (NNS 1970s))))))) (. .)))

(S1 (S (NP (PRP It)) (ADVP (RB also)) (VP (VBD opened) (NP (DT the) (NN door)) (PP (TO to) (NP (NP (NNS furs)) (VP (VBN made) (PP (IN in) (NP (NP (NNP South) (NNP Korea)) (, ,) (NP (NNP China)) (, ,) (NP (NNP Hong) (NNP Kong)) (CC and) (NP (JJ other) (NNS countries)))))))) (. .)))

(S1 (S (NP (NP (NNP Jindo) (NNP Furs)) (, ,) (NP (DT a) (JJ large) (NNP South) (NNP Korean) (NN maker)) (, ,)) (VP (VBZ says) (SBAR (S (NP (PRP it)) (VP (VP (VBZ operates) (NP (CD 35) (JJ retail) (NNS outlets)) (PP (IN in) (NP (DT the) (NNP U.S.)))) (CC and) (VP (VBZ plans) (S (VP (TO to) (VP (VB open) (NP (QP (CD 15) (JJR more))) (PP (IN by) (NP (NP (DT the) (NN end)) (PP (IN of) (NP (JJ next) (NN year))))))))))))) (. .)))

(S1 (S (NP (NP (NNP Mr.) (NNP Purnick)) (CC and) (NP (JJ other) (NN old-line) (NNS furriers))) (VP (VBP call) (NP (NP (JJ many)) (PP (IN of) (NP (NP (DT the) (DT the) (NNS imports)) (ADJP (ADJP (JJ unstylish)) (CC and) (ADJP (RB poorly) (VBN made))))))) (. .)))

(S1 (S (NP (JJ High-end) (NNP U.S.) (NNS furriers)) (VP (VBP say) (SBAR (S (NP (DT these) (NNS imports)) (VP (VBP have) (RB n't) (VP (VBN squeezed) (NP (PRP them))))))) (. .)))

(S1 (S (CC But) (NP (NP (JJ low-priced) (CC and) (JJ middle-priced) (NNS furriers)) (PP (IN like) (NP (NP (NNP Mr.) (NNP Purnick)) (, ,) (SBAR (WHNP (WP who)) (S (ADVP (RB once)) (VP (VBN saturated) (NP (DT the) (JJ five-block) (NNP Seventh) (NNP Avenue)) (NP (NN fur) (NN district))))) (, ,)))) (VP (VBP say) (SBAR (S (NP (NNS imports)) (VP (VBP have) (VP (VBN cut) (NP (PRP$ their) (NNS sales))))))) (. .)))

(S1 (S (NP (NP (DT A) (NN woman)) (SBAR (WHNP (WP who)) (S (ADVP (RB once)) (VP (MD would) (VP (VB have) (VP (VBN saved) (SBAR (IN for) (S (NP (QP (CD two) (CC or) (CD three)) (NNS seasons)) (VP (TO to) (VP (VB buy) (NP (DT a) (JJ U.S.-made) (NN mink)))))))))))) (VP (MD can) (ADVP (RB now)) (VP (VB get) (NP (DT an) (VBN imported) (NN mink)) (ADVP (RB right) (RB away)) (PP (IN for) (NP (QP (JJR less) (IN than) ($ $) (CD 2,000)))))) (. .)))

(S1 (S (CC Yet) (NP (NNP Mr.) (NNP Rosen)) (VP (VBZ has) (VP (VBN turned) (NP (DT the) (NN import) (NN phenomenon)) (PP (TO to) (NP (PRP$ his) (NN advantage))))) (. .)))

(S1 (S (ADVP (RB Early) (PP (IN in) (NP (DT the) (NN decade)))) (NP (PRP he)) (VP (VBD saw) (SBAR (IN that) (S (NP (NP (NN fur) (NNS workers)) (PP (IN in) (NP (JJ many) (JJ foreign) (NNS countries)))) (VP (VP (VBD were) (ADJP (JJ willing) (S (VP (TO to) (VP (VB work) (NP (JJR longer) (NNS hours)))))) (PP (IN at) (NP (NP (JJR lower) (NNS wages)) (PP (IN than) (NP (PRP$ their) (JJ American) (NNS counterparts)))))) (CC and) (VP (VBD were) (ADJP (RBR more) (JJ open) (PP (TO to) (NP (NN innovation))))))))) (. .)))

(S1 (S (PP (IN In) (NP (CD 1982))) (, ,) (NP (PRP he)) (VP (VBD started) (NP (NP (DT a) (NN factory)) (PP (IN in) (NP (NNP Greece))))) (. .)))

(S1 (S (ADVP (NP (CD Two) (NNS years)) (RB later)) (, ,) (NP (PRP he)) (VP (VBD opened) (NP (CD one)) (PP (IN in) (NP (NNP West) (NNP Germany)))) (. .)))

(S1 (S (NP (PRP He)) (ADVP (RB also)) (VP (VBD noticed) (SBAR (IN that) (S (S (NP (JJ foreign) (NNS makers)) (VP (VBD were) (VP (VBG introducing) (NP (NP (JJ many) (NNS variations)) (PP (IN on) (NP (DT the) (JJ traditional) (NN fur))))))) (, ,) (CC and) (S (NP (PRP he)) (VP (VBD decided) (S (VP (TO to) (VP (VB follow) (NP (NN suit)))))))))) (. .)))

(S1 (S (PP (IN By) (S (VP (VBG combining) (NP (NP (PRP$ his) (NNS strengths)) (PP (IN in) (NP (NP (NN innovation)) (CC and) (NP (NN quality) (NN control))))) (PP (IN with) (NP (NP (DT the) (JJR lower) (NNS costs)) (PP (IN of) (NP (NN production))) (ADVP (RB abroad))))))) (, ,) (NP (PRP he)) (VP (VBZ says) (SBAR (S (NP (PRP he)) (VP (VBZ has) (VP (VBN been) (ADJP (JJ able) (S (VP (TO to) (VP (VB produce) (NP (JJ high-quality) (NNS goods)) (PP (IN at) (NP (ADJP (JJ low)) (NN cost)))))))))))) (. .)))

(S1 (S (S (VP (TO To) (VP (VP (VB maintain) (NP (NP (NN control)) (PP (IN over) (NP (NN production))))) (CC and) (VP (VB avoid) (NP (NP (NN overdependence)) (PP (IN on) (NP (JJ foreign) (NNS sources)))))))) (, ,) (NP (PRP he)) (VP (VBZ says) (SBAR (S (NP (PRP he)) (ADVP (RB still)) (VP (VBZ makes) (NP (NP (JJS most)) (PP (IN of) (NP (NP (PRP$ his) (NNS furs)) (PP (IN in) (NP (DT the) (NNP U.S.)))))))))) (. .)))

(S1 (S (CC But) (ADVP (NP (CD six) (NNS years)) (RB ago)) (NP (PRP he)) (ADVP (RB also)) (VP (VBD began) (S (VP (VBG importing) (PP (IN from) (NP (DT the) (NNP Far) (NNP East)))))) (. .)))

(S1 (S (S (VP (VBN Inspired) (PP (IN by) (NP (NNS imports))))) (, ,) (NP (NNP Mr.) (NNP Rosen)) (ADVP (RB now)) (VP (VBZ makes) (NP (NP (NN fur) (NNS muffs)) (, ,) (NP (NNS hats)) (CC and) (NP (NNS flings)))) (. .)))

(S1 (S (NP (DT This) (NN year)) (NP (PRP he)) (VP (VP (VBD produced) (NP (NP (DT a) (NNS men) (POS 's)) (NN line))) (CC and) (VP (VBZ offers) (NP (JJ dyed) (NNS furs)) (PP (IN in) (NP (NP (JJ red) (, ,) (JJ cherry) (NN red)) (, ,) (NP (NN violet)) (, ,) (NP (JJ royal) (NN blue)) (CC and) (NP (NN forest) (NN green)))))) (. .)))

(S1 (S (NP (PRP He)) (VP (VBZ has) (NP (NP (NN leather) (NNS jackets)) (PP (IN from) (NP (NNP Turkey))) (SBAR (WHNP (WDT that)) (S (VP (VBP are) (VP (VP (VBN lined) (PP (IN with) (NP (JJ eel) (NN skin)))) (CC and) (VP (VBD topped) (PRT (RP off)) (PP (IN with) (NP (JJ raccoon-skin) (NNS collars)))))))))) (. .)))

(S1 (S (PP (IN From) (NP (NNP Asia))) (, ,) (NP (PRP he)) (VP (VBZ has) (NP (NP (NN mink) (NNS jackets)) (PP (IN with) (NP (NP (NNP floral) (NNS patterns)) (VP (VBN made) (PP (IN by) (S (VP (VBG using) (NP (JJ different) (VBN colored) (NNS furs)))))))))) (. .)))

(S1 (S (IN Next) (NP (PRP he)) (VP (MD will) (VP (VB be) (VP (VBG testing) (NP (NP (JJ pictured) (NN embroidery)) (PRN (-LRB- -LRB-) (VP (VBN called) (S (ADJP (JJ kalega)))) (-RRB- -RRB-)) (VP (VBN made) (PP (IN in) (NP (DT the) (NNP Far) (NNP East)))))))) (. .)))

(S1 (S (NP (PRP He)) (VP (VBZ plans) (S (VP (TO to) (VP (VB attach) (NP (DT the) (NN embroidery)) (PP (TO to) (NP (NP (DT the) (NNS backs)) (PP (IN of) (NP (JJ mink) (NNS coats) (CC and) (NNS jackets))))))))) (. .)))

(S1 (S (S (PP (IN Besides) (S (VP (VBG adding) (PP (TO to) (NP (NNS sales)))))) (, ,) (NP (NNS leathers)) (ADVP (RB also)) (VP (VBP attract) (NP (NP (NNS retailers)) (SBAR (WHNP (WP who)) (S (VP (MD may) (VP (VB buy) (NP (NNS furs)) (ADVP (RB later))))))))) (, ,) (NP (PRP he)) (VP (VBZ adds)) (. .)))

(S1 (S (NP (JJ Other) (NNS furriers)) (VP (VBP have) (ADVP (RB also)) (VP (VBN benefited) (PP (IN from) (NP (NNS leathers))))) (. .)))

(S1 (S (NP (NP (NNP Seymour) (NNP Schreibman)) (, ,) (NP (NP (DT the) (JJ 65-year-old) (NN owner)) (PP (IN of) (NP (NNP Schreibman) (NNP Raphael) (NNPS Furs) (NNP Inc.)))) (, ,)) (VP (VBZ treats) (NP (NP (DT the) (JJ reverse) (NN side)) (PP (IN of) (NP (DT a) (NNP Persian) (NN lambskin)))) (S (VP (TO to) (VP (VB produce) (NP (DT a) (JJ reversible) (NN fur-and-leather) (NN garment)))))) (. .)))

(S1 (S (NP (PRP He)) (VP (VBZ says) (SBAR (S (NP (PRP it)) (VP (VBZ accounts) (PP (IN for) (NP (NP (CD 25) (NN %)) (PP (IN of) (NP (JJ total) (NNS sales))))))))) (. .)))

(S1 (S (NP (NNP Mr.) (NNP Rosen)) (VP (VBZ is) (ADVP (RB also)) (VP (VBG pushing) (NP (JJ retail) (NNS sales)))) (. .)))

(S1 (S (NP (DT This) (NN year)) (NP (PRP he)) (VP (VBD bought) (NP (NP (CD two) (NNS stores)) (, ,) (NP (NP (NP (CD one)) (PP (IN in) (NP (NNP Brooklyn)))) (CC and) (NP (NP (CD one)) (PP (IN in) (NP (NNP Queens))))))) (. .)))

(S1 (S (NP (JJ Other) (NNS furriers)) (VP (VBP have) (ADVP (RB also)) (VP (VBN placed) (NP (JJR more) (NN weight)) (PP (IN on) (NP (NN retailing))))) (. .)))

(S1 (S (S (NP (NNP Golden) (NNP Feldman) (NNPS Furs) (NNP Inc.)) (VP (VBD began) (NP (NN retailing)) (ADVP (RB aggressively)) (ADVP (NP (CD eight) (NNS years)) (RB ago)))) (, ,) (CC and) (S (ADVP (RB now)) (NP (JJ retail) (NNS sales)) (VP (VBP account) (PP (IN for) (NP (NP (QP (RB about) (CD 20)) (NN %)) (PP (IN of) (NP (JJ gross) (NN income))))))) (. .)))

(S1 (S (PP (IN In) (NP (JJ other) (NNS moves))) (, ,) (NP (NNP Mr.) (NNP Rosen)) (VP (VBZ says) (SBAR (S (NP (PRP he)) (VP (VBD bought) (ADVP (NP (DT a) (NN truck) (CD three) (NNS years)) (RB ago)) (S (VP (TO to) (VP (VB reach) (NP (JJR more) (NNS retailers))))))))) (. .)))

(S1 (S (PP (IN Since) (NP (RB then))) (NP (PRP he)) (VP (VP (VBZ has) (VP (VBN expanded) (NP (PRP$ his) (NN fleet)))) (CC and) (VP (MD can) (ADVP (RB now)) (VP (VB bring) (NP (PRP$ his) (NNS furs)) (PP (TO to) (NP (NP (DT the) (JJ front) (NN door)) (PP (IN of) (NP (NP (NNS retailers)) (PP (RB as) (ADVP (RB far) (RB away) (PP (IN as) (NP (DT the) (NNP Midwest)))))))))))) (. .)))

(S1 (S (NP (NP (JJ Small) (NNS retailers)) (SBAR (WHNP (WP who)) (S (VP (MD ca) (RB n't) (VP (VB afford) (S (VP (TO to) (VP (VB travel) (PP (TO to) (NP (PRP$ his) (NNP New) (NNP York) (NN showroom))))))))))) (VP (VBP have) (VP (VBN become) (NP (JJ fair) (NN game)))) (. .)))

(S1 (S (NP (JJ Such) (NNS moves)) (VP (VBP have) (VP (VBN helped) (S (NP (NNP Mr.) (NNP Rosen)) (VP (VB weather) (NP (NP (DT the) (NN industry) (NN slump)) (PP (IN of) (NP (JJ recent) (NNS years)))))))) (. .)))

(S1 (S (NP (DT The) (NN industry)) (VP (VBD enjoyed) (UCP (NP (NP (CD six) (JJ prosperous) (NNS years)) (PP (VBG beginning) (PP (IN in) (NP (CD 1980))))) (, ,) (CC but) (SBAR (IN since) (S (NP (CD 1986) (NNS sales)) (VP (VBP have) (VP (VBD languished) (PP (IN at) (NP (PRP$ their) (ADJP (QP ($ $) (CD 1.8) (CD billion))) (NN peak))))))))) (. .)))

(S1 (S (NP (NP (JJ Large) (NNS furriers)) (PP (JJ such) (IN as) (NP (NP (NNP Antonovich) (NNP Inc.)) (, ,) (NP (NN Fur) (NN Vault) (NNP Inc.)) (CC and) (NP (NNP Evans) (NNP Inc.))))) (DT all) (VP (VBD reported) (NP (NP (NNS losses)) (PP (IN in) (NP (PRP$ their) (JJS latest) (JJ fiscal) (NNS years))))) (. .)))

(S1 (S (NP (NP (NNS Aftereffects)) (PP (IN of) (NP (DT the) (CD 1987) (NN stock) (NN market) (NN crash)))) (VP (VBP head) (NP (NP (DT the) (NN list)) (PP (IN of) (NP (NNS reasons))))) (. .)))

(S1 (S (PP (IN In) (NP (NN addition))) (, ,) (NP (NN competition)) (VP (VBZ has) (VP (JJ glutted) (NP (DT the) (NN market)) (PP (IN with) (NP (DT both) (NNS skins) (CC and) (NNS coats))) (, ,) (S (VP (VBG driving) (NP (NNS prices)) (ADVP (RB down)))))) (. .)))

(S1 (S (NP (DT The) (NN animal-rights) (NN movement)) (VP (VBZ has) (RB n't) (VP (VBN helped) (NP (NNS sales)))) (. .)))

(S1 (S (S (NP (NP (JJ Warm) (NNS winters)) (PP (IN over) (NP (DT the) (JJ past) (CD two) (NNS years)))) (VP (VBP have) (VP (VBN trimmed) (NP (NN demand))))) (, ,) (ADVP (RB too)) (, ,) (NP (NNS furriers)) (VP (VBP complain)) (. .)))

(S1 (S (CC And) (NP (NP (DT those)) (SBAR (WHNP (WP who)) (S (VP (VBD did) (RB n't) (VP (VB move) (NP (DT some) (NN production)) (ADVP (RB overseas))))))) (VP (VBP suffer) (NP (NN labor) (NNS shortages))) (. .)))

(S1 (SINV (`` `) (S (`` `) (NP (NP (DT The) (JJ intensive) (NN labor)) (VP (VBN needed) (S (VP (TO to) (VP (VB manufacture) (NP (NP (NNS furs)) (-LRB- -LCB-) (PP (IN in) (NP (DT the) (NNP U.S.) (. .))) (-RRB- -RCB-))))))) (VP (VBZ is) (RB not) (ADJP (ADJP (RB as) (JJ available)) (SBAR (IN as) (S (NP (PRP it)) (VP (VBD was)))))) (, ,) ('' ')) ('' ') (VP (VBZ says)) (NP (NP (NNP Mr.) (NNP Schreibman)) (, ,) (SBAR (WHNP (WP who)) (S (VP (VBZ is) (VP (VBG starting) (NP (JJ overseas) (NN production))))))) (. .)))

(S1 (S (CC But) (NP (NP (NP (RB even) (DT those)) (SBAR (WHNP (WP who)) (S (VP (VBP have) (VP (VBN found) (NP (NP (DT a) (NN way)) (SBAR (S (VP (TO to) (VP (VB cope) (PP (IN with) (NP (DT the) (NNS imports))))))))))))) (CC and) (NP (DT the) (NN slump)) (, ,)) (VP (VBP fear) (SBAR (IN that) (S (NP (NNS furs)) (VP (VBP are) (VP (VBG losing) (NP (NP (NN part)) (PP (IN of) (NP (PRP$ their) (NN allure))))))))) (. .)))

(S1 (SINV (`` `) (S (`` `) (NP (NNS People)) (VP (VBP are) (VP (VP (VBG promoting) (NP (NP (NNS furs)) (PP (IN in) (NP (JJ various) (NNS ways))))) (CC and) (VP (VBG taking) (NP (DT the) (NN glamour)) (PP (IN out) (PP (IN of) (NP (DT the) (NN fur) (NN business))))))) (, ,) ('' ')) ('' ') (VP (VBZ says)) (NP (NP (NNP Stephen) (NNP Sanders)) (, ,) (NP (NP (JJ divisional) (NN merchandise) (NN manager)) (PP (IN for) (NP (NP (NP (NNP Marshall) (NNP Field) (POS 's)) (NN department) (NN store)) (PP (IN in) (NP (NNP Chicago))))))) (. .)))

(S1 (SINV (`` `) (S (`` `) (NP (PRP You)) (VP (MD ca) (RB n't) (VP (VB make) (NP (DT a) (NN commodity)) (PP (IN out) (PP (IN of) (NP (DT a) (NN luxury))))))) (, ,) ('' ') ('' ') (VP (VBZ insists)) (NP (NP (NNP Mr.) (NNP Purnick)) (, ,) (NP (DT the) (NNP New) (NNP York) (NN furrier))) (. .)))

(S1 (S (NP (PRP He)) (VP (VBZ contends) (SBAR (IN that) (S (S (VP (VBG chasing) (NP (NNS consumers)) (PP (IN with) (NP (JJ low-priced) (NNS imports))))) (VP (MD will) (VP (VB harm) (NP (DT the) (NN industry)) (PP (IN in) (NP (DT the) (JJ long) (NN run))) (PP (IN by) (S (VP (VBG reducing) (NP (NP (DT the) (NN prestige)) (PP (IN of) (NP (NNS furs)))))))))))) (. .)))

(S1 (S (CC But) (NP (NNP Mr.) (NNP Rosen)) (VP (VBZ responds) (: :) (`` `) (S (`` `) (SBAR (WHNP (WDT Whatever)) (S (NP (NNS people)) (VP (VBP want) (S (VP (TO to) (VP (VB buy))))))) (, ,) (NP (PRP I)) (VP (MD 'll) (VP (VB sell))))) (. .)))

(S1 (S (NP (NP (DT The) (NN name)) (PP (IN of) (NP (DT the) (NN game)))) (VP (VBZ is) (S (VP (TO to) (VP (VB move) (NP (NNS goods)))))) (. .)))

