(S1 (S (NP (NN Nothing)) (VP (VBD was) (VP (VBG going) (S (VP (TO to) (VP (VB hold) (PRT (RP up)) (NP (NP (DT the) (JJ long-delayed) (NN settlement)) (PP (IN of) (NP (NNP Britton) (FW vs.) (NNP Thomasini))))))))) (. .)))

(S1 (FRAG (RB Not) (NP (RB even) (DT an) (NN earthquake)) (. .)))

(S1 (S (PP (IN On) (NP (NP (DT the) (NN afternoon)) (PP (IN of) (NP (NNP Oct.) (CD 17))))) (, ,) (PP (IN after) (NP (NP (NNS hours)) (PP (IN of) (NP (NP (ADJP (JJ haggling) (PP (IN with) (NP (CD five) (NNS insurance-claims)))) (NNS adjusters)) (PP (IN over) (S (VP (VBG settling) (NP (DT a) (JJ toxic-waste) (NN suit))))))))) (, ,) (NP (CD four) (NNS lawyers)) (VP (VBD had) (NP (NP (DT an) (NN agreement)) (PP (IN in) (NP (NN hand))))) (. .)))

(S1 (S (CC But) (SBAR (IN as) (S (NP (NNP Judge) (NNP Thomas) (NNP M.) (NNP Jenkins)) (VP (VBD donned) (NP (PRP$ his) (NNS robes)) (SBAR (IN so) (S (NP (PRP he)) (VP (MD could) (VP (VB give) (NP (JJ final) (NN approval))))))))) (, ,) (NP (DT the) (JJ major) (NN earthquake)) (VP (VP (VBD struck)) (, ,) (NP (NP (PRP$ its) (NN epicenter)) (ADVP (RB not) (RB far) (PP (IN from) (NP (PRP$ his) (NN courtroom)) (PP (IN in) (NP (NP (NNP Redwood) (NNP City)) (, ,) (NP (NNP Calif)))))))) (. .)))

(S1 (S (S (NP (DT The) (NNS walls)) (VP (VBD shook))) (: ;) (S (NP (DT the) (NN building)) (VP (VBD rocked))) (. .)))

(S1 (S (PP (IN For) (NP (DT a) (NN while))) (, ,) (NP (PRP it)) (VP (VBD looked) (SBAR (IN like) (S (NP (NP (DT the) (NN deal)) (: --) (SBAR (S (RB not) (VP (TO to) (VP (VB mention) (NP (NP (DT the) (NN courtroom)) (NP (PRP itself))))))) (: --)) (VP (VBD was) (PP (IN on) (NP (NP (DT the) (NN verge)) (PP (IN of) (NP (NN collapse))))))))) (. .)))

(S1 (SINV (`` `) (S (`` `) (NP (DT The) (NN judge)) (VP (VP (VBD came) (PRT (RP out))) (CC and) (VP (VBD said) (, ,) (`` `) (S (NP (NNP Quick)) (, ,) (VP (VB let) (S (NP (PRP 's)) (VP (VB put) (NP (DT this)) (PP (IN on) (NP (DT the) (NN record))))))))) (, ,) ('' ')) ('' ') ('' ') (VP (VBZ says)) (NP (NP (NNP Sandy) (NNP Bettencourt)) (, ,) (NP (NP (DT the) (NN judge) (POS 's)) (NN court) (NN reporter))) (. .)))

(S1 (FRAG (`` `) (`` `) (S (NP (PRP I)) (VP (VBD said) (, ,) (`` `) (INTJ (RB NOW)))) (. ?) ('' ')))

(S1 (S (NP (PRP I)) (VP (VBD was) (VP (VBG shaking) (NP (DT the) (JJ whole) (NN time)))) (. .) ('' ') ('' ')))

(S1 (S (NP (NP (DT A) (JJ 10-gallon) (NN water)) (JJR cooler)) (VP (VBD had) (VP (VBD toppled) (PP (IN onto) (NP (DT the) (NN floor))) (, ,) (PP (VBG soaking) (NP (DT the) (JJ red) (NN carpeting))))) (. .)))

(S1 (S (S (NP (NNS Lights)) (VP (VBD flickered) (ADVP (IN on) (CC and) (IN off)))) (: ;) (S (NP (NN plaster)) (VP (VBD dropped) (PP (IN from) (NP (DT the) (NN ceiling))))) (, ,) (S (NP (DT the) (NNS walls)) (ADVP (RB still)) (VP (VBD shook))) (CC and) (S (NP (DT an) (NN evacuation) (NN alarm)) (VP (VBD blared) (ADVP (RB outside)))) (. .)))

(S1 (S (NP (DT The) (CD four) (NNS lawyers)) (VP (VBD climbed) (PRT (RP out)) (PP (IN from) (NP (QP (IN under) (DT a)) (NN table)))) (. .)))

(S1 (SINV (`` `) (S (`` `) (NP (NNP Let) (POS 's)) (VP (VB close) (NP (DT the) (NN door))) (, ,) ('' ')) ('' ') (VP (VBD said)) (NP (DT the) (NN judge) (SBAR (IN as) (S (NP (PRP he)) (VP (VBD climbed) (PP (TO to) (NP (PRP$ his) (NN bench))))))) (. .)))

(S1 (SINV (PP (IN At) (NP (NN stake))) (VP (VBD was)) (NP (NP (DT an) (ADJP ($ $) (CD 80,000)) (NN settlement)) (VP (VBG involving) (SBAR (WHNP (WP who)) (S (VP (MD should) (VP (VB pay) (NP (NP (WP what) (NN share)) (PP (IN of) (NP (NN cleanup) (NNS costs)))) (PP (IN at) (NP (NP (DT the) (NN site)) (PP (IN of) (NP (NP (DT a) (JJ former) (NN gas) (NN station)) (, ,) (SBAR (WHADVP (WRB where)) (S (NP (JJ underground) (NN fuel) (NNS tanks)) (VP (VBD had) (VP (VP (VBN leaked)) (CC and) (VP (VBN contaminated) (NP (DT the) (NN soil))))))))))))))))) (. .)))

(S1 (S (CC And) (NP (DT the) (NNS lawyers)) (VP (VBD were) (ADJP (ADVP (RB just) (RB as)) (JJ eager)) (SBAR (IN as) (S (NP (DT the) (NN judge)) (VP (TO to) (VP (NN wrap) (NP (PRP it)) (ADVP (RP up))))))) (. .)))

(S1 (SINV (`` `) (S (`` `) (NP (PRP We)) (VP (VBD were) (ADVP (RB never)) (VP (VBG going) (S (VP (TO to) (VP (VB get) (S (NP (DT these) (NN insurance) (NNS companies)) (VP (TO to) (VP (VB agree) (ADVP (RB again)))))))))) (, ,) ('' ')) ('' ') (VP (VBZ says)) (NP (NP (NNP John) (NNP V.) (NNP Trump)) (, ,) (NP (NP (DT a) (NNP San) (NNP Francisco) (NN defense) (NN lawyer)) (PP (IN in) (NP (DT the) (NN case))))) (. .)))

(S1 (S (ADVP (RB Indeed)) (, ,) (NP (DT the) (NN insurance) (NNS adjusters)) (VP (VBD had) (ADVP (RB already)) (VP (VBN bolted) (PP (IN out) (PP (IN of) (NP (DT the) (NN courtroom)))))) (. .)))

(S1 (S (NP (DT The) (NNS lawyers)) (VP (VBD went) (PP (TO to) (NP (VB work))) (ADVP (RB anyway)) (, ,) (S (VP (ADVP (RB duly)) (VBG noting) (SBAR (IN that) (S (NP (DT the) (NN proceeding)) (VP (VBD was) (VP (VBG taking) (NP (NN place)) (PP (IN during) (NP (DT a) (JJ major) (NN earthquake)))))))))) (. .)))

(S1 (S (ADVP (NP (CD Ten) (NNS minutes)) (RB later)) (, ,) (NP (PRP it)) (VP (VBD was) (VP (VBN done))) (. .)))

(S1 (S (PP (IN For) (NP (DT the) (NN record))) (, ,) (NP (NP (NNP Jeffrey) (NNP Kaufman)) (, ,) (NP (NP (DT an) (NN attorney)) (PP (IN for) (NP (NP (NNP Fireman) (POS 's)) (NNP Fund)))) (, ,)) (VP (VBD said) (SBAR (S (NP (PRP he)) (VP (VBD was) (UCP (`` `) (`` `) (ADJP (JJ rattled)) (: --) (DT both) (ADVP (RB literally)) (CC and) (ADVP (RB figuratively))))))) (. .) ('' ') ('' ')))

(S1 (SINV (`` `) (S (`` `) (S (NP (PRP$ My) (NN belief)) (VP (VBZ is) (ADVP (RB always)))) (, ,) (SBAR (IN if) (S (NP (PRP you)) (VP (VBP 've) (VP (VBN got) (NP (DT a) (NN settlement)))))) (, ,) (NP (PRP you)) (VP (VB read) (NP (PRP it)) (PP (IN into) (NP (DT the) (NN record)))) (. .) ('' ')) ('' ') (VP (VBZ says)) (NP (NP (NNP Judge) (NNP Jenkins)) (, ,) (VP (ADVP (RB now)) (VBN known) (PP (IN in) (NP (PRP$ his) (NN courthouse))) (PP (IN as) (`` `) (NP (`` `) (NP (NN Shake)) ('' ') (NP (NNP Em) (NNP Down) (NNPS Jenkins)))))) (. .) ('' ') ('' ')))

(S1 (S (NP (DT The) (NN insurance) (NNS adjusters)) (VP (VBP think) (ADVP (RB differently))) (. .)))

(S1 (SINV (`` `) (S (`` `) (NP (PRP I)) (VP (VBD did) (RB n't) (VP (VB know) (SBAR (IN if) (S (NP (PRP it)) (VP (VBD was) (NP (NP (NNP World) (NNP War) (NNP III)) (CC or) (NP (WP what))))))))) (, ,) ('' ') ('' ') (VP (VBZ says)) (NP (NP (NNP Melanie) (NNP Carvain)) (PP (IN of) (NP (NP (NNP Morristown)) (, ,) (NP (NNP N.J))))) (. .)))

(S1 (S (`` `) (`` `) (S (VP (VBG Reading) (NP (DT the) (NN settlement)) (PP (IN into) (NP (DT the) (NN record))))) (VP (VBD was) (NP (DT the) (JJ last) (NN thing)) (PP (IN on) (NP (PRP$ my) (NN mind)))) (. .)))

