(S1 (S (NP (NNP GREAT) (NNP NORTHERN) (NNP NEKOOSA)) (VP (VBZ is) (VP (VBG being) (VP (VBN sought) (PP (IN by) (NP (NP (DT another) (JJ big) (NN paper) (NN company)) (, ,) (NP (NNP Georgia-Pacific)) (, ,))) (PP (IN for) (NP (NP (NP ($ $) (CD 58)) (NP (DT a) (NN share))) (, ,) (CC or) (NP (QP (RB about) ($ $) (CD 3.18) (CD billion)))))))) (. .)))

(S1 (S (NP (NP (DT The) (NN tender) (NN offer)) (, ,) (SBAR (WHNP (WDT which)) (S (VP (VBD surprised) (NP (NNS analysts)) (SBAR (IN because) (S (NP (PRP it)) (VP (VBD appeared) (S (VP (TO to) (VP (VB be) (ADJP (JJ unsolicited))))))))))) (, ,)) (VP (MD could) (VP (VB spark) (NP (NP (DT a) (NN period)) (PP (IN of) (NP (NN industry) (NN consolidation)))))) (. .)))

(S1 (S (NP (NNS Analysts)) (VP (VBD questioned) (SBAR (IN whether) (S (NP (NNP Georgia-Pacific)) (VP (MD will) (ADVP (RB ultimately)) (VP (VB prevail))))) (, ,) (S (VP (VBG saying) (SBAR (S (NP (JJ other) (NN paper) (NNS concerns)) (VP (MD may) (VP (VB make) (NP (VBG competing) (NNS bids))))))))) (. .)))

(S1 (S (NP (CD Two) (JJR more) (NNS securities) (NNS firms)) (VP (VBD bowed) (PP (TO to) (NP (NP (DT the) (NN outcry)) (PP (IN over) (NP (NN program) (NN trading)))))) (. .)))

(S1 (S (NP (NP (NNP GE) (POS 's)) (NNP Kidder) (NNP Peabody) (NN unit)) (VP (VBD said) (SBAR (S (NP (PRP it)) (VP (MD would) (VP (VB stop) (S (VP (VBG doing) (NP (NP (NN stock-index) (NN arbitrage)) (PP (IN for) (NP (PRP$ its) (JJ own) (NN account)))))) (, ,) (SBAR (IN while) (S (NP (NNP Merrill) (NNP Lynch)) (VP (VBD said) (SBAR (S (NP (PRP it)) (VP (VBD was) (VP (VBG halting) (NP (JJ such) (NN trading)) (ADVP (RB entirely)))))))))))))) (. .)))

(S1 (S (ADVP (RB Also)) (, ,) (NP (DT the) (NNP Big) (NNP Board)) (VP (VBD met) (PP (IN with) (NP (JJ angry) (NN stock) (NNS specialists)))) (. .)))

(S1 (S (NP (DT A) (JJ big) (JJ pension-insurance) (NN case)) (VP (MD will) (VP (VB be) (VP (VBN reviewed) (PP (IN by) (NP (DT the) (NNP Supreme) (NNP Court)))))) (. .)))

(S1 (S (NP (DT The) (NNS justices)) (VP (VBD agreed) (S (VP (TO to) (VP (VB decide) (SBAR (IN whether) (S (NP (JJ federal) (NNS insurers)) (VP (MD can) (VP (VB require) (S (NP (NNP LTV)) (VP (TO to) (VP (VB take) (PRT (RP back)) (NP (NP (NN responsiblilty)) (PP (IN for) (S (VP (VBG funding) (NP (PRP$ its) (ADJP (QP ($ $) (CD 2.3) (CD billion))) (NN pension) (NN shortfall))))))))))))))))) (. .)))

(S1 (S (NP (NN Drug) (NNS companies)) (VP (VBD lost) (NP (DT a) (JJ major) (NN liability) (NN case))) (. .)))

(S1 (S (NP (DT The) (NNP Supreme) (NNP Court)) (VP (VBD let) (S (VP (VB stand) (NP (NP (DT a) (NNP New) (NNP York) (NN ruling)) (SBAR (WHNP (IN that)) (S (NP (NP (DT all) (NNS manufacturers)) (PP (IN of) (NP (DT an) (JJ anti-miscarriage) (NN drug)))) (VP (VBP are) (ADJP (JJ liable) (PP (IN for) (NP (NNS injuries) (CC or) (NNS deaths)))) (SBAR (IN if) (S (NP (DT the) (JJ actual) (NN maker)) (VP (VBZ is) (RB n't) (VP (VBN known)))))))))))) (. .)))

(S1 (S (NP (NNP Revco)) (VP (VBD received) (NP (NP (DT a) (ADJP (QP ($ $) (CD 925) (CD million))) (NN takeover) (NN offer)) (PP (IN from) (NP (NP (NNP Texas) (NN financier) (NNP Robert) (NNP Bass)) (CC and) (NP (NNP Acadia) (NNPS Partners)))))) (. .)))

(S1 (S (NP (DT The) (NN drugstore) (NN chain)) (VP (VBD reacted) (ADVP (RB cautiously)) (, ,) (S (VP (VBG saying) (SBAR (S (NP (DT the) (NN plan)) (VP (MD would) (VP (ADVP (RB further)) (VB swell) (NP (NP (PRP$ its) (JJ huge) (NN debt)) (, ,) (SBAR (WHNP (WDT which)) (S (VP (VBD forced) (NP (DT the) (NN company)) (PP (IN into) (NP (NNP Chapter) (CD 11) (NN protection))) (NP (JJ last) (NN year))))))))))))) (. .)))

(S1 (S (NP (NNP Rockefeller) (NNP Group)) (VP (VBD agreed) (S (VP (TO to) (VP (VB sell) (NP (NP (DT a) (ADJP (CD 51) (NN %)) (NN interest)) (PP (TO to) (NP (NP (NNP Mitsubishi) (NNP Estate)) (, ,) (NP (DT a) (JJ major) (JJ Japanese) (NN developer) (CC and) (NN property) (NN owner)) (, ,)))) (PP (IN for) (NP (QP ($ $) (CD 846) (CD million)))))))) (. .)))

(S1 (S (NP (NP (NNS Officials)) (PP (IN at) (NP (DT some) (NNP Rockefeller) (NNS units)))) (VP (VBP are) (VP (VBN said) (S (VP (TO to) (VP (VB be) (ADJP (JJ unhappy) (PP (IN with) (NP (DT the) (NN agreement))))))))) (. .)))

(S1 (S (NP (NNP Continental) (NNP Air)) (VP (VBD replaced) (NP (NP (PRP$ its) (JJ top) (NN executive)) (PP (IN for) (NP (DT the) (JJ sixth) (NN time)))) (PP (IN in) (NP (ADJP (RB as) (JJ many)) (NNS years)))) (. .)))

(S1 (S (NP (NP (NN Chairman)) (CC and) (NP (JJ Chief) (NN Executive))) (NP (NNP Joseph) (NNP Corr)) (VP (VBD was) (VP (VBN succeeded) (PP (IN by) (NP (NP (NNP Frank) (NNP Lorenzo)) (, ,) (NP (NP (NN chief)) (PP (IN of) (NP (NN parent) (NNP Texas) (NNP Air)))))))) (. .)))

(S1 (S (NP (NP (NNP United) (NNP Air) (POS 's)) (NN parent)) (VP (MD may) (VP (VB have) (S (VP (TO to) (VP (VB pay) (NP (QP (RB as) (JJ much) (IN as) ($ $) (CD 53.7) (CD million))) (PP (TO to) (NP (DT the) (JJ labor-management) (NN buy-out) (NN group))) (PP (IN for) (NP (NP (NNS fees) (CC and) (NNS expenses)) (VP (VBN incurred) (PP (IN in) (NP (PRP$ their) (VBN failed) (ADJP (QP ($ $) (CD 6.79) (CD billion))) (NN takeover) (NN bid))))))))))) (. .)))

(S1 (S (NP (NNP Gen-Probe)) (VP (VBD agreed) (S (VP (TO to) (VP (VB be) (VP (VBN bought) (PP (IN by) (NP (NNP Chugai) (NNP Pharmaceutical))) (PP (IN for) (NP (QP (RB about) ($ $) (CD 110) (CD million))))))))) (. .)))

(S1 (S (NP (DT The) (NN sale)) (VP (VBZ is) (ADJP (JJ likely) (S (VP (TO to) (VP (VB fuel) (NP (NP (NN concern)) (PP (IN about) (NP (NP (VBG growing) (JJ Japanese) (NN investment)) (PP (IN in) (NP (NNP U.S.) (NN biotechnology) (NNS firms))))))))))) (. .)))

(S1 (S (S (NP (NNP Boeing)) (VP (VBD posted) (NP (NP (DT a) (ADJP (CD 68) (NN %)) (NN jump)) (PP (IN in) (NP (JJ third-quarter) (NNS earnings)))))) (, ,) (CC but) (S (NP (NP (NNP Wall) (NNP Street) (POS 's)) (NN attention)) (VP (VBD was) (VP (VBN focused) (PP (IN on) (NP (NP (DT the) (JJ continued) (NN strike)) (PP (IN at) (NP (DT the) (NN aircraft) (NN maker)))))))) (. .)))

(S1 (S (NP (DT The) (NNP Fed)) (VP (VBD delayed) (NP (NP (NN approval)) (PP (IN of) (NP (NP (NP (NNP First) (NNP Union) (POS 's)) (ADJP (QP ($ $) (CD 849) (CD million))) (NN acquisition)) (PP (IN of) (NP (NNP Florida) (NNP National) (NNPS Banks)))))) (S (VP (VBG pending) (NP (NP (DT a) (NN review)) (PP (IN of) (NP (NP (NNP First) (NNP Union) (POS 's)) (NN lending) (NNS practices)))) (PP (IN in) (NP (JJ low-income) (NNS neighborhoods)))))) (. .)))

(S1 (S (NP (NP (NNP Allianz)) (PP (IN of) (NP (NNP West) (NNP Germany)))) (VP (VBD entered) (NP (NP (DT the) (NN takeover) (NN battle)) (PP (IN between) (NP (NP (NNP France) (POS 's)) (NNP Paribas) (CC and) (NNP Navigation) (NNP Mixte))))) (. .)))

(S1 (S (NP (NNP Maxwell)) (VP (VBD agreed) (S (VP (TO to) (VP (VB sell) (NP (PRP$ its) (NNP U.S.) (NN printing) (NN unit)) (PP (TO to) (NP (NNP Quebecor))) (PP (IN for) (NP (QP ($ $) (CD 500) (CD million)))) (, ,) (S (VP (VBG making) (S (NP (NNP Quebecor)) (NP (NP (DT the) (NNP No.) (CD 2) (JJ commercial) (NN printer)) (PP (IN in) (NP (NNP North) (NNP America))))))))))) (. .)))

(S1 (S (NP (JJ New) (NN construction) (NNS contracts)) (VP (VBD rose) (NP (CD 8) (NN %)) (PP (IN in) (NP (NNP September))) (, ,) (S (VP (VBN led) (PP (IN by) (NP (JJ commercial) (, ,) (JJ industrial) (CC and) (JJ public-works) (NNS projects))))) (, ,) (PP (VBG according) (PP (TO to) (NP (NNP F.W.) (NNP Dodge) (NNP Group))))) (. .)))

(S1 (S (NP (NNP Western) (NNP Union)) (VP (VBD took) (NP (NP (NNS steps)) (SBAR (S (VP (TO to) (VP (VB withdraw) (NP (DT a) (ADJP (QP ($ $) (CD 500) (CD million))) (NN debt) (NN swap))))))) (, ,) (S (VP (VBG citing) (NP (NP (NN turmoil)) (PP (IN in) (NP (DT the) (NN junk) (NN bond) (NN market))))))) (. .)))

(S1 (NP (NNS Markets) (: --)))

(S1 (NP (NP (NNS Stocks)) (: :) (NP (NP (NN Volume)) (NP (CD 126,630,000) (NNS shares))) (. .)))

(S1 (S (NP (NNP Dow) (NNP Jones)) (VP (VBZ industrials) (NP (NP (NP (CD 2603.48)) (, ,) (ADVP (RB up) (NP (CD 6.76)))) (: ;) (NP (NP (NN transportation)) (NP (NP (CD 1191.86)) (, ,) (ADVP (RB up) (NP (CD 1.43))))) (: ;) (NP (NP (NNS utilities)) (NP (NP (CD 216.74)) (, ,) (ADVP (RB up) (NP (CD 0.88))))))) (. .)))

(S1 (NP (NP (NNS Bonds)) (: :) (NP (NP (NNP Shearson) (NNP Lehman) (NNP Hutton) (NNP Treasury) (NN index)) (NP (CD 3416.81)) (, ,) (ADVP (IN up)))))

(S1 (NP (NP (NNS Commodities)) (: :) (NP (NP (NP (NNP Dow) (NNP Jones) (NNS futures) (NN index)) (NP (CD 129.38)) (, ,) (ADVP (IN off) (NP (CD 0.11)))) (: ;) (NP (NP (NN spot) (NN index)) (NP (CD 130.09)) (, ,) (ADVP (IN off) (NP (CD 0.71))))) (. .)))

(S1 (NP (NP (NN Dollar)) (: :) (NP (NP (NP (CD 141.90) (NN yen)) (, ,) (ADVP (IN up) (NP (CD 0.25)))) (: ;) (NP (NP (CD 1.8340) (NNS marks)) (, ,) (ADVP (IN up) (NP (CD 0.0040))))) (. .)))

