(S1 (S (NP (`` `) (JJ Frequent) (NN Drinker) ('' ') (NN Offer)) (VP (VBZ Stirs) (PRT (RP Up)) (NP (JJ Spirited) (NN Debate)))))

(S1 (S (S (VP (TO TO) (VP (VB GRAB) (NP (NP (DT a) (JJR bigger) (NN piece)) (PP (IN of) (NP (DT the) (VBG declining) (NN scotch) (NN market))))))) (, ,) (NP (NNP Seagram) (NNP Co.)) (VP (VBZ has) (VP (VBN launched) (NP (NP (DT a) (JJ controversial) (`` `) (ADJP (`` `) (JJ frequent) (NN drinker) ('' ')) ('' ') (NN promotion)) (PP (IN for) (NP (PRP$ its) (NNP Chivas) (NNP Regal) (NN brand)))))) (. .)))

(S1 (S (PP (IN Under) (NP (NP (DT the) (NN program)) (, ,) (VP (VBN dubbed) (S (NP (NNP Chivas) (NNP Class)))))) (, ,) (NP (NP (NNS customers)) (SBAR (WHNP (WP who)) (S (VP (VB send) (PRT (RP in)) (NP (NP (CD two) (NNS labels)) (PP (IN from) (NP (NNP Chivas) (NNS bottles)))))))) (VP (MD will) (VP (VB receive) (NP (NP (DT an) (NN upgrade)) (PP (IN in) (NP (NN seating) (NN class)))) (PP (IN on) (NP (DT some) (NNP Trans) (NNP World) (NNPS Airlines) (NNS flights))))) (. .)))

(S1 (S (NP (NN Repeat) (NNS customers)) (ADVP (RB also)) (VP (MD can) (VP (VB purchase) (NP (NN luxury) (NNS items)) (PP (IN at) (NP (VBN reduced) (NNS prices))))) (. .)))

(S1 (S (CC But) (PP (IN at) (NP (NP (DT a) (NN time)) (PP (IN of) (NP (NP (VBG mounting) (NN concern)) (PP (IN over) (NP (NN alcohol) (NN abuse))))))) (, ,) (NP (DT some) (NN liquor) (NNS marketers)) (VP (VBP consider) (S (NP (NP (NNP Seagram) (POS 's)) (JJ frequent) (NN buyer) (NN promotion)) (ADJP (JJ risky)))) (. .)))

(S1 (SINV (`` `) (S (`` `) (NP (PRP I)) (VP (VBP 'm) (ADJP (JJ surprised) (SBAR (S (NP (PRP they)) (VP (VBP 're) (VP (VBG doing) (NP (DT this)))))))) (, ,) ('' ')) ('' ') (VP (VBZ says)) (NP (NP (NNP Penn) (NNP Kavanagh)) (, ,) (NP (NP (NN president)) (PP (IN of) (NP (NP (NNP Schieffelin) (CC &) (NNP Somerset) (NNP Co.)) (, ,) (SBAR (WHNP (WDT which)) (S (VP (VBZ markets) (NP (NNP Johnnie) (NNP Walker) (NNS scotches))))))))) (. .)))

(S1 (S (`` `) (S (`` `) (NP (PRP I)) (VP (MD would) (VP (VB be) (ADJP (RB very) (JJ leery) (PP (IN of) (NP (NP (NN anything)) (SBAR (WHNP (WDT that)) (S (VP (VBZ says))))))) (SBAR (IN if) (S (NP (PRP you)) (VP (VBP drink) (NP (JJR more)))))))) (, ,) (NP (PRP you)) (VP (VBP get) (NP (JJR more))) (. .) ('' ') ('' ')))

(S1 (S (NP (NNS Others)) (VP (VBP question) (NP (NP (DT the) (NN impact)) (PP (IN on) (NP (NP (NP (NNP Chivas) (POS 's)) (NN upscale) (NN image)) (PP (IN of) (NP (NP (DT a) (NN promotion)) (SBAR (WHNP (WDT that)) (S (VP (VBZ has) (S (NP (NNS customers)) (VP (VBG soaking) (PRT (RP off)) (NP (NNS labels))))))))))))) (. .)))

(S1 (SINV (`` `) (S (`` `) (NP (PRP It)) (VP (VBZ 's) (ADJP (RB really) (JJ bizarre))) (, ,) ('' ')) ('' ') (VP (VBZ says)) (NP (NP (NNP Albert) (NNP Lerman)) (, ,) (NP (NP (JJ creative) (NN director)) (PP (IN at) (NP (NP (DT the) (NNP Wells) (NNP Rich) (NNP Greene)) (NN ad) (NN agency))))) (. .)))

(S1 (S (`` `) (NP (`` `) (NNP Chivas)) (VP (VBZ has) (NP (NP (DT an) (NN image)) (PP (IN of) (NP (NP (NN something)) (SBAR (S (NP (PRP you)) (VP (MD would) (VP (VP (VB savor)) (, ,) (CONJP (RB rather) (IN than)) (VP (VB guzzle)))))))))) (. .) ('' ') ('' ')))

(S1 (S (NP (NNP Chivas) (NNP Class)) (VP (VBZ is) (RB n't) (NP (DT the) (JJ first) (JJ such) (NN promotion))) (. .)))

(S1 (S (NP (JJ Last) (NN year)) (, ,) (NP (NNP J&B)) (VP (NN Scotch) (VP (VBD offered) (NP (CD 500) (NNP TWA) (JJ frequent) (NN flier) (NNS miles)) (PP (IN in) (NP (NP (NN exchange)) (PP (IN for) (NP (DT a) (NN label))))))) (. .)))

(S1 (S (CC And) (NP (NNP Dewar) (POS 's)) (VP (VBD gave) (NP (NP (NNS discounts)) (PP (IN on) (NP (JJ Scottish) (NN merchandise)))) (PP (TO to) (NP (NP (NNS people)) (SBAR (WHNP (WP who)) (S (VP (VBD sent) (PP (IN in) (NP (NN bottle) (NNS labels))))))))) (. .)))

(S1 (S (CC But) (NP (NP (DT the) (NN scope)) (PP (IN of) (NP (NP (NNP Seagram) (POS 's)) (NNP Chivas) (NN promotion)))) (VP (VBZ sets) (NP (PRP it)) (ADVP (RB apart))) (. .)))

(S1 (S (NP (DT The) (JJ current) (NN campaign)) (VP (VBZ is) (ADVP (RB just)) (NP (NP (DT the) (JJ first) (NN leg)) (PP (IN of) (NP (DT an) (JJ aggressive) (JJ three-to-five-year) (JJ direct) (NN marketing) (NN plan))))) (. .)))

(S1 (S (NP (NNP Seagram)) (VP (VBZ says) (SBAR (S (NP (DT the) (NN promotion)) (VP (VBZ is) (VP (VBN designed) (S (VP (TO to) (VP (VP (VB build) (NP (NN brand) (NN loyalty))) (CONJP (RB rather) (IN than)) (VP (VB promote) (NP (JJ heavy) (NN drinking))))))))))) (. .)))

(S1 (SINV (S (NP (NNP Seagram)) (VP (VBZ asks) (NP (NNS customers)) (S (VP (TO to) (VP (VB buy) (NP (QP (RB only) (CD two) (CC or) (CD three)) (NNS bottles)) (PP (IN over) (NP (DT a) (JJ 12-month) (NN period)))))))) (, ,) (VP (VBZ says)) (NP (NP (NNP Richard) (NNP Shaw)) (, ,) (NP (NP (NN vice) (NN president)) (PP (IN of) (NP (NNP U.S.) (JJ direct) (NN marketing))))) (. .)))

(S1 (S (`` `) (`` `) (S (NP (PRP We)) (VP (VBP 're) (RB not) (VP (VBG asking) (NP (PRP them)) (S (VP (TO to) (VP (VB save) (PRT (RP up)) (NP (CD 50) (NNS proof-of-purchases)))))))) (. .)))

(S1 (S (NP (PRP We)) (VP (VBP 're) (RB not) (VP (VBG saying) (NP (NN drink)) (ADVP (RBR more)) (, ,) (S (NP (PRP we)) (VP (VBP 're) (VP (VBG saying) (NP (NN trade)) (PRT (RP up))))))) (. .) ('' ') ('' ')))

(S1 (NP (NP (NNP Goya) (NNPS Concocts)) (NP (NP (DT a) (NN Milk)) (PP (IN For) (NP (NNP Hispanic) (NNS Tastes))))))

(S1 (S (NP (JJS MOST) (NN FOOD) (NNS companies)) (NP (DT these) (NNS days)) (VP (VBP are) (VP (VBG trimming) (NP (NP (DT the) (UCP (JJ fat) (CC and) (NN cholesterol)) (NN content)) (PP (IN of) (NP (PRP$ their) (NNS products)))) (S (VP (TO to) (VP (VB appeal) (PP (TO to) (NP (JJ health-conscious) (NNS consumers)))))))) (. .)))

(S1 (S (CC But) (NP (NNP Goya) (NNPS Foods) (NNP Inc.)) (VP (VBZ believes) (SBAR (S (NP (PRP it)) (VP (MD can) (VP (VB milk) (NP (DT some) (NNS sales)) (PP (IN by) (S (VP (VBG bucking) (NP (DT the) (NN trend)))))))))) (. .)))

(S1 (S (NP (DT The) (NAC (NNP Secaucus) (, ,) (NNP N.J.) (, ,)) (NN company)) (VP (VBZ has) (VP (VBN formed) (NP (NP (DT a) (JJ joint) (NN venture)) (PP (IN with) (NP (NP (DT a) (NN distributor)) (VP (VBN called) (S (NP (NNP La) (NNP Lecheria)) (VP (TO to) (VP (VB market) (NP (NP (DT a) (JJ higher-fat) (NN milk)) (VP (VBN targeted) (PP (IN at) (NP (NNP Hispanic) (NNS consumers)))))))))))))) (. .)))

(S1 (S (S (VP (TO To) (VP (VB give) (NP (NNP Leche) (NNP Fresca)) (NP (DT the) (JJ creamier) (NN taste))))) (NP (NNP Goya)) (VP (VBZ says) (SBAR (S (NP (NNPS Hispanics)) (VP (VBP prefer)))) (, ,) (SBAR (S (NP (DT the) (JJ new) (NN brand)) (VP (VBZ has) (NP (NP (DT a) (JJ butterfat) (NN content)) (PP (IN of) (NP (CD 3.8) (NN %)))))))) (. .)))

(S1 (S (NP (DT That)) (VP (VBZ compares) (PP (IN with) (NP (NP (ADJP (CD 3.5) (NN %)) (NN butterfat)) (PP (IN for) (NP (JJ whole) (NN milk)))))) (. .)))

(S1 (S (NP (NP (DT A) (NN spokesman)) (PP (IN for) (NP (NP (NNP Borden) (NNP Inc.)) (, ,) (NP (NP (DT the) (NN nation) (POS 's)) (JJS largest) (NN milk) (NN producer)) (, ,)))) (VP (VBZ concedes) (SBAR (S (NP (NNP Goya)) (VP (MD may) (VP (VB be) (PP (IN on) (PP (TO to) (NP (NN something))))))))) (. .)))

(S1 (S (SBAR (NNP Borden) (S (VP (VBZ sells) (NP (NP (ADJP (RB considerably) (JJR more)) (JJ whole) (NN milk)) (PP (IN than) (NP (JJ reduced-fat) (NNS milks)))) (PP (IN in) (NP (JJ southern) (CC and) (NNP Hispanic) (NNS markets)))))) (, ,) (NP (PRP he)) (VP (VBZ says)) (. .)))

(S1 (S (NP (NNP Borden)) (VP (VP (ADVP (RB even)) (VBD tested) (NP (NP (DT a) (NN milk)) (PP (IN with) (NP (NP (ADJP (CD 4) (NN %)) (NN butterfat)) (PP (IN in) (NP (DT the) (NNP South))))))) (, ,) (CC but) (VP (VBD decided) (SBAR (S (NP (DT the) (NN market)) (VP (VBD was) (ADJP (RB too) (JJ small))))))) (. .)))

(S1 (S (NP (NNP Goya)) (VP (VBZ is) (VP (VBG selling) (NP (NNP Leche) (NNP Fresca)) (PP (IN in) (NP (NP (NP (NP (QP (RB nearly) (CD 500)) (NN grocery) (NNS stores)) (CC and) (NP (NNS bodegas))) (PP (IN in) (NP (NNP New) (NNP York)))) (CC and) (NP (NP (NNS parts)) (PP (IN of) (NP (NNP New) (NNP Jersey)))))))) (. .)))

(S1 (SINV (CC And) (S (NP (PRP it)) (VP (VBZ 's) (VP (VBG adding) (NP (NP (QP (CD 15) (TO to) (CD 20)) (JJ new) (NNS outlets)) (NP (DT a) (NN day)))))) (, ,) (VP (VBZ says)) (NP (NP (NNP Greg) (NNP Ricca)) (, ,) (NP (NP (NNS sales) (NN director)) (PP (IN at) (NP (NNP La) (NNP Lecheria))))) (. .)))

(S1 (S (PP (IN Because) (IN of) (NP (NP (NNP Leche) (NNP Fresca) (POS 's)) (NN success))) (PRN (, ,) (S (NP (PRP he)) (VP (VBZ says))) (, ,)) (NP (DT the) (JJ joint) (NN venture)) (VP (VBZ is) (VP (VBG developing) (NP (NP (JJ other) (NN dairy) (NNS products)) (VP (VBN tailored) (PP (TO to) (NP (NNP Hispanic) (NNS tastes))))))) (. .)))

(S1 (S (NP (NN Jewelry) (NNS Makers)) (VP (VBP Copy) (NP (NNPS Cosmetics) (NNS Sales) (NNS Ploys)))))

(S1 (S (PP (IN FOR) (NP (NNS YEARS))) (, ,) (NP (JJ costume) (NN jewelry) (NNS makers)) (VP (VBD fought) (NP (DT a) (NN losing) (NN battle))) (. .)))

(S1 (S (NP (NP (NN Jewelry) (NNS displays)) (PP (IN in) (NP (NN department) (NNS stores)))) (VP (VBD were) (ADJP (ADJP (RB often) (VBN cluttered)) (CC and) (ADJP (JJ uninspired)))) (. .)))

(S1 (S (CC And) (NP (DT the) (NN merchandise)) (VP (VBD was) (, ,) (ADVP (RB well)) (, ,) (ADJP (JJ fake))) (. .)))

(S1 (S (PP (IN As) (NP (DT a) (NN result))) (, ,) (NP (NP (NNS marketers)) (PP (IN of) (NP (FW faux) (NNS gems)))) (ADVP (RB steadily)) (VP (VBD lost) (NP (NP (NN space)) (PP (IN in) (NP (NN department) (NNS stores)))) (PP (TO to) (NP (NP (RBR more) (JJ fashionable) (NNS rivals)) (: --) (NP (NNS cosmetics) (NNS makers))))) (. .)))

(S1 (S (CC But) (ADVP (RB lately)) (PRN (, ,) (S (NP (NNS retailers)) (VP (VBP say))) (, ,)) (NP (NN fake)) (VP (VBZ has) (VP (VBN become) (NP (JJR more) (NN fashionable)))) (. .)))

(S1 (S (CC And) (NP (NN jewelry) (NNS makers)) (VP (VBP are) (VP (VBG beginning) (S (VP (TO to) (VP (VB use) (NP (NP (JJ many)) (PP (IN of) (NP (NP (DT the) (JJ same) (NN marketing) (NNS tricks)) (VP (VBN honed) (PP (IN in) (NP (NP (DT the) (JJ aggressive) (NN world)) (PP (IN of) (NP (NNS cosmetics)))))))))))))) (. .)))

(S1 (SINV (S (NP (JJ Last) (NN year)) (, ,) (NP (NP (DT the) (JJ total) (NNS women) (POS 's)) (NN fashion) (NN jewelry) (NN business)) (VP (VBD topped) (NP (QP ($ $) (CD 4.9) (CD billion))))) (, ,) (VP (VBZ says)) (NP (NP (NNP Karen) (NNP Alberg)) (, ,) (NP (NP (NN editor)) (PP (IN of) (NP (NNS Accessories) (NN magazine))))) (. .)))

(S1 (S (CC And) (NP (PRP it)) (VP (VBZ 's) (VP (VBG growing) (ADVP (RB fast)) (, ,) (PP (IN with) (NP (NP (JJ annual) (NNS sales) (NNS gains)) (PP (IN of) (NP (QP (JJR more) (IN than) (CD 10)) (NN %))))))) (. .)))

(S1 (S (S (VP (TO To) (VP (VB increase) (NP (NP (PRP$ their) (NN share)) (PP (IN of) (NP (DT that) (NN business))))))) (, ,) (NP (NP (NP (NN jewelry) (NNS makers)) (PP (JJ such) (IN as) (NP (NP (NN Crystal) (NNP Brands) (NNP Inc.) (POS 's)) (NNP Trifari) (CC and) (NNP Monet) (NNS units)))) (CC and) (NP (NP (NNP Swank) (NNP Inc.)) (, ,) (NP (NP (NN maker)) (PP (IN of) (NP (NNP Anne) (NNP Klein) (NN jewelry)))) (, ,))) (VP (VBP are) (VP (VBG launching) (NP (NP (JJ new) (NNS lines)) (PP (IN with) (NP (NP (ADJP (RB as) (JJ much)) (NN fanfare)) (PP (IN as) (NP (DT the) (NN fragrance) (NNS companies)))))))) (. .)))

(S1 (S (S (NP (PRP They)) (VP (VBP 're) (VP (VBG hiring) (NP (NNS models) (S (VP (TO to) (VP (VB stroll) (NP (NP (DT the) (NNS aisles)) (VP (VBG sporting) (NP (PRP$ their) (NNS jewels))))))))))) (, ,) (CC and) (S (NP (PRP they)) (VP (VBP 're) (ADVP (RB even)) (VP (VBG beginning) (S (VP (TO to) (VP (VB borrow) (NP (NP (DT a) (JJ perennial) (NN favorite)) (PP (IN of) (NP (DT the) (NN beauty) (NN business)))) (: --) (S (VP (VBG offering) (NP (DT a) (NN gift)))) (SBAR (WHADVP (WRB when)) (S (NP (NNS consumers)) (VP (VBP make) (NP (DT a) (NN purchase))))))))))) (. .)))

(S1 (SINV (`` `) (S (`` `) (NP (PRP We)) (VP (VBP 've) (VP (VBN started) (VP (VBG trying) (PP (ADVP (RB just)) (IN about) (NP (NN anything))) (S (VP (TO to) (VP (VB keep) (S (NP (NNS sales)) (VP (VBG moving) (PP (IN in) (NP (DT the) (NNS stores))))))))))) (, ,) ('' ')) ('' ') (VP (VBZ says)) (NP (NP (NNP Kim) (NNP Renk)) (, ,) (NP (DT a) (NNP Swank) (NN vice) (NN president))) (. .)))

(S1 (S (CC But) (NP (EX there)) (VP (VBP are) (NP (NNS limits))) (. .)))

(S1 (S (NP (NNP Ms.) (NNP Renk)) (VP (VBZ says) (SBAR (S (NP (NNS retailers)) (VP (VBD nixed) (NP (DT a) (NN promotion)) (PP (IN for) (NP (NP (NNS pins)) (PP (IN with) (NP (NN animal) (NNS motifs))))))))) (. .)))

(S1 (FRAG (NP (PRP$ Her) (NN idea)) (: :) (S (VP (VBP bring) (PP (IN in) (NP (JJ live) (NN zoo) (NNS animals))))) (. .)))

(S1 (S (NP (NP (NNP Trifari)) (, ,) (SBAR (WHNP (WP$ whose) (JJ national) (NNS ads)) (S (ADVP (RBR earlier) (NP (DT this) (NN year))) (VP (VBD included) (NP (NP (NN paper) (NNS cutouts)) (PP (IN of) (NP (PRP$ its) (JJ costume) (NN finery))))))) (, ,)) (VP (VBZ takes) (NP (DT a) (JJR tamer) (NN approach))) (. .)))

(S1 (SINV (S (NP (DT The) (NN company)) (VP (VBZ focuses) (PP (IN on) (NP (DT the) (JJ how-to) (NNS aspects))))) (, ,) (VP (VBZ says)) (NP (NP (NNP Andrew) (NNP E.) (NNP Philip)) (, ,) (NP (NN president))) (. .)))

(S1 (S (NP (NNP Trifari)) (ADVP (RB now)) (VP (NNS trains) (S (NP (NNS sales)) (VP (VB help) (S (VP (TO to) (VP (VB advise) (NP (NNS customers)) (PP (IN on) (NP (DT the) (JJS best) (VBG earring) (NNS styles))))))))) (. .)))

(S1 (S (S (CC But) (NP (NNS cosmetics) (NNS firms)) (ADVP (RB still)) (VP (VBP have) (NP (CD one) (JJ big) (NN marketing) (NN edge)))) (: :) (S (NP (PRP They)) (VP (VB motivate) (NP (NP (NNS sales) (NNS people)) (PP (IN with) (NP (NNS commissions)))))) (. .)))

(S1 (S (NP (NN Jewelry) (NNS makers)) (ADVP (RB rarely)) (VP (VP (VBP pay) (NP (NNS commissions))) (CC and) (VP (VBP are) (RB n't) (VP (VBN expected) (S (VP (TO to) (VP (ADVP (RB anytime) (RB soon)))))))) (. .)))

(S1 (NP (NNPS Odds) (CC and) (NNPS Ends)))

(S1 (S (PP (IN DESPITE) (NP (NP (VBG GROWING) (NN interest)) (PP (IN in) (NP (DT the) (NN environment))))) (, ,) (NP (NNP U.S.) (NNS consumers)) (VP (VBP have) (RB n't) (VP (VBN shown) (NP (NP (JJ much) (NN interest)) (PP (IN in) (NP (NP (JJ refillable) (NNS packages)) (PP (IN for) (NP (NN household) (NNS products)))))))) (. .)))

(S1 (S (NP (NNP Procter) (CC &) (NNP Gamble) (NNP Co.)) (ADVP (RB recently)) (VP (VP (VBD introduced) (NP (NP (JJ refillable) (NNS versions)) (PP (IN of) (NP (NP (CD four) (NNS products)) (, ,) (PP (VBG including) (NP (NP (NNP Tide)) (CC and) (NP (NNP Mr.) (NNP Clean)))) (, ,)))) (PP (IN in) (NP (NNP Canada)))) (, ,) (CC but) (VP (VBZ does) (RB n't) (VP (VB plan) (S (VP (TO to) (VP (VB bring) (NP (PRP them)) (PP (TO to) (NP (DT the) (NNP U.S.))))))))) (. .)))

(S1 (S (NP (NNS Marketers)) (VP (VBP believe) (SBAR (S (NP (JJS most) (NNPS Americans)) (VP (MD wo) (RB n't) (VP (VB make) (NP (DT the) (NN convenience) (NN trade-off) (NN ..) (. .))))))) (. .)))

(S1 (S (NP (NNP Braumeisters) (NNP Ltd.)) (VP (VBZ tests) (NP (NP (DT a) (NN beer)) (VP (VBN brewed) (PP (IN with) (NP (NN oat) (NN bran)))) (, ,) (PP (RB rather) (IN than) (NP (NN rice) (CC or) (NN corn))))) (. .)))

(S1 (S (S (VP (VBN Called) (S (NP (NP (NNP Otto) (POS 's)) (JJ Original) (NN Oat) (NN Bran)) (NP (NNP Beer))))) (, ,) (NP (DT the) (NN brew)) (VP (VBZ costs) (NP (NP (QP (RB about) ($ $) (CD 12.75))) (NP (DT a) (NN case)))) (. .)))

(S1 (FRAG (NP (DT No) (NN cholesterol)) (, ,) (PP (IN of) (NP (NN course))) (. .)))

