(S1 (S (NP (DT The) (JJ following)) (VP (VBD were) (PP (IN among) (NP (NP (NP (NN yesterday) (POS 's)) (NNS offerings) (CC and) (NNS pricings)) (PP (IN in) (NP (DT the) (UCP (NNP U.S.) (CC and) (JJ non-U.S.)) (NN capital) (NNS markets))))) (, ,) (PP (IN with) (NP (NP (NNS terms)) (CC and) (NP (NN syndicate) (NN manager)))) (, ,) (SBAR (IN as) (S (VP (VBN compiled) (PP (IN by) (NP (NNP Dow) (NNP Jones) (NNP Capital) (NNPS Markets) (NNP Report))))))) (: :)))

(S1 (NP (NNP Continental) (NNP Cablevision) (NNP Inc.) (: --)))

(S1 (S (NP (NP (QP ($ $) (CD 350) (CD million))) (PP (IN of) (NP (NP (JJ senior) (JJ subordinated) (NNS debentures)) (, ,) (ADJP (JJ due) (NP (NNP Nov.) (CD 1) (, ,) (CD 2004))) (, ,)))) (VP (VBD was) (VP (VBN priced) (PP (IN at) (NP (NN par))) (S (VP (TO to) (VP (VB yield) (NP (QP (CD 12) (CD 7\/8)) (NN %))))))) (. .)))

(S1 (S (S (VP (VP (VBN Rated) (ADJP (JJ single-B-1)) (PP (IN by) (NP (NP (NNP Moody) (POS 's)) (NNPS Investors) (NNP Service) (NNP Inc.)))) (CC and) (VP (ADJP (JJ single-B)) (PP (IN by) (NP (NP (NNP Standard) (CC &) (NNP Poor) (POS 's)) (NNP Corp.)))))) (, ,) (NP (NP (DT the) (NN issue)) (, ,) (SBAR (WHNP (WDT which)) (S (VP (VBZ is) (ADJP (JJ non-callable) (PP (IN for) (NP (CD five) (NNS years))))))) (, ,)) (VP (MD will) (VP (VB be) (VP (VBN sold) (PP (IN through) (NP (NP (NNS underwriters)) (VP (VBN led) (PP (IN by) (NP (NNP Morgan) (NNP Stanley) (CC &) (NNP Co))))))))) (. .)))

(S1 (NP (NNP Beatrice) (NNP Co.) (: --)))

(S1 (S (NP (NP (QP ($ $) (CD 251) (CD million))) (PP (IN of) (NP (NP (NNS notes)) (, ,) (ADJP (JJ due) (NP (NNP Nov.) (CD 1) (, ,) (CD 1997) (, ,)))))) (VP (VBD was) (VP (VBN priced) (PP (IN in) (NP (DT a) (JJ two-part) (NN offering))) (PP (IN through) (NP (NP (NNS underwriters)) (PP (IN at) (NP (NNP Salomon) (NNPS Brothers) (NNP Inc))))))) (. .)))

(S1 (S (NP (NP (DT The) (NN size)) (PP (IN of) (NP (DT the) (NN issue)))) (VP (VBD was) (VP (VBN scaled) (PRT (RP back)) (PP (IN from) (NP (DT an) (ADJP (RB originally) (VBN planned)) (QP ($ $) (CD 350) (CD million)))))) (. .)))

(S1 (S (NP (NP (DT The) (JJ first) (NN part)) (, ,) (VP (VBG consisting) (PP (IN of) (NP (NP (QP ($ $) (CD 151) (CD million))) (PP (IN of) (NP (ADJP (QP (CD 13) (CD 3\/4)) (NN %)) (JJ senior) (JJ subordinated) (NN reset) (NNS notes)))))) (, ,)) (VP (VBD was) (VP (VBN priced) (PP (IN at) (NP (CD 99.75))))) (. .)))

(S1 (S (NP (NP (DT The) (NN rate)) (PP (IN on) (NP (DT the) (NNS notes)))) (VP (MD will) (VP (VB be) (VP (VB reset) (ADVP (RB annually)) (S (VP (TO to) (VP (VB give) (NP (DT the) (NN issue)) (NP (NP (DT a) (NN market) (NN value)) (PP (IN of) (NP (CD 101)))))))))) (. .)))

(S1 (S (ADVP (RB However)) (, ,) (NP (NP (DT the) (JJ maximum) (NN coupon)) (SBAR (WHPP (IN at) (WHNP (WDT which))) (S (NP (DT the) (NNS notes)) (VP (MD can) (VP (VB be) (ADJP (JJ reset))))))) (VP (VBZ is) (ADJP (QP (CD 16) (CD 1\/4)) (NN %))) (. .)))

(S1 (S (NP (DT The) (JJ minimum) (NN coupon)) (VP (VBZ is) (ADJP (QP (CD 13) (CD 3\/4)) (NN %))) (. .)))

(S1 (S (NP (NP (DT The) (JJ second) (NN part)) (, ,) (VP (VBG consisting) (PP (IN of) (NP (NP (QP ($ $) (CD 100) (CD million))) (PP (IN of) (NP (JJ senior) (JJ subordinated) (JJ floating-rate) (NNS notes)))))) (, ,)) (VP (VBD was) (VP (VBN priced) (PP (IN at) (NP (QP (CD 99) (CD 3\/4)))) (S (VP (TO to) (VP (VB float) (NP (CD 4.25) (NN %)) (PP (IN above) (NP (DT the) (JJ three-month) (NNP London) (NN interbank) (VBD offered) (NN rate)))))))) (. .)))

(S1 (S (NP (NP (DT The) (JJ initial) (NN coupon)) (PP (IN on) (NP (DT the) (JJ floating-rate) (NNS notes)))) (VP (MD will) (VP (VB be) (NP (CD 12.9375) (NN %)))) (. .)))

(S1 (S (NP (DT The) (NN issue)) (VP (VBZ is) (VP (VP (VBN rated) (NP (NN single-B-3)) (PP (IN by) (NP (NNP Moody) (POS 's)))) (CC and) (VP (ADJP (JJ single-B-plus)) (PP (IN by) (NP (NNP S&P)))))) (. .)))

(S1 (NP (NNP New) (NNP Jersey) (NNP Wastewater) (NNP Treatment) (NNP Trust) (: --)))

(S1 (S (NP (NP (ADJP (QP ($ $) (CD 75.1) (CD million))) (, ,) (JJ two-part) (NN offering)) (PP (IN of) (NP (NNS bonds)))) (ADVP (RB apparently)) (VP (VBD was) (VP (VBN won) (PP (IN by) (NP (DT a) (NNP Merrill) (NNP Lynch) (NNP Capital) (NNP Markets) (NN group))))) (. .)))

(S1 (S (NP (NP (NP (NP (DT The) (NN group) (POS 's)) (NN bid)) (PP (IN for) (NP (NP (QP ($ $) (CD 40.9) (CD million))) (PP (IN of) (NP (NN wastewater) (NN treatment) (JJ insured) (NNS bonds)))))) (, ,) (NP (NNP Series) (CD 1989) (DT A)) (, ,)) (VP (VBD produced) (NP (DT a) (ADJP (CD 7.0826) (NN %)) (JJ true) (NN interest) (NN cost))) (. .)))

(S1 (S (NP (DT The) (NNP Series) (CD 1989) (NNP A) (NNS bonds)) (VP (VBP are) (VP (VP (VBN insured)) (CC and) (VP (VBN rated) (ADJP (JJ triple-A)) (PP (IN by) (NP (NP (NNP Moody) (POS 's)) (CC and) (NP (NNP S&P))))))) (. .)))

(S1 (S (NP (NP (NP (DT The) (NN group) (POS 's)) (NN bid)) (PP (IN for) (NP (NP (QP ($ $) (CD 34.2) (CD million))) (PP (IN of) (NP (NP (NN wastewater) (NN treatment) (NNS bonds)) (, ,) (NP (NNP Series) (CD 1989) (NNP B)) (, ,)))))) (VP (VBD produced) (NP (DT a) (ADJP (CD 7.0808) (NN %)) (JJ true) (NN interest) (NN cost))) (. .)))

(S1 (S (NP (DT The) (NNP Series) (CD 1989) (NNP B) (NNS bonds)) (VP (VP (VBP are) (ADJP (JJ uninsured))) (CC and) (VP (VBN rated) (S (ADJP (JJ double-A))) (PP (IN by) (NP (NP (NNP Moody) (POS 's)) (CC and) (NP (NNP S&P)))))) (. .)))

(S1 (S (NP (PDT Both) (DT the) (NNP Series) (CD 1989) (NNP A) (CC and) (NNP Series) (CD 1989) (NNP B) (NNS bonds)) (VP (VBD were) (VP (VBN priced) (S (VP (TO to) (VP (VB yield) (PP (PP (IN from) (NP (NP (CD 6) (NN %)) (PP (IN in) (NP (CD 1991))))) (PP (TO to) (NP (NP (CD 7.15) (NN %)) (PP (IN in) (NP (CD 2008-2009)))))) (, ,) (PP (VBG according) (PP (TO to) (NP (DT a) (NNP Merrill) (NNP Lynch) (NN official))))))))) (. .)))

(S1 (NP (NP (NNP Matagorda) (NNP County) (NNP Navigation) (NNP District) (NN No.) (CD 1)) (, ,) (NP (NNP Texas)) (: --)))

(S1 (S (NP (NP (QP ($ $) (CD 70.3) (CD million))) (PP (IN of) (NP (NN pollution) (NN control) (NN revenue) (NNS bonds))) (PRN (-LRB- -LRB-) (NP (NNP Houston) (NNP Lighting) (CC &) (NNP Power) (NNP Co) (. .) (NNP Project)) (-RRB- -RRB-)) (, ,) (ADJP (JJ due) (NP (NNP Oct.) (CD 1) (, ,) (CD 2019))) (, ,)) (VP (VBD were) (VP (ADVP (RB tentatively)) (VBN priced) (PP (IN by) (NP (DT a) (NNP Goldman) (, ,) (NNP Sachs) (CC &) (NNP Co.) (NN group))) (PP (IN at) (NP (CD 98) (CD 1\/4))) (S (VP (TO to) (VP (VB yield) (NP (CD 7.649) (NN %)) (PP (IN with) (NP (NP (DT a) (NN coupon)) (PP (IN of) (NP (QP (CD 7) (CD 1\/2)) (NN %)))))))))) (. .)))

(S1 (S (NP (NP (NN Interest)) (PP (IN on) (NP (DT the) (NNS bonds)))) (VP (MD will) (VP (VB be) (VP (VBN treated) (PP (IN as) (NP (DT a) (NN preference) (NN item))) (PP (IN in) (S (VP (VBG calculating) (NP (NP (DT the) (JJ federal) (JJ alternative) (JJ minimum) (NN tax)) (SBAR (WHNP (WDT that)) (S (VP (MD may) (VP (VB be) (VP (VBN imposed) (PP (IN on) (NP (JJ certain) (NNS investors))))))))))))))) (. .)))

(S1 (S (NP (DT The) (NNS bonds)) (VP (VBP are) (VP (VP (VBN insured)) (CC and) (VP (VBN rated) (ADJP (JJ triple-A)) (PP (IN by) (NP (NP (NNP Moody) (POS 's)) (CC and) (NP (NNP S&P))))))) (. .)))

(S1 (NP (NNP Federal) (NNP Home) (NNP Loan) (NNP Mortgage) (NNP Corp.) (: --)))

(S1 (S (NP (NP (QP ($ $) (CD 500) (CD million))) (PP (IN of) (NP (NNP Remic) (NN mortgage) (NNS securities)))) (VP (VBZ is) (VP (VBG being) (VP (VBN offered) (PP (IN in) (NP (CD 11) (NNS classes))) (PP (IN by) (NP (DT a) (NNP Morgan) (NNP Stanley) (NN group)))))) (. .)))

(S1 (S (NP (NP (DT The) (NN offering)) (, ,) (NP (NNP Series) (CD 109)) (, ,)) (VP (VBZ is) (VP (VBN backed) (PP (IN by) (NP (NNP Freddie) (NNP Mac) (ADJP (CD 10) (NN %)) (NNS securities))))) (. .)))

(S1 (S (NP (JJ Complete) (NNS details)) (VP (VBD were) (RB n't) (ADJP (RB immediately) (JJ available))) (. .)))

(S1 (NP (NNP Lomas) (NNP Mortgage) (NNP Funding) (NNP Corp.) (NNP II) (: --)))

(S1 (S (NP (NP (ADJP (QP ($ $) (CD 100) (CD million))) (NN issue)) (PP (IN of) (NP (VBN collateralized) (NN mortgage) (NNS obligations)))) (VP (VBZ is) (VP (VBG being) (VP (VBN offered) (PP (IN in) (NP (CD four) (NNS classes))) (PP (IN by) (NP (DT a) (NNP Morgan) (NNP Stanley) (NN group)))))) (. .)))

(S1 (S (NP (DT The) (NNS securities)) (VP (VBP yield) (NP (QP (IN from) (CD 9.35) (NN %) (TO to) (CD 10.48) (NN %))) (PP (IN for) (NP (NP (DT a) (JJ 30-year) (NN issue)) (PP (IN with) (NP (NP (DT an) (JJ average) (NN life)) (PP (IN of) (NP (CD 21.18) (NNS years)))))))) (. .)))

(S1 (S (NP (DT The) (ADJP (CD 10.48) (NN %)) (NN yield)) (VP (VBZ represents) (NP (NP (DT a) (NN spread)) (PP (TO to) (NP (NP (DT the) (JJ 20-year) (NNP Treasury)) (PP (IN of) (NP (CD 2.45) (NN percentage) (NNS points))))))) (. .)))

(S1 (S (NP (DT The) (NN collateral)) (VP (VBZ consists) (PP (IN of) (NP (VBN collateralized) (JJ whole) (NNS loans))) (PP (IN with) (NP (NP (NP (DT a) (JJ weighted) (JJ average) (NN coupon) (NN rate)) (PP (IN of) (NP (CD 11.08) (NN %)))) (CC and) (NP (NP (JJ weighted) (NN average) (VBG remaining) (NN term)) (PP (TO to) (NP (NP (NN maturity)) (PP (IN of) (NP (CD 28) (NNS years))))))))) (. .)))

(S1 (S (NP (DT The) (NN issue)) (VP (VBZ is) (VP (VBN rated) (S (ADJP (JJ triple-A))) (PP (IN by) (NP (NP (NNP S&P)) (, ,) (NP (NNP Moody) (POS 's)) (CC and) (NP (NNP Fitch) (NNP Investors) (NNP Service) (NNP Inc)))))) (. .)))

(S1 (S (S (NP (DT The) (NN issue)) (VP (VBZ is) (ADJP (NP (QP (CD 6) (NN %) (TO to) (CD 7) (NN %))) (VBN overcollateralized)))) (, ,) (CC and) (S (NP (NP (CD 75) (NN %)) (PP (IN of) (NP (DT the) (NNS loans)))) (VP (VBP are) (VP (VBN covered) (PP (IN by) (NP (NP (DT a) (NNP General) (NNP Electric) (NN pool) (NN policy)) (VP (VBG covering) (NP (NP (NNS losses)) (PP (IN of) (NP (NP (QP (RB as) (JJ much) (IN as) (CD 10)) (NN %)) (PP (IN of) (NP (NP (DT the) (JJ original) (NN principal) (NN balance)) (PP (IN of) (NP (DT the) (NNS loans)))))))))))))) (. .)))

(S1 (NP (NNP J.C.) (NNP Penney) (NNP Co.) (: --)))

(S1 (S (NP (NP (QP ($ $) (CD 350) (CD million))) (PP (IN of) (NP (NP (NNP JCP) (NNP Master) (NNP Credit) (NNP Card) (NNP Trust) (JJ asset-backed) (NNS certificates)) (, ,) (NP (NP (NNP Series) (NNP B)) (, ,) (PP (IN with) (NP (NP (DT a) (JJ final) (VBN stated) (NN maturity)) (PP (IN of) (NP (NNP Oct.) (CD 15) (, ,) (CD 2001)))))) (, ,)))) (VP (VBD was) (VP (VBN priced) (PP (IN at) (NP (CD 99.1875))) (S (VP (TO to) (VP (VB yield) (NP (CD 9.192) (NN %)) (PP (IN with) (NP (NP (DT a) (NN coupon)) (PP (IN of) (NP (CD 8.95) (NN %)))))))))) (. .)))

(S1 (S (NP (NP (DT The) (NNS certificates)) (, ,) (SBAR (WHNP (WDT which)) (S (VP (VBP have) (NP (NP (DT an) (JJ average) (NN life)) (PP (IN of) (NP (CD 10.05) (NNS years))))))) (, ,)) (VP (VBD were) (VP (VBN priced) (PP (IN at) (NP (NP (CD 1.31) (NN percentage) (NNS points)) (PP (IN over) (NP (DT the) (JJ benchmark) (NNP Treasury) (JJ 10-year) (NN note))))))) (. .)))

(S1 (S (S (VP (VBN Rated) (ADJP (JJ triple-A) (PP (IN by) (NP (NP (NNP Moody) (POS 's)) (CC and) (NP (NNP S&P))))))) (, ,) (NP (DT the) (NN issue)) (VP (MD will) (VP (VB be) (VP (VBN sold) (PP (IN through) (NP (NNP First) (NNP Boston) (NNP Corp)))))) (. .)))

(S1 (S (NP (DT The) (NN issue)) (VP (VBZ is) (VP (VBN backed) (PP (IN by) (NP (NP (DT a) (ADJP (CD 12) (NN %)) (NN letter)) (PP (IN of) (NP (NN credit))) (PP (IN from) (NP (NNP Credit) (NNP Suisse))))))) (. .)))

(S1 (NP (NP (NNP Keio) (NNP Teito) (NNP Electric) (NNP Railway) (NNP Co) (. .)) (PRN (-LRB- -LRB-) (NP (NNP Japan)) (-RRB- -RRB-)) (: --)))

(S1 (NP (NP (QP ($ $) (CD 300) (CD million))) (PP (IN of) (NP (NNS bonds))) (ADJP (JJ due) (NP (NNP Nov.) (CD 16) (, ,) (CD 1993))) (, ,) (PP (IN with) (NP (JJ equity-purchase) (NNS warrants))) (, ,) (VP (VBG indicating) (NP (NP (DT a) (ADJP (QP (CD 3) (CD 3\/4)) (NN %)) (NN coupon)) (PP (IN at) (NP (NN par))))) (PP (IN via) (NP (NNP Nomura) (NNP International) (NNP Ltd))) (. .)))

(S1 (S (NP (DT Each) (ADJP ($ $) (CD 5,000)) (NN bond)) (VP (VBZ carries) (NP (NP (CD one) (NN warrant)) (, ,) (ADJP (JJ exercisable) (PP (IN from) (NP (NP (NNP Nov.) (CD 30)) (PP (IN through) (NP (NNP Nov.) (CD 2) (, ,) (CD 1993) (, ,))))) (S (VP (TO to) (VP (VB buy) (NP (NN company) (NNS shares)) (PP (IN at) (NP (NP (DT an) (JJ expected) (NN premium)) (PP (IN of) (NP (QP (CD 2) (CD 1\/2)) (NN %))) (PP (TO to) (NP (DT the) (NN closing) (NN share) (NN price)))))))) (SBAR (WHADVP (WRB when)) (S (NP (NNS terms)) (VP (VBP are) (VP (VBN fixed) (NP (NNP Tuesday))))))))) (. .)))

(S1 (NP (NP (NN Diesel) (NNP Kiki) (NNP Co)) (. .) (PRN (-LRB- -LRB-) (NP (NNP Japan)) (-RRB- -RRB-)) (: --)))

(S1 (NP (NP (QP ($ $) (CD 200) (CD million))) (PP (IN of) (NP (NNS bonds))) (ADJP (JJ due) (NP (NNP Nov.) (CD 16) (, ,) (CD 1994))) (, ,) (PP (IN with) (NP (JJ equity-purchase) (NNS warrants))) (, ,) (VP (VBG indicating) (NP (NP (DT a) (ADJP (QP (CD 4) (CD 1\/2)) (NN %)) (NN coupon)) (PP (IN at) (NP (NN par))))) (PP (IN via) (NP (NNP Yamaichi) (NNP International) (NNP Europe) (NNP Ltd))) (. .)))

(S1 (S (NP (DT Each) (ADJP ($ $) (CD 5,000)) (NN bond)) (VP (VBZ carries) (NP (NP (CD one) (NN warrant)) (, ,) (ADJP (JJ exercisable) (PP (IN from) (NP (NP (NNP Nov.) (CD 30)) (PP (IN through) (NP (NNP Nov.) (CD 2) (, ,) (CD 1994) (, ,))))) (S (VP (TO to) (VP (VB buy) (NP (NN company) (NNS shares)) (PP (IN at) (NP (NP (DT an) (JJ expected) (NN premium)) (PP (IN of) (NP (QP (CD 2) (CD 1\/2)) (NN %))) (PP (TO to) (NP (DT the) (NN closing) (NN share) (NN price)))))))) (SBAR (WHADVP (WRB when)) (S (NP (NNS terms)) (VP (VBP are) (VP (VBN fixed) (NP (NNP Monday))))))))) (. .)))

(S1 (NP (NP (NNP Chugoku) (NNP Electric) (NNP Power) (NNP Co) (. .)) (PRN (-LRB- -LRB-) (NP (NNP Japan)) (-RRB- -RRB-)) (: --)))

(S1 (NP (NP (NP (QP ($ $) (CD 150) (CD million))) (PP (IN of) (NP (ADJP (QP (CD 8) (CD 7\/8)) (NN %)) (NNS bonds)))) (ADJP (JJ due) (NP (NNP Nov.) (CD 29) (, ,) (CD 1996))) (, ,) (VP (VBN priced) (PP (IN at) (NP (CD 101) (CD 7\/8))) (S (VP (TO to) (VP (VB yield) (NP (NP (QP (CD 8) (CD 7\/8)) (NN %)) (PP (CC less) (NP (NP (JJ full) (NNS fees)) (PP (IN via) (NP (NNP Nikko) (NNP Securities) (NNP Ltd)))))))))) (. .)))

(S1 (NP (NNS Fees) (CD 1) (CD 7\/8) (. .)))

(S1 (NP (NP (NP (NNP Monte) (NNP dei) (NNP Paschi) (FW di) (NNP Siena)) (, ,) (NP (NNP Singapore) (NN branch))) (PRN (-LRB- -LRB-) (JJ Italian) (NN parent) (-RRB- -RRB-) (, ,)) (PP (IN via) (NP (DT the) (NN Law) (NN Debenture) (NNP Trust) (NNP Corp.))) (: --)))

(S1 (NP (NP (NP (QP (CD 10) (CD billion)) (NNS yen)) (PRN (-LRB- -LRB-) (NP (QP ($ $) (CD 70) (CD million))) (-RRB- -RRB-))) (PP (IN of) (NP (NP (ADJP (CD 6) (NN %)) (NNS bonds)) (ADJP (JJ due) (NP (NNP Feb.) (CD 24) (, ,) (CD 1993))) (, ,) (VP (VBN priced) (PP (IN at) (NP (CD 101) (CD 1\/4)))) (, ,) (PP (IN via) (NP (NNP Daiwa) (NNP Europe) (NNP Ltd))))) (. .)))

(S1 (NP (NP (NNP Okobank)) (PRN (-LRB- -LRB-) (NP (NNP Finland)) (-RRB- -RRB-)) (: --)))

(S1 (S (NP (NP (QP (CD 10) (CD billion)) (NNS yen)) (PP (IN of) (NP (NP (ADJP (CD 6) (NN %)) (NNS bonds)) (ADJP (JJ due) (NP (NNP Nov.) (CD 30) (, ,) (CD 1992))) (, ,) (VP (VBN priced) (PP (IN at) (NP (CD 101.225))) (S (VP (TO to) (VP (VB yield) (NP (CD 6.056) (NN %)) (PP (IN via) (NP (NNP IBJ) (NNP International))))))) (. .))))))

