(S1 (S (NP (NP (NNS Yields)) (PP (IN on) (NP (NP (JJ savings-type) (NNS certificates)) (PP (IN of) (NP (NN deposit)))))) (VP (VBD dropped) (ADVP (RB slightly)) (PP (IN in) (NP (NP (DT the) (NN week)) (VP (VBN ended) (NP (NN yesterday)))))) (. .)))

(S1 (S (NP (NP (DT The) (JJ average) (NN yield)) (PP (IN on) (NP (NP (DT a) (JJ six-month) (NN CD)) (PP (IN of) (NP ($ $) (CD 50,000) (QP (CC or) (JJR less))))))) (VP (VBD was) (NP (CD 7.90) (NN %)) (, ,) (PP (VBN compared) (PP (IN with) (NP (CD 7.94) (NN %)) (ADVP (NP (DT a) (NN week)) (RBR earlier))))) (. .)))

(S1 (S (NP (DT The) (JJ average) (JJ one-year) (JJ savings-type) (NN CD)) (VP (VBD was) (ADVP (RB down) (PP (TO to) (NP (CD 7.99) (NN %)))) (PP (IN from) (NP (CD 8.01) (NN %))) (, ,) (PP (VBG according) (PP (TO to) (NP (NP (NNP Banxquote) (NNP Money) (NNPS Markets)) (, ,) (NP (NP (DT a) (NNP New) (NNP York) (NN information) (NN service)) (SBAR (WHNP (WDT that)) (S (VP (VBZ tracks) (NP (NN CD) (NNS yields)))))))))) (. .)))

(S1 (SINV (`` `) (S (`` `) (NP (DT This) (NN week)) (VP (VBD was) (ADJP (JJ uneventful) (PP (IN for) (NP (DT the) (NN CD) (NN market))))) (, ,) ('' ')) ('' ') (VP (VBD said)) (NP (NP (NNP Norberto) (NNP Mehl)) (, ,) (NP (NP (NN chairman)) (PP (IN of) (NP (NNP Banxquote))))) (. .)))

(S1 (S (`` `) (S (`` `) (NP (DT The) (JJ major) (NNS banks)) (VP (VBP have) (RB n't) (ADVP (RB even)) (VP (VBN reacted) (PP (TO to) (NP (NP (JJ sharp) (NNS rises)) (PP (IN in) (NP (DT the) (JJ three-month) (NNP Treasury) (NN bill) (NNS rates))))))) ('' ') ('' ')) (PP (IN in) (NP (DT the) (JJ past) (CD two) (NNS weeks))) (. .)))

(S1 (S (NP (NP (NNS Banks)) (SBAR (WHNP (WDT that)) (S (NP (NP (VBN adjusted) (NNS payouts)) (PP (IN on) (NP (NP (NNS CDs)) (PP (IN in) (NP (DT the) (ADJP (RBS most) (JJ recent)) (NN week)))))) (VP (VBD made) (NP (JJ only) (JJ fractional) (NNS moves)))))) (, ,) (NP (PRP he)) (VP (VBD said)) (. .)))

(S1 (S (NP (DT The) (NN CD) (NN trend)) (VP (VBZ runs) (ADVP (RB counter) (PP (TO to) (NP (NP (DT the) (NN direction)) (PP (IN of) (NP (JJ short-term) (NN interest) (NNS rates)))))) (PP (IN at) (NP (NP (DT the) (NNP Treasury) (NN bill) (NN auction)) (NP (NNP Monday))))) (. .)))

(S1 (S (NP (DT The) (JJ average) (JJ six-month) (NN bill)) (VP (VBD was) (VP (VBN sold) (PP (IN with) (NP (NP (DT a) (NN yield)) (PP (IN of) (NP (CD 8.04) (NN %))))) (, ,) (ADVP (IN up) (PP (IN from) (NP (CD 7.90) (NN %)))))) (. .)))

(S1 (S (NP (DT The) (JJ average) (JJ three-month) (NN issue)) (VP (VBD rose) (PP (TO to) (NP (CD 8.05) (NN %))) (PP (IN from) (NP (CD 7.77) (NN %)))) (. .)))

(S1 (S (S (ADVP (RB Typically)) (, ,) (NP (NNS banks)) (VP (VBP offer) (NP (NP (NN CD) (NNS yields)) (ADJP (ADJP (JJR higher)) (PP (IN than) (NP (NP (DT those)) (PP (IN on) (NP (NP (NNP Treasury) (NNS bills)) (, ,) (SBAR (WHNP (WDT which)) (S (VP (VBP are) (VP (VBN considered) (S (NP (DT the) (JJS safest) (JJ short-term) (NNS investments))))))))))))))) (: ;) (S (NP (NNS banks)) (VP (VBP need) (NP (DT a) (JJ competitive) (NN edge)) (S (VP (TO to) (VP (VB sell) (NP (PRP$ their) (NNS products))))))) (. .)))

(S1 (S (CC But) (SBAR (WHADVP (WRB when)) (S (NP (NN market) (NN interest) (NNS rates)) (VP (VBP move) (ADVP (RB up) (RB rapidly))))) (, ,) (NP (NP (NNS increases)) (PP (IN in) (NP (NN bank) (NN CD) (NNS yields)))) (ADVP (RB sometimes)) (VP (VBP lag)) (. .)))

(S1 (S (NP (NP (NP (JJS Most) (NNS yields)) (PP (IN on) (NP (JJ short-term) (JJ jumbo) (NNS CDs)))) (, ,) (NP (NP (DT those)) (PP (IN with) (NP (NP (NNS denominations)) (PP (IN over) (NP ($ $) (CD 90,000)))))) (, ,)) (ADVP (RB also)) (VP (VBD moved) (PP (IN in) (NP (NP (DT the) (JJ opposite) (NN direction)) (PP (IN of) (NP (NNP Treasury) (NN bill) (NNS yields)))))) (. .)))

(S1 (S (S (NP (NP (DT The) (JJ average) (JJ six-month) (NN yield)) (PP (IN on) (NP (DT a) (JJ jumbo) (NNP CD)))) (VP (VBD was) (PP (IN at) (NP (CD 7.90) (NN %))) (, ,) (ADVP (RB down) (PP (IN from) (NP (CD 7.93) (NN %)))))) (, ,) (NP (NNP Banxquote)) (VP (VBD said)) (. .)))

(S1 (S (PP (IN For) (NP (JJ longer-term) (NNPS CDs))) (, ,) (NP (NNS yields)) (VP (VBD were) (ADVP (RB up))) (. .)))

(S1 (S (NP (DT The) (JJ average) (JJ two-year) (CC and) (JJ five-year) (NNS jumbos)) (VP (VBD were) (ADVP (RB up) (NP (NP (CD 0.02)) (PP (IN of) (NP (DT a) (NN percentage) (NN point)))) (PP (TO to) (NP (NP (CD 7.91) (NN %)) (CC and) (NP (CD 7.96) (NN %)) (, ,) (ADVP (RB respectively)))))) (. .)))

(S1 (S (ADVP (RB However)) (, ,) (NP (NP (NNS CDs)) (VP (VBN sold) (PP (IN through) (NP (JJ major) (JJ broker-dealer) (NNS networks))))) (VP (VBD were) (ADVP (RB up) (RB slightly)) (PP (ADVP (RB almost)) (IN across) (NP (DT the) (NN board)))) (. .)))

(S1 (S (NP (NP (DT The) (JJ average) (JJ six-month) (NN CD)) (PP (IN in) (NP (DT that) (NN category)))) (VP (VBD added) (NP (CD 0.05) (NN percentage) (NN point)) (PP (TO to) (NP (CD 8.35) (NN %))) (, ,) (PP (IN for) (NP (NN example)))) (. .)))

(S1 (S (NP (NNP Mr.) (NNP Mehl)) (VP (VBD attributed) (NP (NP (DT the) (NN rise)) (ADVP (RB specifically))) (PP (TO to) (NP (DT the) (NNP Treasury) (NN bill) (NN increase)))) (. .)))

(S1 (S (PP (IN Among) (NP (NP (DT the) (JJ major) (NNS banks)) (VP (VBN surveyed) (PP (IN by) (NP (NNP Banxquote))) (PP (IN in) (NP (NP (CD six) (NNS regions)) (PP (IN of) (NP (DT the) (NN country)))))))) (, ,) (NP (CD 8.33) (NN %)) (VP (VBZ is) (NP (NP (DT the) (JJS highest) (NN yield)) (ADJP (JJ available)))) (. .)))

(S1 (S (NP (PRP It)) (VP (VBZ is) (VP (VBN offered) (PP (IN by) (NP (NP (DT the) (JJ flagship) (NNS banks)) (PP (IN of) (NP (NP (NNP New) (NNP York) (POS 's)) (NNPS Manufacturers) (NNP Hanover) (NNP Corp.))))) (PP (IN in) (NP (DT the) (JJ one-year) (NN maturity) (RB only))))) (. .)))

(S1 (S (NP (DT The) (NN yield)) (VP (VBZ is) (VP (VBN offered) (PP (IN across) (NP (NP (DT a) (NN range)) (PP (IN of) (NP (NP (NNS maturities)) (PP (IN at) (NP (NP (NP (NNP San) (NNP Francisco) (POS 's)) (NNP BankAmerica) (NNP Corp.)) (CC and) (NP (NNP Wells) (NNP Fargo) (CC &) (NNP Co)))))))))) (. .)))

(S1 (S (ADVP (NP (RB Just) (CD two) (NNS weeks)) (RB ago)) (, ,) (NP (NP (NP (NNP BankAmerica) (POS 's)) (NNS yields)) (PP (IN in) (NP (NP (JJ many)) (PP (IN of) (NP (DT those) (NNS maturities)))))) (VP (VBD was) (NP (CD 8.61) (NN %))) (. .)))

(S1 (S (ADVP (RB Still)) (, ,) (PP (IN on) (NP (NN average))) (, ,) (NP (DT the) (JJ major) (NNP California) (NNS banks)) (VP (VBP have) (NP (NP (DT the) (JJS highest) (NNS yields)) (PP (IN on) (NP (NNS CDs)))) (, ,) (PP (VBG according) (PP (TO to) (NP (NNP Banxquote))))) (. .)))

(S1 (S (NP (NP (DT The) (JJ average) (NN yield)) (ADVP (RB there)) (PP (IN on) (NP (JJ six-month) (NNS issues)))) (VP (VBZ is) (NP (CD 8.32) (NN %))) (. .)))

