(S1 (S (NP (NN STOCK) (NNS PRICES)) (VP (VBD SWUNG) (SBAR (RB wildly) (IN as) (S (NP (DT the) (NN market)) (VP (VBD reacted) (PP (TO to) (NP (NP (DT an) (JJ initial) (NN plunge)) (PP (IN by) (NP (NP (NNP UAL) (NNS shares)) (, ,) (VP (VBN followed) (PP (IN by) (NP (NP (DT a) (JJ sharp) (NN rebound)) (PP (IN in) (NP (DT the) (NN afternoon)))))))))))))) (. .)))

(S1 (S (NP (DT The) (NNP Dow) (NNP Jones) (NNS industrials)) (, ,) (ADVP (RB down) (NP (QP (IN over) (CD 80)) (NNS points)) (PP (IN in) (NP (DT the) (NN morning)))) (, ,) (VP (VBD closed) (ADVP (RB off) (NP (CD 3.69))) (, ,) (PP (IN at) (NP (CD 2659.22)))) (. .)))

(S1 (S (NP (NN Bond) (NNS prices)) (VP (VP (VBD surged) (PP (IN in) (NP (NP (NN reaction)) (PP (TO to) (NP (NP (DT the) (NN sell-off)) (PP (IN in) (NP (NNS stocks)))))))) (, ,) (VP (ADVP (RB then)) (VBD eased) (ADVP (RB slightly)) (PP (IN during) (NP (DT the) (NN afternoon) (NN recovery))))) (. .)))

(S1 (S (NP (DT The) (NN dollar)) (VP (VBD finished) (ADVP (JJR lower))) (. .)))

(S1 (S (NP (NP (NNP UAL) (POS 's)) (NN stock)) (VP (VBD regained) (NP (NP (JJS most)) (PP (IN of) (NP (DT an) (JJ early) (NN loss)))) (PP (IN amid) (NP (NN speculation) (SBAR (S (NP (QP (CD one) (CC or) (JJR more)) (NNS investors)) (VP (MD may) (VP (VB challenge) (NP (NP (DT the) (NN airline) (POS 's)) (NN decision) (S (VP (TO to) (VP (VB stay) (ADJP (JJ independent))))))))))))) (. .)))

(S1 (S (NP (DT The) (NN stock)) (VP (VBD closed) (ADVP (RB down) (NP ($ $) (CD 8.375))) (, ,) (PP (IN at) (NP ($ $) (CD 170))) (, ,) (PP (IN after) (S (VP (VBG plunging) (NP ($ $) (CD 33))))) (, ,) (PP (TO to) (NP ($ $) (CD 145)))) (. .)))

(S1 (S (NP (NNP Ford)) (VP (MD may) (VP (VB seek) (NP (NP (DT all)) (PP (IN of) (NP (NNP Jaguar)))) (, ,) (S (VP (VBG setting) (NP (DT the) (NN stage)) (PP (IN for) (NP (NP (DT a) (JJ possible) (NN bidding) (NN war)) (PP (IN with) (NP (NNP GM))))))))) (. .)))

(S1 (S (S (NP (NNP Jaguar)) (VP (VBZ has) (VP (VBN been) (VP (VBG discussing) (NP (DT an) (NN alliance)) (PP (IN with) (NP (NNP GM))))))) (, ,) (CC but) (S (NP (NP (NNP Ford) (POS 's)) (NN move)) (VP (MD may) (VP (VB derail) (NP (DT the) (NNS talks))))) (. .)))

(S1 (S (NP (NN Car) (CC and) (NN truck) (NNS sales)) (VP (VBD slid) (NP (CD 20.5) (NN %)) (PP (IN in) (NP (NN mid-October))) (SBAR (IN as) (S (NP (NNP U.S.) (NNS manufacturers)) (VP (VBD paid) (NP (NP (DT the) (NN price)) (PP (IN for) (NP (NP (JJ heavy) (NNS incentives)) (ADVP (RBR earlier) (PP (IN in) (NP (DT the) (NN year))))))))))) (. .)))

(S1 (S (NP (NNP General) (NNPS Motors)) (VP (VBD continued) (S (VP (TO to) (VP (VB be) (VP (ADVP (RBS hardest)) (VBN hit)))))) (. .)))

(S1 (S (NP (JJ Durable) (NNS goods) (NNS orders)) (VP (VBD slipped) (NP (CD 0.1) (NN %)) (PP (IN in) (NP (NNP September))) (, ,) (S (VP (VBG reflecting) (NP (NP (VBG weakening) (NN auto) (NN demand)) (PP (IN after) (NP (NP (DT a) (NN spurt)) (PP (IN of) (NP (NP (NNS orders)) (PP (IN for) (NP (JJ new) (CD 1990) (NNS models))))))))))) (. .)))

(S1 (S (PP (VBG Excluding) (NP (NN transportation) (NNS items))) (, ,) (NP (NNS orders)) (VP (VBD rose) (NP (CD 1.8) (NN %))) (. .)))

(S1 (S (NP (NP (NNP Norfolk) (NNP Southern) (POS 's)) (NN board)) (VP (VBD approved) (NP (NP (DT a) (NN buy-back)) (PP (IN of) (NP (NP (QP (IN up) (TO to) (CD 45) (CD million)) (NNS shares)) (, ,) (VP (VBN valued) (PP (IN at) (NP (QP (IN over) ($ $) (CD 1.7) (CD billion))))))))) (. .)))

(S1 (S (NP (NP (DT The) (NN repurchase)) (, ,) (VP (VBN coupled) (PP (IN with) (NP (DT an) (RBR earlier) (JJ buyback)))) (, ,)) (VP (MD will) (VP (VB reduce) (NP (NP (NP (DT the) (NN firm) (POS 's)) (NNS shares)) (ADJP (JJ outstanding))) (PP (IN by) (NP (QP (IN over) (CD 26)) (NN %))))) (. .)))

(S1 (S (NP (NNP PS) (NNP New) (NNP Hampshire)) (VP (VBD received) (NP (NP (DT a) (VBN sweetened) (ADJP (QP ($ $) (CD 2.25) (CD billion))) (NN offer)) (PP (IN from) (NP (NNP Northeast) (NNPS Utilities))) (, ,) (VP (ADVP (RB likely)) (VBG spurring) (NP (NP (DT a) (JJ new) (NN round)) (PP (IN of) (S (VP (NN bidding) (PP (IN for) (NP (DT the) (NN utility)))))))))) (. .)))

(S1 (S (NP (NNP GE) (NNS executives)) (VP (VBD were) (VP (VBN accused) (PP (IN by) (NP (NNP U.S.) (NNS prosecutors))) (PP (IN of) (S (VP (VBG providing) (NP (`` `) (ADJP (`` `) (JJ misleading) (CC and) (JJ false) ('' ')) ('' ') (NNS data)) (PP (TO to) (NP (DT the) (NNP Pentagon))) (PP (IN in) (NP (CD 1985)))))) (S (VP (TO to) (VP (VB cover) (PRT (RP up)) (NP (`` `) (ADJP (`` `) (ADJP (JJ longstanding) (JJ fraudulent)) ('' ')) ('' ') (NN billing) (NNS practices))))))) (. .)))

(S1 (S (NP (NNP Texaco)) (VP (VBD said) (SBAR (S (NP (NN profit)) (VP (VBD rose) (NP (CD 11) (NN %)) (PP (IN in) (NP (DT the) (NN quarter))) (, ,) (PP (ADVP (RB partly)) (JJ due) (PP (TO to) (NP (DT a) (JJ massive) (NN restructuring)))))))) (. .)))

(S1 (S (NP (NNP Sun)) (VP (VBD posted) (NP (DT a) (NN gain))) (. .)))

(S1 (S (NP (NNP Mobil) (, ,) (NNP Shell) (CC and) (NNP Chevron)) (VP (VBD had) (NP (NNS declines))) (. .)))

(S1 (S (S (NP (NNP Mobil)) (VP (VBZ is) (VP (VBG preparing) (S (VP (TO to) (VP (VB slash) (NP (NP (PRP$ its) (NN work) (NN force)) (PP (IN in) (NP (DT the) (NNP U.S.)))) (, ,) (ADVP (RB possibly)) (ADVP (ADVP (RB as) (RB soon)) (PP (IN as) (NP (JJ next) (NN month)))))))))) (, ,) (NP (NNS sources)) (VP (VBD said)) (. .)))

(S1 (S (NP (NNP Sears)) (VP (VBD posted) (NP (NP (DT a) (ADJP (CD 16) (NN %)) (NN drop)) (PP (IN in) (NP (JJ third-quarter) (NN profit)))) (SBAR (IN as) (S (NP (NNP U.S.) (JJ retail) (NNS operations)) (VP (VBD recorded) (NP (DT the) (JJ first) (NN loss)) (PP (IN in) (NP (RB over) (CD five) (NNS years))))))) (. .)))

(S1 (S (NP (DT The) (NNS results)) (VP (VBP show) (SBAR (S (NP (NNP Sears)) (VP (VBZ is) (VP (VBG struggling) (S (VP (TO to) (VP (VB attract) (NP (NNS shoppers)))))))))) (. .)))

(S1 (S (NP (NNP Digital) (NNP Equipment)) (VP (VBD announced) (NP (PRP$ its) (JJ first) (NN mainframe) (NNS computers)) (, ,) (S (VP (VP (VBG targeting) (NP (NP (NNP IBM) (POS 's)) (JJS largest) (NN market))) (CC and) (VP (VBG heating) (PRT (RP up)) (NP (NP (DT the) (NN industry) (POS 's)) (JJS biggest) (NN rivalry)))))) (. .)))

(S1 (S (NP (NNP Cray) (NNP Research)) (VP (VBZ expects) (S (NP (NN supercomputer) (NNS sales)) (VP (TO to) (VP (VB be) (NP (JJ flat) (JJ next) (NN year)) (, ,) (NP (NP (DT the) (JJS latest)) (PP (IN in) (NP (NP (DT a) (NN series)) (PP (IN of) (NP (NP (JJ negative) (NNS announcements)) (PP (IN by) (NP (DT the) (NN company)))))))))))) (. .)))

(S1 (S (NP (JJ Short) (NN interest)) (VP (VBD increased) (NP (CD 6) (NN %)) (PP (IN in) (NP (DT the) (NNP Nasdaq) (JJ over-the-counter) (NN market))) (PP (IN for) (NP (NP (DT the) (NN month)) (VP (VBN ended) (NP (NNP Oct.) (CD 13)))))) (. .)))

(S1 (S (NP (NNP Salomon)) (VP (VBD posted) (NP (NP (DT an) (ADJP (RB unexpectedly) (JJ big)) (NN gain)) (PP (IN in) (NP (JJ quarterly) (NNS earnings)))) (, ,) (S (VP (VBN aided) (PP (IN by) (NP (PRP$ its) (NNS securities) (NN trading) (CC and) (NN investment) (NN banking) (NNS activities)))))) (. .)))

(S1 (S (NP (NP (NNP Procter) (CC &) (NNP Gamble) (POS 's)) (NN profit)) (VP (VBD surged) (NP (CD 38) (NN %)) (PP (IN in) (NP (PRP$ its) (JJS latest) (JJ fiscal) (NN quarter))) (, ,) (S (VP (VBN aided) (PP (IN by) (NP (NP (NP (DT a) (NN gain)) (PP (IN from) (NP (DT a) (JJ legal) (NN settlement)))) (CC and) (NP (NP (JJ continued) (NN growth)) (ADVP (RB overseas)))))))) (. .)))

(S1 (S (NP (NP (NNP Goodyear) (POS 's)) (NN profit)) (VP (VBD rose) (NP (CD 11) (NN %)) (PP (IN in) (NP (DT the) (NN quarter))) (, ,) (S (VP (VBN buoyed) (PP (IN by) (NP (NP (VBN improved) (NN operating) (NNS results)) (PP (IN in) (NP (PRP$ its) (NN tire) (NN business)))))))) (. .)))

(S1 (NP (NNS Markets) (: --)))

(S1 (NP (NP (NNS Stocks)) (: :) (NP (NP (NN Volume)) (NP (CD 237,960,000) (NNS shares))) (. .)))

(S1 (S (NP (NNP Dow) (NNP Jones)) (VP (VBZ industrials) (NP (NP (NP (CD 2659.22)) (, ,) (ADVP (RB off) (NP (CD 3.69)))) (: ;) (NP (NP (NN transportation)) (NP (NP (CD 1210.70)) (, ,) (ADVP (RB off) (NP (CD 25.96))))) (: ;) (NP (NP (NNS utilities)) (NP (NP (CD 215.04)) (, ,) (ADVP (RB off) (NP (CD 0.31))))))) (. .)))

(S1 (NP (NP (NNS Bonds)) (: :) (NP (NP (NNP Shearson) (NNP Lehman) (NNP Hutton) (NNP Treasury) (NN index)) (NP (CD 3425.22)) (, ,) (ADVP (RB up)))))

(S1 (NP (NP (NNS Commodities)) (: :) (NP (NP (NP (NNP Dow) (NNP Jones) (NNS futures) (NN index)) (NP (CD 129.24)) (, ,) (ADVP (RB off) (NP (CD 0.25)))) (: ;) (NP (NP (NN spot) (NN index)) (NP (CD 130.76)) (, ,) (ADVP (RB off) (NP (CD 0.88))))) (. .)))

(S1 (NP (NP (NN Dollar)) (: :) (NP (NP (NP (CD 141.45) (NN yen)) (, ,) (ADVP (RB off) (NP (CD 0.45)))) (: ;) (NP (NP (CD 1.8355) (NNS marks)) (, ,) (ADVP (RB off) (NP (CD 0.0115))))) (. .)))

