(S1 (S (NP (DT The) (VBG following) (NNP U.S.) (NNP Treasury) (, ,) (JJ corporate) (CC and) (JJ municipal) (NNS offerings)) (VP (VBP are) (ADVP (RB tentatively)) (VP (VBN scheduled) (PP (IN for) (NP (NN sale))) (NP (DT this) (NN week)) (, ,) (PP (VBG according) (PP (TO to) (NP (NNP Dow) (NNP Jones) (NNP Capital) (NNPS Markets) (NNP Report)))))) (: :)))

(S1 (NP (NP (QP ($ $) (CD 15.2) (CD billion))) (PP (IN of) (NP (ADJP (JJ three-month) (CC and) (JJ six-month)) (NNS bills))) (. .)))

(S1 (NP (NP (JJ Two-year) (NNS notes)) (, ,) (PP (VBG refinancing) (NP (NP (QP (RB about) ($ $) (CD 9.6) (CD billion))) (PP (IN in) (NP (VBG maturing) (NN debt))))) (. .)))

(S1 (NP (NP (QP ($ $) (CD 9.75) (CD billion))) (PP (IN of) (NP (JJ 52-week) (NNS bills))) (. .)))

(S1 (NP (NP (NNP Connecticut) (NNP Light) (CC &) (NNP Power) (NNP Co.)) (: --)))

(S1 (S (NP (NP (QP (CD Three) (CD million)) (NNS shares)) (PP (IN of) (NP ($ $) (CD 25)))) (VP (VBN preferred) (, ,) (PP (IN via) (NP (JJ competitive) (NN bidding)))) (. .)))

(S1 (NP (NNP B&H) (NNP Crude) (NNP Carriers) (NNP Ltd.) (: --)))

(S1 (NP (NP (QP (CD Four) (CD million)) (JJ common) (NNS shares)) (, ,) (PP (IN via) (NP (NNP Salomon) (NNPS Brothers) (NNP Inc))) (. .)))

(S1 (NP (NNP Baldwin) (NNP Technology) (NNP Co.) (: --)))

(S1 (NP (NP (QP (CD 2.6) (CD million)) (NNP Class) (NNP A) (NNS shares)) (, ,) (PP (IN via) (NP (NNP Smith) (NNP Barney) (NNP Harris) (NNP Upham) (CC &) (NNP Co))) (. .)))

(S1 (NP (NNP Blockbuster) (NNP Entertainment) (NNP Corp.) (: --)))

(S1 (NP (NP (ADJP (QP ($ $) (CD 250) (CD million))) (PRN (-LRB- -LRB-) (NP (NN face) (NN amount)) (-RRB- -RRB-)) (JJ Liquid) (NN Yield) (NN Option) (NNS Notes)) (, ,) (PP (IN via) (NP (NNP Merrill) (NNP Lynch) (NNP Capital) (NNPS Markets))) (. .)))

(S1 (NP (NNP Chase) (NNP Manhattan) (NNP Corp.) (: --)))

(S1 (NP (NP (QP (CD 14) (CD million)) (JJ common) (NNS shares)) (, ,) (PP (IN via) (NP (NNP Goldman) (, ,) (NNP Sachs) (CC &) (NNP Co))) (. .)))

(S1 (NP (NNP Comcast) (NNP Corp.) (: --)))

(S1 (NP (NP (ADJP (QP ($ $) (CD 150) (CD million))) (JJ convertible) (NNS debentures)) (, ,) (PP (IN via) (NP (NNP Merrill) (NNP Lynch))) (. .)))

(S1 (NP (NNP CSS) (NNPS Industries) (: --)))

(S1 (NP (NP (QP (CD 1.3) (CD million)) (JJ common) (NNS shares)) (, ,) (PP (IN via) (NP (NNP Merrill) (NNP Lynch))) (. .)))

(S1 (NP (NNP Eastern) (NNP Utilities) (NNP Associates) (: --)))

(S1 (NP (NP (QP (CD 1.5) (CD million)) (JJ common) (NNS shares)) (, ,) (PP (IN via) (NP (NNP PaineWebber) (NNP Inc))) (. .)))

(S1 (NP (NNP Employee) (NNP Benefit) (NNP Plans) (NNP Inc.) (: --)))

(S1 (NP (NP (QP (CD Two) (CD million)) (JJ common) (NNS shares)) (, ,) (PP (IN via) (NP (NNP Dean) (NNP Witter) (NNP Capital) (NNP Markets))) (. .)))

(S1 (NP (NNP Exabyte) (NNP Corp.) (: --)))

(S1 (NP (NP (CD 2,850,000) (JJ common) (NNS shares)) (, ,) (PP (IN via) (NP (NNP Goldman) (NNP Sachs))) (. .)))

(S1 (NP (NNP Knowledgeware) (NNP Inc.) (: --)))

(S1 (NP (NP (QP (CD 2.4) (CD million)) (JJ common) (NNS shares)) (, ,) (PP (IN via) (NP (NNP Montgomery) (NNPS Securities))) (. .)))

(S1 (NP (NNP Oregon) (: --)))

(S1 (NP (NP (QP ($ $) (CD 100) (CD million))) (PP (IN of) (NP (NP (NP (JJ general) (NN obligation) (NNS veterans) (POS ')) (NN tax) (NNS notes)) (, ,) (NP (NNP Series) (CD 1989)) (, ,) (PP (IN via) (NP (JJ competitive) (NN bid))))) (. .)))

(S1 (NP (NP (NNP Washington)) (, ,) (NP (NNP D.C.)) (: --)))

(S1 (NP (NP (QP ($ $) (CD 200) (CD million))) (PP (IN of) (NP (NP (CD 1990) (JJ general) (NN obligation) (NN tax) (NN revenue) (NNS notes)) (-LRB- -LRB-) (NP (NNP Series) (CD 1990A)) (-RRB- -RRB-))) (, ,) (PP (IN via) (NP (JJ competitive) (NN bid))) (. .)))

(S1 (NP (NNP Virginia) (NNP Public) (NNP School) (NNP Authority) (: --)))

(S1 (NP (NP ($ $) (CD 55,730,000)) (PP (IN of) (NP (NP (NN school) (NN financing) (NNS bonds)) (, ,) (NP (CD 1989) (NNP Series) (NNP B)) (PRN (-LRB- -LRB-) (NP (CD 1987) (NN resolution)) (-RRB- -RRB-)) (, ,) (PP (IN via) (NP (JJ competitive) (NN bid))))) (. .)))

(S1 (NP (NP (NNP Austin)) (, ,) (NP (NNP Texas)) (: --)))

(S1 (NP (NP ($ $) (CD 68,230,000)) (PP (IN of) (NP (NP (JJ various) (NNS bonds)) (, ,) (PP (VBG including) (NP (NP (NP (ADJP (QP ($ $) (CD 32) (CD million))) (NN hotel) (NN occupancy) (NN tax) (NN revenue) (NNS bonds)) (, ,) (NP (NNP Series) (NNP 1989A))) (, ,) (CC and) (NP (NP (ADJP (QP ($ $) (CD 36.23) (CD million))) (NN convention) (NN center) (NN revenue) (NNS bonds)) (, ,) (NP (NNP Series) (NNP 1989B))) (, ,) (PP (IN via) (NP (DT a) (NNP Morgan) (NNP Stanley) (CC &) (NNP Co.) (NN group))))))) (. .)))

(S1 (NP (NNP California) (NNP Health) (NNP Facilities) (NNP Financing) (NNP Authority) (: --)))

(S1 (NP (NP (ADJP (ADJP (QP ($ $) (CD 144.5) (CD million))) (PP (IN of) (NP (NNP Kaiser) (NNP Permanente)))) (NN revenue) (NNS bonds)) (, ,) (PP (IN via) (NP (DT a) (NNP PaineWebber) (NN group))) (. .)))

(S1 (NP (NNP Connecticut) (: --)))

(S1 (NP (NP (QP ($ $) (CD 100) (CD million))) (PP (IN of) (NP (NP (JJ general) (NN obligation) (NN capital) (NN appreciation) (NNS bonds)) (, ,) (NP (NNP College) (NNP Savings) (NNP Plan)) (, ,) (NP (CD 1989) (NNP Series) (NNP B)) (, ,))) (PP (IN via) (NP (DT a) (NNP Prudential-Bache) (NNP Capital) (NNP Funding) (NN group))) (. .)))

(S1 (NP (NNP Pennsylvania) (NNP Higher) (NNP Education) (NNP Facilities) (NNP Authority) (: --)))

(S1 (NP (NP (QP ($ $) (CD 117) (CD million))) (PP (IN of) (NP (NP (NN revenue) (NNS bonds)) (PP (IN for) (NP (NNP Hahnemann) (NNP University))) (, ,) (NP (NNP Series) (CD 1989)) (, ,))) (PP (IN via) (NP (DT a) (NNP Merrill) (NNP Lynch) (NN group))) (. .)))

(S1 (NP (NNP Tennessee) (NNP Valley) (NNP Authority) (: --)))

(S1 (NP (NP (QP (CD Three) (CD billion))) (PP (IN of) (NP (NP (NN power) (NNS bonds)) (, ,) (PP (IN via) (NP (NNP First) (NNP Boston) (NNP Corp))))) (. .)))

(S1 (NP (NP (NP (NNP University)) (PP (IN of) (NP (NNP Medicine) (CC And) (NNP Dentistry)))) (PP (IN of) (NP (NNP New) (NNP Jersey))) (: --)))

(S1 (NP (NP (QP ($ $) (CD 55) (CD million))) (PP (IN of) (NP (NP (NNP Series) (NNP C) (NNS bonds)) (, ,) (PP (IN via) (NP (DT a) (NNP Prudential-Bache) (NN group))))) (. .)))

(S1 (NP (NP (NNP West) (NNP Virginia) (NNP Parkways) (, ,) (NNP Economic) (NNP Development) (CC And) (NNP Tourism) (NNP Authority)) (: --)))

(S1 (NP (NP (QP ($ $) (CD 143) (CD million))) (PP (IN of) (NP (NP (NN parkway) (NN revenue) (NNS bonds)) (, ,) (NP (NNP Series) (CD 1989)) (, ,))) (PP (IN via) (NP (DT a) (NNP PaineWebber) (NN group))) (. .)))

(S1 (NP (NP (NNP San) (NNP Antonio)) (, ,) (NP (NNP Texas)) (: --)))

(S1 (NP (NP (QP ($ $) (CD 640) (CD million))) (PP (IN of) (NP (NN gas) (CC and) (JJ electric) (NN revenue) (VBG refunding) (NNS bonds))) (, ,) (PP (IN via) (NP (DT a) (NNP First) (NNP Boston) (NN group))) (. .)))

(S1 (NP (NNP South) (NNP Dakota) (NNP Health) (CC &) (NNP Education) (NN Facility) (NNP Authority) (: --)))

(S1 (NP (NP (QP ($ $) (CD 51.1) (CD million))) (PP (IN of) (NP (NNP Rapid) (NNP City) (JJ Regional) (NN Hospital) (NNS bonds))) (, ,) (PP (IN via) (NP (DT a) (NNP Dougherty) (, ,) (NNP Dawkins) (, ,) (NNP Strand) (CC &) (NNP Yost) (NNP Inc.) (NN group))) (. .)))

