(S1 (NP (NP (NNP Friday)) (, ,) (NP (NNP October) (CD 13) (, ,) (CD 1989))))

(S1 (S (NP (NP (DT The) (JJ key) (UCP (NNP U.S.) (CC and) (JJ foreign)) (JJ annual) (NN interest) (NNS rates)) (ADVP (RB below))) (VP (VP (VBP are) (NP (NP (DT a) (NN guide)) (PP (TO to) (NP (JJ general) (NNS levels))))) (CC but) (VP (VBP do) (RB n't) (ADVP (RB always)) (VP (VB represent) (NP (JJ actual) (NNS transactions))))) (. .)))

(S1 (NP (NNP PRIME) (NNP RATE) (: :)))

(S1 (FRAG (NP (QP (CD 10) (CD 1\/2)) (NN %)) (. .)))

(S1 (NP (NP (DT The) (NN base) (NN rate)) (PP (IN on) (NP (JJ corporate) (NNS loans))) (PP (IN at) (NP (JJ large) (NNP U.S.) (NN money) (NN center) (JJ commercial) (NNS banks))) (. .)))

(S1 (NP (JJ FEDERAL) (NNS FUNDS) (: :)))

(S1 (S (NP (NP (NP (ADJP (QP (CD 8) (CD 13\/16)) (NN %)) (JJ high)) (, ,) (NP (ADJP (QP (CD 8) (CD 1\/2)) (NN %)) (JJ low)) (, ,) (NP (NP (QP (CD 8) (CD 5\/8)) (NN %)) (PP (IN near) (NP (VBG closing) (NN bid))))) (, ,) (NP (QP (CD 8) (CD 3\/4)) (NN %))) (VP (VBD offered)) (. .)))

(S1 (S (NP (NNS Reserves)) (VP (VBN traded) (PP (IN among) (NP (JJ commercial) (NNS banks))) (PP (IN for) (NP (JJ overnight) (NN use))) (PP (IN in) (NP (NP (NNS amounts)) (PP (IN of) (NP (QP ($ $) (CD 1) (CD million)) (QP (CC or) (JJR more))))))) (. .)))

(S1 (NP (NP (NN Source)) (: :) (NP (NNP Fulton) (NNP Prebon) (PRN (-LRB- -LRB-) (NNP U.S.A) (. .) (-RRB- -RRB-)) (NNP Inc)) (. .)))

(S1 (NP (NN DISCOUNT) (NN RATE) (: :)))

(S1 (FRAG (NP (CD 7) (NN %)) (. .)))

(S1 (NP (NP (DT The) (NN charge)) (PP (IN on) (NP (NP (NNS loans)) (PP (TO to) (NP (NN depository) (NNS institutions))) (PP (IN by) (NP (DT the) (NNP New) (NNP York) (NNP Federal) (NNP Reserve) (NNP Bank))))) (. .)))

(S1 (NP (NNP CALL) (NNP MONEY) (: :)))

(S1 (NP (NP (QP (CD 9) (CD 3\/4) (NN %) (TO to) (CD 10) (NN %))) (. .)))

(S1 (NP (NP (DT The) (NN charge)) (PP (IN on) (NP (NP (NNS loans)) (PP (TO to) (NP (NNS brokers))))) (PP (IN on) (NP (NN stock) (NN exchange) (NN collateral))) (. .)))

(S1 (NP (NP (JJ COMMERCIAL) (NN PAPER)) (VP (VBN placed) (ADVP (RB directly)) (PP (IN by) (NP (NNP General) (NNPS Motors) (NNP Acceptance) (NNP Corp.)))) (: :)))

(S1 (NP (NP (NP (NP (CD 8.60) (NN %)) (NP (QP (CD 30) (TO to) (CD 44)) (NNS days))) (: ;) (NP (NP (CD 8.55) (NN %)) (NP (QP (CD 45) (TO to) (CD 59)) (NNS days))) (: ;) (NP (NP (CD 8.375) (NN %)) (NP (QP (CD 60) (TO to) (CD 79)) (NNS days))) (: ;) (NP (NP (CD 8.50) (NN %)) (NP (QP (CD 80) (TO to) (CD 89)) (NNS days))) (: ;) (NP (NP (CD 8.25) (NN %)) (NP (QP (CD 90) (TO to) (CD 119)) (NNS days))) (: ;) (NP (NP (CD 8.125) (NN %)) (NP (QP (CD 120) (TO to) (CD 149)) (NNS days))) (: ;) (NP (NP (CD 8) (NN %)) (NP (QP (CD 150) (TO to) (CD 179)) (NNS days)))) (: ;) (NP (NP (CD 7.625) (NN %)) (NP (QP (CD 180) (TO to) (CD 270)) (NNS days))) (. .)))

(S1 (NP (JJ COMMERCIAL) (NN PAPER) (: :)))

(S1 (NP (NP (JJ High-grade) (JJ unsecured) (NNS notes)) (VP (VBN sold) (PP (IN through) (NP (NNS dealers))) (PP (IN by) (NP (JJ major) (NNS corporations))) (PP (IN in) (NP (NP (NNS multiples)) (PP (IN of) (NP ($ $) (CD 1,000)))))) (: :)))

(S1 (NP (NP (NP (CD 8.65) (NN %)) (NP (CD 30) (NNS days))) (: ;) (NP (NP (NP (CD 8.55) (NN %)) (NP (CD 60) (NNS days))) (: ;) (NP (NP (CD 8.55) (NN %)) (NP (CD 90) (NNS days)))) (. .)))

(S1 (NP (NP (NNS CERTIFICATES)) (PP (IN OF) (NP (NN DEPOSIT))) (: :)))

(S1 (NP (NP (NP (NP (CD 8.15) (NN %)) (NP (CD one) (NN month))) (: ;) (NP (NP (CD 8.15) (NN %)) (NP (CD two) (NNS months))) (: ;) (NP (NP (CD 8.13) (NN %)) (NP (CD three) (NNS months))) (: ;) (NP (NP (CD 8.11) (NN %)) (NP (CD six) (NNS months)))) (: ;) (NP (NP (CD 8.08) (NN %)) (NP (CD one) (NN year))) (. .)))

(S1 (NP (NP (JJ Average)) (PP (IN of) (NP (JJ top) (NNS rates))) (VP (VBN paid) (PP (IN by) (NP (JJ major) (NNP New) (NNP York) (NNS banks))) (PP (IN on) (NP (NP (JJ primary) (JJ new) (NNS issues)) (PP (IN of) (NP (JJ negotiable) (NNPS C.D.s))))) (, ,) (ADVP (RB usually)) (PP (IN on) (NP (NP (NNS amounts)) (PP (IN of) (NP (QP ($ $) (CD 1) (CD million) (CC and) (JJR more))))))) (. .)))

(S1 (S (NP (DT The) (JJ minimum) (NN unit)) (VP (VBZ is) (NP ($ $) (CD 100,000))) (. .)))

(S1 (NP (NP (JJ Typical) (NNS rates)) (PP (IN in) (NP (DT the) (JJ secondary) (NN market))) (: :)))

(S1 (NP (NP (NP (CD 8.65) (NN %)) (NP (CD one) (NN month))) (: ;) (NP (NP (NP (CD 8.65) (NN %)) (NP (CD three) (NNS months))) (: ;) (NP (NP (CD 8.55) (NN %)) (NP (CD six) (NNS months)))) (. .)))

(S1 (NP (NP (NNS BANKERS) (NNS ACCEPTANCES)) (: :)))

(S1 (NP (NP (NP (NP (CD 8.52) (NN %)) (NP (CD 30) (NNS days))) (: ;) (NP (NP (CD 8.37) (NN %)) (NP (CD 60) (NNS days))) (: ;) (NP (NP (CD 8.15) (NN %)) (NP (CD 90) (NNS days))) (: ;) (NP (NP (CD 7.98) (NN %)) (NP (CD 120) (NNS days))) (: ;) (NP (NP (CD 7.92) (NN %)) (NP (CD 150) (NNS days)))) (: ;) (NP (NP (CD 7.80) (NN %)) (NP (CD 180) (NNS days))) (. .)))

(S1 (S (NP (NP (JJ Negotiable) (, ,) (JJ bank-backed) (NN business) (NN credit) (NNS instruments)) (ADVP (RB typically))) (VP (VBG financing) (NP (DT an) (NN import) (NN order))) (. .)))

(S1 (NP (NP (NNP LONDON) (JJ LATE) (NNS EURODOLLARS)) (: :)))

(S1 (NP (NP (NP (NP (QP (CD 8) (CD 13\/16) (NN %) (TO to) (CD 8) (CD 11\/16) (NN %))) (NP (CD one) (NN month))) (: ;) (NP (NP (QP (CD 8) (CD 13\/16) (NN %) (TO to) (CD 8) (CD 11\/16) (NN %))) (NP (CD two) (NNS months))) (: ;) (NP (NP (QP (CD 8) (CD 13\/16) (NN %) (TO to) (CD 8) (CD 11\/16) (NN %))) (NP (CD three) (NNS months))) (: ;) (NP (NP (QP (CD 8) (CD 3\/4) (NN %) (TO to) (CD 8) (CD 5\/8) (NN %))) (NP (CD four) (NNS months))) (: ;) (NP (NP (QP (CD 8) (CD 11\/16) (NN %) (TO to) (CD 8) (CD 9\/16) (NN %))) (NP (CD five) (NNS months)))) (: ;) (NP (NP (QP (CD 8) (CD 5\/8) (NN %) (TO to) (CD 8) (CD 1\/2) (NN %))) (NP (CD six) (NNS months))) (. .)))

(S1 (NP (NP (NNP LONDON) (NNP INTERBANK) (VBN OFFERED) (NNS RATES)) (PRN (-LRB- -LRB-) (NP (NNP LIBOR)) (-RRB- -RRB-)) (: :)))

(S1 (NP (NP (NP (QP (CD 8) (CD 3\/4)) (NN %)) (NP (CD one) (NN month))) (: ;) (NP (NP (NP (QP (CD 8) (CD 3\/4)) (NN %)) (NP (CD three) (NNS months))) (: ;) (NP (NP (QP (CD 8) (CD 9\/16)) (NN %)) (NP (CD six) (NNS months))) (: ;) (NP (NP (QP (CD 8) (CD 9\/16)) (NN %)) (NP (CD one) (NN year)))) (. .)))

(S1 (S (NP (NP (DT The) (NN average)) (PP (IN of) (NP (NP (NN interbank) (VBN offered) (NNS rates)) (PP (IN for) (NP (NP (NN dollar) (NNS deposits)) (PP (IN in) (NP (DT the) (NNP London) (NN market)))))))) (VP (VBN based) (PP (IN on) (NP (NP (NNS quotations)) (PP (IN at) (NP (CD five) (JJ major) (NNS banks)))))) (. .)))

(S1 (NP (NNP FOREIGN) (NNP PRIME) (NNP RATES) (: :)))

(S1 (NP (NP (NP (NP (NNP Canada)) (NP (CD 13.50) (NN %))) (: ;) (NP (NP (NNP Germany)) (NP (CD 8.50) (NN %))) (: ;) (NP (NP (NNP Japan)) (NP (CD 4.875) (NN %))) (: ;) (NP (NP (NNP Switzerland)) (NP (CD 8.50) (NN %))) (: ;) (NP (NNP Britain))) (NP (CD 15) (NN %)) (. .)))

(S1 (S (S (NP (DT These) (NN rate) (NNS indications)) (VP (VBP are) (RB n't) (ADJP (RB directly) (JJ comparable)))) (: ;) (S (NP (NN lending) (NNS practices)) (VP (VBP vary) (ADVP (RB widely)) (PP (IN by) (NP (NN location))))) (. .)))

(S1 (NP (NNP TREASURY) (NNPS BILLS) (: :)))

(S1 (NP (NP (NP (NNS Results)) (PP (IN of) (NP (NP (DT the) (NAC (NNP Tuesday) (, ,) (NNP October) (CD 10) (, ,) (CD 1989) (, ,)) (NN auction)) (PP (IN of) (NP (NP (JJ short-term) (NNP U.S.) (NN government) (NNS bills)) (, ,) (VP (VBN sold) (PP (IN at) (NP (NP (DT a) (NN discount)) (PP (IN from) (NP (NN face) (NN value))))) (PP (IN in) (NP (NP (NNS units)) (PP (IN of) (NP (QP ($ $) (CD 10,000) (TO to) ($ $) (CD 1) (CD million)))))))))))) (: :)))

(S1 (NP (NP (NP (CD 7.63) (NN %)) (NP (CD 13) (NNS weeks))) (: ;) (NP (NP (CD 7.60) (NN %)) (NP (CD 26) (NNS weeks))) (. .)))

(S1 (NP (NP (NNP FEDERAL) (NNP HOME) (NNP LOAN) (NNP MORTGAGE) (NNP CORP) (. .)) (PRN (-LRB- -LRB-) (NP (NNP Freddie) (NNP Mac)) (-RRB- -RRB-)) (: :)))

(S1 (NP (NP (VBN Posted) (NNS yields)) (PP (IN on) (NP (NP (JJ 30-year) (NN mortgage) (NNS commitments)) (PP (IN for) (NP (NP (NN delivery)) (PP (IN within) (NP (CD 30) (NNS days))))))) (. .)))

(S1 (NP (NP (NP (CD 9.91) (NN %)) (, ,) (NP (JJ standard) (JJ conventional) (JJ fixedrate) (NNS mortgages))) (: ;) (NP (NP (CD 7.875) (NN %)) (, ,) (NP (ADJP (CD 2) (NN %)) (NN rate) (VBD capped) (JJ one-year) (JJ adjustable) (NN rate) (NNS mortgages))) (. .)))

(S1 (NP (NP (NN Source)) (: :) (NP (NNP Telerate) (NNPS Systems) (NNP Inc)) (. .)))

(S1 (NP (NP (NNP FEDERAL) (NNP NATIONAL) (NNP MORTGAGE) (NNP ASSOCIATION)) (PRN (-LRB- -LRB-) (NP (NNP Fannie) (NNP Mae)) (-RRB- -RRB-)) (: :)))

(S1 (NP (NP (VBN Posted) (NNS yields)) (PP (IN on) (NP (NP (CD 30) (NN year) (NN mortgage) (NNS commitments)) (PP (IN for) (NP (NP (NN delivery)) (PP (IN within) (NP (CD 30) (NNS days))))) (PRN (-LRB- -LRB-) (VP (VBN priced) (PP (IN at) (NP (NN par)))) (-RRB- -RRB-))))))

(S1 (NP (NP (NP (CD 9.86) (NN %)) (, ,) (NP (JJ standard) (JJ conventional) (JJ fixed-rate) (NNS mortgages))) (: ;) (NP (NP (CD 8.85) (NN %)) (, ,) (NP (CD 6\/2) (NN rate) (VBD capped) (JJ one-year) (JJ adjustable) (NN rate) (NNS mortgages))) (. .)))

(S1 (NP (NP (NN Source)) (: :) (NP (NNP Telerate) (NNPS Systems) (NNP Inc)) (. .)))

(S1 (NP (NNP MERRILL) (NNP LYNCH) (NNP READY) (NNP ASSETS) (NNP TRUST) (: :)))

(S1 (FRAG (NP (CD 8.33) (NN %)) (. .)))

(S1 (NP (NP (NP (VBN Annualized) (JJ average) (NN rate)) (PP (IN of) (NP (NN return))) (PP (IN after) (NP (NNS expenses))) (PP (IN for) (NP (DT the) (JJ past) (CD 30) (NNS days)))) (: ;) (NP (NP (RB not) (DT a) (NN forecast)) (PP (IN of) (NP (JJ future) (NNS returns)))) (. .)))

