(S1 (S (SBAR (WHADVP (RB Just) (WRB when)) (S (NP (PRP it)) (VP (VBD seemed) (ADJP (JJ safe)) (S (VP (TO to) (VP (VB go) (ADVP (RB back) (PP (IN into) (NP (NNS stocks)))))))))) (, ,) (NP (NNP Wall) (NNP Street)) (VP (VBN suffered) (NP (NP (DT another) (JJ severe) (NN attack)) (PP (IN of) (NP (NNS nerves))))) (. .)))

(S1 (SQ (VBZ Does) (NP (DT this)) (VP (VB signal) (SBAR (DT another) (S (NP (NNP Black) (NNP Monday)) (VP (VBZ is) (VP (VBG coming)))))) (. ?)))

(S1 (SQ (CC Or) (VBZ is) (NP (DT this)) (SBAR (S (NP (NP (DT an) (JJ extraordinary) (NN buying) (NN opportunity)) (PRN (, ,) (PP (ADVP (RB just)) (IN like) (NP (NNP Oct.) (CD 19) (, ,) (CD 1987))) (, ,))) (ADVP (RB eventually)) (VP (VBD turned) (PRT (RP out)) (S (VP (TO to) (VP (VB be))))))) (. ?)))

(S1 (SINV (ADVP (RB Here)) (VP (VBZ 's)) (SBAR (SBAR (WHNP (WP what)) (S (NP (NP (JJ several) (VBG leading) (NN market) (NNS experts)) (CC and) (NP (NN money) (NNS managers))) (VP (VBP say) (PP (IN about) (NP (NP (NNP Friday) (POS 's)) (NN action)))))) (, ,) (SBAR (WHNP (WP what)) (S (VP (VBZ happens) (ADJP (JJ next))))) (CC and) (SBAR (WHNP (WP what)) (S (NP (NNS investors)) (VP (MD should) (VP (VB do)))))) (. .)))

(S1 (NP (NNP Joseph) (NNP Granville) (. .)))

(S1 (SINV (`` `) (S (`` `) (NP (PRP I)) (VP (VBP 'm) (NP (NP (DT the) (JJ only) (CD one)) (SBAR (WHNP (WP who)) (S (VP (VBD said) (SBAR (S (NP (EX there)) (VP (MD would) (VP (VB be) (NP (DT an) (NNP October) (NN massacre)))))))))) (, ,) (PP (ADVP (DT all)) (IN through) (NP (NP (JJ late) (NNP August)) (CC and) (NP (NNP September))))) (, ,) ('' ')) ('' ') (VP (VBZ says)) (NP (NP (NNP Mr.) (NNP Granville)) (, ,) (ADVP (RB once)) (NP (NP (DT a) (ADJP (RB widely) (VBN followed)) (NN market) (NN guru)) (CC and) (NP (RB still) (DT a) (JJ well-known) (NN newsletter) (NN writer)))) (. .)))

(S1 (S (`` `) (S (`` `) (NP (NN Everyone)) (VP (MD will) (VP (VB tell) (NP (PRP you)) (SBAR (IN that) (S (NP (DT this) (NN time)) (VP (VBZ is) (ADJP (JJ different) (PP (IN from) (NP (CD 1987))))))))) (, ,) ('' ')) ('' ') (NP (PRP he)) (VP (VBZ says)) (. .)))

(S1 (S (INTJ (`` `) (`` `) (UH Well)) (, ,) (S (PP (IN in) (NP (DT some) (NNS ways))) (NP (PRP it)) (VP (VBZ is) (ADJP (JJ different)))) (, ,) (CC but) (S (ADVP (RB technically)) (NP (PRP it)) (VP (VBZ is) (ADVP (RB just)) (NP (DT the) (JJ same)))) (. .)))

(S1 (S (SBAR (IN If) (S (NP (PRP you)) (VP (VBP 're) (NP (DT a) (NN technician))))) (, ,) (NP (PRP you)) (VP (NNP obey) (NP (DT the) (NNS signals))) (. .)))

(S1 (S (ADVP (RB Right) (RB now)) (NP (PRP they)) (VP (VBP 're) (VP (VBG telling) (NP (PRP me)) (S (VP (TO to) (VP (VP (VB get) (NP (DT the) (NN hell)) (ADVP (RB out))) (CC and) (VP (VB stay) (ADVP (RB out)))))))) (. .)))

(S1 (S (NP (PRP I)) (VP (VBP see) (NP (DT no) (JJ major) (NN support)) (PP (IN until) (NP (CD 2200)))) (. .)))

(S1 (S (NP (PRP I)) (VP (VBP see) (NP (NP (DT a) (NN possibility)) (PP (IN of) (S (VP (VBG going) (PP (TO to) (NP (CD 2200))) (NP (DT this) (NN month))))))) (. .) ('' ') ('' ')))

(S1 (S (S (NP (NNP Mr.) (NNP Granville)) (VP (VBZ says) (SBAR (S (NP (PRP he)) (VP (MD would) (RB n't) (VP (ADVP (RB even)) (VB think) (PP (IN of) (S (VP (VBG buying) (SBAR (IN until) (S (NP (QP (IN at) (JJS least) (CD 600) (TO to) (CD 700)) (NNS stocks)) (VP (VBP have) (VP (VBD hit) (NP (JJ 52-week) (NNS lows))))))))))))))) (: ;) (S (NP (QP (RB about) (CD 100)) (NNS stocks)) (VP (VBD hit) (NP (JJ new) (NNS lows)) (NP (NNP Friday)))) (. .)))

(S1 (S (`` `) (`` `) (NP (JJS Most) (NNS people)) (PRN (, ,) ('' ') ('' ') (S (NP (PRP he)) (VP (VBZ says))) (, ,) (`` `)) (`` `) (VP (VB have) (NP (NP (DT no) (NN idea)) (SBAR (WHNP (WP what)) (S (NP (DT a) (NN massacre) (NN pattern)) (VP (VBZ looks) (PP (IN like))))))) (. .) ('' ') ('' ')))

(S1 (NP (NNP Elaine) (NNP Garzarelli) (. .)))

(S1 (S (NP (NP (NP (DT A) (JJ quantitative) (NN analyst)) (PP (IN with) (NP (NNP Shearson) (NNP Lehman) (NNP Hutton) (NNP Inc.)))) (, ,) (NP (NNP Ms.) (NNP Garzarelli))) (VP (VBD had) (VP (VBN warned) (S (NP (NNS clients)) (VP (TO to) (VP (VB take) (NP (PRP$ their) (NN money)) (PP (IN out) (PP (IN of) (NP (DT the) (NN market)))) (PP (IN before) (NP (DT the) (CD 1987) (NN crash)))))))) (. .)))

(S1 (S (NP (NP (NNP Friday) (POS 's)) (JJ big) (NN drop)) (PRN (, ,) (S (NP (PRP she)) (VP (VBZ says))) (, ,) (`` `)) (`` `) (VP (VBD was) (RB not) (NP (DT a) (NN crash))) (. .)))

(S1 (S (NP (DT This)) (VP (VBD was) (NP (NP (DT an) (NNP October) (NN massacre) (POS ')) ('' ') (PP (IN like) (NP (NP (DT those)) (SBAR (WHNP (WDT that)) (S (VP (VBD occurred) (PP (IN in) (NP (CD 1978) (CC and) (CD 1979)))))))))) (. .)))

(S1 (S (ADVP (RB Now)) (, ,) (PP (IN as) (PP (IN in) (NP (DT those) (CD two) (NNS years)))) (, ,) (NP (PRP$ her) (NN stock) (NN market) (NNS indicators)) (VP (VBP are) (ADJP (JJ positive))) (. .)))

(S1 (S (IN So) (NP (PRP she)) (VP (VBZ thinks) (SBAR (S (NP (DT the) (NN damage)) (VP (MD will) (VP (VB be) (ADJP (JJ short-lived) (CC and) (VBN contained))))))) (. .)))

(S1 (S (`` `) (S (`` `) (NP (DT Those) (NNS corrections)) (VP (VP (VBD lasted) (NP (QP (CD one) (TO to) (CD four)) (NNS weeks))) (CC and) (VP (VBD took) (NP (DT the) (NN market)) (ADVP (NP (NP (CD 10) (NN %)) (NP (CD -12) (NN %))) (IN down)))) (, ,) ('' ')) ('' ') (NP (PRP she)) (VP (VBZ says)) (. .)))

(S1 (FRAG (`` `) (FRAG (`` `) (S (NP (DT This)) (VP (VBZ is) (ADVP (RB exactly)) (NP (DT the) (JJ same) (NN thing)) (, ,) (ADVP (ADVP (RB as) (RB far)) (SBAR (IN as) (S (NP (PRP I)) (VP (VBP 'm) (ADJP (JJ concerned)))))))) (. .) ('' ')) ('' ')))

(S1 (S (ADVP (RB Thus)) (, ,) (NP (PRP she)) (VP (VBZ says) (, ,) (SBAR (IN if) (S (NP (DT the) (NNP Dow) (NNP Jones) (NNP Industrial) (NNP Average)) (VP (VBD dropped) (PP (IN below) (NP (CD 2450))) (, ,) (`` `) (S (`` `) (NP (PRP It)) (VP (MD would) (ADVP (RB just)) (VP (VB be) (NP (DT a) (NN fluke))))))))) (. .)))

(S1 (S (NP (PRP$ My) (NN advice)) (VP (VBZ is) (S (VP (TO to) (VP (VB buy))))) (. .) ('' ') ('' ')))

(S1 (S (SBAR (IN As) (S (NP (PRP she)) (VP (VBZ calculates) (NP (PRP it))))) (, ,) (NP (DT the) (JJ average) (NN stock)) (ADVP (RB now)) (VP (VBZ sells) (PP (IN for) (NP (QP (RB about) (CD 12.5) (NNS times)) (NP (NNS companies) (POS ')) (NNS earnings)))) (. .)))

(S1 (S (NP (PRP She)) (VP (VBZ says) (SBAR (S (NP (DT that) (NN ratio)) (VP (VP (MD could) (VP (VB climb) (PP (TO to) (NP (CD 14.5))) (, ,) (PP (VBN given) (NP (JJ current) (NN interest) (NNS rates))))) (, ,) (CC and) (ADVP (RB still)) (VP (VB be) (PP (IN within) (NP (NP (DT the) (NN range)) (PP (IN of) (`` `) (NP (`` `) (JJ fair) (NN value)))))))))) (. .) ('' ') ('' ')))

(S1 (NP (NNP Ned) (NNP Davis) (. .)))

(S1 (SINV (S (NP (NP (NNP Friday) (POS 's)) (NN fall)) (VP (VBZ marks) (NP (NP (DT the) (NN start)) (PP (IN of) (NP (DT a) (NN bear) (NN market)))))) (, ,) (VP (VBZ says)) (NP (NP (NNP Mr.) (NNP Davis)) (, ,) (NP (NP (NN president)) (PP (IN of) (NP (NNP Ned) (NNP Davis) (NNP Research) (NNP Inc))))) (. .)))

(S1 (S (CC But) (NP (NP (NNP Mr.) (NNP Davis)) (, ,) (SBAR (WHNP (WP$ whose) (NNS views)) (S (VP (VBP are) (ADJP (RB widely) (JJ respected) (PP (IN by) (NP (NN money) (NNS managers))))))) (, ,)) (VP (VBZ says) (SBAR (S (NP (PRP he)) (VP (VBZ expects) (NP (DT no) (JJ 1987-style) (NN crash)))))) (. .)))

(S1 (S (`` `) (S (`` `) (NP (EX There)) (VP (VBD was) (NP (DT a) (JJ unique) (NN combination)) (PP (IN in) (NP (CD 1987)))) (, ,) ('' ')) ('' ') (NP (PRP he)) (VP (VBZ says)) (. .)))

(S1 (S (`` `) (NP (`` `) (JJ Margin) (NN debt)) (VP (VBD was) (PP (IN at) (NP (DT a) (JJ record) (NN high)))) (. .)))

(S1 (S (NP (EX There)) (VP (VBD was) (NP (NP (JJ tremendous) (JJ public) (NN enthusiasm)) (PP (IN for) (NP (NN stock) (JJ mutual) (NNS funds))))) (. .)))

(S1 (S (NP (DT The) (JJ main) (NN thing)) (VP (VBD was) (NP (NP (NN portfolio) (NN insurance)) (PRN (, ,) ('' ') ('' ') (S (NP (DT a) (JJ mechanical) (NN trading) (NN system)) (VP (VBN intended) (S (VP (TO to) (VP (VB protect) (NP (DT an) (NN investor)) (PP (IN against) (NP (NNS losses))))))) (. .)) (`` `) (`` `))))))

(S1 (S (NP (NP (DT A) (QP (CD hundred) (CD billion)) (NNS dollars)) (PP (IN in) (NP (NN stock)))) (VP (VBD was) (ADJP (JJ subject) ('' ') ('' ') (PP (TO to) (NP (PRP it))))) (. .)))

(S1 (S (PP (IN In) (NP (CD 1987))) (, ,) (NP (JJ such) (NN selling)) (VP (VBD contributed) (PP (TO to) (NP (DT a) (NN snowball) (NN effect)))) (. .)))

(S1 (S (NP (NN Today)) (VP (MD could) (ADVP (RB even)) (VP (VB be) (NP (DT an) (ADVP (RB up)) (NN day)) (PRN (, ,) (S (NP (NNP Mr.) (NNP Davis)) (VP (VBZ says))) (, ,)) (SBAR (IN if) (S (NP (JJ major) (NN brokerage) (NNS firms)) (VP (VBP agree) (S (VP (TO to) (VP (VB refrain) (PP (IN from) (NP (NN program) (NN trading))))))))))) (. .)))

(S1 (S (PP (IN Over) (NP (DT the) (JJ next) (JJ several) (NNS months))) (, ,) (ADVP (RB though)) (, ,) (NP (PRP he)) (VP (VBZ says) (SBAR (S (NP (NNS things)) (VP (VBP look) (ADJP (JJ bad)))))) (. .)))

(S1 (S (`` `) (S (`` `) (NP (PRP I)) (VP (VBP think) (SBAR (S (NP (DT the) (NN market)) (VP (MD will) (VP (VB be) (VP (VBG heading) (ADVP (RB down)) (PP (IN into) (NP (NNP November))))))))) (, ,) ('' ')) ('' ') (NP (PRP he)) (VP (VBZ says)) (. .)))

(S1 (S (`` `) (S (`` `) (NP (PRP We)) (VP (MD will) (ADVP (RB probably)) (VP (VB have) (NP (DT a) (JJ year-end) (NN rally))))) (, ,) (CC and) (S (RB then) (VP (VBP go) (PRT (RP down)) (ADVP (RB again)))) (. .)))

(S1 (S (VP (VB Sort) (PP (IN of) (NP (DT a) (JJ two-step) (NN bear) (NN market)))) (. .) ('' ') ('' ')))

(S1 (S (NP (PRP He)) (VP (VBZ expects) (S (NP (DT the) (NN downturn)) (VP (TO to) (VP (VB carry) (NP (DT the) (NNP Dow) (NNP Jones) (NNP Industrial) (NNP Average)) (PRT (RP down)) (PP (TO to) (NP (IN around) (CD 2000) (RB sometime) (JJ next) (NN year))))))) (. .)))

(S1 (S (`` `) (S (`` `) (NP (DT That)) (VP (MD would) (VP (VB be) (NP (DT a) (JJ normal) (NN bear) (NN market)))) (, ,) ('' ')) ('' ') (NP (PRP he)) (VP (VBZ says)) (. .)))

(S1 (S (`` `) (`` `) (NP (PRP I)) (VP (VBP guess) (SBAR (S (NP (DT that)) (VP (VBZ 's) (NP (PRP$ my) (NN forecast)))))) (. .) ('' ') ('' ')))

(S1 (NP (NNP Leon) (NNP G.) (NNP Cooperman) (. .)))

(S1 (S (`` `) (S (`` `) (NP (PRP I)) (VP (VBP do) (RB n't) (VP (VB think) (SBAR (S (NP (DT the) (NN market)) (VP (VBZ is) (VP (VBG going) (PP (IN through) (NP (DT another) (NNP October) (CD '87)))))))))) (. .)))

(S1 (SINV (S (NP (PRP I)) (VP (VBP do) (RB n't) (VP (VB think) (SBAR (S (NP (DT that)) (VP (VBZ 's) (NP (NP (DT the) (NN case)) (ADVP (IN at) (DT all))))))))) (, ,) ('' ') ('' ') (VP (VBZ says)) (NP (NP (NNP Mr.) (NNP Cooperman)) (, ,) (NP (NP (DT a) (NN partner)) (PP (IN at) (NP (NP (NNP Goldman) (, ,) (NNP Sachs) (CC &) (NNP Co.)) (CC and) (NP (NP (NN chairman)) (PP (IN of) (NP (NNP Goldman) (NNP Sachs) (NNP Asset) (NNP Management)))))))) (. .)))

(S1 (S (S (NP (NNP Mr.) (NNP Cooperman)) (VP (VBZ sees) (NP (DT this)) (PP (IN as) (NP (NP (DT a) (JJ good) (NN time)) (SBAR (S (VP (TO to) (VP (VB pick) (PRT (RP up)) (NP (NNS bargains)))))))))) (, ,) (CC but) (S (NP (PRP he)) (VP (VBZ does) (RB n't) (VP (VB think) (SBAR (S (NP (EX there)) (VP (VBZ 's) (NP (DT any) (NN need) (S (VP (TO to) (VP (VB rush))))))))))) (. .)))

(S1 (S (`` `) (S (`` `) (NP (PRP I)) (VP (VBP expect) (S (NP (DT the) (NN market)) (VP (TO to) (VP (VB open) (ADJP (JJR weaker)) (NP (NNP Monday))))))) (, ,) (CC but) (S (ADVP (RB then)) (NP (PRP it)) (VP (MD should) (VP (VB find) (NP (DT some) (NN stability))))) (. .) ('' ') ('' ')))

(S1 (S (NP (PRP He)) (VP (VP (VBZ ticks) (PRT (RP off)) (NP (NP (JJ several) (JJ major) (NNS differences)) (PP (IN between) (NP (RB now))))) (CC and) (VP (ADVP (NP (CD two) (NNS years)) (RB ago)))) (. .)))

(S1 (S (PP (IN Unlike) (NP (CD 1987))) (, ,) (NP (NN interest) (NNS rates)) (VP (VBP have) (VP (VBN been) (VP (VBG falling) (NP (DT this) (NN year))))) (. .)))

(S1 (S (PP (IN Unlike) (NP (CD 1987))) (, ,) (NP (DT the) (NN dollar)) (VP (VBZ has) (VP (VBN been) (ADJP (JJ strong)))) (. .)))

(S1 (S (CC And) (PP (IN unlike) (NP (CD 1987))) (, ,) (NP (DT the) (NN economy)) (VP (VBZ does) (RB n't) (VP (VB appear) (S (VP (TO to) (VP (VB be) (PP (IN in) (NP (NP (DT any) (NN danger)) (PP (IN of) (NP (NN overheating)))))))))) (. .)))

(S1 (S (S (CC But) (NP (NP (NP (DT the) (NN economy) (POS 's)) (JJR slower) (NN growth)) (NP (DT this) (NN year))) (ADVP (RB also)) (VP (VBZ means) (NP (NP (DT the) (NN outlook)) (PP (IN for) (NP (JJ corporate) (NNS profits)))) (`` `) (S (`` `) (VP (VBZ is) (RB n't) (ADJP (JJ good))) (, ,) ('' ')))) (: ') (S (NP (PRP he)) (VP (VBZ says))) (. .)))

(S1 (S (`` `) (S (`` `) (IN So) (NP (PRP it)) (VP (VBZ 's) (NP (DT a) (RB very) (JJ mixed) (NN bag))) (. .) ('' ')) ('' ')))

(S1 (S (ADVP (RB Thus)) (, ,) (NP (PRP he)) (VP (VBZ concludes) (, ,) (`` `) (S (`` `) (NP (DT This)) (VP (VBZ is) (RB not) (NP (DT a) (JJ good) (NN environment) (S (VP (TO to) (VP (VB be) (ADJP (RB fully) (VBN invested))))))) ('' ')) ('' ') (PP (IN in) (NP (NNS stocks)))) (. .)))

(S1 (S (`` `) (`` `) (SBAR (IN If) (S (NP (PRP I)) (VP (VBD had) (VP (VBN come) (PP (IN into) (NP (NNP Friday))) (PP (PP (IN on) (NP (NN margin))) (CC or) (PP (IN with) (NP (NP (ADJP (RB very) (JJ little)) (NN cash)) (PP (IN in) (NP (DT the) (NNS portfolios)))))))))) (, ,) (NP (PRP I)) (VP (MD would) (RB not) (VP (VB do) (NP (DT any) (VBG buying)))) (. .)))

(S1 (S (CC But) (S (NP (PRP we)) (VP (VBD came) (PP (IN into) (NP (NNP Friday))) (PP (IN with) (NP (DT a) (JJ conservative) (NN portfolio))))) (, ,) (IN so) (S (NP (PRP I)) (VP (MD would) (VP (VB look) (S (VP (TO to) (VP (VB do) (NP (DT some) (JJ modest) (NN buying) (POS ')) ('' ') (PP (IN on) (NP (NP (NN behalf)) (PP (IN of) (NP (NNS clients))))))))))) (. .) (`` `) (`` `)))

(S1 (S (NP (PRP We)) (VP (VBP 're) (VP (VBG going) (S (VP (TO to) (VP (VB look) (PP (IN for) (NP (NP (DT some)) (PP (IN of) (NP (NP (DT the) (JJ better-known) (NNS companies)) (SBAR (WHNP (WDT that)) (S (VP (VBD got) (VP (VBN clocked) ('' ') ('' ') (NP (NNP Friday))))))))))))))) (. .)))

(S1 (NP (NNP John) (NNP Kenneth) (NNP Galbraith) (. .)))

(S1 (SINV (`` `) (S (`` `) (NP (DT This)) (VP (VBZ is) (NP (NP (DT the) (JJS latest) (NN manifestation)) (PP (IN of) (NP (NP (DT the) (NN capacity)) (PP (IN of) (NP (DT the) (JJ financial) (NN community))))) (PP (IN for) (NP (JJ recurrent) (NN insanity))))) (, ,) ('' ')) ('' ') (VP (VBZ says)) (NP (NP (NNP Mr.) (NNP Galbraith)) (, ,) (NP (DT an) (NN economist))) (. .)))

(S1 (S (`` `) (S (`` `) (NP (PRP I)) (VP (VBP see) (NP (DT this)) (PP (IN as) (NP (NP (DT a) (NN reaction)) (PP (TO to) (NP (DT the) (JJ whole) (NN junk) (NN bond) (NN explosion)))))) (, ,) ('' ')) ('' ') (NP (PRP he)) (VP (VBZ says)) (. .)))

(S1 (S (`` `) (NP (NP (`` `) (DT The) (NN explosion)) (PP (IN of) (NP (NP (NN junk) (NNS bonds)) (CC and) (NP (NNS takeovers))))) (VP (VBZ has) (VP (VP (VBN lodged) (NP (NP (DT a) (NN lot)) (PP (IN of) (NP (JJ insecure) (NNS securities)))) (PP (IN in) (NP (NP (DT the) (NNS hands)) (PP (IN of) (NP (NNS investors)))))) (CC and) (VP (VBN loaded) (NP (NP (DT the) (NNS corporations)) (SBAR (WHNP (WDT that)) (S (VP (VBP are) (NP (NP (NP (DT the) (NNS objects)) (PP (IN of) (NP (NNS takeovers)))) (CC or) (NP (VBN feared) (NNS takeovers))))))) (PP (IN with) (NP (NP (JJ huge) (NNS amounts)) (PP (IN of) (NP (NP (NN debt)) (PP (RB rather) (IN than) (NP (NN equity)))))))))) (. .)))

(S1 (S (NP (DT This)) (VP (VBZ has) (S (NP (DT both)) (VP (VBN made) (S (S (NP (NNS investors)) (ADJP (JJ uneasy))) (CC and) (S (NP (DT the) (NNS corporations)) (ADJP (RBR more) (JJ vulnerable))))))) (. .) ('' ') ('' ')))

(S1 (S (ADVP (RB Nevertheless)) (, ,) (NP (PRP he)) (VP (VBZ says) (SBAR (S (NP (DT a) (NN depression)) (VP (VBZ does) (RB n't) (VP (VB appear) (ADJP (JJ likely))))))) (. .)))

(S1 (S (`` `) (S (`` `) (NP (EX There)) (VP (VBZ is) (ADJP (ADJP (JJR more) (NN resiliency) (PP (IN in) (NP (DT the) (NN economy))) (PP (IN at) (ADJP (JJ large)))) (SBAR (IN than) (S (NP (PRP we)) (VP (ADVP (RB commonly)) (VBP suppose)))))) (, ,) ('' ')) ('' ') (NP (PRP he)) (VP (VBZ says)) (. .)))

(S1 (S (`` `) (S (`` `) (NP (PRP It)) (VP (VBZ takes) (NP (JJR more) (NN error)) (ADVP (RB now)) (S (VP (TO to) (VP (VB have) (NP (DT a) (JJ major) (NN depression)) (PP (IN than) (PP (ADVP (RB back)) (IN in) (NP (NP (DT the) (NNS Thirties)) (: --) (NP (NP (JJ much)) (PP (IN as) (NP (DT the) (JJ financial) (NN community)))))))))))) (CC and) (S (NP (DT the) (NN government)) (VP (MD may) (VP (VB try)))) (. .) ('' ') ('' ')))

(S1 (NP (NNP Mario) (NNP Gabelli) (. .)))

(S1 (S (NP (NNP New) (NNP York) (NN money) (NN manager)) (NP (NP (NNP Mario) (NNP Gabelli)) (, ,) (NP (NP (DT an) (NN expert)) (PP (IN at) (S (VP (VBG spotting) (NP (NN takeover) (NNS candidates)))))) (, ,)) (VP (VBZ says) (SBAR (IN that) (S (NP (NNS takeovers)) (VP (VBP are) (RB n't) (ADJP (RB totally) (VBN gone)))))) (. .)))

(S1 (S (`` `) (S (`` `) (NP (NNS Companies)) (VP (VBP are) (ADVP (RB still)) (VP (VBG going) (S (VP (TO to) (VP (VB buy) (NP (NP (NNS companies)) (PP (IN around) (NP (DT the) (NN world))))))))) (, ,) ('' ')) ('' ') (NP (PRP he)) (VP (VBZ says)) (. .)))

(S1 (S (NP (NNS Examples)) (VP (VBP are) (`` `) (S (`` `) (S (NP (NNP Ford)) (VP (VBG looking) (PP (IN at) (NP (NNP Jaguar))))) (, ,) (S (NP (NNP BellSouth)) (VP (VBG looking) (PP (IN at) (NP (NNP LIN) (NNP Broadcasting))))))) (. .) ('' ') ('' ')))

(S1 (S (S (NP (NP (DT These) (NNS sorts)) (PP (IN of) (NP (NNS takeovers)))) (VP (VBP do) (RB n't) (VP (VB require) (S (NP (NP (NN junk) (NNS bonds)) (CC or) (NP (JJ big) (NN bank) (NNS loans))) (VP (TO to) (VP (VB finance) (NP (PRP them)))))))) (, ,) (IN so) (S (NP (NNP Mr.) (NNP Gabelli)) (VP (VBZ figures) (SBAR (S (NP (PRP they)) (VP (MD will) (VP (VB continue))))))) (. .)))

(S1 (S (`` `) (S (`` `) (NP (DT The) (NN market)) (VP (VBD was) (ADVP (RB up)) (NP (CD 35) (NN %)) (SBAR (IN since) (S (NP (-LRB- -LCB-) (NNP President) (-RRB- -RCB-) (NNP Bush)) (VP (VBD took) (NP (NN office)))))) (, ,) ('' ')) ('' ') (NP (NNP Mr.) (NNP Gabelli)) (VP (VBZ says) (, ,) (SBAR (IN so) (S (NP (DT a) (NN correction)) (VP (VBD was) (S (VP (TO to) (VP (VB be) (VP (VBN expected))))))))) (. .)))

(S1 (S (NP (PRP He)) (VP (VBZ thinks) (SBAR (S (NP (DT another) (NN crash)) (VP (VP (VBZ is) (`` `) (ADJP (`` `) (ADJP (JJ unlikely)) (, ,) ('' ')) ('' ')) (CC and) (VP (VBZ says) (SBAR (S (NP (PRP he)) (VP (VBD was) (`` `) (ADJP (`` `) (VBG nibbling) (PP (IN at) ('' '))) ('' ') (PP (NP (JJ selected) (NNS stocks)) (IN during) (NP (NP (NNP Friday) (POS 's)) (NN plunge))))))))))) (. .)))

(S1 (S (`` `) (S (`` `) (NP (NP (NNS Stocks)) (SBAR (WHNP (WDT that)) (S (VP (VBD were) (VP (VBN thrown) (PRT (RP out)) (PP (ADVP (RB just)) (IN on) (NP (DT an) (JJ emotional) (NN basis)))))))) (VP (VBP are) (NP (DT a) (JJ great) (NN opportunity)) (-LRB- -LCB-) (NP (DT this)) (-RRB- -RCB-) (NP (NP (NN week)) (PP (IN for) (NP (NNS guys)))) (PP (IN like) (NP (PRP me)))) (, ,) ('' ')) ('' ') (NP (PRP he)) (VP (VBZ says)) (. .)))

(S1 (NP (NNP Jim) (NNP Rogers) (. .)))

(S1 (SINV (`` `) (S (`` `) (NP (PRP It)) (VP (VBZ seems) (PP (TO to) (NP (PRP me))) (SBAR (IN that) (S (NP (DT this)) (VP (VBZ is) (NP (NP (DT the) (NN pin)) (SBAR (WHNP (WDT that)) (S (VP (VBZ has) (ADVP (RB finally)) (VP (VBN pricked) (NP (DT the) (NN balloon))))))))))) (, ,) ('' ')) ('' ') (VP (VBZ says)) (NP (NP (NNP Mr.) (NNP Rogers)) (, ,) (NP (NP (NP (DT a) (NN professor)) (PP (IN of) (NP (NN finance))) (PP (IN at) (NP (NNP Columbia) (NNP University)))) (CC and) (NP (NP (JJ former) (NN co-manager)) (PP (IN of) (NP (NP (NP (CD one)) (PP (IN of) (NP (NP (DT the) (ADJP (RBS most) (JJ successful)) (NN hedge) (NNS funds)) (PP (IN in) (NP (NN history)))))) (, ,) (NP (NNP Quantum) (NNP Fund))))))) (. .)))

(S1 (S (NP (PRP He)) (VP (VBZ sees) (NP (`` `) (NP (`` `) (JJ economic) (NNS problems) (, ,) (NP (JJ financial) (NNS problems) (POS '))) ('' ') (RRC (ADVP (RB ahead)) (PP (IN for) (NP (DT the) (NNP U.S.)))) (, ,)) (PP (IN with) (NP (NP (DT a) (ADJP (RB fairly) (JJ strong)) (NN possibility)) (PP (IN of) (NP (DT a) (NN recession)))))) (. .)))

(S1 (S (`` `) (S (`` `) (ADVP (NNP Friday)) (NP (PRP you)) (VP (MD could) (RB n't) (VP (VB sell) (NP (NNS dollars)))) (, ,) ('' ')) ('' ') (NP (PRP he)) (VP (VBZ says)) (. .)))

(S1 (S (NP (NNS Dealers)) (`` `) (VP (`` `) (VP (MD would) (VP (VB give) (NP (PRP you)) (NP (DT a) (NN quote)))) (, ,) (CC but) (ADVP (RB then)) (VP (VB refuse) (S (VP (TO to) (VP (VB make) (NP (DT the) (NN trade))))))) (. .) ('' ') ('' ')))

(S1 (S (SBAR (IN If) (S (NP (DT the) (NN dollar)) (VP (VBZ stays) (ADJP (JJ weak))))) (PRN (, ,) (S (NP (PRP he)) (VP (VBZ says))) (, ,)) (NP (DT that)) (VP (MD will) (VP (VP (VB add) (PP (TO to) (NP (NP (JJ inflationary) (NNS pressures)) (PP (IN in) (NP (DT the) (NNP U.S.)))))) (CC and) (VP (VB make) (S (NP (PRP it)) (ADJP (JJ hard)) (SBAR (IN for) (S (NP (DT the) (NNP Federal) (NNP Reserve) (NNP Board)) (VP (TO to) (VP (VB ease) (NP (NN interest) (NNS rates)) (ADVP (RB very) (RB much)))))))))) (. .)))

(S1 (S (NP (NNP Mr.) (NNP Rogers)) (VP (MD wo) (RB n't) (VP (VB decide) (SBAR (WHNP (WP what)) (S (VP (TO to) (VP (VB do) (NP (NN today)) (SBAR (IN until) (S (NP (PRP he)) (VP (VBZ sees) (SBAR (WHADVP (WRB how)) (S (NP (DT the) (NNP London) (CC and) (NNP Tokyo) (NNS markets)) (VP (VBP go))))))))))))) (. .)))

(S1 (S (NP (PRP He)) (VP (VBZ recommends) (SBAR (IN that) (S (S (NP (NNS investors)) (VP (VB sell) (NP (JJ takeover-related) (NNS stocks)))) (, ,) (CC but) (S (VP (VB hang) (PRT (RP on)) (PP (TO to) (NP (NP (DT some) (JJ other) (NNS stocks)) (: --) (ADVP (RB especially)) (NP (NNS utilities)) (, ,) (SBAR (WHNP (WDT which)) (S (ADVP (RB often)) (VP (VBP do) (ADVP (RB well)) (PP (IN during) (NP (NP (NNS periods)) (PP (IN of) (NP (JJ economic) (NN weakness))))))))))))))) (. .)))

(S1 (NP (NNP Frank) (NNP Curzio) (. .)))

(S1 (S (NP (JJ Many) (NNS people)) (ADVP (RB now)) (VP (VBP claim) (S (VP (TO to) (VP (VB have) (VP (VBN predicted) (S (NP (DT the) (CD 1987) (NN crash)))))))) (. .)))

(S1 (S (NP (NNP Queens) (NN newsletter) (NN writer) (NNP Francis) (NNP X.) (NNP Curzio)) (ADVP (RB actually)) (VP (VBD did) (NP (PRP it)) (: :) (S (NP (PRP He)) (VP (VBD stated) (PP (IN in) (S (VP (VBG writing) (PP (IN in) (NP (NNP September) (CD 1987)))))) (SBAR (IN that) (S (NP (DT the) (NNP Dow) (NNP Jones) (NNP Industrial) (NNP Average)) (VP (VBD was) (ADJP (JJ likely) (S (VP (TO to) (VP (VB decline) (PP (IN about) (NP (CD 500) (NNS points))) (NP (DT the) (VBG following) (NN month)))))))))))) (. .)))

(S1 (S (NP (NNP Mr.) (NNP Curzio)) (VP (VBZ says) (SBAR (WHNP (WP what)) (S (VP (VBZ happens) (SBAR (S (ADVP (RB now)) (VP (MD will) (VP (VB depend) (NP (DT a) (JJ good) (NN deal)) (PP (IN on) (NP (DT the) (NNP Federal) (NNP Reserve) (NNP Board))))))))))) (. .)))

(S1 (S (SBAR (IN If) (S (NP (PRP it)) (ADVP (RB promptly)) (VP (VBZ cuts) (NP (NP (DT the) (NN discount) (NN rate)) (SBAR (S (NP (PRP it)) (VP (VBZ charges) (PP (IN on) (NP (NP (NNS loans)) (PP (TO to) (NP (NNS banks)))))))))))) (PRN (, ,) (S (NP (PRP he)) (VP (VBZ says))) (, ,) (`` `)) (`` `) (NP (DT That)) (VP (MD could) (VP (VB quiet) (NP (NNS things)) (PRT (RP down)))) (. .) ('' ') ('' ')))

(S1 (S (SBAR (IN If) (FRAG (ADVP (RB not)))) (, ,) (`` `) (S (`` `) (NP (PRP We)) (VP (MD could) (VP (VB go) (PP (TO to) (NP (CD 2200))) (ADVP (RB very) (RB soon))))) (. .) ('' ') ('' ')))

(S1 (NP (NNP Frank) (NNP W.) (NNP Terrizzi) (. .)))

(S1 (SINV (S (NP (NN Stock) (NNS prices)) (`` `) (`` `) (VP (MD would) (ADVP (RB still)) (VP (VB have) (S (VP (TO to) (VP (VB go) (PRT (RP down)) (NP (DT some) (JJ additional) (NN amount)) (SBAR (IN before) (S (NP (PRP we)) (VP (VBP become) (ADJP (JJ positive) (PP (IN on) (NP (NNS stocks))))))))))))) (, ,) ('' ') ('' ') (VP (VBZ says)) (NP (NP (NNP Mr.) (NNP Terrizzi)) (, ,) (NP (NP (NN president)) (CC and) (NP (NP (VBG managing) (NN director)) (PP (IN of) (NP (NP (NNP Renaissance) (NNP Investment) (NNP Management) (NNP Inc.)) (PP (IN in) (NP (NNP Cincinnati)))))))) (. .)))

(S1 (S (NP (NP (NNP Renaissance)) (, ,) (SBAR (WHNP (WDT which)) (S (VP (VBZ manages) (NP (QP (RB about) ($ $) (CD 1.8) (CD billion)))))) (, ,)) (VP (VP (VBD drew) (NP (NP (JJ stiff) (NN criticism)) (PP (IN from) (NP (JJ many) (NNS clients)))) (ADVP (RBR earlier) (NP (DT this) (NN year))) (SBAR (IN because) (S (NP (PRP it)) (VP (VBD pulled) (ADVP (RB entirely)) (PP (IN out) (PP (IN of) (NP (NNS stocks)))) (PP (IN at) (NP (NP (DT the) (NN beginning)) (PP (IN of) (NP (DT the) (NN year))))))))) (CC and) (VP (ADVP (RB thus)) (VBD missed) (NP (DT a) (JJ strong) (NN rally)))) (. .)))

(S1 (S (NP (NNP Renaissance)) (VP (VBZ is) (VP (VBG keeping) (NP (PRP$ its) (NN money)) (ADVP (RB entirely)) (PP (IN in) (NP (NP (NN cash) (NNS equivalents)) (, ,) (RB primarily) (NP (NNP U.S.) (NNP Treasury) (NNS bills)))))) (. .)))

(S1 (S (`` `) (S (`` `) (NP (NP (NNS T-bills)) (ADVP (RB probably))) (VP (VBP are) (NP (NP (DT the) (JJ right) (NN place)) (SBAR (S (VP (TO to) (VP (VB be))))))) (, ,) ('' ')) ('' ') (NP (PRP he)) (VP (VBZ says)) (. .)))

