(S1 (S (NP (NNP Digital) (NNP Equipment) (NNP Corp.)) (VP (VBZ is) (VP (VBG planning) (NP (NP (DT a) (JJ big) (JJ coming-out) (NN party)) (PP (IN on) (NP (NNP Tuesday)))) (PP (IN for) (NP (NP (PRP$ its) (JJ first) (NN line)) (PP (IN of) (NP (NN mainframe) (NNS computers))))))) (. .)))

(S1 (S (CC But) (NP (DT an) (JJ uninvited) (NN guest)) (VP (VBZ is) (VP (VBN expected) (S (VP (TO to) (VP (VB try) (S (VP (TO to) (VP (VB crash) (NP (DT the) (NN party)))))))))) (. .)))

(S1 (S (PP (IN On) (NP (NP (DT the) (NN morning)) (PP (IN of) (NP (DT the) (JJ long-planned) (NN announcement))))) (, ,) (NP (NNP International) (NNP Business) (NNPS Machines) (NNP Corp.)) (VP (VBZ is) (S (VP (TO to) (VP (VB introduce) (NP (PRP$ its) (JJ own) (JJ new) (NN mainframe)))))) (. .)))

(S1 (SINV (`` `) (S (`` `) (NP (PRP$ Their) (NN attitude)) (VP (VBZ is) (, ,) (`` `) (S (S (NP (PRP You)) (VP (VBP want) (S (VP (TO to) (VP (VB talk) (NP (NNS mainframes))))))) (, ,) (NP (PRP we)) (VP (MD 'll) (VP (VB talk) (NP (NNS mainframes)))))) (, ,) ('' ')) ('' ') ('' ') (VP (VBZ says)) (NP (CD one) (NN computer) (NN industry) (NN executive)) (. .)))

(S1 (S (`` `) (S (`` `) (NP (PRP They)) (VP (VBP 're) (ADVP (RB deliberately)) (VP (VBG trying) (S (VP (TO to) (VP (VB steal) (NP (PRP$ our) (NN thunder))))))) (, ,) ('' ')) ('' ') (NP (DT a) (NNP Digital) (NN executive)) (VP (VBZ complains)) (. .)))

(S1 (S (`` `) (`` `) (ADVP (RB Maybe)) (NP (PRP we)) (VP (MD should) (VP (VB take) (NP (PRP it)) (PP (IN as) (NP (DT a) (NN compliment))))) (. .) ('' ') ('' ')))

(S1 (S (NP (NP (NNP Digital) (POS 's)) (NN target)) (VP (VBZ is) (NP (NP (DT the) (ADJP (QP ($ $) (CD 40) (CD billion))) (NN market)) (PP (IN for) (NP (NP (NN mainframe) (NNS computers)) (, ,) (NP (NP (DT the) (JJ closet-sized) (NNS number-crunchers)) (SBAR (WHNP (IN that)) (S (NP (RB nearly) (DT every) (JJ big) (NN company)) (VP (VBZ needs) (S (VP (TO to) (VP (VB run) (NP (PRP$ its) (NN business))))))))))))) (. .)))

(S1 (S (NP (NP (NNP IBM)) (, ,) (VP (VBN based) (PP (IN in) (NP (NP (NNP Armonk)) (, ,) (NP (NNP N.Y.))))) (, ,)) (VP (VBZ has) (VP (VBN dominated) (NP (NP (DT the) (NN market)) (PP (IN for) (NP (NNS decades)))))) (. .)))

(S1 (S (NP (DT That)) (VP (VBZ does) (RB n't) (VP (VB scare) (NP (NP (NNP Digital)) (, ,) (SBAR (WHNP (WDT which)) (S (VP (VBZ has) (VP (VBN grown) (S (VP (TO to) (VP (VB be) (NP (NP (DT the) (NN world) (POS 's)) (JJ second-largest) (NN computer) (NN maker)) (PP (IN by) (S (VP (VBG poaching) (NP (NP (NNS customers)) (PP (IN of) (NP (NP (NNP IBM) (POS 's)) (JJ mid-range) (NNS machines))))))))))))))))) (. .)))

(S1 (S (S (NP (NP (NNP Digital)) (, ,) (VP (VBN based) (PP (IN in) (NP (NP (NNP Maynard)) (, ,) (NP (NNP Mass.))))) (, ,)) (VP (VBZ hopes) (S (VP (TO to) (VP (VB stage) (NP (NP (DT a) (NN repeat) (NN performance)) (PP (IN in) (NP (NNS mainframes))))))))) (, ,) (CC and) (S (NP (PRP it)) (VP (VBZ has) (VP (VBN spent) (NP (QP (RB almost) ($ $) (CD 1) (CD billion))) (S (VP (VBG developing) (NP (DT the) (JJ new) (NN technology))))))) (. .)))

(S1 (S (NP (NP (DT A) (NN spoiler)) (, ,) (NP (NP (JJ nimble) (NNP Tandem) (NNP Computers) (NNP Inc.)) (PP (IN in) (NP (NNP Cupertino) (, ,) (NNP Calif.)))) (, ,)) (VP (VBD jumped) (PP (IN into) (NP (DT the) (NN fray))) (NP (RBR earlier) (DT this) (NN week)) (PP (IN with) (NP (DT an) (ADJP (RB aggressively) (VBN priced)) (NN entry)))) (. .)))

(S1 (S (NP (NNP IBM)) (VP (VBZ appears) (ADJP (RBR more) (JJ worried) (PP (IN about) (NP (NP (NNP Digital)) (, ,) (SBAR (WHNP (WDT which)) (S (VP (VBZ has) (NP (NP (DT a) (JJ broad) (NN base)) (PP (IN of) (NP (NNS customers))) (VP (VBG waiting) (PP (IN for) (NP (NP (DT the) (JJ new) (NN line)) (, ,) (VP (VBN dubbed) (S (NP (DT the) (NNP VAX) (CD 9000))))))))))))))) (. .)))

(S1 (SINV (`` `) (S (`` `) (NP (PRP It)) (VP (VBZ 's) (VP (VBG going) (S (VP (TO to) (VP (VB be) (NP (JJ nuclear) (NN war))))))) (, ,) ('' ')) ('' ') (VP (VBZ says)) (NP (NP (NNP Thomas) (NNP Willmott)) (, ,) (NP (NP (DT a) (NN consultant)) (PP (IN with) (NP (NNP Aberdeen) (NNP Group) (NNP Inc))))) (. .)))

(S1 (S (NP (NP (DT The) (NN surge)) (PP (IN in) (NP (NN competition)))) (VP (VBZ is) (VP (VBN expected) (S (VP (TO to) (VP (VB stir) (NP (JJ new) (NN life)) (PP (IN into) (NP (NP (DT the) (JJ huge) (NN mainframe) (NN market)) (, ,) (SBAR (WHADVP (WRB where)) (S (NP (NN growth)) (VP (VBZ has) (VP (VBN slowed) (PP (TO to) (NP (JJ single) (NNS digits))) (PP (IN in) (NP (JJ recent) (NNS years)))))))))))))) (. .)))

(S1 (S (NP (NP (NP (NNP IBM) (POS 's)) (JJ traditional) (NN mainframe) (NNS rivals)) (, ,) (PP (VBG including) (NP (NP (NNP Unisys) (NNP Corp.)) (, ,) (NP (NNP Control) (NNP Data) (NNP Corp.)) (CC and) (NP (NNP NCR) (NNP Corp.)))) (, ,)) (VP (VBP have) (VP (VBN struggled) (ADVP (RB recently)))) (. .)))

(S1 (S (NP (NNP Digital)) (VP (VBZ is) (VP (VBG promising) (NP (DT a) (JJ new) (NN approach)))) (. .)))

(S1 (S (NP (NP (NNP Robert) (NNP M.) (NNP Glorioso)) (, ,) (NP (NP (NP (NNP Digital) (POS 's)) (NN vice) (NN president)) (PP (IN for) (NP (JJ high) (NN performance) (NNS systems)))) (, ,)) (VP (VBZ says) (SBAR (S (NP (NP (NNP Digital) (POS 's)) (NN mainframe)) (VP (VBZ is) (VP (VBN designed) (PP (RB not) (PP (IN as) (NP (NP (DT a) (JJ central) (NN computer)) (SBAR (WHPP (IN around) (WHNP (WDT which))) (S (NP (NN everything)) (VP (VBZ revolves)))))) (, ,) (CC but) (PP (IN as) (NP (NP (NN part)) (PP (IN of) (NP (NP (DT a) (JJ decentralized) (NN network)) (VP (VBG weaving) (PRT (RP together)) (NP (NP (NNS hundreds)) (PP (IN of) (NP (NP (NNS workstations)) (, ,) (NP (JJ personal) (NNS computers)) (, ,) (NP (NNS printers)) (CC and) (NP (JJ other) (NNS devices)))))))))))))))) (. .)))

(S1 (S (CC And) (PP (IN unlike) (NP (NP (NNP IBM) (POS 's)) (JJ water-cooled) (NNS mainframes))) (, ,) (NP (PRP it)) (VP (VBZ does) (RB n't) (VP (VB need) (NP (DT any) (NN plumbing)))) (. .)))

(S1 (S (NP (DT The) (NNS challengers)) (VP (MD will) (VP (VB have) (NP (DT a) (JJ big) (NN price) (NN advantage)))) (. .)))

(S1 (S (NP (NNP Digital)) (VP (VBZ is) (VP (VBN expected) (S (VP (TO to) (VP (NN tag) (NP (PRP$ its) (JJ new) (NN line)) (PP (IN from) (NP (NP (QP (IN about) ($ $) (CD 1.24) (CD million) (TO to) ($ $) (CD 4.4) (CD million) (CC and) (RB up))) (, ,) (PP (VBG depending) (PP (IN on) (NP (NN configuration))))))))))) (. .)))

(S1 (S (NP (DT That)) (VP (VBZ 's) (NP (NP (QP (RB about) (PDT half)) (DT the) (NN price)) (PP (IN of) (NP (ADJP (RB comparably) (VBN equipped)) (NNP IBM) (NNS mainframes))))) (. .)))

(S1 (S (NP (NP (NNP Tandem) (POS 's)) (NN pricing)) (VP (VBZ is) (NP (RB just) (RB as) (JJ aggressive))) (. .)))

(S1 (S (NP (DT The) (JJ heightened) (NN competition)) (VP (MD will) (VP (VB hit) (NP (NNP IBM)) (PP (IN at) (NP (DT a) (JJ difficult) (NN time))))) (. .)))

(S1 (S (NP (NP (NP (DT The) (NN computer) (NN giant) (POS 's)) (JJ current) (NN mainframe) (NN line)) (, ,) (SBAR (WHNP (WDT which)) (S (VP (VP (VBZ has) (VP (VBN sold) (ADVP (RB well)))) (CC and) (VP (VBZ has) (NP (JJ huge) (NN profit) (NNS margins)))))) (, ,)) (VP (VBZ is) (VP (VBG starting) (S (VP (TO to) (VP (VB show) (NP (PRP$ its) (NN age))))))) (. .)))

(S1 (S (NP (NP (DT The) (JJ new) (NNS 3090s)) (ADJP (JJ due) (NP (JJ next) (NN week)))) (VP (MD will) (VP (VB boost) (NP (NN performance)) (PP (IN by) (NP (QP (RB only) (RB about) (CD 8) (NN %) (TO to) (CD 10) (NN %)))))) (. .)))

(S1 (S (CC And) (NP (NNP IBM)) (VP (VBZ is) (RB n't) (VP (VBN expected) (S (VP (TO to) (VP (VB deliver) (NP (NP (DT a) (JJ new) (NN generation)) (PP (IN of) (NP (NNS mainframes)))) (PP (IN until) (NP (CD 1991)))))))) (. .)))

(S1 (S (ADVP (RB Still)) (, ,) (NP (DT no) (NN one)) (VP (VBZ expects) (S (NP (NP (NNP IBM) (POS 's)) (NNS rivals)) (VP (TO to) (VP (VB deliver) (NP (DT a) (NN knockout)))))) (. .)))

(S1 (S (NP (NNP IBM)) (VP (VBZ has) (NP (NP (DT a) (NN near-monopoly)) (PP (IN on) (NP (NNS mainframes)))) (, ,) (PP (IN with) (NP (NP (DT an) (VBN estimated) (ADJP (CD 70) (NN %)) (NN share)) (PP (IN of) (NP (DT the) (NN market)))))) (. .)))

(S1 (S (NP (NNP IBM)) (VP (VP (VBZ is) (NP (NP (NP (QP (CD five) (NNS times)) (DT the) (NN size)) (PP (IN of) (NP (NNP Digital)))) (: --) (CC and) (NP (NP (QP (CD 40) (NNS times)) (DT the) (NN size)) (PP (IN of) (NP (NNP Tandem)))) (: --))) (CC and) (VP (VBZ wields) (NP (JJ enormous) (NN market) (NN power)))) (. .)))

(S1 (S (NP (PRP It)) (VP (VBZ counts) (PP (IN among) (NP (PRP$ its) (NNS customers))) (NP (NP (DT a) (NN majority)) (PP (IN of) (NP (NP (NP (DT the) (NN world) (POS 's)) (JJS largest) (NNS corporations)) (, ,) (SBAR (WHNP (WDT which)) (S (VP (VBP entrust) (NP (PRP$ their) (ADJP (RBS most) (JJ critical)) (NN business) (NN information)) (PP (TO to) (NP (NNP IBM) (NNS computers)))))))))) (. .)))

(S1 (SINV (`` `) (S (`` `) (NP (PRP We)) (VP (VBP 're) (RB not) (VP (VBG going) (S (VP (TO to) (VP (VP (VB walk) (ADVP (IN in))) (CC and) (VP (VB replace) (NP (NP (DT a) (NN company) (POS 's)) (JJ corporate) (NN accounting) (NN system)) (SBAR (IN if) (S (NP (PRP it)) (VP (VBZ 's) (ADVP (RB already)) (VP (VBG running) (PP (IN on) (NP (DT an) (NNP IBM) (NN mainframe))))))))))))) (, ,) ('' ')) ('' ') (VP (VBZ concedes)) (NP (NP (NNP Kenneth) (NNP H.) (NNP Olsen)) (, ,) (NP (NP (NNP Digital) (POS 's)) (NN president))) (. .)))

(S1 (S (NP (PRP He)) (VP (VBZ says) (SBAR (S (NP (NNP Digital)) (VP (MD will) (VP (VB target) (NP (NP (NP (JJ faster-growing) (NN market) (NNS segments)) (PP (JJ such) (IN as) (NP (NP (JJ on-line) (NN transaction) (VBG processing)) (, ,) (SBAR (WHNP (WDT which)) (S (VP (VBZ includes) (NP (JJ retail-sales) (NN tracking)))))))) (, ,) (NP (NN airline) (NNS reservations)) (CC and) (NP (JJ bank-teller) (NNS networks)))))))) (. .)))

(S1 (S (NP (NP (NNP Tandem)) (, ,) (SBAR (WHNP (WDT which)) (S (ADVP (RB already)) (VP (VBZ specializes) (PP (IN in) (NP (JJ on-line) (NN transaction) (NN processing)))))) (, ,)) (VP (VBZ is) (NP (NP (DT a) (JJ potent) (NN competitor)) (PP (IN in) (NP (DT that) (NN market))))) (. .)))

(S1 (S (NP (NP (DT A) (JJ key) (NN marketing) (NN target)) (PP (IN for) (NP (NNP Digital)))) (VP (MD will) (VP (VB be) (NP (NP (DT the) (JJ large) (NN number)) (PP (IN of) (NP (NP (JJ big) (NNS customers)) (SBAR (WHNP (WP who)) (S (ADVP (RB already)) (VP (VBP own) (NP (DT both) (NNP Digital) (CC and) (NNP IBM) (NNS systems)))))))))) (. .)))

(S1 (S (NP (CD One) (JJ such) (NN company)) (VP (VBZ is) (NP (NNP Bankers) (NNP Trust) (NNP Co))) (. .)))

(S1 (S (NP (NP (NNP Stanley) (NNP Rose)) (, ,) (NP (NP (DT a) (NN vice) (NN president)) (, ,) (NP (JJ technological) (CC and) (JJ strategic) (NN planning)) (PP (IN at) (NP (NNP Bankers) (NNP Trust)))) (, ,)) (VP (VBZ says) (SBAR (IN that) (S (PP (IN despite) (NP (NP (NNP Digital) (POS 's)) (JJ low) (NNS prices))) (, ,) (`` `) (S (`` `) (NP (PRP we)) (VP (VBP are) (RB n't) (ADJP (IN about) (S (VP (TO to) (VP (VB unplug) (NP (PRP$ our) (NNP IBM) (NNS mainframes)) (PP (IN for) (NP (DT a) (NNP DEC) (NN machine)))))))))))) (. .)))

(S1 (S (NP (DT The) (NN software) (NN conversion) (NNS costs)) (VP (MD would) (VP (VBP dwarf) (NP (DT any) (NNS savings)))) (. .) ('' ') ('' ')))

(S1 (S (CC But) (NP (NNP Mr.) (NNP Rose)) (VP (VBZ is) (ADVP (RB still)) (VP (VBG looking) (ADVP (RB seriously)) (PP (IN at) (NP (DT the) (CD 9000))))) (. .)))

(S1 (S (S (NP (NNP Bankers) (NNP Trust)) (VP (VBZ uses) (S (NP (NP (NNP Digital) (POS 's)) (NNP VAX)) (VP (TO to) (VP (VB run) (NP (PRP$ its) (JJ huge) (NN money-transfer) (CC and) (NN capital) (NNS markets)) (NP (NP (NNS accounts)) (, ,) (NP (NP (NN juggling) (NNS hundreds)) (PP (IN of) (NP (NP (NNS billions)) (PP (IN of) (NP (NNS dollars))))) (NP (DT each) (NN day))))))))) (, ,) (NP (PRP he)) (VP (VBZ says)) (. .)))

(S1 (S (SBAR (IN As) (S (NP (DT that) (NN system)) (VP (VBZ grows)))) (, ,) (NP (JJR larger) (NNS computers)) (VP (MD may) (VP (VB be) (VP (VBN needed)))) (. .)))

(S1 (S (`` `) (PP (`` `) (IN In) (NP (DT the) (NN past))) (, ,) (NP (NNS customers)) (VP (VBD had) (S (VP (TO to) (VP (VB go) (PP (TO to) (NP (NNP IBM))) (SBAR (WHADVP (WRB when)) (S (NP (PRP they)) (VP (VBP outgrew) (NP (DT the) (NNP VAX))))))))) (. .)))

(S1 (S (S (ADVP (RB Now)) (NP (PRP they)) (VP (VBP do) (RB n't) (VP (VB have) (S (VP (TO to)))))) (, ,) ('' ') ('' ') (NP (PRP he)) (VP (VBZ says)) (. .)))

(S1 (FRAG (`` `) (FRAG (`` `) (S (NP (DT That)) (VP (VBZ 's) (VP (VBG going) (S (VP (TO to) (VP (VB cost) (NP (NNP IBM)) (NP (NN revenue)))))))) (. .) ('' ')) ('' ')))

(S1 (S (NP (NNS Analysts)) (VP (VBP say) (SBAR (S (NP (NNP Digital)) (VP (MD can) (VP (VB expect) (NP (DT this) (JJ pent-up) (NN demand) (SBAR (IN for) (S (NP (DT the) (JJ new) (NNP VAX)) (VP (TO to) (VP (VB fuel) (NP (NP (JJ strong) (NNS sales)) (NP (JJ next) (NN year))))))))))))) (. .)))

(S1 (S (NP (NP (NNP Barry) (NNP F.) (NNP Willman)) (, ,) (NP (NP (DT an) (NN analyst)) (PP (IN at) (NP (NNP Sanford) (NNP C.) (NNP Bernstein) (CC &) (NNP Co.)))) (, ,)) (VP (VBZ estimates) (SBAR (S (NP (DT the) (CD 9000)) (VP (MD could) (VP (VB boost) (NP (NNS sales)) (PP (IN by) (NP (NP (QP (JJR more) (IN than) ($ $) (CD 1) (CD billion))) (PP (IN in) (NP (DT the) (JJ fiscal) (NN year))) (PP (VBG beginning) (PP (IN in) (NP (NNP July))))))))))) (. .)))

(S1 (S (NP (PRP He)) (VP (VBZ bases) (NP (NP (DT the) (NN estimate)) (PP (IN on) (NP (NP (DT a) (NN survey)) (PP (IN of) (NP (NP (NNS hundreds)) (PP (IN of) (NP (NP (NNP Digital) (POS 's)) (JJS largest) (NNS customers))))))))) (. .)))

(S1 (S (SBAR (IN Although) (S (NP (NNP Digital)) (VP (MD will) (VP (VB announce) (NP (NP (DT a) (JJ full) (NN family)) (PP (IN of) (NP (NNS mainframes)))) (NP (JJ next) (NN week)))))) (, ,) (NP (PRP it)) (VP (VBZ is) (RB n't) (VP (VBN expected) (S (VP (TO to) (VP (VB begin) (S (VP (VBG shipping) (PP (IN in) (NP (NN volume))))) (PP (IN until) (NP (JJ next) (NN year)))))))) (. .)))

(S1 (SINV (S (NP (NP (DT The) (JJ first) (NN model)) (ADJP (JJ available))) (VP (MD will) (VP (VB be) (NP (NP (NP (DT the) (CD 210)) (, ,) (SBAR (WHNP (WDT which)) (S (VP (VBZ is) (ADJP (JJ likely) (S (VP (TO to) (VP (VB appeal) (PP (TO to) (NP (NP (JJ many) (UCP (JJ technical) (CC and) (JJ scientific)) (NNS buyers)) (VP (VBN interested) (PP (IN in) (NP (DT the) (JJ optional) (NN super-charger)))))))))))))) (, ,) (CC or) (NP (NN vector) (NN processor)))))) (, ,) (VP (VBZ says)) (NP (NP (NNP Terry) (NNP Shannon)) (PP (IN of) (NP (NP (NNP International) (NNP Data) (NNP Corp.)) (, ,) (NP (DT a) (NN market) (NN research) (NN concern))))) (. .)))

(S1 (S (NP (NP (CD Four) (JJR more) (NNS models)) (, ,) (VP (VBN aimed) (PP (ADVP (RB squarely)) (IN at) (NP (NP (NNP IBM) (POS 's)) (JJ commercial) (NNS customers)))) (, ,)) (VP (VBP are) (VP (VBN expected) (S (VP (TO to) (VP (VB begin) (S (VP (VBG shipping) (PP (IN in) (NP (JJ late) (NNP June)))))))))) (. .)))

(S1 (S (NP (JJS Most) (NNS analysts)) (VP (VBP do) (RB n't) (VP (VB expect) (S (NP (DT the) (JJ new) (NNS mainframes)) (VP (TO to) (VP (VB begin) (S (VP (VBG contributing) (ADVP (RB significantly)) (PP (TO to) (NP (NP (NN revenue)) (PP (IN before) (NP (NP (DT the) (JJ fiscal) (JJ first) (NN quarter)) (, ,) (SBAR (WHNP (WDT which)) (S (VP (VBZ begins) (PP (IN next) (NP (NNP July) (CD 1))))))))))))))))) (. .)))

(S1 (S (NP (NP (NNP Digital) (POS 's)) (JJ new) (NN line)) (VP (VBZ has) (VP (VBN been) (NP (NP (DT a) (JJ long) (NN time)) (S (VP (VBG coming)))))) (. .)))

(S1 (S (NP (DT The) (NN company)) (VP (VBZ has) (ADVP (RB long)) (VP (VP (VBN struggled) (S (VP (TO to) (VP (VB deliver) (NP (DT a) (JJ strong) (JJ mainframe-class) (NN product)))))) (, ,) (CC and) (VP (VBN made) (NP (NP (DT a) (JJ costly) (NN decision)) (PP (IN in) (NP (CD 1988))) (S (VP (TO to) (VP (VB halt) (NP (NP (NN development)) (PP (IN of) (NP (NP (DT an) (JJ interim) (NN product)) (VP (VBN meant) (S (VP (TO to) (VP (VB stem) (NP (NP (DT the) (NN revenue) (NNS losses)) (PP (IN at) (NP (DT the) (JJ high) (NN end)))))))))))))))))) (. .)))

(S1 (S (NP (NP (NNP Digital) (POS 's)) (NN failure) (S (VP (TO to) (VP (VB deliver) (NP (DT a) (JJ true) (JJ mainframe-class) (NN machine)) (SBAR (IN before) (S (NP (RB now)) (VP (MD may) (VP (VB have) (VP (VBN cost) (NP (DT the) (NN company)) (NP (NP (QP (RB as) (JJ much) (IN as) ($ $) (CD 1) (CD billion))) (PP (IN in) (NP (NP (NN revenue)) (PP (IN in) (NP (JJ fiscal) (CD 1989))))))))))))))) (, ,) (NP (NNP Mr.) (NNP Willman)) (VP (VBZ says)) (. .)))

(S1 (S (NP (NNP IBM)) (VP (MD will) (VP (VB face) (NP (NP (ADJP (RB still) (JJR more)) (NN competition)) (PP (IN in) (NP (JJ coming) (NNS months)))))) (. .)))

(S1 (S (NP (NP (NNP Amdahl) (NNP Corp.)) (, ,) (VP (VBN backed) (PP (IN by) (NP (NP (NNP Japan) (POS 's)) (NNP Fujitsu) (NNP Ltd.)))) (, ,)) (VP (VBZ has) (NP (NP (DT a) (VBG growing) (NN share)) (PP (IN of) (NP (DT the) (NN market)))) (PP (IN with) (NP (PRP$ its) (JJ low-priced) (, ,) (JJ IBM-compatible) (NNS machines)))) (. .)))

(S1 (S (CC And) (NP (NP (NNP National) (NNP Advanced) (NNP Systems)) (, ,) (NP (NP (DT a) (JJ joint) (NN venture)) (PP (IN of) (NP (NP (NP (NNP Japan) (POS 's)) (NNP Hitachi) (NNP Ltd.)) (CC and) (NP (NP (NNP General) (NNPS Motors) (NNP Corp.) (POS 's)) (NNP Electronic) (NNP Data) (NNP Systems))))) (, ,)) (VP (VBZ is) (VP (VBN expected) (S (VP (TO to) (VP (VB unveil) (NP (NP (DT a) (NN line)) (PP (IN of) (NP (JJ powerful) (JJ IBM-compatible) (NNS mainframes)))) (NP (RB later) (DT this) (NN year))))))) (. .)))

(S1 (NP (NN NOTE) (: :)))

(S1 (S (NP (NNP NAS)) (VP (VBZ is) (NP (NP (NP (NNP National) (NNP Advanced) (NNP Systems)) (, ,) (NP (NNP CDC))) (: --) (NP (NNP Control) (NNP Data) (NNP Corp.)) (, ,) (NP (NNP Bull) (NNP NH) (NNP Information) (NNP Systems) (NNP Inc)))) (. .)))

(S1 (NP (NP (NN Source)) (: :) (NP (NNP International) (NNP Data) (NNP Corp)) (. .)))

(S1 (S (VP (VBN Compiled) (PP (IN by) (NP (NNP Publishers) (NNP Weekly))) (PP (IN from) (NP (NP (NNS data)) (PP (IN from) (NP (NP (JJ large-city) (NNS bookstores)) (, ,) (NP (JJ bookstore) (NNS chains)) (CC and) (NP (NP (JJ local) (NN bestseller) (NNS lists)) (PP (IN across) (NP (DT the) (NNP U.S.))))))))) (. .)))

(S1 (NP (NP (NNP Copyright) (CD 1989)) (PP (IN by) (NP (NNP Reed) (NNP Publishing) (NNP USA))) (. .)))

