(S1 (S (ADVP (NP (CD Four) (NNS years)) (RB ago)) (, ,) (S (NP (NNP Pittsburgh)) (VP (VBD was) (VP (VBN designated) (NP (DT the) (JJ most-livable) (NNP U.S.) (NN city)) (PP (IN by) (NP (NP (NNP Rand) (NNP McNally) (POS 's)) (NNS Places))) (NP (NNP Rated) (NNP Almanac))))) (, ,) (CC and) (S (NP (DT the) (NN honor)) (VP (VBD did) (SBAR (S (VP (VBZ wonders) (S (VP (TO to) (VP (VB improve) (NP (NP (NNP Pittsburgh) (POS 's)) (JJ soot-stained) (NN image)))))))))) (. .)))

(S1 (SINV (`` `) (SBARQ (`` `) (SQ (SBAR (S (NP (NNS People)) (VP (VBD asked)))) (, ,) (VBZ is) (NP (PRP it)) (ADVP (RB really)) (ADJP (JJ true))) (. ?) ('' ')) ('' ') (VP (VBZ says)) (NP (NP (NNP Maury) (NNP Kelley)) (, ,) (NP (NP (NN vice) (NN president)) (, ,) (NP (NN marketing) (NNS services)) (, ,) (PP (IN for) (NP (NP (NNP Beecham) (NNPS Products) (NNP USA)) (, ,) (NP (NP (DT a) (NN maker)) (PP (IN of) (NP (NN health) (CC and) (JJ personal-care) (NNS products))) (SBAR (WHNP (WDT that)) (S (VP (VBD used) (NP (DT the) (JJ ranking)) (PP (IN in) (NP (PRP$ its) (NN recruiting) (NN brochure))))))))))) (. .)))

(S1 (S (NP (NP (NNP Yuba) (NNP City)) (, ,) (NP (NNP Calif.))) (, ,) (ADVP (RB meanwhile)) (, ,) (VP (VBD ranked) (RB dead) (VP (VB last) (PP (IN among) (NP (CD 329) (NN metro) (NNS areas))))) (. .)))

(S1 (S (S (VP (VBN Unamused))) (, ,) (NP (NNS residents)) (VP (VP (VBD burned) (NP (NNP Rand) (NNP McNally) (NNS books))) (CC and) (VP (VBD wore) (NP (NP (NNS T-shirts)) (SBAR (WHNP (WDT that)) (S (VP (VBD said) (: :) (`` `) (S (`` `) (VP (VB Kiss) (NP (PRP$ my) (NNP Atlas)))))))))) (. .) ('' ') ('' ')))

(S1 (S (NP (DT The) (NN almanac)) (VP (MD will) (VP (VB be) (VP (VBG making) (NP (JJ new) (NNS friends) (CC and) (NNS enemies)) (PP (IN on) (NP (NP (NNP Oct.) (CD 27)) (, ,) (SBAR (WHADVP (WRB when)) (S (NP (DT an) (VBN updated) (NN version)) (VP (MD will) (VP (VB be) (VP (VBN released))))))))))) (. .)))

(S1 (S (NP (NNP Pittsburgh)) (VP (VP (VBZ figures) (SBAR (S (NP (PRP it)) (VP (MD will) (VP (VB be) (VP (VBN dethroned))))))) (CC but) (VP (VBZ plans) (S (VP (TO to) (VP (VB accept) (NP (PRP$ its) (NN ouster)) (ADVP (RB graciously))))))) (. .)))

(S1 (S (NP (NP (NP (DT The) (NN city) (POS 's)) (NNP Office)) (PP (IN of) (NP (NNP Promotion)))) (VP (VBZ plans) (S (NP (NNS media) (NNS events)) (VP (TO to) (VP (VB welcome) (NP (PRP$ its) (NN successor)))))) (. .)))

(S1 (SINV (`` `) (S (`` `) (NP (PRP We)) (VP (VBP 're) (VP (VBG encouraging) (NP (DT a) (JJ graceful) (NN transition)))) (, ,) ('' ')) ('' ') (VP (VBZ says)) (NP (NP (NNP Mary) (NNP Kay) (NNP Poppenberg)) (, ,) (NP (NP (DT the) (NN organization) (POS 's)) (NN president))) (. .)))

(S1 (FRAG (`` `) (`` `) (S (NP (PRP$ Our) (NN attitude)) (VP (VBZ is) (SBAR (IN that) (S (-LRB- -LRB-) (NP (DT the) (VBG ranking)) (-RRB- -RRB-) (VP (VBZ is) (PP (IN like) (NP (NNP Miss) (NNP America)))))))) (. .)))

(S1 (S (SBAR (RB Once) (S (NP (PRP you)) (VP (VBP 're) (NP (NNP Miss) (NNP America))))) (, ,) (NP (PRP you)) (VP (VBP 're) (ADVP (RB always)) (NP (NNP Miss) (NNP America))) (. .) ('' ') ('' ')))

(S1 (S (VP (VB Tell) (NP (DT that)) (PP (TO to) (NP (NP (NNP Atlanta)) (, ,) (SBAR (WHNP (WDT which)) (S (NP (NNP Pittsburgh)) (VP (VBD replaced) (PP (IN as) (NP (DT the) (JJ most-livable) (NN city))) (PP (IN in) (NP (CD 1985))))))))) (. .)))

(S1 (S (NP (JJ Many) (NNPS Atlantans)) (VP (VBD thought) (SBAR (S (NP (NNP Pittsburgh)) (VP (VBD was) (NP (DT an) (NN unworthy) (NN heir)))))) (. .)))

(S1 (S (NP (NP (DT A) (NN columnist)) (PP (IN in) (NP (DT the) (NNP Atlanta) (NNP Journal) (CC and) (NNP Constitution)))) (VP (VBD wrote) (: :) (`` `) (SBARQ (`` `) (WHNP (WP Who)) (SQ (VP (VBD did) (NP (NP (DT the) (NN research)) (PP (IN for) (NP (DT this) (NN report)))))))) (. ?)))

(S1 (FRAG (NP (NP (CD Two) (NNS guys)) (PP (IN from) (NP (NNP Gary) (, ,) (NNP Ind.)))) (. ?) ('' ') ('' ')))

(S1 (ADVP (RB Not) (RB so) (. .)))

(S1 (S (NP (NP (NNP Co-authors) (NNP David) (NNP Savageau)) (CC and) (NP (NNP Richard) (NNP Boyer)) (, ,)) (VP (VBP live) (PP (IN in) (NP (NP (NP (NNP Gloucester)) (, ,) (NP (NNP Mass.))) (, ,) (CC and) (NP (NP (NNP Asheville)) (, ,) (NP (NNP N.C.))) (, ,) (ADVP (RB respectively))))) (. .)))

(S1 (FRAG (`` `) (FRAG (`` `) (NP (NNP Atlanta)) (PRN (, ,) ('' ') ('' ') (S (NP (NNP Mr.) (NNP Savageau)) (VP (VBZ sniffs))) (, ,) (`` `)) (`` `) (S (VP (VBZ has) (NP (NP (JJ unrealistic) (NNS pretensions)) (PP (TO to) (NP (JJ world-class) (NN status)))))) (. .) ('' ')) ('' ')))

(S1 (S (NP (DT The) (JJ new) (NN edition)) (VP (VBZ lists) (NP (NP (DT the) (JJ top) (CD 10) (JJ metropolitan) (NNS areas)) (PP (IN as) (NP (NP (NNP Anaheim-Santa) (NNP Ana)) (, ,) (NP (NP (NNP Calif.)) (: ;) (NP (NP (NP (NNP Boston)) (: ;) (NP (NP (NNP Louisville)) (, ,) (NP (NNP Ky.))) (: ;) (NP (NNP Nassau-Suffolk))) (, ,) (NP (NNP N.Y.))) (: ;) (NP (NNP New) (NNP York)) (: ;) (NP (NNP Pittsburgh)) (: ;) (NP (NNP San) (NNP Diego)) (: ;) (NP (NNP San) (NNP Francisco)) (: ;) (NP (NNP Seattle)) (: ;) (CC and) (NP (NNP Washington))))))) (. .)))

(S1 (S (NP (NNP Mr.) (NNP Savageau)) (VP (VBZ says) (SBAR (S (NP (NP (QP (NN earthquake) (CC or) (RB not))) (, ,) (NP (NNP San) (NNP Francisco))) (VP (VBZ makes) (NP (DT the) (NN list)))))) (. .)))

(S1 (S (CC But) (NP (NN attention)) (ADVP (RB also)) (VP (NNS rivets) (PP (IN on) (SBAR (WHNP (WP who)) (S (VP (VBZ finishes) (SBAR (S (NP (NP (NP (JJ last)) (, ,) (CC and) (NP (NP (NNP Pine) (NNP Bluff)) (, ,) (NP (NNP Ark.)))) (PRN (: --) (SBAR (WHNP (WDT which)) (S (VP (VBD finished) (ADVP (JJ third)) (S (VP (TO to) (VP (VB last) (PP (IN in) (NP (NP (CD 1981)) (CC and) (NP (NP (JJ second)) (SBAR (S (VP (TO to) (VP (VB last) (PP (IN in) (NP (CD 1985)))))))))))))))) (: --))) (VP (VBZ is) (ADVP (RB certainly)) (PP (IN in) (NP (DT the) (NN running))))))))))) (. .)))

(S1 (S (`` `) (S (`` `) (NP (PRP I)) (VP (VBP hate) (S (VP (TO to) (VP (VB dignify) (NP (DT the) (NN publication)) (PP (IN by) (S (VP (VBG commenting) (PP (IN on) (NP (DT the) (JJ obscene) (NN rating)))))))))) (, ,) ('' ')) ('' ') (NP (NNP Mayor) (NNP Carolyn) (NNP Robinson)) (VP (VBZ says) (, ,) (S (VP (VBG adding) (SBAR (IN that) (S (NP (NNS cities)) (VP (VBP have) (NP (NP (DT no) (NN way)) (SBAR (S (VP (TO to) (VP (VB rebut) (NP (DT the) (NN book))))))))))))) (. .)))

(S1 (FRAG (`` `) (`` `) (S (NP (PRP It)) (VP (VBZ 's) (PP (IN like) (S (VP (VBG fighting) (NP (PRP$ your) (NN way)) (PP (IN out) (PP (IN of) (NP (DT a) (NN fog))))))))) (. .)))

(S1 (S (NP (PRP You)) (VP (VBP do) (RB n't) (VP (VB know) (SBAR (WHNP (WDT which)) (S (VP (NN way) (S (VP (TO to) (VP (VB punch))))))))) (. .)))

