(S1 (S (NP (NP (NP (NNP Economist) (NNP David) (NNP N.) (NNP Laband) (POS 's)) (NNP Sept.) (CD 27) (JJ editorial-page) (NN article)) (, ,) (`` `) (S (`` `) (NP (NNP In) (NNP Hugo)) (VP (VBZ 's) (NP (NP (NN Path)) (, ,) (NP (DT a) (JJ Man-Made) (NN Disaster)))) (, ,) ('' ')) ('' ')) (VP (VBZ decries) (NP (NP (DT the) (NN control)) (PP (IN of) (NP (NP (NN price) (NN gouging)) (, ,) (VP (ADVP (RB swiftly)) (VBN ordered) (PP (IN by) (NP (NP (NP (NNP South) (NNP Carolina) (POS 's)) (NN governor)) (PP (IN after) (NP (NNP Hurricane) (NNP Hugo)))))))))) (. .)))

(S1 (S (PP (VBG According) (PP (TO to) (NP (NNP Mr.) (NNP Laband)))) (, ,) (`` `) (NP (`` `) (NP (VBG screaming) (POS ')) ('' ') (PP (IN for) (NP (NN price) (NNS controls)))) (VP (VBZ occurs) (SBAR (WHADVP (WRB when)) (S (NP (NN income) (NN redistribution)) (`` `) (VP (`` `) (VBZ threatens) (S (VP (TO to) (VP (VB hit) (ADVP (RB home))))))))) (. .) ('' ') ('' ')))

(S1 (S (S (VP (TO To) (VP (VB be) (ADJP (JJ sure))))) (, ,) (NP (DT the) (NN threat)) (VP (VBZ has) (VP (VBN hit) (NP (NP (NN home)) (ADVP (RB down) (RB here))))) (. .)))

(S1 (S (CC Yet) (PP (IN in) (NP (NP (NP (NNP Mr.) (NNP Laband) (POS 's)) (NN rehash)) (PP (IN of) (NP (JJ free-market) (NN logic))))) (, ,) (NP (NP (JJ human) (NN greed)) (CC and) (NP (NN self-interest))) (VP (VBP are) (NP (DT the) (JJ only) (ADJP (JJ permissible) (JJ psychological)) (NNS reactions))) (. .)))

(S1 (S (S (VP (VBG Allowing) (NP (NP (JJ uncontrolled) (NNS prices)) (PP (IN for) (NP (NNS necessities)))))) (VP (MD would) (ADVP (RB indeed)) (VP (VB shorten) (NP (DT the) (NNS lines)) (PP (IN at) (NP (NNS stores))) (, ,) (SBAR (IN as) (S (NP (PRP he)) (VP (VBZ contends)))))) (. .)))

(S1 (S (CC But) (SBAR (RB not) (IN because) (S (NP (NNS resources)) (VP (VBP are) (VP (VBG going) (PP (TO to) (NP (PRP$ their) (ADJP (RBS most) (JJ efficient)) (NN use))))))) (PRN (, ,) (S (VP (VBG leaving) (NP (JJ scarce) (NNS goods))))) (`` `) (VP (`` `) (VBN allocated) (PP (TO to) (NP (NP (DT those) (NNS buyers)) (SBAR (WHNP (WP who)) (S (VP (VBP place) (NP (DT the) (JJS highest) (NN value)) (PP (IN on) (NP (PRP them))))))))) (. .) ('' ') ('' ')))

(S1 (S (ADVP (RB Rather)) (, ,) (NP (NNS lines)) (VP (MD would) (VP (VB diminish) (SBAR (IN because) (S (PP (IN at) (NP (JJR higher) (NNS prices))) (NP (JJ many) (NNS victims)) (VP (MD could) (RB not) (VP (VB afford) (NP (NP (NNS necessities)) (PP (JJ such) (IN as) (NP (NP (NN food)) (CC and) (NP (JJ medical) (NNS supplies))))))))))) (. .)))

(S1 (S (NP (PRP It)) (VP (VBZ is) (ADJP (JJ inhumane) (S (VP (TO to) (VP (VB imply) (SBAR (IN that) (S (NP (DT a) (JJ poor) (, ,) (JJ unemployed) (NN woman)) (VP (MD can) (RB not) (VP (VB receive) (NP (NP (JJ immediate) (NN relief)) (PP (IN for) (NP (PRP$ her) (NN family)))) (PP (IN at) (NP (NN fair) (NNS prices))))))))))) (SBAR (IN because) (S (NP (PRP she)) (VP (VBZ does) (RB not) (VP (VB have) (NP (RB as) (RB much)) (S (VP (TO to) (VP (VB protect) (PP (IN as) (NP (DT a) (JJ rich) (NN family))))))))))) (. .)))

(S1 (S (ADVP (RB Moreover)) (, ,) (NP (NP (JJ essential) (NN relief) (NNS supplies)) (PP (JJ such) (IN as) (NP (NN ice)))) (VP (MD must) (VP (VB be) (VP (VBN distributed) (PP (IN throughout) (NP (DT the) (NN population))) (PP (IN because) (IN of) (NP (NP (JJ potential) (NN health) (NNS problems)) (SBAR (WHNP (IN from)) (S (VP (VBD spoiled) (NP (NP (NN food) (CC and) (JJ possible) (NN outbreak)) (PP (IN of) (NP (NN disease)))))))))))) (. .)))

(S1 (S (NP (JJ Such) (JJ spillover) (NNS effects)) (VP (VBP give) (NP (DT the) (NN state)) (NP (DT a) (NN right) (S (VP (TO to) (VP (VP (VB intervene) (PP (IN in) (NP (DT the) (NN marketplace)))) (CC and) (VP (ADVP (RB temporarily)) (VB coordinate) (NP (NP (NN allocation)) (PP (IN of) (NP (NNS resources)))))))))) (. .)))

(S1 (S (ADVP (RB Fortunately)) (, ,) (NP (NNS volunteers) (CC and) (NNS charities)) (VP (VBP are) (RB not) (VP (VBN motivated) (PP (PP (IN by) (NP (NN self-interest))) (, ,) (CC but) (PP (IN by) (NP (NN altruism)))))) (. .)))

(S1 (SBARQ (WHADVP (WRB Why)) (SQ (MD should) (NP (PRP they)) (VP (VB have) (S (VP (TO to) (VP (VB co-exist) (PP (IN with) (NP (NP (NNS opportunists)) (VP (VBG rushing) (ADVP (IN in)) (S (VP (TO to) (VP (VB turn) (NP (DT a) (JJ quick) (NN profit))))))))))))) (. ?)))

(S1 (S (NP (DT These) (JJ latter-day) (NNS scalawags)) (VP (MD would) (VP (VB be) (ADJP (JJ ill-advised) (S (VP (TO to) (VP (VB take) (NP (NN advantage)) (PP (IN of) (NP (DT the) (NN situation))))))) (, ,) (SBAR (IN if) (S (NP (PRP they)) (ADVP (RB ever)) (VP (VBP expect) (S (VP (TO to) (VP (VB face) (NP (NP (DT the) (NNS people)) (PP (IN of) (NP (NNP South) (NNP Carolina)))) (ADVP (RB again)))))))))) (. .)))

(S1 (S (NP (DT The) (NN government)) (VP (VBZ is) (ADVP (RB actually)) (VP (VBG protecting) (NP (NP (JJ avaricious) (NNS ice-baggers)) (CC and) (NP (NP (JJ other) (NNS profiteers)) (SBAR (WHNP (WP who)) (S (VP (MD can) (RB not) (VP (VB see) (PP (IN beyond) (NP (PRP$ their) (JJ own) (JJ short-term) (NN gain))))))))))) (. .)))

(S1 (S (NP (NNP South) (NNP Carolina)) (VP (VBZ deserves) (NP (NP (DT an) (NN A)) (PP (IN for) (NP (PRP$ its) (ADJP (JJ quick) (CC and) (JJ timely)) (NN relief) (NNS efforts))))) (. .)))

(S1 (S (NP (NNP Mr.) (NNP Laband)) (, ,) (ADVP (RB meanwhile)) (, ,) (VP (VBZ gets) (NP (NP (DT an) (NN A)) (PP (IN for) (NP (NP (PRP$ his) (JJ rote) (NN recital)) (PP (IN of) (NP (JJ economic-efficiency) (NNS arguments))))))) (. .)))

(S1 (S (VP (VB Give) (NP (PRP him)) (NP (DT an) (X (SYM F))) (PP (IN for) (NP (PRP$ his) (NN failure) (S (VP (TO to) (VP (VB understand) (NP (NP (DT the) (NNS ethics)) (PP (IN of) (NP (JJ economic) (NN equity)))))))))) (. .)))

(S1 (S (VP (VBN Signed) (PP (IN by) (NP (CD 25) (NNS students))))))

(S1 (FRAG (PP (IN Of) (NP (NP (NNP Douglas) (NNP Woodward) (POS 's)) (NNS Honors))) (NP (NP (NNP Economics) (NNP Class)) (, ,))))

(S1 (NP (NP (NNP University)) (PP (IN of) (NP (NNP South) (NNP Carolina)))))

(S1 (NP (NP (NNP Columbia)) (, ,) (NP (NNP S.C) (. .))))

(S1 (S (NP (NNP Mr.) (NNP Laband)) (VP (VBZ gives) (NP (PRP us)) (NP (NP (DT an) (NN idea)) (SBAR (WHADVP (WRB why)) (S (NP (NP (NNS economists) (POS ')) (NNS predictions)) (VP (VBP are) (ADVP (RB usually)) (ADJP (JJ wrong))))))) (. .)))

(S1 (S (S (NP (PRP They)) (VP (VBP set) (PRT (RP up)) (NP (NP (JJ absurd) (NNS situations)) (, ,) (ADJP (VBN detached) (PP (IN from) (NP (NN reality))))))) (, ,) (CC and) (S (RB then) (VP (VBP try) (S (VP (TO to) (VP (NN reason) (PP (IN from) (NP (PRP them)))))))) (. .)))

(S1 (S (NP (PRP I)) (VP (VBP 'm) (ADJP (VBN surprised) (SBAR (S (NP (PRP he)) (VP (VBD did) (RB n't) (VP (NN advocate) (S (VP (VP (VBG letting) (NP (NNS people)) (NP (NN loot)) (, ,) (SBAR (IN since) (S (NP (DT that) (NN behavior)) (VP (MD can) (ADVP (RB also)) (VP (VB be) (VP (VBN foreseen) (PP (IN in) (NP (DT a) (NN disaster))))))))) (CC and) (`` `) (S (`` `) (NP (DT every) (NN individual)) (VP (VBZ has) (NP (DT an) (NN incentive) (S (VP (TO to) (VP (VB alter) (NP (NP (DT the) (NN distribution)) (PP (IN of) (NP (NP (NN income)) (PP (IN in) (NP (PRP$ his) (NN favor)))))))))))))))))))) (. .) ('' ') ('' ')))

(S1 (S (NP (NN Price) (NNS controls)) (VP (VBD were) (`` `) (ADJP (`` `) (ADVP (RB so) (RB fervently)) (VBN embraced) (PP (IN by) (NP (NNP Charleston) (POS ')))) ('' ') (SBAR (IN because) (S (NP (NP (NN price) (NN gouging)) (PP (IN in) (NP (DT this) (NN situation)))) (VP (VBZ is) (ADJP (JJ equivalent) (PP (TO to) (NP (NN looting)))))))) (. .)))

(S1 (NP (NNP Suzanne) (NNP Foster)))

(S1 (NP (NP (NNP Galax)) (, ,) (NP (NNP Va)) (. .)))

(S1 (S (NP (NNP Mr.) (NNP Laband)) (VP (VBD described) (NP (NP (CD one)) (PP (IN of) (NP (NP (NP (DT the) (ADJP (RBR more) (JJ insidious)) (NNS threats)) (SBAR (S (NP (PRP we)) (VP (VBP face) (SBAR (WHADVP (WRB when)) (S (VP (VBG dealing) (PP (IN with) (NP (NP (NNS disasters)) (PP (JJ such) (IN as) (NP (NNP Hugo)))))))))))) (: --) (NP (NP (JJ anti-profiteering) (NNS ordinances)) (PP (JJ such) (IN as) (NP (DT that))))))) (PP (IN by) (NP (DT the) (NNP Charleston) (NNP City) (NNP Council))) (SBAR (IN as) (S (NP (PRP it)) (VP (VBD thrashed) (PP (IN about) (S (VP (VBG trying) (S (VP (TO to) (VP (VB Do) (NP (NN Something)))))))))))) (. .)))

(S1 (S (SBAR (IN Since) (S (NP (PRP he)) (VP (VBD concentrated) (PP (IN on) (NP (NP (DT the) (JJ economic) (NN folly)) (PP (IN of) (NP (JJ such) (NNS ordinances)))))))) (, ,) (NP (PRP he)) (VP (VBD did) (RB n't) (VP (VB mention) (NP (NP (JJ certain) (JJ other)) (PP (IN of) (NP (PRP$ their) (NNS effects)))))) (. .)))

(S1 (S (NP (PRP They)) (VP (VB divert) (NP (JJ law-enforcement) (NNS resources)) (PP (IN at) (NP (NP (DT a) (NN time)) (SBAR (S (NP (PRP they)) (VP (VBP are) (VP (RBS most) (VBN needed) (PP (IN for) (S (VP (VBG protecting) (NP (NNS lives) (CC and) (NN property)))))))))))) (. .)))

(S1 (S (ADVP (RB Also)) (, ,) (PP (RB rather) (IN than) (S (VP (VB increase) (NP (NNS supplies))))) (, ,) (NP (PRP they)) (VP (VP (VBP reduce) (NP (PRP them))) (CC and) (VP (VBP encourage) (VP (VBG hoarding)))) (. .)))

(S1 (S (CC And) (NP (NP (PRP they)) (, ,) (CC or) (RB even) (NP (NP (DT the) (NN prospect)) (PP (IN of) (NP (PRP them)))) (, ,)) (VP (VBP discourage) (NP (NN disaster) (NN preparedness)) (PP (IN in) (NP (NP (DT the) (NN form)) (PP (IN of) (NP (NP (JJ speculative) (NN advance) (VBG stocking)) (PP (IN of) (NP (NP (NNS supplies)) (PP (IN by) (NP (NNS merchants)))))))))) (. .)))

(S1 (NP (NNP N.) (NNP Joseph) (NNPS Potts)))

(S1 (NP (NP (NNP Miami) (NNP Lakes)) (, ,) (NP (NNP Fla)) (. .)))

(S1 (SQ (MD Would) (NP (NNP Mr.) (NNP Laband)) (ADVP (RB also)) (VP (VB suggest) (SBAR (IN that) (S (NP (NP (DT the) (NNP Red) (NNP Cross)) (, ,) (NP (NP (NNP Salvation) (NNP Army)) (, ,) (NP (NP (JJ military) (NNS units)) (, ,) (NP (NNS police)) (, ,) (NP (NN fire) (NNS departments)) (, ,) (NP (NN rescue) (NNS units)))) (CC and) (NP (JJ individual) (NNS citizens))) (VP (VB cease) (NP (PRP$ their) (NNS efforts) (S (VP (TO to) (VP (VB assist) (NP (NP (NNP Hugo) (POS 's)) (NNS victims)) (SBAR (IN because) (S (NP (PRP they)) (VP (VB interfere) (PP (IN with) (NP (NP (PRP$ his) (NN concept)) (PP (IN of) (NP (DT the) (`` `) (NP (`` `) (JJ free) (NN market) ('' ')) ('' ')))))))))))))))) (. ?)))

(S1 (FRAG (WHNP (WP What)) (PP (IN about) (NP (NP (DT those) (VBG caring) (NNS people)) (PP (ADVP (DT all)) (IN over) (NP (DT the) (NN country))) (SBAR (WHNP (WP who)) (S (VP (VBP are) (VP (VBG donating) (NP (NP (NN food)) (, ,) (NP (NN water)) (CC and) (NP (NP (JJ other) (NNS necessities)) (PP (IN of) (NP (NN life))))) (PP (TO to) (NP (NP (DT these) (NNS people)) (SBAR (WHNP (WP who)) (S (VP (MD could) (VP (VB be) (NP (NP (DT any)) (PP (IN of) (NP (PRP us)))))))))))))))) (. ?)))

(S1 (SQ (MD Should) (NP (PRP they)) (VP (PRN (, ,) (ADVP (RB too)) (, ,)) (VB stop) (UCP (`` `) (`` `) (S (VP (VBG messing) (PP (IN with)))) ('' ') ('' ') (NP (PRP$ his) (JJ free) (NN market)))) (. ?)))

(S1 (S (ADVP (RB Maybe)) (NP (PRP he)) (VP (VBZ thinks) (SBAR (S (NP (PRP they)) (VP (MD should) (ADVP (RB also)) (VP (VB sell) (PP (TO to) (NP (DT the) (JJS highest) (NN bidder)))))))) (. .)))

(S1 (FRAG (CC And) (WP what) (IN about) (NP (NN insurance) (NNS firms)) (. ?)))

(S1 (SQ (MD Should) (NP (PRP they)) (VP (VB be) (VP (VBN required) (S (VP (TO to) (VP (VB pay) (NP (NP (NNS claims)) (VP (VBN based) (PP (IN on) (NP (NP (JJ exorbitant) (NNS costs)) (PP (IN for) (NP (NN labor) (CC and) (NNS materials)))))))))))) (. ?)))

(S1 (S (NP (NNP Mr.) (NNP Laband)) (VP (MD should) (VP (VB beware) (, ,) (SBAR (IN since) (S (NP (PRP he)) (VP (VBZ lives) (PP (IN in) (NP (NNP South) (NNP Carolina)))))))) (. .)))

(S1 (S (PP (IN In) (NP (DT a) (JJ free) (NN market))) (, ,) (NP (PRP$ his) (NN insurance) (NNS rates)) (VP (MD can) (VP (VB be) (VP (VBN raised) (S (VP (TO to) (VP (VB recover) (NP (NN insurance-company) (NNS losses)))))))) (. .)))

(S1 (NP (NNP John) (NNP W.) (NNP Rush)))

(S1 (NP (NP (NNP Marietta)) (, ,) (NP (NNP Ga)) (. .)))

(S1 (S (S (VP (VBG Having) (VP (VBN been) (PP (IN through) (NP (JJ several) (NNS tornadoes) (CC and) (NNS hurricanes)))))) (, ,) (NP (PRP I)) (VP (VBP have) (NP (DT a) (JJ different) (NN perspective))) (. .)))

(S1 (S (S (NP (PRP Mine)) (VP (VBZ comes) (PP (IN from) (S (VP (VBG seeing) (S (NP (VBG thriving) (NNS communities)) (ADJP (JJ devastated)))))))) (: --) (FRAG (CC but) (ADVP (RB only) (RB temporarily))) (. .)))

(S1 (S (NP (PRP$ Their) (NN recovery)) (VP (VBD came) (ADVP (ADVP (RB surprisingly) (RB fast)) (, ,) (CC and) (ADVP (RB always))) (PP (IN with) (NP (NP (DT the) (NN help)) (PP (IN of) (NP (NNS neighbors)))))) (. .)))

(S1 (S (NP (NP (NP (DT The) (NN shock)) (PP (IN of) (S (VP (VBG seeing) (S (NP (NNS homes)) (VP (VBN destroyed))))))) (CC and) (NP (NP (NN city) (NNS services)) (VP (VBN disrupted)))) (VP (MD may) (VP (VB cause) (S (NP (DT some)) (VP (TO to) (VP (VB confuse) (NP (NP (NNS priorities)) (PP (JJ such) (IN as) (NP (NP (DT the) (JJ true) (JJ economic) (NN value)) (PP (IN of) (NP (NP (DT a) (NN freezer)) (ADJP (JJ full) (PP (IN of) (NP (NN meat)))))))))))))) (. .)))

(S1 (S (PP (IN In) (NP (NNP Texas))) (PP (IN after) (NP (NNP Hurricane) (NNP Alicia))) (, ,) (NP (JJ major) (NN grocery) (NNS chains)) (VP (VBD used) (NP (PRP$ their) (NN truck) (NNS fleets)) (S (VP (TO to) (VP (VB ship) (NP (NP (JJ essential) (NNS goods)) (PP (TO to) (NP (NP (NNP Houston)) (, ,) (NP (DT no) (NN gouging)) (, ,)))) (NP (RB just) (JJ good) (NN will)))))) (. .)))

(S1 (NP (NNP Tom) (NNP Mongan)))

(S1 (NP (NP (NNP Victoria)) (, ,) (NP (NNP Texas))))

(S1 (S (NP (PRP We)) (ADVP (RB here) (PP (IN in) (NP (DT the) (VBN affected) (NNS areas)))) (VP (VBD were) (VP (VBN dazzled) (PP (IN by) (NP (NP (NP (NNP Mr.) (NNP Laband) (POS 's)) (NN analysis)) (PP (IN of) (NP (NP (NN time) (NNS values)) (CC and) (NP (NP (PRP$ his) (NNS comparisons)) (PP (IN of) (NP (NN effectiveness))) (PP (VBG concerning) (NP (NN research) (CC and) (NN development)))))))))) (. .)))

(S1 (S (NP (NP (PRP$ His) (JJ theoretical) (NN approach)) (CC and) (NP (NP (PRP$ its) (NN publication)) (PP (IN in) (NP (DT this) (JJ venerable) (NN paper))))) (VP (VBP are) (S (NP (DT no) (NN doubt)) (NP (NP (DT a) (JJ noteworthy) (NN accomplishment)) (PP (IN for) (NP (PRP him)))))) (. .)))

(S1 (S (NP (ADJP (RB Too) (JJ bad)) (NN theory)) (VP (VBZ fails) (PP (IN in) (NP (NN practice)))) (. .)))

(S1 (S (NP (PRP We) (NNS consumers)) (VP (VBP tend) (S (VP (TO to) (VP (VB have) (NP (JJ long) (NNS memories)))))) (. .)))

(S1 (S (NP (NP (DT The) (NNS businesses)) (VP (VBG subscribing) (PP (TO to) (NP (NP (NNP Mr.) (NNP Laband) (POS 's)) (JJ effective) (NN price) (NN system))))) (VP (MD will) (VP (VB be) (VP (VBN remembered) (SBAR (WHADVP (WRB when)) (S (NP (NN normalcy)) (VP (VBZ returns))))))) (. .)))

(S1 (S (ADVP (RB Perhaps)) (, ,) (PP (VBG considering) (NP (NP (DT the) (NN value)) (PP (IN of) (NP (PRP$ our) (NN time))))) (, ,) (NP (PRP we)) (VP (MD will) (VP (VB be) (ADJP (JJ unable) (S (VP (TO to) (VP (VB patronize) (NP (PRP$ their) (NNS establishments)) (PP (IN in) (NP (DT the) (JJ post-Hugo) (NN era))))))))) (. .)))

(S1 (S (S (NP (PRP I)) (VP (VBP have) (NP (NP (DT a) (NN question)) (PP (IN for) (NP (NNP Mr.) (NNP Laband)))))) (: :) (SBARQ (WHADVP (WRB How)) (SQ (VBP do) (NP (PRP I)) (VP (VBP explain) (PP (TO to) (NP (NP (DT the) (JJ single) (NN mother)) (PP (IN of) (NP (NP (CD three) (NN standing)) (PP (IN in) (NP (NN line))))))) (ADVP (JJ next) (PP (TO to) (NP (PRP me)))) (PP (IN for) (NP (NP (DT the) (JJ past) (CD three) (NNS hours)) (SBAR (WHNP (WDT that)) (S (NP (NP (DT the) (CD two) (NNS bags)) (PP (IN of) (NP (NP (NN ice)) (SBAR (S (NP (PRP she)) (VP (VBZ needs) (S (VP (TO to) (VP (VB keep) (S (NP (NP (PRP$ her) (NNS children) (POS 's)) (NN food)) (ADJP (JJ edible)))))))))))) (VP (MD will) (VP (VB take) (NP (PRP$ her) (JJ last) ($ $) (CD 20)))))))))) (. ?))))

(S1 (S (NP (PRP I)) (VP (VBP 'm) (ADJP (JJ sure) (SBAR (S (NP (PRP she)) (VP (MD 'll) (VP (VB appreciate) (SBAR (WHNP (WP what)) (S (NP (NP (DT an) (JJ efficient) (NN reaction)) (PP (TO to) (NP (PRP$ her) (NNS problems)))) (NP (DT the) (NN price) (NN system)) (VP (VBZ has) (VP (VBN created))))))))))) (. .)))

(S1 (NP (NNP Chris) (NNP Edgar)))

(S1 (NP (NP (NNP Myrtle) (NNP Beach)) (, ,) (NP (NNP S.C)) (. .)))

