(S1 (S (NP (JJ Mutual-fund) (NN czar) (NNP John) (NNP M.) (NNP Templeton)) (VP (VBZ has) (VP (VB put) (NP (PRP$ his) (NN money)) (SBAR (WHADVP (WRB where)) (S (NP (PRP$ his) (NN moniker)) (VP (VBZ is) (, ,) (S (VP (VBG pouring) (NP (QP ($ $) (CD 1.4) (CD million))) (PP (IN into) (NP (NP (NP (CD one)) (PP (IN of) (NP (PRP$ his) (JJ own) (NNS funds)))) (, ,) (NP (DT the) (NNP Templeton) (NNP Value) (NNP Fund))))))))))) (. .)))

(S1 (S (NP (NNP Mr.) (NNP Templeton)) (VP (VBZ owns) (NP (NP (NNS shares)) (PP (PP (IN in) (NP (NP (JJ several)) (PP (IN of) (NP (NP (DT the) (CD 33) (NNS funds)) (SBAR (WHNP (WDT that)) (S (NP (PRP$ his) (NN firm)) (VP (VBZ manages)))))))) (, ,) (CONJP (CC but) (RB only)) (PP (IN in) (NP (NP (CD three)) (PP (IN of) (NP (NP (DT the) (CD 10)) (ADJP (JJ available) (PP (TO to) (NP (NNP U.S.) (NNS investors)))))))))) (, ,) (PP (VBG according) (PP (TO to) (NP (NP (NNS filings)) (PP (IN with) (NP (DT the) (NNPS Securities) (CC and) (NNP Exchange) (NNP Commission))))))) (. .)))

(S1 (S (NP (DT Those)) (VP (VBP are) (NP (NP (NNP Templeton) (NNP Global) (NNP Income)) (, ,) (NP (JJ Templeton) (VBG Emerging) (NNPS Markets)) (CC and) (ADVP (RB now)) (NP (DT the) (NNP Value) (NNP Fund)))) (. .)))

(S1 (SBARQ (WHADVP (WRB Why)) (SQ (VBD did) (NP (PRP he)) (VP (VB add) (NP (DT the) (NNP Value) (NNP Fund)) (PP (TO to) (NP (DT the) (NN list))))) (. ?)))

(S1 (S (SBAR (IN Because) (S (NP (PRP he)) (VP (VBZ 's) (ADJP (RB very) (JJ bullish) (PP (IN on) (NP (NP (DT the) (VBG emerging) (NN growth) (NNS stocks)) (SBAR (WHNP (WDT that)) (S (VP (VBP make) (PRT (RP up)) (NP (NP (DT the) (NN fund) (POS 's)) (NN portfolio))))))))))) (, ,) (NP (NNP Mr.) (NNP Templeton)) (VP (VBD said) (PP (IN from) (NP (PRP$ his) (NNPS Bahamas) (NN hideaway)))) (. .)))

(S1 (S (`` `) (S (`` `) (S (NP (VBG Emerging) (NN growth) (NNS stocks)) (VP (VBP have) (RB n't) (VP (VBN been) (ADJP (JJ popular) (PP (IN in) (NP (NNP America)))) (PP (IN for) (NP (NNS years)))))) (, ,) (S (NP (PRP they)) (VP (VBP 've) (VP (VBN been) (VP (VBN neglected)))))) (PRN (, ,) ('' ') ('' ') (S (NP (PRP he)) (VP (VBD said))) (, ,)) (CC and) (S (NP (PRP$ their) (NNS prices)) (ADVP (RB often)) (VP (VBP trail) (NP (NP (DT the) (NN market)) (PP (IN as) (NP (DT a) (NN whole)))))) (. .)))

(S1 (S (S (NP (NP (NP (NNP Mr.) (NNP Templeton) (POS 's)) (JJ 147,300-share) (NN purchase)) (PP (IN in) (NP (DT the) (JJ closed-end) (NN fund)))) (VP (VBD came) (PP (IN before) (NP (NP (NP (DT the) (NNP U.S.) (NN stock) (NN market) (POS 's)) (NN plunge)) (NP (JJ last) (NNP Friday)))))) (, ,) (CC but) (S (ADVP (RB still)) (VP (VBD proved) (ADJP (RB slightly) (JJ profitable)))) (. .)))

(S1 (S (NP (NNP Mr.) (NNP Templeton)) (VP (VBD bought) (NP (PRP$ his) (NNS shares)) (PP (IN in) (NP (NP (JJ several) (JJ separate) (NNS purchases)) (PP (IN between) (NP (NP (NNP Aug.) (CD 30)) (CC and) (NP (NNP Sept.) (CD 28)))))) (, ,) (PP (VBG according) (PP (TO to) (NP (NP (NNS reports)) (PP (IN with) (NP (DT the) (NNP SEC))))))) (. .)))

(S1 (S (NP (PRP He)) (VP (VBD bought) (PP (IN at) (NP (NP (NN share) (NNS prices)) (VP (VBG ranging) (PP (PP (IN from) (NP ($ $) (CD 9.375))) (PP (TO to) (NP ($ $) (CD 9.625)))))))) (. .)))

(S1 (S (NP (DT The) (NN fund)) (VP (VBD closed) (NP (NN yesterday)) (PP (IN in) (NP (NNP New) (NNP York) (NNP Stock) (NNP Exchange) (JJ composite) (NN trading))) (PP (IN at) (NP ($ $) (CD 9.625))) (, ,) (ADVP (RB up) (NP (CD 12.5) (NNS cents)))) (. .)))

(S1 (S (PP (IN In) (NP (NN addition))) (, ,) (NP (NNP Mr.) (NNP Templeton)) (VP (VBD received) (NP (NP (DT a) (NN dividend)) (PP (IN of) (NP (NP (CD 22) (NNS cents)) (NP (DT a) (NN share))))) (NP (NNP Oct.) (CD 5))) (. .)))

(S1 (NP (NN RIVER) (NN RUN) (: :)))

(S1 (S (NP (NP (DT A) (JJ senior) (NN vice) (NN president)) (CC and) (NP (NP (DT a) (NN vice) (NN president)) (PP (IN at) (NP (NNP James) (NNP River) (NNP Corp.))))) (VP (VBD sold) (NP (NP (DT the) (NN majority)) (PP (IN of) (NP (PRP$ their) (NNS shares)))) (PP (IN in) (NP (DT the) (NAC (NNP Richmond) (, ,) (NNP Va.) (, ,)) (NNS paper-products) (NN concern))) (PP (IN in) (NP (NP (JJ late) (NNP August)) (CC and) (NP (JJ early) (NNP September)))) (, ,) (NP (NP (NNS reports)) (VP (VBN filed) (PP (IN with) (NP (DT the) (NNP SEC) (NN show)))))) (. .)))

(S1 (S (NP (NP (DT The) (NNS executives)) (, ,) (SBAR (WHNP (WP who)) (S (VP (VBD got) (NP (NP (NP ($ $) (CD 30.88)) (NP (DT a) (NN share))) (PP (IN for) (NP (DT the) (NN stock))))))) (, ,)) (VP (VBD showed) (NP (JJ good) (NN timing))) (. .)))

(S1 (S (PP (IN In) (NP (NNP Big) (NNP Board) (NN trading))) (NP (NN yesterday)) (, ,) (NP (NP (NNP James) (NNP River)) (NNS shares)) (VP (VBD closed) (PP (IN at) (NP ($ $) (CD 28.375))) (, ,) (ADVP (RB down) (NP (CD 12.5) (NNS cents)))) (. .)))

(S1 (S (PP (IN On) (NP (NNP Sept.) (CD 6))) (, ,) (NP (NP (NNP Robert) (NNP Joseph) (NNP Sherry)) (, ,) (NP (NP (NP (DT the) (NN firm) (POS 's)) (JJ senior) (NN vice) (NN president)) (PP (IN of) (NP (NN employee) (CC and) (JJ public) (NNS relations)))) (, ,)) (VP (VBD sold) (NP (CD 4,000) (NNS shares)) (, ,) (S (VP (VBG leaving) (NP (PRP himself)) (PP (IN with) (NP (NP (CD 1,062) (NNS shares)) (PP (IN of) (NP (NNP James) (NNP River)))))))) (. .)))

(S1 (S (PP (VBG Including) (NP (NP (DT a) (NN sale)) (PP (IN of) (NP (NP (NN stock)) (NP (JJ last) (NNP February)))))) (, ,) (NP (NNP Mr.) (NNP Sherry)) (VP (VBZ has) (VP (VBN sold) (NP (NP (CD 88) (NN %)) (PP (IN of) (NP (NP (PRP$ his) (NN stake)) (PP (IN in) (NP (DT the) (NN company)))))) (NP (DT this) (NN year)) (, ,) (PP (VBG according) (PP (TO to) (NP (NNP SEC) (NNS filings)))))) (. .)))

(S1 (S (NP (NNP Mr.) (NNP Sherry)) (VP (VBD declined) (S (VP (TO to) (VP (VB comment) (SBAR (WHADVP (WRB when)) (S (VP (VBN asked) (PP (IN about) (NP (DT the) (NNS sales)))))))))) (. .)))

(S1 (S (NP (NP (NNP James) (NNP A.) (NNP Toney)) (, ,) (NP (DT a) (NN vice) (NN president)) (, ,)) (VP (VBD sold) (NP (CD 1,500) (NNS shares)) (NP (NNP Aug.) (CD 28))) (. .)))

(S1 (S (NP (PRP He)) (ADVP (RB still)) (VP (VBZ has) (NP (CD 1,143) (NNS shares)) (, ,) (PP (VBG according) (PP (TO to) (NP (NNP SEC) (NNS files))))) (. .)))

(S1 (S (NP (NNP Mr.) (NNP Toney)) (ADVP (RB also)) (VP (VBD declined) (S (VP (TO to) (VP (VB comment))))) (. .)))

(S1 (NP (NN INTEREST-RATE) (NN PLAYER) (: :)))

(S1 (S (NP (NNP Cincinnati) (NNP Gas) (CC &) (NNP Electric) (NNP Co.)) (VP (VBZ tops) (NP (NP (DT the) (NNS companies) (NN portion)) (PP (IN of) (NP (NP (DT the) (JJ accompanying) (NNP Insider) (NNP Trading) (NN table)) (NP (DT this) (NN week)))))) (. .)))

(S1 (S (NP (NP (CD Three)) (PP (IN of) (NP (NP (DT the) (NN utility) (POS 's)) (NNS directors)))) (VP (VBP have) (VP (ADVP (IN at) (JJS least)) (VBN doubled) (NP (NP (PRP$ their) (NNS holdings)) (PP (IN in) (NP (DT the) (NN company)))) (PP (IN since) (NP (NNP July))))) (. .)))

(S1 (S (NP (DT The) (JJS largest) (NN purchase)) (VP (VBD was) (PP (IN by) (NP (NP (NNP Dudley) (NNP Taft)) (, ,) (SBAR (WHNP (WP who)) (S (VP (VBD bought) (NP (CD 4,400) (NNS shares)) (PP (IN for) (NP ($ $) (CD 125,075))))))))) (. .)))

(S1 (S (NP (NP (NNP Mr.) (NNP Taft)) (, ,) (SBAR (WHNP (WP who)) (S (VP (VBZ is) (ADVP (RB also)) (NP (NP (NN president)) (PP (IN of) (NP (NNP Taft) (NNP Broadcasting) (NNP Co.))))))) (, ,)) (VP (VBD said) (SBAR (S (NP (PRP he)) (VP (VBD bought) (NP (DT the) (NNS shares)) (SBAR (IN because) (S (NP (PRP he)) (VP (VBZ keeps) (NP (DT a) (NN utility) (NN account)) (PP (IN at) (NP (NP (DT the) (NN brokerage) (NN firm)) (PP (IN of) (NP (NP (NNP Salomon) (NNPS Brothers) (NNP Inc.)) (, ,) (SBAR (WHNP (WDT which)) (S (VP (VBD had) (VP (VBN recommended) (NP (DT the) (NN stock)) (PP (IN as) (NP (DT a) (JJ good) (NN buy)))))))))))))))))) (. .)))

(S1 (S (NP (NNP Salomon) (NNP Brothers)) (VP (VBD confirmed) (SBAR (IN that) (S (NP (PRP it)) (VP (VBZ has) (VP (VBN had) (NP (NP (DT a) (JJ buy) (NN recommendation)) (PP (IN on) (NP (DT the) (NN stock)))) (PP (IN for) (NP (QP (RB about) (CD two)) (NNS years)))))))) (. .)))

(S1 (S (`` `) (S (NP (`` `) (NNP Cincinnati) (NNP Gas) (CC &) (NNP Electric)) (VP (VBZ is) (PP (IN in) (NP (JJ good) (NN shape))))) (PRN (, ,) ('' ') ('' ') (S (NP (NNP Mr.) (NNP Taft)) (VP (VBD said))) (, ,)) (CC and) (S (NP (NNS utilities)) (VP (VBP are) (`` `) (NP (`` `) (DT a) (JJ good) (NN investment)) (SBAR (IN because) (S (NP (NN interest) (NNS rates)) (VP (VBP are) (VP (VBG going) (PRT (RP down)))))))) (. .) ('' ') ('' ')))

(S1 (S (NP (NNP Mr.) (NNP Taft)) (VP (VBD paid) (NP (NP (DT an) (NN average)) (PP (IN of) (NP ($ $) (CD 28.43)))) (PP (IN for) (NP (DT each) (NN share)))) (. .)))

(S1 (S (NP (DT The) (NN stock)) (VP (VBD closed) (NP (NN yesterday)) (PP (IN on) (NP (DT the) (NNP Big) (NNP Board))) (PP (IN at) (NP ($ $) (CD 28.75))) (, ,) (ADVP (RB down) (NP (CD 12.5) (NNS cents)))) (. .)))

(S1 (S (S (NP (DT The) (CD two) (JJ other) (NNS directors)) (VP (VBD bought) (NP (NP (CD 1,000) (CC and) (CD 1,900) (NNS shares)) (, ,) (ADVP (RB respectively))) (, ,) (PP (IN at) (NP (NP (NNS prices)) (PP (IN between) (NP (NP (NP ($ $) (CD 28.15)) (NP (DT a) (NN share))) (CC and) (NP (NP ($ $) (CD 28.75)) (NP (DT a) (NN share))))))))) (, ,) (NP (NP (NNS filings)) (PP (IN with) (NP (DT the) (NNP SEC)))) (VP (VBP show)) (. .)))

(S1 (S (NP (DT The) (CD two)) (VP (MD could) (RB n't) (VP (VB be) (VP (VBN reached) (PP (IN for) (NP (NN comment)))))) (. .)))

(S1 (S (NP (DT A) (NN company) (NN spokesman)) (VP (VBD said) (SBAR (S (NP (PRP he)) (VP (MD could) (RB n't) (VP (VB explain) (NP (PRP$ their) (JJ sudden) (NN bullishness))))))) (. .)))

(S1 (SINV (`` `) (S (`` `) (NP (PRP I)) (VP (VBP do) (RB n't) (VP (VB know) (PP (IN of) (NP (NP (DT any) (NN news) (CC or) (NN anything)) (PP (JJ unusual) (S (VP (VBG happening) (ADVP (RB here))))))))) (, ,) ('' ')) ('' ') (VP (VBD said)) (NP (NP (NNP Bruce) (NNP Stoecklin)) (, ,) (NP (NP (NN director)) (PP (IN of) (NP (NNS media) (NNS services))))) (. .)))

(S1 (S (NP (NP (NNP Peter) (NNP Pae)) (PP (IN in) (NP (NNP Pittsburgh)))) (VP (VBD contributed) (PP (TO to) (NP (DT this) (NN article)))) (. .)))

