(S1 (S (NP (NNS INSURERS)) (VP (VBP ARE) (VP (VBG FACING) (NP (NP (NNS billions)) (PP (IN of) (NP (NNS dollars))) (PP (IN in) (NP (NP (NN damage) (NNS claims)) (PP (IN from) (NP (DT the) (NNP California) (NN quake)))))))) (. .)))

(S1 (S (CC But) (NP (NP (JJS most) (NNS businesses)) (PP (IN in) (NP (DT the) (NNP Bay) (NN area))) (, ,) (PP (VBG including) (NP (NNP Silicon) (NNP Valley))) (, ,)) (VP (VBD were) (RB n't) (VP (ADVP (RB greatly)) (JJ affected))) (. .)))

(S1 (S (NP (NP (NN Computer) (CC and) (NN software) (NNS companies)) (PP (IN in) (NP (DT the) (NN region)))) (VP (VBP are) (VP (VBG expecting) (NP (NP (RB virtually) (DT no) (JJ long-term) (NN disruption)) (PP (IN in) (NP (NNS shipments)))))) (. .)))

(S1 (S (ADVP (RB Also)) (, ,) (NP (NNS investors)) (VP (ADVP (RB quickly)) (VBD singled) (PRT (RP out)) (NP (NP (NNS stocks)) (PP (IN of) (NP (NP (NNS companies)) (VP (VBN expected) (S (VP (TO to) (VP (VB profit) (CC or) (VB suffer) (PP (IN from) (NP (DT the) (NN disaster))))))))))) (. .)))

(S1 (S (NP (JJ Leveraged) (NNS buy-outs)) (VP (MD may) (VP (VB be) (VP (VBN curbed) (PP (IN by) (NP (NP (CD two) (NNS rules)) (PP (IN in) (NP (VBG pending) (JJ congressional) (NN legislation)))))))) (. .)))

(S1 (S (NP (NP (DT The) (NNS provisions)) (, ,) (PP (IN in) (NP (NP (NN deficit-reduction) (NNS bills)) (VP (ADVP (RB recently)) (VBN passed) (PP (IN by) (NP (DT the) (NNP House) (CC and) (NNP Senate)))))) (, ,)) (VP (MD could) (VP (VP (VB raise) (NP (NP (DT the) (NN price) (NNS tags)) (PP (IN of) (NP (JJ such) (NNS deals)))) (PP (IN by) (NP (QP (IN up) (TO to) (CD 10)) (NN %)))) (CC and) (VP (VB cool) (NP (DT the) (NN takeover) (NN boom))))) (. .)))

(S1 (S (NP (NP (DT A) (NN bill)) (VP (VBG giving) (NP (DT the) (NNP Transportation) (NNP Department)) (NP (DT the) (NN power) (S (VP (TO to) (VP (VB block) (NP (NN airline) (JJ leveraged) (NNS buy-outs)))))))) (VP (VBD cleared) (NP (DT a) (NNP House) (NN panel))) (. .)))

(S1 (S (CC But) (NP (NNP Secretary) (NNP Skinner)) (VP (VBD said) (SBAR (S (NP (PRP he)) (VP (MD would) (VP (VB urge) (NP (NNP Bush)) (S (VP (TO to) (VP (VB veto) (NP (DT the) (NN bill)))))))))) (. .)))

(S1 (S (NP (NN Housing) (NNS starts)) (VP (VBD sank) (NP (CD 5.2) (NN %)) (PP (IN in) (NP (NNP September))) (PP (TO to) (NP (DT a) (JJ seven-year) (NN low)))) (. .)))

(S1 (S (NP (NP (DT The) (NN drop)) (, ,) (PP (VBG following) (NP (NP (DT a) (ADJP (CD 6.2) (NN %)) (NN decline)) (PP (IN in) (NP (NNP August))))) (, ,)) (VP (VBZ indicates) (SBAR (S (NP (DT the) (NN industry)) (VP (VBZ is) (ADVP (RB still)) (VP (VBG being) (VP (VBN hurt) (PP (IN by) (NP (NP (DT the) (NNP Fed) (POS 's)) (JJ anti-inflation) (NN battle))))))))) (. .)))

(S1 (S (NP (NNP IBM)) (VP (VBZ plans) (S (VP (TO to) (VP (VB buy) (PRT (RP back)) (NP (NP (QP ($ $) (CD 1) (CD billion))) (PP (IN of) (NP (PRP$ its) (JJ common) (NNS shares)))) (, ,) (NP (NP (DT a) (NN move)) (ADJP (JJ likely) (S (VP (TO to) (VP (VB help) (NP (NP (DT the) (NN computer) (NN giant) (POS 's)) (JJ battered) (NN stock))))))))))) (. .)))

(S1 (S (NP (NP (DT The) (NN buy-back)) (, ,) (SBAR (WHNP (WDT which)) (S (VP (VBD was) (RB n't) (NP (DT a) (JJ complete) (NN surprise))))) (, ,)) (VP (VBD was) (VP (VBN announced) (SBAR (IN after) (S (NP (DT the) (NN stock) (NN market)) (VP (VBD had) (VP (VBN closed))))))) (. .)))

(S1 (S (NP (NP (DT A) (NNS capital-gains) (NN tax) (NN cut)) (NN plan)) (VP (VBZ has) (VP (VBN been) (VP (VBN worked) (PRT (RP out)) (PP (IN by) (NP (NNP Senate) (NNPS Republicans)))))) (. .)))

(S1 (S (NP (DT A) (JJ similar) (NN proposal)) (VP (MD may) (VP (VB be) (VP (VBN introduced) (ADVP (RB soon)) (PP (IN by) (NP (NNP Senate) (NNPS Democrats)))))) (. .)))

(S1 (S (NP (NNP British) (NNPS Airways)) (VP (VBD said) (SBAR (S (NP (PRP it)) (VP (VBZ is) (VP (VBG seeking) (NP (NP (VBN improved) (NNS terms)) (CC and) (NP (DT a) (ADJP (RB sharply) (JJR lower)) (NN price))) (PP (IN in) (NP (NP (DT any) (VBN revised) (NN bid)) (PP (IN for) (NP (NP (NNP United) (NNP Air) (POS 's)) (NN parent)))))))))) (. .)))

(S1 (S (NP (DT The) (JJ British) (NN carrier)) (ADVP (RB also)) (VP (VBD confirmed) (SBAR (S (NP (PRP it)) (VP (VBZ is) (RB n't) (ADJP (VBN committed) (PP (TO to) (S (VP (VBG going) (ADVP (RB forward)) (PP (IN with) (NP (DT any) (JJ new) (NN bid))))))))))) (. .)))

(S1 (S (NP (NP (NNP UAL) (POS 's)) (NN stock)) (VP (VBD fell) (NP ($ $) (CD 6.25)) (, ,) (PP (TO to) (NP ($ $) (CD 191.75)))) (. .)))

(S1 (S (NP (NN Stock) (NNS prices)) (VP (VBD rose) (ADVP (RB slightly)) (SBAR (IN as) (S (NP (NN trading)) (VP (VBD slowed) (, ,) (SBAR (IN while) (S (NP (NNS bonds)) (VP (VBD ended) (ADJP (RB little) (JJ changed)) (PP (IN despite) (NP (DT a) (VBG slumping) (NN dollar)))))))))) (. .)))

(S1 (S (NP (DT The) (NNP Dow) (NNP Jones) (NNS industrials)) (VP (VBD gained) (NP (CD 4.92)) (, ,) (PP (TO to) (NP (CD 2643.65)))) (. .)))

(S1 (S (CC But) (NP (NNS investors)) (VP (VBP remain) (ADJP (JJ wary) (PP (IN about) (NP (NNS stocks)))) (, ,) (PP (ADVP (RB partly)) (IN because) (IN of) (NP (NP (NN turmoil)) (PP (IN in) (NP (DT the) (NN junk-bond) (NN market)))))) (. .)))

(S1 (S (NP (NNP B.A.T) (NNPS Industries)) (VP (MD may) (VP (VB delay) (NP (NP (NN part)) (PP (IN of) (NP (NP (PRP$ its) (JJ defensive) (NN restructuring) (NN plan)) (, ,) (PP (VBG including) (NP (NP (DT the) (NN sale)) (PP (IN of) (NP (PRP$ its) (NNP Saks) (NNP Fifth) (NNP Avenue) (CC and) (NNP Marshall) (NNP Field) (NNS units)))))))))) (. .)))

(S1 (S (NP (DT The) (JJ British) (NN conglomerate)) (VP (VBD cited) (NP (NP (DT the) (JJ recent) (NN turmoil)) (PP (IN in) (NP (JJ financial) (NNS markets))))) (. .)))

(S1 (S (NP (NNP WCRS) (NNP Group)) (VP (VBD announced) (NP (NP (DT a) (JJ major) (NN restructuring)) (SBAR (WHNP (WDT that)) (S (VP (ADVP (RB largely)) (VBZ removes) (NP (PRP it)) (PP (IN from) (NP (DT the) (NN advertising) (NN business)))))))) (. .)))

(S1 (S (NP (DT The) (JJ London-based) (NN concern)) (VP (MD will) (VP (VB sell) (NP (NP (JJS most)) (PP (IN of) (NP (PRP$ its) (NN ad) (NN unit)))) (PP (TO to) (NP (NP (NNP France) (POS 's)) (NNP Eurocom))))) (. .)))

(S1 (S (NP (NNP Commodore) (NNP International)) (VP (VBZ expects) (S (VP (TO to) (VP (VB post) (NP (PRP$ its) (JJ second) (JJ consecutive) (JJ quarterly) (NN loss)) (PP (IN because) (IN of) (NP (NP (JJ weak) (JJ personal) (NN computer) (NNS sales)) (PP (IN in) (NP (DT some) (NNS markets))))))))) (. .)))

(S1 (S (NP (NNP Jaguar)) (VP (VBZ hopes) (S (VP (TO to) (VP (VB reach) (NP (DT a) (JJ friendly) (NN accord)) (PP (IN with) (NP (NNP General) (NNPS Motors))) (PP (IN within) (NP (DT a) (NN month))) (SBAR (WHNP (WDT that)) (S (VP (MD may) (VP (VB involve) (S (VP (VBG producing) (NP (DT a) (JJR cheaper) (NN executive) (NN model)))))))))))) (. .)))

(S1 (S (S (NP (NNP Sears)) (VP (VBZ is) (VP (VBG negotiating) (S (VP (TO to) (VP (VB refinance) (NP (PRP$ its) (NNP Sears) (NNP Tower)) (PP (IN for) (NP (QP (RB close) (TO to) ($ $) (CD 850) (CD million)))))))))) (, ,) (NP (NNS sources)) (VP (VBD said)) (. .)))

(S1 (S (NP (DT The) (NN retailer)) (VP (VBD was) (ADJP (JJ unable) (S (VP (TO to) (VP (VB find) (NP (NP (DT a) (NN buyer)) (PP (IN for) (NP (DT the) (NN building))))))))) (. .)))

(S1 (S (NP (NP (NNP Whitbread)) (PP (IN of) (NP (NNP Britain)))) (VP (VBD put) (NP (PRP$ its) (NNS spirits) (NN division)) (PP (RP up) (PP (IN for) (NP (NN sale)))) (, ,) (S (VP (VBG setting) (PRT (RP off)) (NP (NP (DT a) (NN scramble)) (PP (IN among) (NP (NNS distillers))))))) (. .)))

(S1 (S (NP (DT The) (NN business)) (VP (VBZ includes) (NP (NNP Beefeater) (NN gin))) (. .)))

(S1 (NP (NNS Markets) (: --)))

(S1 (NP (NP (NNS Stocks)) (: :) (NP (NP (NN Volume)) (NP (CD 166,900,000) (NNS shares))) (. .)))

(S1 (NP (NP (NP (NNP Dow) (NNP Jones) (NNS industrials)) (NP (NP (CD 2643.65)) (, ,) (ADVP (RB up) (NP (CD 4.92))))) (: ;) (NP (NP (NN transportation)) (NP (NP (CD 1247.87)) (, ,) (ADVP (RB off) (NP (CD 6.40))))) (: ;) (NP (NP (NNS utilities)) (NP (NP (CD 213.97)) (, ,) (ADVP (RB off) (NP (CD 0.57))))) (. .)))

(S1 (NP (NP (NNS Bonds)) (: :) (NP (NP (NNP Shearson) (NNP Lehman) (NNP Hutton) (NNP Treasury) (NN index)) (NP (CD 3371.36)) (, ,) (ADVP (RB off)))))

(S1 (NP (NP (NNS Commodities)) (: :) (NP (NP (NP (NNP Dow) (NNP Jones) (NNS futures) (NN index)) (NP (CD 129.90)) (, ,) (ADVP (IN up) (NP (CD 0.18)))) (: ;) (NP (NP (NN spot) (NN index)) (NP (CD 130.36)) (, ,) (ADVP (IN up) (NP (CD 0.39))))) (. .)))

(S1 (NP (NP (NN Dollar)) (: :) (NP (NP (NP (CD 141.45) (NN yen)) (, ,) (ADVP (IN off) (NP (CD 1.30)))) (: ;) (NP (NP (CD 1.8485) (NNS marks)) (, ,) (ADVP (IN off) (NP (CD 0.0182))))) (. .)))

