(S1 (S (NP (DT THE) (NN STOCK) (NN MARKET)) (VP (VBD AVOIDED) (NP (NP (DT a) (NN repeat)) (PP (IN of) (NP (NNP Black) (NNP Monday)))) (SBAR (IN as) (S (NP (NNS prices)) (VP (VBD recovered) (PP (IN from) (NP (NP (DT an) (JJ early) (NN slide)) (, ,) (VP (VBN spurred) (PP (IN by) (NP (NP (NN bargain-hunting) (NNS institutions)) (CC and) (NP (NN program) (NNS traders))))))))))) (. .)))

(S1 (S (NP (DT The) (NNP Dow) (NNP Jones) (NNS industrials)) (VP (VBD closed) (ADVP (RB up) (NP (CD 88.12) (NNS points))) (, ,) (PP (IN at) (NP (NP (CD 2657.38)) (, ,) (NP (NP (DT the) (JJ fourth-biggest) (NN gain)) (ADVP (RB ever))))) (, ,) (PP (IN after) (S (VP (VBG being) (ADVP (RB down) (NP (QP (RB as) (JJ much) (IN as) (CD 63.52)) (NNS points))) (PP (IN in) (NP (DT the) (NN morning))))))) (. .)))

(S1 (S (S (NP (DT The) (NN rally)) (VP (VBD erased) (NP (NP (QP (RB about) (NN half))) (PP (IN of) (NP (NP (NNP Friday) (POS 's)) (JJ 190.58-point) (NN plunge)))))) (, ,) (CC but) (S (NP (NNS analysts)) (VP (VBP are) (ADJP (JJ cautious) (PP (IN about) (NP (NP (DT the) (NN market) (POS 's)) (NN outlook)))))) (. .)))

(S1 (S (NP (DT The) (NN dollar)) (ADVP (RB also)) (VP (VBD rebounded) (, ,) (SBAR (IN while) (S (S (NP (NN bond) (NNS prices)) (VP (VBD plummeted))) (CC and) (S (NP (NNP Treasury) (NN bill) (NNS rates)) (VP (VBD soared)))))) (. .)))

(S1 (S (NP (NN Junk) (NNS bonds)) (ADVP (RB also)) (VP (VBD recovered) (ADVP (RB somewhat)) (, ,) (SBAR (IN though) (S (NP (NN trading)) (VP (VBD remained) (VP (VBN stalled)))))) (. .)))

(S1 (S (NP (NN Gold)) (ADVP (RB also)) (VP (VBD rose)) (. .)))

(S1 (S (NP (NNP Tokyo) (NN stock) (NNS prices)) (VP (VBD bounced) (PRT (RP back)) (PP (IN in) (NP (NP (JJ early) (NN trading)) (NP (NNP Tuesday)) (PP (VBG following) (NP (NP (DT a) (ADJP (CD 1.8) (NN %)) (NN plunge)) (PP (IN on) (NP (NNP Monday)))))))) (. .)))

(S1 (S (NP (DT The) (NN dollar)) (ADVP (RB also)) (VP (VBD moved) (ADVP (RBR higher)) (PP (IN in) (NP (NNP Tokyo)))) (. .)))

(S1 (S (NP (NNP Donald) (NNP Trump)) (VP (VBD withdrew) (NP (NP (PRP$ his) (ADJP (QP ($ $) (CD 7.54) (CD billion))) (NN offer)) (PP (IN for) (NP (NNP American) (NNP Air)))) (, ,) (S (VP (VBG citing) (NP (NP (DT the) (`` `) (`` `) (JJ recent) (NN change)) (PP (IN in) (NP (NN market) (NNS conditions))))))) (. .) ('' ') ('' ')))

(S1 (S (NP (NNP AMR)) (VP (VBD slid) (NP ($ $) (CD 22.125)) (, ,) (PP (TO to) (NP ($ $) (CD 76.50)))) (. .)))

(S1 (S (ADVP (RB Also)) (, ,) (NP (DT a) (NNP UAL) (NN group)) (VP (VBD tried) (S (VP (TO to) (VP (VB get) (NP (NP (NN financing)) (PP (IN for) (NP (NP (DT a) (JJR lower) (NN bid)) (, ,) (ADVP (RB possibly) (NP (NP ($ $) (CD 250)) (NP (DT a) (NN share))))))))))) (. .)))

(S1 (S (NP (NNP UAL)) (VP (VBD fell) (NP ($ $) (CD 56.875)) (, ,) (PP (TO to) (NP ($ $) (CD 222.875)))) (. .)))

(S1 (S (NP (NP (JJ Leveraged) (NNS buy-outs)) (PP (IN of) (NP (NNS airlines)))) (VP (MD would) (VP (VB be) (ADJP (JJ subject) (PP (TO to) (NP (NP (NN approval)) (PP (IN by) (NP (DT the) (NN transportation) (NN secretary)))))) (PP (IN under) (NP (NP (DT a) (NN bill)) (VP (VBN passed) (PP (IN by) (NP (DT a) (NNP House) (NN subcommittee)))))))) (. .)))

(S1 (S (NP (NP (NNP IBM) (POS 's)) (NNS earnings)) (VP (VBD tumbled) (NP (CD 30) (NN %)) (PP (IN in) (NP (DT the) (JJ third) (NN quarter))) (, ,) (ADVP (ADVP (RB slightly) (RBR more)) (SBAR (IN than) (S (VP (VBN expected)))))) (. .)))

(S1 (S (NP (DT The) (NN computer) (NN giant)) (VP (ADVP (RB partly)) (VBD cited) (NP (NP (DT a) (JJR stronger) (NN dollar)) (CC and) (NP (NP (DT a) (NN delay)) (PP (IN in) (S (VP (VBG shipping) (NP (DT a) (JJ new) (JJ high-end) (NN disk) (NN drive)))))))) (. .)))

(S1 (S (NP (NNS Analysts)) (VP (VBP are) (ADJP (JJ downbeat) (PP (IN about) (NP (NP (NP (NNP IBM) (POS 's)) (NN outlook)) (PP (IN for) (NP (DT the) (JJ next) (JJ few) (NNS quarters))))))) (. .)))

(S1 (S (NP (NNP U.S.) (NN auto) (NNS makers)) (VP (VBP plan) (S (VP (TO to) (VP (VB decrease) (NP (NP (NN car) (NN production)) (NP (CD 10.4) (NN %))) (PP (IN in) (NP (DT the) (JJ fourth) (NN quarter))) (, ,) (PP (IN with) (S (NP (RB virtually) (PDT all) (DT the) (NN decline)) (VP (VBG coming) (PP (IN from) (NP (DT the) (NNP Big) (NNP Three)))))))))) (. .)))

(S1 (S (NP (NP (NN Output)) (PP (IN at) (NP (NP (JJ Japanese-owned) (CC and) (JJ managed) (NNS plants)) (PP (IN in) (NP (DT the) (NNP U.S.)))))) (VP (VBZ is) (ADJP (JJ due) (S (VP (TO to) (VP (VB rise) (NP (CD 42) (NN %))))))) (. .)))

(S1 (S (NP (NN Budget) (NN director) (NNP Darman)) (VP (VBD said) (SBAR (S (NP (PRP he)) (VP (MD wo) (RB n't) (VP (VB give) (NP (JJ federal) (NNS agencies)) (NP (JJ much) (NN leeway)) (PP (IN in) (S (VP (VBG coping) (PP (IN with) (NP (NP (NNP Gramm-Rudman) (NN spending) (NNS cuts)) (, ,) (SBAR (WHNP (WDT which)) (S (VP (VBD took) (NP (NN effect)) (NP (NN yesterday))))))))))))))) (. .)))

(S1 (S (NP (NNP Darman)) (VP (VBZ hopes) (S (VP (TO to) (VP (VB prod) (S (NP (NNP Congress)) (VP (TO to) (VP (VB finish) (NP (DT a) (NN deficit) (NN plan))))))))) (. .)))

(S1 (S (NP (DT The) (NNP S&L) (NN bailout) (NN agency)) (VP (MD would) (VP (VB be) (VP (VBN restricted) (PP (IN by) (NP (DT a) (JJ new) (NN bill))) (PP (IN in) (SBAR (WHADVP (WRB how)) (S (NP (PRP it)) (VP (VBZ raises) (NP (NN capital))))))))) (. .)))

(S1 (S (NP (DT The) (NNPS Ways) (CC and) (NNP Means) (NN plan)) (VP (MD would) (VP (VB create) (NP (NP (DT another) (JJ possible) (NN obstacle)) (PP (TO to) (S (VP (VBG selling) (NP (JJ sick) (NNS thrifts)))))))) (. .)))

(S1 (S (NP (DT A) (JJ natural) (NN gas) (NN rule)) (VP (VBD was) (VP (VBN struck) (PRT (RP down)) (PP (IN by) (NP (DT a) (JJ federal) (NNS appeals) (NN court))))) (. .)))

(S1 (S (NP (DT The) (NN regulation)) (VP (VBD had) (VP (VBN prevented) (NP (NN pipeline) (NNS firms)) (PP (IN from) (S (VP (VBG passing) (NP (NP (NN part)) (PP (IN of) (NP (NP (QP ($ $) (CD 1) (CD billion))) (PP (IN in) (NP (NNS costs)))))) (ADVP (RB along)) (PP (TO to) (NP (NNS customers)))))))) (. .)))

(S1 (S (NP (DT The) (NNP Supreme) (NNP Court)) (VP (VBD agreed) (S (VP (TO to) (VP (VB decide) (SBAR (IN whether) (S (NP (DT a) (JJ federal) (NN court)) (VP (MD may) (VP (VB dismantle) (NP (NP (DT a) (NN merger)) (SBAR (WHNP (WDT that)) (S (VP (VP (VBZ has) (VP (VBN won) (NP (JJ regulatory) (NN approval)))) (CC but) (VP (VBN been) (VP (VBN ruled) (ADVP (RB anticompetitive)) (PP (IN in) (NP (DT a) (JJ private) (NN suit))))))))))))))))) (. .)))

(S1 (S (NP (NP (NNP Merrill) (NNP Lynch) (POS 's)) (NN profit)) (VP (VBD slid) (NP (CD 37) (NN %)) (PP (IN in) (NP (DT the) (JJ third) (NN quarter)))) (. .)))

(S1 (S (NP (NNP Bear) (NNP Stearns)) (VP (VBD posted) (NP (DT a) (ADJP (CD 7.5) (NN %)) (NN gain)) (, ,) (SBAR (IN while) (S (NP (NNP PaineWebber)) (VP (VBD had) (NP (NP (DT a) (NN decline)) (PP (JJ due) (TO to) (NP (DT a) (JJ year-ago) (NN gain)))))))) (. .)))

(S1 (S (NP (NP (NNP Blue) (NNP Arrow)) (PP (IN of) (NP (NNP Britain)))) (VP (VBZ plans) (S (VP (TO to) (VP (VP (VB return) (PP (TO to) (NP (DT the) (NN name) (NNP Manpower)))) (CC and) (VP (VB take) (NP (DT a) (JJ big) (NN write-off))))))) (. .)))

(S1 (S (NP (DT The) (NNS moves)) (VP (MD may) (VP (VB help) (S (NP (DT the) (NN firm)) (VP (VB solidify) (NP (NP (PRP$ its) (NN dominance)) (PP (IN of) (NP (DT the) (NNP U.S.) (NN temporary-help) (NN market)))))))) (. .)))

(S1 (S (NP (NNP J.P.) (NNP Morgan)) (VP (VBD posted) (NP (NP (DT a) (ADJP (QP ($ $) (CD 1.82) (CD billion))) (NN loss)) (PP (IN for) (NP (DT the) (JJ third) (NN quarter)))) (, ,) (S (VP (VBG reflecting) (NP (NP (DT a) (JJ big) (NN addition)) (PP (TO to) (NP (JJ loan-loss) (NNS reserves))))))) (. .)))

(S1 (S (NP (NP (NNP NCNB) (POS 's)) (NN profit)) (VP (ADVP (RBR more) (IN than)) (VBD doubled)) (. .)))

(S1 (S (NP (NNP K) (NN mart)) (VP (VBD agreed) (S (VP (TO to) (VP (VB acquire) (NP (NNP Pace) (NNP Membership) (NNP Warehouse)) (PP (IN for) (NP (QP ($ $) (CD 322) (CD million)))) (, ,) (S (VP (VBG expanding) (NP (NP (PRP$ its) (NN presence)) (PP (IN in) (NP (DT the) (VBG growing) (NN wholesale-store) (NN business)))))))))) (. .)))

(S1 (NP (NNS Markets) (: --)))

(S1 (NP (NP (NNS Stocks)) (: :) (NP (NP (NN Volume)) (NP (CD 416,290,000) (NNS shares))) (. .)))

(S1 (FRAG (NP (NP (NNP Dow) (NNP Jones) (NNS industrials)) (NP (NP (CD 2657.38)) (, ,) (ADVP (RB up) (NP (CD 88.12))))) (: ;) (FRAG (NP (NP (NN transportation)) (NP (NP (CD 1304.23)) (, ,) (ADVP (RB off) (NP (CD 102.06))))) (: ;) (NP (NP (NNS utilities)) (NP (NP (CD 214.73)) (, ,) (ADVP (RB up) (NP (CD 2.77)))))) (. .)))

(S1 (NP (NP (NNS Bonds)) (: :) (NP (NP (NNP Shearson) (NNP Lehman) (NNP Hutton) (NNP Treasury) (NN index)) (NP (CD 3393.51)) (, ,) (ADVP (RB off)))))

(S1 (NP (NP (NNS Commodities)) (: :) (NP (NP (NP (NNP Dow) (NNP Jones) (NNS futures) (NN index)) (NP (CD 129.72)) (, ,) (ADVP (IN off) (NP (CD 0.15)))) (: ;) (NP (NP (NN spot) (NN index)) (NP (CD 130.16)) (, ,) (ADVP (IN up) (NP (CD 0.91))))) (. .)))

(S1 (NP (NP (NN Dollar)) (: :) (NP (NP (NP (CD 141.85) (NN yen)) (, ,) (ADVP (IN off) (NP (CD 0.25)))) (: ;) (NP (NP (CD 1.8685) (NNS marks)) (, ,) (ADVP (IN off) (NP (CD 0.0055))))) (. .)))

