(S1 (S (NP (NN Chicken) (NNS Chains)) (VP (VBN Ruffled) (PP (IN By) (NP (NP (NN Loss)) (PP (IN of) (NP (NNS Customers))))))))

(S1 (S (NP (NN FAST-FOOD) (NN chicken) (NNS chains)) (, ,) (S (VP (VBN faced) (PP (IN with) (NP (DT a) (VBG worsening) (NN business) (NN slump))))) (, ,) (VP (VBP are) (VP (VBG struggling) (S (VP (TO to) (VP (NNP hatch) (NP (DT some) (JJ new) (NN marketing) (NNS strategies))))))) (. .)))

(S1 (S (NP (NP (DT The) (NNP Crest) (NNP Report)) (, ,) (SBAR (WHNP (WDT which)) (S (VP (VBZ tracks) (NP (NN consumer) (NNS purchases))))) (, ,)) (VP (VBZ says) (SBAR (S (NP (NP (NN customer) (NN traffic)) (PP (IN at) (NP (NN chicken) (NNS restaurants)))) (VP (VBD fell) (NP (CD 10) (NN %)) (PP (IN in) (NP (DT the) (JJ second) (NN quarter))) (, ,) (SBAR (IN while) (S (NP (DT the) (JJ overall) (NN fast-food) (NN customer) (NN count)) (VP (VBD was) (ADVP (RB down) (NP (CD 2) (NN %)))))))))) (. .)))

(S1 (SINV (S (NP (NN Chicken) (NN business)) (VP (VBZ is) (PRT (RP off)) (PP (ADVP (RB largely)) (IN because) (IN of) (NP (NP (JJR more) (NN competition)) (PP (IN from) (NP (NP (JJ grocery-store) (NN convenience) (NN food)) (, ,) (NP (JJ home-delivered) (NN pizza)) (CC and) (NP (JJ other) (NN takeout) (NN fare)))))))) (, ,) (VP (VBZ says)) (NP (NP (DT a) (NN spokesman)) (PP (IN for) (NP (NP (DT the) (NN report)) (, ,) (NP (NP (DT a) (NN publication)) (PP (IN of) (NP (NP (NNP NPD) (NNP Group)) (, ,) (NP (NP (DT a) (NN market) (NN research) (NN firm)) (PP (IN in) (NP (NP (NNP Port) (NNP Washington)) (, ,) (NP (NNP N.Y))))))))))) (. .)))

(S1 (S (NP (NP (DT The) (NN loss)) (PP (IN of) (NP (JJR more) (NNS customers)))) (VP (VBZ is) (NP (NP (DT the) (JJS latest)) (PP (IN in) (NP (NP (DT a) (NN string)) (PP (IN of) (NP (NNS problems))))))) (. .)))

(S1 (S (NP (NP (NP (NNP Church) (POS 's)) (NNP Fried) (NNP Chicken) (NNP Inc.)) (CC and) (NP (NP (NP (NNP Popeye) (POS 's)) (NNP Famous) (NNP Fried) (NNP Chicken) (NNP Inc.)) (, ,) (SBAR (WHNP (WDT which)) (S (VP (VBP have) (VP (VBN merged))))) (, ,))) (VP (VBP are) (ADVP (RB still)) (ADJP (VBN troubled) (PP (IN by) (NP (VBG overlapping) (NN restaurant) (NNS locations))))) (. .)))

(S1 (S (NP (NN Chicken) (NNS chains)) (ADVP (RB also)) (VP (VBP are) (VP (VBG feeling) (NP (NP (JJR more) (NN pressure)) (PP (IN from) (NP (NP (NP (NNP McDonald) (POS 's)) (NNP Corp.)) (, ,) (SBAR (WHNP (WDT which)) (S (VP (VP (VBD introduced) (NP (PRP$ its) (NNP McChicken) (NN sandwich)) (NP (DT this) (NN year))) (CC and) (VP (ADVP (RB recently)) (VBD tested) (NP (NP (DT the) (NN sale)) (PP (IN of) (NP (NP (JJ individual) (NNS pieces)) (PP (IN of) (NP (NN chicken))))))))))))))) (. .)))

(S1 (S (NP (NP (JJ New) (NN management)) (PP (IN at) (NP (NP (NNP Kentucky) (NNP Fried) (NNP Chicken)) (, ,) (NP (NP (DT a) (NN unit)) (PP (IN of) (NP (NNP PepsiCo) (NNP Inc.)))) (, ,)))) (VP (VBZ has) (VP (VBN fought) (PRT (RP back)) (PP (IN with) (NP (NP (JJ new) (NN medium)) (CC and) (NP (JJ large) (NN chicken) (NNS sandwiches)))) (PP (IN for) (NP (DT the) (NN lunch) (NN crowd))))) (. .)))

(S1 (S (CC And) (NP (DT the) (NN chain)) (VP (VBZ is) (VP (VBG testing) (NP (NP (NP (NNS products)) (SBAR (WHNP (WDT that)) (S (VP (VBP are) (RB n't) (ADJP (JJ fried)))))) (, ,) (PP (JJ such) (IN as) (`` `) (ADJP (`` `) (JJ char-grilled) ('' ')) ('' ') (NN chicken))) (, ,) (S (VP (TO to) (VP (VB try) (S (VP (TO to) (VP (VB win) (NP (JJ health-conscious) (NNS consumers)))))))))) (. .)))

(S1 (S (NP (NNP Kentucky) (NNP Fried) (NNP Chicken)) (ADVP (RB also)) (VP (VBZ is) (VP (VBG testing) (NP (NP (NN home-delivery)) (PP (IN of) (NP (NP (NN chicken)) (, ,) (SBAR (WHNP (WDT which)) (S (VP (MD could) (VP (VB be) (NP (DT a) (NN hit)) (PP (IN with) (NP (JJ stay-at-home) (NNS diners)))))))))))) (. .)))

(S1 (S (CC But) (NP (DT some) (NN fast-food) (NN industry) (NNS analysts)) (VP (VBP say) (SBAR (S (NP (NP (NNS problems)) (PP (IN with) (S (VP (VBG keeping) (S (NP (NN chicken)) (ADJP (JJ warm) (CC and) (JJ fresh))))))) (VP (MD must) (VP (VB be) (VP (VBN solved) (ADVP (RB first)))))))) (. .)))

(S1 (S (NP (DT A) (NNP Kentucky) (NNP Fried) (NNP Chicken) (NN spokesman)) (, ,) (ADVP (RB however)) (, ,) (VP (VBD disputed) (NP (DT the) (NN notion) (SBAR (IN that) (S (NP (DT the) (NN delivery) (NN service)) (VP (VBD experienced) (NP (NP (NNS problems)) (PP (IN in) (NP (NP (DT some) (NNS markets)) (SBAR (WHADVP (WRB where)) (S (NP (NN testing)) (VP (VBZ has) (VP (VBN been) (VP (VBN discontinued)))))))))))))) (. .)))

(S1 (S (NP (PRP He)) (VP (VBZ says) (SBAR (S (NP (DT the) (NN test)) (VP (VBZ is) (VP (VBG continuing) (PP (IN in) (NP (NP (NNP Chicago)) (, ,) (NP (NP (NNP Columbus)) (, ,) (NP (NNP Ohio)) (, ,)) (CC and) (NP (DT a) (JJ few) (JJ other) (NNS cities))))))))) (. .)))

(S1 (S (NP (DT The) (NN advertising) (NN industry)) (VP (VBZ is) (VP (VBG buzzing) (PP (IN with) (NP (NNS rumors) (SBAR (IN that) (S (NP (NNP Kentucky) (NNP Fried) (NNP Chicken)) (VP (MD will) (VP (VP (VB drop) (NP (NNP Young) (CC &) (NNP Rubicam))) (CC and) (VP (VB seek) (NP (DT a) (JJ new) (NN ad) (NN agency))))))))))) (. .)))

(S1 (S (CC But) (NP (DT the) (NN company)) (VP (VBZ declines) (S (VP (TO to) (VP (VB comment))))) (. .)))

(S1 (S (NP (NP (NNP Emanuel) (NNP Goldman)) (, ,) (NP (DT a) (NNP PaineWebber) (NNP Inc.) (NN analyst)) (, ,)) (VP (VBZ predicts) (SBAR (S (NP (NNP Kentucky) (NNP Fried) (NNP Chicken)) (VP (MD will) (VP (VB post) (NP (NP (DT an) (ADJP (CD 11) (NN %)) (NN drop)) (PP (IN in) (NP (CD 1989) (JJ net) (NN income))))))))) (. .)))

(S1 (S (`` `) (`` `) (S (NP (PRP They)) (VP (VBP 've) (VP (VBN been) (ADJP (JJ laggard))))) (PRN (, ,) ('' ') ('' ') (S (NP (PRP he)) (VP (VBZ says))) (, ,) (`` `)) (`` `) (CC but) (S (NP (PRP they)) (VP (MD 'll) (VP (VB have) (S (VP (TO to) (VP (VB become) (ADJP (RBR more) (JJ aggressive)))))))) (. .) ('' ') ('' ')))

(S1 (S (NP (JJ Reluctant) (NNS Advertisers)) (VP (VBP Try) (NP (JJ Soft-Sell) (NNS Spots)))))

(S1 (S (VP (VB CALL) (S (NP (PRP IT)) (ADJP (JJ un-advertising)))) (. .)))

(S1 (S (NP (NNP Pittsburgh) (NN consultant) (NNP David) (NNP Bear)) (VP (VBZ is) (VP (VBG selling) (NP (DT a) (JJ soft) (NN approach)) (PP (TO to) (NP (NP (NNS clients)) (SBAR (WHNP (WP who)) (S (VP (VP (VBP want) (NP (NN exposure))) (CC yet) (VP (VBP shun) (NP (JJ pushy) (NNS ads)))))))))) (. .)))

(S1 (NP (NP (PRP$ His) (NN ploy)) (: :) (NP (NP (JJ 60-second) (NN radio) (NNS spots)) (SBAR (WHNP (WDT that)) (S (VP (VBP offer) (NP (JJ helpful) (NNS hints)))))) (. .)))

(S1 (S (NP (NP (DT The) (JJ only) (NN plug)) (PP (IN for) (NP (DT the) (NN sponsor)))) (VP (VBZ is) (NP (NP (DT a) (JJ brief) (NN mention)) (PP (IN at) (NP (NP (DT the) (NN end)) (PP (IN of) (NP (DT the) (NN spot))))))) (. .)))

(S1 (S (NP (DT The) (NNS messages)) (VP (VBP resemble) (NP (NP (DT the) (NNP Business) (NN Traveler)) (, ,) (NP (NP (DT a) (JJ daily) (NN dose)) (PP (IN of) (NP (NP (NN travel) (NNS tips)) (VP (VP (VBN developed) (PP (IN by) (NP (NNP Mr.) (NNP Bear)))) (CC and) (VP (VBN sponsored) (PP (IN by) (NP (NP (NN travel) (NNS agencies)) (PP (IN in) (NP (JJ several) (JJ major) (NNS cities)))))))))))) (. .)))

(S1 (S (NP (JJ New) (NNS un-advertisers)) (VP (VBP include) (NP (NP (NNP Burt) (NNP Hill) (NNP Kosar) (NNP Rittlemann) (NNPS Associates)) (, ,) (NP (DT a) (NAC (NNP Butler) (, ,) (NNP Pa.) (, ,)) (JJ architectural) (NN firm)))) (. .)))

(S1 (S (NP (PRP$ Its) (NN radio) (NN series)) (VP (VBZ features) (NP (JJ such) (NNS spots)) (PP (IN as) (`` `) (NP (`` `) (NP (NP (NNP Floodlights)) (: :) (NP (NP (NN Evening) (NN Wear)) (PP (IN for) (NP (NNP Urban) (NNS Structures) (POS '))))) ('' ') (CC and) (`` `) (NP (`` `) (NNP Building) (DT a) (NNP Place)) (TO to) (NP (NNP Park))))) (. .) ('' ') ('' ')))

(S1 (S (NP (DT A) (JJR harder) (NN sell)) (, ,) (VP (VBZ says) (SBAR (S (NP (NP (NNP John) (NNP Kosar)) (, ,) (NP (NP (DT the) (NN firm) (POS 's)) (NN president)) (, ,)) (VP (MD would) (`` `) (VP (`` `) (VB detract) (PP (IN from) (NP (DT the) (NN profession)))))))) (. .) ('' ') ('' ')))

(S1 (S (S (NP (NNS Hospitals)) (VP (VBP have) (VP (VBN signed) (PRT (RP up)) (S (VP (TO to) (VP (VB use) (NP (DT the) (NNS messages)) (S (VP (TO to) (VP (VB promote) (NP (NNS fundraisers))))))))))) (, ,) (CC and) (S (NP (NNP Equitable) (NNP Gas) (NNP Co.)) (VP (VBZ is) (VP (VBG considering) (NP (DT the) (NN format) (S (VP (TO to) (VP (VB offer) (NP (NN energy) (NNS tips)) (PP (TO to) (NP (NNS consumers)))))))))) (. .)))

(S1 (S (CC But) (NP (JJ such) (NNS spots)) (VP (MD can) (VP (VB be) (ADJP (RB too) (JJ soft)))) (. .)))

(S1 (SINV (`` `) (S (`` `) (NP (EX There)) (VP (VBZ 's) (ADVP (RB always)) (NP (NP (DT a) (NN risk)) (PP (IN of) (NP (VBN lost) (NNS messages))))) (, ,) ('' ')) ('' ') (VP (VBZ says)) (NP (NP (NNP John) (NNP Fitzgerald)) (, ,) (NP (NP (NN chairman)) (PP (IN of) (NP (NP (NNP Ketchum) (NNP Advertising) (NNP USA)) (, ,) (SBAR (WHNP (WDT which)) (S (VP (VBD created) (NP (JJ similar) (NN radio) (NNS spots)) (PP (IN for) (NP (NNP Pittsburgh) (NNP National) (NNP Bank)))))))))) (. .)))

(S1 (FRAG (`` `) (FRAG (`` `) (S (NP (PRP It)) (VP (VBZ 's) (NP (NP (DT a) (NN question)) (PP (IN of) (SBAR (WHADVP (WRB how) (JJ much) (NN credibility)) (S (NP (PRP you)) (VP (VBP gain) (PP (IN for) (NP (NP (DT the) (JJ possible) (NN loss)) (PP (IN of) (NP (NN recognition)))))))))))) (. .) ('' ')) ('' ')))

(S1 (S (NP (NN Retailer)) (VP (VBZ Sees) (NP (NNS Pitfalls)) (PP (IN In) (NP (JJ Environmental) (NN Push))))))

(S1 (SINV (ADVP (RB HERE)) (VP (VBZ 'S)) (NP (NP (DT a) (NN retailer)) (SBAR (WHNP (WDT that)) (S (VP (VBZ 's) (VP (VBG getting) (ADJP (JJ tough) (PP (IN in) (NP (NP (DT the) (NN push)) (PP (IN for) (NP (ADJP (RB environmentally) (JJ safe)) (NN packaging) (CC and) (NNS products))))))))))) (. .)))

(S1 (S (NP (NP (NP (JJ Big) (NNP Bear) (NNS Supermarkets)) (NNP Inc.)) (, ,) (NP (NP (DT a) (NN grocery) (NN chain)) (VP (VBN based) (PP (IN in) (NP (NNP San) (NNP Diego))))) (, ,)) (VP (VBZ plans) (S (VP (TO to) (VP (VP (VB display) (NP (NN shelf) (NNS cards))) (CC and) (VP (VB distribute) (NP (NP (NNS pamphlets)) (VP (VBG recommending) (NP (NP (NNS products)) (VP (VBN deemed) (S (ADJP (JJ safe) (PP (IN for) (NP (DT the) (NN environment)))))))))))))) (. .)))

(S1 (S (NP (DT The) (NNS choices)) (VP (VP (MD will) (VP (VB be) (VP (VBN based) (PP (IN on) (NP (NP (NN research)) (PP (IN by) (NP (DT the) (NNP San) (NNP Diego) (NNP Environmental) (NNP Health) (NNP Coalition)))))))) (CC and) (VP (MD will) (VP (VB include) (NP (NP (NNS products)) (PP (IN like) (NP (NP (NP (NNP Murphy) (POS 's)) (NNP Oil) (NNP Soap)) (CC and) (NP (JJ other) (JJ noncorrosive) (NNS cleaners)))))))) (. .)))

(S1 (S (CC But) (NP (DT the) (NN chain)) (VP (VBZ is) (VP (ADVP (RB quickly)) (VBG realizing) (NP (NP (DT the) (NNS pitfalls)) (PP (IN of) (NP (JJ such) (NNS endorsements)))))) (. .)))

(S1 (S (PP (IN For) (NP (NN example))) (, ,) (NP (PRP it)) (VP (VP (VBZ recommends) (VP (VBN nonchlorinated) (NP (JJR dishwasher) (NN detergent)))) (CC and) (VP (VBZ puts) (NP (NN Sunlight)) (PP (IN on) (NP (PRP$ its) (ADJP (RB environmentally) (JJ safe)) (NN list))))) (. .)))

(S1 (S (NP (DT That)) (VP (VBZ does) (RB n't) (VP (NN thrill) (NP (NP (NNP Procter) (CC &) (NNP Gamble) (NNP Co.)) (, ,) (NP (NP (NN maker)) (PP (IN of) (NP (NNP Cascade) (NN dishwasher) (NN detergent))))))) (. .)))

(S1 (S (NP (DT A) (NN company) (NN spokesman)) (VP (VBD questioned) (NP (NP (DT the) (NN validity)) (PP (IN of) (NP (DT the) (NN list)))) (, ,) (S (VP (VBG noting) (SBAR (IN that) (S (NP (NN chlorine)) (VP (VBZ is) (ADJP (JJ present) (PP (IN in) (NP (DT all) (JJ major) (NN dishwasher) (NNS detergents)))))))))) (. .)))

(S1 (S (PP (IN In) (NP (NN fact))) (, ,) (NP (NNP Lever) (NNPS Bros.)) (VP (VBZ confirms) (SBAR (IN that) (S (NP (PRP$ its) (NN Sunlight) (NN brand)) (VP (VBZ does) (VP (VB contain) (NP (NN chlorine) (NN bleach)) (, ,) (SBAR (RB even) (IN though) (S (NP (PRP it)) (VP (VBZ is) (RB n't) (VP (VBN listed) (PP (IN on) (NP (NP (DT the) (NN label)) (PP (IN for) (NP (DT the) (NN powder) (NN version)))))))))))))) (. .)))

(S1 (S (NP (NP (NNP Thomas) (NNP G.) (NNP Dahlen)) (, ,) (NP (NP (NNP Big) (NNP Bear) (POS 's)) (JJ executive) (NN vice) (NN president)) (, ,)) (VP (VBD said) (SBAR (S (NP (DT the) (NN chain)) (VP (VBZ is) (ADVP (RB still)) (VP (VBG reviewing) (NP (PRP$ its) (NN product) (NN list)) (S (VP (TO to) (VP (VB avoid) (NP (JJ such) (NNS problems)))))))))) (. .)))

(S1 (S (`` `) (S (`` `) (NP (PRP$ Our) (NN intent)) (VP (VBZ is) (S (VP (TO to) (VP (VB promote) (NP (DT the) (JJS best) (NN alternative))))))) (, ,) ('' ') ('' ') (NP (PRP he)) (VP (VBZ says)) (. .)))

(S1 (S (`` `) (S (`` `) (CC And) (NP (PRP it)) (VP (VBZ 's) (ADJP (JJ important)) (SBAR (IN that) (S (NP (PRP we)) (VP (VB be) (ADJP (JJ accurate)))))) (. .) ('' ')) ('' ')))

(S1 (S (CC But) (PP (IN in) (NP (DT the) (NN end))) (, ,) (NP (NP (NNS customers) (POS ')) (NNS wishes)) (VP (VBP are) (SBAR (WHNP (WP what)) (S (VP (MD will) (VP (VB prevail)))))) (. .)))

(S1 (S (NP (NNP Big) (NNP Bear)) (VP (VBZ does) (RB n't) (VP (VB care) (PP (IN for) (NP (NP (JJ disposable) (NNS diapers)) (, ,) (SBAR (WHNP (WDT which)) (S (VP (VBP are) (RB n't) (ADJP (JJ biodegradable))))))))) (. .)))

(S1 (S (CC Yet) (NP (NNS parents)) (VP (VBP demand) (NP (PRP them))) (. .)))

(S1 (SINV (VP (VBZ Says)) (NP (NP (NNP Mr.) (NNP Dahlen)) (, ,) (`` `) (S (`` `) (NP (PRP We)) (VP (MD 'll) (ADVP (RB still)) (VP (VB be) (VP (VBN forced) (S (VP (TO to) (VP (VB sell) (NP (NP (NNS items)) (SBAR (S (NP (PRP we)) (VP (MD might) (RB not) (ADVP (RB philosophically)) (VP (VB agree) (PP (IN with))))))))))))) (. .) ('' ')) ('' '))))

(S1 (NP (NNPS Odds) (CC and) (NNPS Ends)))

(S1 (S (NP (NNP NEATNESS)) (VP (VBZ does) (NP (NN count)) (: --) (PP (ADVP (IN at) (JJS least)) (IN in) (NP (DT the) (NN grocery) (NN store)))) (. .)))

(S1 (S (NP (NP (DT A) (NN study)) (PP (IN by) (NP (NP (NNP Safeway) (POS 's)) (NNP Scanner) (NNP Marketing) (NNP Research)))) (VP (VBZ shows) (SBAR (S (NP (NN soap) (NNS sales)) (VP (VBD climbed) (NP (CD 5) (NN %))) (SBAR (WHADVP (WRB when)) (S (NP (NNS bars)) (VP (VBD were) (ADVP (RB neatly)) (VP (VBN stacked) (PP (IN on) (NP (NP (NNS shelves)) (PP (RB instead) (IN of) (NP (ADJP (VBN dumped) (PP (IN in) (NP (DT a) (NN wire) (NN basket)))) (NNS ..))))))))) (. .)))) (. .)))

(S1 (FRAG (WHNP (WDT Which) (NN celebrity)) (S (NP (NNS endorsers)) (VP (VBP are) (ADJP (RBS most) (JJ believable)))) (. ?)))

(S1 (S (PP (IN For) (NP (DT the) (JJ third) (NN year))) (PP (IN in) (NP (DT a) (NN row))) (, ,) (NP (NNS consumers)) (VP (VBD voted) (S (S (NP (NNP Bill) (NNP Cosby)) (ADVP (RB first))) (CC and) (S (NP (NNP James)) (VP (VB Garner) (ADJP (JJ second) (PP (IN in) (NP (NN persuasiveness))) (PP (IN as) (NP (NP (NNS spokesmen)) (PP (IN in) (NP (NN TV) (NNS commercials))))))))) (, ,) (PP (VBG according) (PP (TO to) (NP (NP (NNP Video) (NNP Storyboard) (NNS Tests)) (, ,) (NP (NNP New) (NNP York)))))) (. .)))

(S1 (S (S (NP (NNP Michael) (NNP J.) (NNP Fox)) (VP (VBD replaced) (NP (NNP Bruce) (NNP Willis)) (PP (IN in) (NP (JJ third) (NN place))))) (: ;) (S (NP (NNP Cher)) (VP (VBD placed) (ADJP (JJ fourth) (PP (IN for) (NP (DT the) (JJ second) (NN time)))))) (. .)))

