(S1 (S (NP (NN Beauty)) (VP (VBZ Takes) (NP (NP (NN Backseat)) (PP (TO To) (NP (NN Safety))) (PP (IN on) (NP (NNS Bridges)))))))

(S1 (S (NP (NN EVERYONE)) (VP (VBZ AGREES) (SBAR (IN that) (S (NP (NP (JJS most)) (PP (IN of) (NP (NP (DT the) (NN nation) (POS 's)) (JJ old) (NNS bridges)))) (VP (VBP need) (S (VP (TO to) (VP (VB be) (VP (VP (VBN repaired)) (CC or) (VP (VBN replaced)))))))))) (. .)))

(S1 (S (CC But) (NP (EX there)) (VP (VBZ 's) (NP (NP (NN disagreement)) (PP (IN over) (SBAR (WHADVP (WRB how)) (S (VP (TO to) (VP (VB do) (NP (PRP it))))))))) (. .)))

(S1 (S (NP (NN Highway) (NNS officials)) (VP (VBP insist) (NP (NP (DT the) (JJ ornamental) (NN railings)) (SBAR (WHNP (IN on)) (S (NP (JJR older) (NNS bridges)) (VP (VBP are) (RB n't) (ADJP (JJ strong) (RB enough) (S (VP (TO to) (VP (VB prevent) (NP (NNS vehicles)) (PP (IN from) (VP (VBG crashing) (PP (IN through))))))))))))) (. .)))

(S1 (S (CC But) (NP (JJ other) (NNS people)) (VP (VBP do) (RB n't) (VP (VB want) (S (VP (TO to) (VP (VB lose) (NP (NP (DT the) (NNS bridges) (POS ')) (ADJP (JJ beautiful) (, ,) (RB sometimes) (JJ historic) (, ,)) (NNS features))))))) (. .)))

(S1 (SINV (`` `) (S (`` `) (NP (NP (DT The) (JJ primary) (NN purpose)) (PP (IN of) (NP (DT a) (NN railing)))) (VP (VBZ is) (S (S (VP (TO to) (VP (VB contain) (NP (DT a) (NN vehicle))))) (CC and) (S (RB not) (VP (TO to) (VP (VB provide) (NP (DT a) (JJ scenic) (NN view))))))) (, ,) ('' ')) ('' ') (VP (VBZ says)) (NP (NP (NNP Jack) (NNP White)) (, ,) (NP (NP (DT a) (NN planner)) (PP (IN with) (NP (DT the) (NNP Indiana) (NNP Highway) (NNP Department))))) (. .)))

(S1 (S (NP (PRP He) (CC and) (NNS others)) (VP (VBP prefer) (S (VP (TO to) (VP (VB install) (NP (NP (NNS railings)) (PP (JJ such) (IN as) (NP (DT the) (`` `) (NP (`` `) (NP (NN type) (S (VP (SYM F) (NP (NN safety) (NN shape))))) (, ,) ('' ')) ('' ') (NP (NP (DT a) (JJ four-foot-high) (NN concrete) (NN slab)) (PP (IN with) (NP (DT no) (NNS openings))))))))))) (. .)))

(S1 (S (PP (IN In) (NP (NP (NNP Richmond)) (, ,) (NP (NNP Ind.)))) (, ,) (NP (NP (DT the) (NN type)) (VP (SYM F) (NP (NN railing)))) (VP (VBZ is) (VP (VBG being) (VP (VBN used) (S (VP (TO to) (VP (VB replace) (NP (JJ arched) (NNS openings)) (PP (IN on) (NP (DT the) (NNP G) (NNP Street) (NNP Bridge))))))))) (. .)))

(S1 (S (NP (NP (NNP Garret) (NNP Boone)) (, ,) (SBAR (WHNP (WP who)) (S (VP (VBZ teaches) (NP (NN art)) (PP (IN at) (NP (NNP Earlham) (NNP College)))))) (, ,)) (VP (VBZ calls) (NP (DT the) (JJ new) (NN structure)) (PP (NP (`` `) (NP (`` `) (NP (RB just) (DT an) (JJ ugly) (NN bridge)) ('' ')) ('' ') (CC and) (NP (CD one))) (IN that) (NP (NP (NNS blocks)) (PP (NP (DT the) (NN view)) (IN of) (NP (DT a) (JJ new) (NN park) (RB below)))))) (. .)))

(S1 (S (S (PP (IN In) (NP (NP (NNP Hartford)) (, ,) (NP (NNP Conn.)))) (, ,) (NP (DT the) (NNP Charter) (NNP Oak) (NNP Bridge)) (VP (MD will) (ADVP (RB soon)) (VP (VB be) (VP (VBN replaced))))) (, ,) (NP (NP (DT the) (NN cast-iron) (NNS medallions)) (PP (IN from) (NP (PRP$ its) (NNS railings)))) (VP (VBN relegated) (PP (TO to) (NP (DT a) (NN park)))) (. .)))

(S1 (S (NP (NNS Compromises)) (VP (VBP are) (ADJP (JJ possible))) (. .)))

(S1 (S (S (NP (NP (NP (NNPS Citizens)) (PP (IN in) (NP (NP (NNP Peninsula)) (, ,) (NP (NNP Ohio))))) (, ,) (VP (VBN upset) (PP (IN over) (NP (NP (NNS changes)) (PP (TO to) (NP (DT a) (NN bridge)))))) (, ,)) (VP (VBD negotiated) (NP (DT a) (NN deal)))) (: :) (S (NP (NP (DT The) (JJ bottom) (NN half)) (PP (IN of) (NP (DT the) (NN railing)))) (VP (MD will) (VP (VB be) (NP (NP (NN type)) (X (SYM F))) (, ,) (SBAR (IN while) (S (NP (DT the) (JJ top) (NN half)) (VP (MD will) (VP (VB have) (NP (NP (DT the) (JJ old) (NN bridge) (POS 's)) (JJ floral) (NN pattern))))))))) (. .)))

(S1 (S (ADVP (RB Similarly)) (, ,) (NP (NN highway) (NNS engineers)) (VP (VBD agreed) (S (VP (TO to) (VP (VB keep) (NP (NP (DT the) (JJ old) (NNS railings)) (PP (IN on) (NP (DT the) (NNP Key) (NNP Bridge)))) (PP (IN in) (NP (NP (NNP Washington)) (, ,) (NP (NNP D.C.)))) (, ,) (SBAR (RB as) (RB long) (IN as) (S (NP (PRP they)) (VP (MD could) (VP (VB install) (NP (NP (NP (DT a) (JJ crash) (NN barrier)) (PP (IN between) (NP (DT the) (NN sidewalk)))) (CC and) (NP (DT the) (NN road))))))))))) (. .)))

(S1 (NP (NNP Tray) (NNP Bon) (. ?)))

(S1 (S (NP (NN Drink) (NN Carrier)) (VP (VBZ Competes) (PP (IN With) (NP (NNP Cartons))))))

(S1 (SINV (S (NP (JJ PORTING) (NNS POTABLES)) (ADVP (RB just)) (VP (VBD got) (ADVP (RBR easier)))) (, ,) (CC or) (ADVP (RB so)) (VP (VBZ claims)) (NP (NP (NNP Scypher) (NNP Corp.)) (, ,) (NP (NP (DT the) (NN maker)) (PP (IN of) (NP (DT the) (NNP Cup-Tote))))) (. .)))

(S1 (S (NP (NP (NP (DT The) (NNP Chicago) (NN company) (POS 's)) (NN beverage) (NN carrier)) (, ,) (VP (VBN meant) (S (VP (TO to) (VP (VB replace) (NP (NN cardboard) (NNS trays)) (PP (IN at) (NP (NP (NN concession) (NN stands)) (CC and) (NP (NN fast-food) (NNS outlets)))))))) (, ,)) (VP (VBZ resembles) (NP (NP (DT the) (NN plastic) (NNS loops)) (VP (VBN used) (PP (IN on) (NP (NNS six-packs)))) (PP (IN of) (NP (NN beer)))) (, ,) (S (NP (RB only) (DT the) (NNS loops)) (VP (VB hang) (PP (IN from) (NP (NP (DT a) (NN web)) (PP (IN of) (NP (NNS strings)))))))) (. .)))

(S1 (S (NP (DT The) (JJ new) (NN carrier)) (VP (MD can) (VP (VB tote) (NP (QP (RB as) (JJ many) (IN as) (CD four)) (NNS cups)) (PP (IN at) (NP (RB once))))) (. .)))

(S1 (S (NP (NN Inventor) (NNP Claire) (NNP Marvin)) (VP (VBZ says) (SBAR (S (NP (PRP$ his) (NN design) (RB virtually)) (VP (VBZ eliminates) (NP (NN spilling)))))) (. .)))

(S1 (S (NP (NNS Lids)) (VP (VBP are) (RB n't) (ADVP (RB even)) (VP (VBN needed))) (. .)))

(S1 (S (NP (PRP He)) (VP (ADVP (RB also)) (VP (VBZ claims) (NP (DT the) (NN carrier) (NNS costs)) (ADVP (RBR less))) (CC and) (VP (VBZ takes) (PRT (RP up)) (NP (NP (JJR less) (NN space)) (PP (IN than) (NP (JJS most) (NN paper) (NNS carriers)))))) (. .)))

(S1 (S (NP (DT A) (JJ few) (NN fast-food) (NNS outlets)) (VP (VBP are) (VP (VBG giving) (NP (NP (PRP it)) (NP (DT a) (NN try))))) (. .)))

(S1 (S (NP (DT The) (NN company)) (VP (VBZ acknowledges) (NP (DT some) (NNS problems))) (. .)))

(S1 (S (NP (DT A) (NN driver)) (VP (VBZ has) (S (VP (TO to) (VP (VB find) (NP (NP (NN something)) (SBAR (S (VP (TO to) (VP (VB hang) (NP (DT the) (NN carrier)) (PP (IN on)) (, ,) (SBAR (IN so) (S (NP (DT the) (NN company)) (VP (VBZ supplies) (NP (DT a) (NN window) (NN hook)))))))))))))) (. .)))

(S1 (S (SBAR (IN While) (S (NP (PRP it)) (VP (VBZ breaks) (PRT (RP down)) (PP (IN in) (NP (JJ prolonged) (NN sunlight)))))) (, ,) (NP (PRP it)) (VP (VBZ is) (RB n't) (ADJP (JJ recyclable))) (. .)))

(S1 (S (CC And) (PP (IN unlike) (NP (DT some) (NNS trays))) (, ,) (NP (EX there)) (VP (VBZ 's) (NP (NP (DT no) (NN place)) (PP (IN for) (NP (NN food))))) (. .)))

(S1 (NP (NP (NP (NNP Spirit)) (PP (IN of) (NP (NP (FW Perestroika)) (NP (NNS Touches))))) (NP (NNP Design) (NNP World))))

(S1 (S (NP (NP (DT AN) (NN EXCHANGE)) (PP (IN of) (NP (NNP U.S.) (CC and) (NNP Soviet) (NNS designers)))) (VP (VBZ promises) (VP (VB change) (PP (IN on) (NP (DT both) (NNS sides))))) (. .)))

(S1 (S (NP (NP (DT An) (NN exhibition)) (PP (IN of) (NP (NNP American) (NN design) (CC and) (NN architecture)))) (VP (VP (VBD opened) (PP (IN in) (NP (NNP September))) (PP (IN in) (NP (NNP Moscow)))) (CC and) (VP (MD will) (VP (VB travel) (PP (TO to) (NP (CD eight) (JJ other) (JJ Soviet) (NNS cities)))))) (. .)))

(S1 (S (NP (DT The) (NN show)) (VP (VBZ runs) (NP (NP (DT the) (NN gamut)) (, ,) (PP (PP (IN from) (NP (NP (DT a) (NN blender)) (PP (TO to) (NP (NNS chairs))))) (PP (TO to) (NP (NP (DT a) (NN model)) (PP (IN of) (NP (DT the) (NNP Citicorp) (NN building)))))))) (. .)))

(S1 (S (NP (DT The) (NN event)) (VP (VP (VBZ continues) (PP (IN into) (NP (JJ next) (NN year)))) (CC and) (VP (VBZ includes) (NP (NP (DT an) (NN exchange) (NN program)) (SBAR (S (VP (TO to) (VP (VB swap) (NP (NN design) (NNS teachers)) (PP (IN at) (NP (NP (NNP Carnegie-Mellon) (CC and) (NNP Leningrad) (POS 's)) (NNP Mutchin) (NNP Institute)))))))))) (. .)))

(S1 (S (NP (NP (NNP Dan) (NNP Droz)) (, ,) (NP (NP (NN leader)) (PP (IN of) (NP (DT the) (NNP Carnegie-Mellon) (NN group)))) (, ,)) (VP (VBZ sees) (NP (NP (NNS benefits)) (NP (DT all)) (ADVP (RB around)))) (. .)))

(S1 (S (S (NP (DT The) (NNPS Soviets)) (, ,) (SBAR (WHNP (WP who)) (S (ADVP (RB normally)) (VP (VBP have) (NP (NP (JJ few) (NNS clients)) (PP (JJ other) (IN than) (NP (DT the) (NN state))))))) (, ,) (VP (MD will) (VP (VB get) (`` `) (NP (`` `) (NP (NN exposure)) (PP (TO to) (NP (DT a) (NN market) (NN system))))))) (, ,) ('' ') ('' ') (NP (PRP he)) (VP (VBZ says)) (. .)))

(S1 (S (NP (NNPS Americans)) (VP (MD will) (VP (VB learn) (ADJP (JJR more)) (PP (IN about) (S (VP (VBG making) (NP (NP (NNS products)) (PP (IN for) (NP (DT the) (NNPS Soviets))))))))) (. .)))

(S1 (S (NP (NNP Mr.) (NNP Droz)) (VP (VBZ says) (SBAR (S (NP (DT the) (NNPS Soviets)) (VP (MD could) (ADVP (RB even)) (VP (VB help) (S (NP (NNP U.S.) (NNS designers)) (VP (VB renew) (NP (NP (PRP$ their) (NN sense)) (PP (IN of) (NP (NN purpose))))))))))) (. .)))

(S1 (S (`` `) (SBARQ (`` `) (NP (IN In) (NNP Moscow)) (PRN (, ,) (S (NP (PRP they)) (VP (VBD kept) (VP (VBG asking) (NP (PRP us)) (NP (NP (NNS things)) (PP (IN like)))))) (, ,)) (`` `) (WHADVP (WRB Why)) (SQ (VB do) (NP (PRP you)) (VP (VBP make) (NP (NP (CD 15) (JJ different) (NNS corkscrews)) (, ,) (SBAR (WHADVP (WRB when)) (S (NP (DT all)) (NP (PRP you)) (VP (VBP need) (SBAR (S (VP (VBZ is) (NP (CD one) (JJ good) (NN one))))))))))) (. ?) ('' ') ('' ')) ('' ') (NP (PRP he)) (VP (VBZ says)) (. .)))

(S1 (S (`` `) (`` `) (S (NP (PRP They)) (VP (VBD got) (NP (PRP us)) (S (VP (VBG thinking) (SBAR (S (ADVP (RB maybe)) (NP (PRP we)) (VP (MD should) (VP (VB be) (VP (VBG helping) (NP (NP (NNP U.S.) (NNS companies)) (VP (VBP improve) (S (VP (VP (VBG existing) (NP (NNS products))) (CONJP (RB rather) (IN than)) (VP (ADVP (RB always)) (VBG developing) (NP (JJ new) (NNS ones)))))))))))))))) (. .) ('' ') ('' ')))

(S1 (S (NP (NP (NN Seed)) (PP (IN for) (NP (NN Jail) (NN Solution)))) (VP (VBZ Fails) (S (VP (TO to) (VP (VB Take) (NP (NN Root))))))))

(S1 (FRAG (S (NP (PRP IT)) (VP (POS 'S) (NP (NP (DT A) (CD TWO) (NNS BIRDS)) (PP (IN with) (NP (CD one) (NNP stone) (NN deal)))))) (: :) (FRAG (S (NP (NNP Eggers) (NNP Group)) (NP (NNS architects)) (VP (VB propose) (S (VP (VBG using) (S (NP (NN grain) (NNS elevators)) (VP (TO to) (VP (VB house) (NP (NNS prisoners)))))))))) (. .)))

(S1 (S (S (NP (PRP It)) (VP (MD would) (VP (VB ease) (NP (NN jail)) (NP (JJ overcrowding)) (SBAR (IN while) (S (VP (VBG preserving) (NP (JJ historic) (NNS structures)))))))) (, ,) (NP (DT the) (NN company)) (VP (VBZ says)) (. .)))

(S1 (S (CC But) (NP (NP (NNP New) (NNP York) (NN state)) (, ,) (SBAR (WHNP (WDT which)) (S (VP (VBZ is) (VP (VBG seeking) (NP (NNS solutions)) (PP (TO to) (NP (PRP$ its) (NN prison) (NN cell)) (NP (NN shortage))))))) (, ,)) (VP (VBZ says) (S (`` `) (NP (`` `) (UH no)))) (. .) ('' ') ('' ')))

(S1 (S (S (NP (NP (NN Grain) (NNS elevators)) (VP (VBN built) (PP (IN in) (NP (NP (DT the) (NNS 1920s)) (CC and) (NP (NNS '30s)))))) (VP (VBP have) (NP (JJ six-inch) (JJ concrete) (NNS walls)) (PP (CC and) (NP (DT a) (JJ tubular) (NN shape))) (SBAR (WHNP (WDT that)) (S (VP (MD would) (VP (ADVP (RB easily)) (VB contain) (NP (JJ semicircular) (NNS cells)) (PP (IN with) (NP (DT a) (NN control) (NN point))) (PP (IN in) (NP (DT the) (NN middle))))))))) (, ,) (NP (DT the) (NNP New) (NNP York) (NN firm)) (VP (VBZ says)) (. .)))

(S1 (S (NP (JJ Many)) (VP (VBP are) (ADVP (RB far)) (ADJP (JJ enough) (PP (IN from) (NP (JJ residential) (NNS areas))) (S (VP (VP (TO to) (VP (VB pass) (ADJP (JJ public)))) (VP (VP (VB muster)) (, ,) (CC yet) (VP (VB close) (NP (JJ enough)) (S (VP (TO to) (VP (VB permit) (NP (NN family) (NNS visits))))))))))) (. .)))

(S1 (S (ADVP (IN Besides)) (PRN (, ,) (S (NP (NNP Eggers)) (VP (VBZ says))) (, ,)) (NP (NN grain) (NNS elevators)) (VP (VBP are) (PP (JJ worth) (S (VP (VP (VBG preserving) (PP (IN for) (NP (JJ aesthetic) (NNS reasons)))) (: --) (NP (NP (CD one) (JJ famed) (NN architect)) (VP (VBN compared) (NP (PRP them)) (PP (TO to) (NP (NP (DT the) (NNS pyramids)) (PP (IN of) (NP (NNP Egypt))))))))))) (. .)))

(S1 (S (S (NP (NP (DT A) (NN number)) (PP (IN of) (NP (NP (NNS cities)) (: --) (PP (VBG including) (NP (NP (NNP Minneapolis)) (, ,) (NP (NNP Philadelphia)) (CC and) (NP (NNP Houston)))) (: --)))) (VP (VBP have) (NP (JJ vacant) (NN grain) (NNS elevators)))) (, ,) (NP (NNP Eggers)) (VP (VBZ says)) (. .)))

(S1 (S (NP (NP (DT A) (JJ medium-sized) (NN one)) (PP (IN in) (NP (NNP Brooklyn)))) (PRN (, ,) (S (NP (PRP it)) (VP (VBZ says))) (, ,)) (VP (MD could) (VP (VB be) (VP (VBN altered) (S (VP (TO to) (VP (VB house) (NP (NP (QP (RP up) (TO to) (CD 1,000)) (NNS inmates)) (PP (IN at) (NP (NP (DT a) (ADJP (JJR lower)) (NN cost)) (PP (IN than) (S (VP (VBG building) (PP (NP (DT a) (JJ new) (NN prison)) (IN in) (NP (JJ upstate) (NNP New) (NNP York))))))))))))))) (. .)))

(S1 (S (NP (NP (DT A) (NN spokesman)) (PP (IN for) (NP (DT the) (NN state))) (PRN (, ,) (ADVP (RB however)) (, ,))) (VP (VBZ calls) (S (NP (DT the) (NN idea)) (ADJP (`` `) (ADJP (`` `) (RB not) (JJ effective)) (CC or) (ADJP (NN cost) (JJ efficient))))) (. .)))

