(S1 (S (NP (DT The) (JJ following)) (VP (VBD were) (PP (IN among) (NP (NP (NP (NN yesterday) (POS 's)) (NNS offerings) (CC and) (NNS pricings)) (PP (IN in) (NP (DT the) (UCP (NNP U.S.) (CC and) (JJ non-U.S.)) (NN capital) (NNS markets))))) (, ,) (PP (IN with) (NP (NP (NNS terms)) (CC and) (NP (NN syndicate) (NN manager)))) (, ,) (SBAR (IN as) (S (VP (VBN compiled) (PP (IN by) (NP (NNP Dow) (NNP Jones) (NNP Capital) (NNPS Markets) (NNP Report))))))) (: :)))

(S1 (NP (NNP International) (NNP Business) (NNP Machines) (NNP Corp.) (: --)))

(S1 (NP (NP (NP (QP ($ $) (CD 750) (CD million))) (PP (IN of) (NP (ADJP (QP (CD 8) (CD 3\/8)) (NN %)) (NNS debentures)))) (ADJP (JJ due) (NP (NNP Nov.) (CD 1) (, ,) (CD 2019))) (, ,) (VP (VBN priced) (PP (IN at) (NP (CD 99))) (S (VP (TO to) (VP (VB yield) (NP (CD 8.467) (NN %)))))) (. .)))

(S1 (S (NP (DT The) (JJ 30-year) (JJ non-callable) (NN issue)) (VP (VBD was) (VP (VBN priced) (PP (IN at) (NP (NP (DT a) (NN spread)) (PP (IN of) (NP (NP (CD 57) (NN basis) (NNS points)) (PP (IN above) (NP (NP (DT the) (NNP Treasury) (POS 's)) (ADJP (QP (CD 8) (CD 1\/8)) (NN %)) (JJ bellwether) (JJ long) (NN bond))))))))) (. .)))

(S1 (S (S (VP (VBN Rated) (ADJP (JJ triple-A) (PP (IN by) (NP (DT both) (NP (NP (NNP Moody) (POS 's)) (NNP Investors) (NNP Service) (NNP Inc.)) (CC and) (NP (NP (NNP Standard) (CC &) (NNP Poor) (POS 's)) (NNP Corp.))))))) (, ,) (NP (DT the) (NN issue)) (VP (MD will) (VP (VB be) (VP (VBN sold) (PP (IN through) (NP (NP (NNS underwriters)) (VP (VBN led) (PP (IN by) (NP (NNP Salomon) (NNPS Brothers) (NNP Inc))))))))) (. .)))

(S1 (S (NP (NP (DT The) (NN size)) (PP (IN of) (NP (DT the) (NN issue)))) (VP (VBD was) (VP (VBN increased) (PP (IN from) (NP (DT an) (ADJP (RB originally) (VBN planned)) (QP ($ $) (CD 500) (CD million)))))) (. .)))

(S1 (NP (NNP Detroit) (: --)))

(S1 (NP (NP (NP (QP ($ $) (CD 130) (CD million))) (PP (IN of) (NP (NN general) (NN obligation) (JJ distributable) (NN state) (NN aid) (NNS bonds)))) (ADJP (JJ due) (NP (CD 1991-2000) (CC and) (CD 2009))) (, ,) (VP (ADVP (RB tentatively)) (VBN priced) (PP (IN by) (NP (DT a) (NNP Chemical) (NNP Securities) (NNP Inc.) (NN group))) (S (VP (TO to) (VP (VB yield) (PP (PP (IN from) (NP (NP (CD 6.20) (NN %)) (PP (IN in) (NP (CD 1991))))) (PP (TO to) (NP (CD 7.272) (NN %)) (PP (IN in) (NP (CD 2009))))))))) (. .)))

(S1 (S (NP (EX There)) (VP (VBZ is) (NP (NP (QP ($ $) (CD 81.8) (CD million))) (PP (IN of) (NP (NP (ADJP (CD 7.20) (NN %)) (NN term) (NNS bonds)) (ADJP (JJ due) (NP (CD 2009))) (VP (VBN priced) (PP (IN at) (NP (QP (CD 99) (CD 1\/4)))) (S (VP (TO to) (VP (VB yield) (NP (CD 7.272) (NN %)))))))))) (. .)))

(S1 (S (NP (JJ Serial) (NNS bonds)) (VP (VBP are) (VP (VBN priced) (S (VP (TO to) (VP (VB yield) (PP (PP (IN from) (NP (NP (CD 6.20) (NN %)) (PP (IN in) (NP (CD 1991))))) (PP (TO to) (NP (CD 7) (NN %)))) (PP (IN in) (NP (CD 2000)))))))) (. .)))

(S1 (S (NP (DT The) (NNS bonds)) (VP (VBP are) (UCP (NN insured) (CC and) (JJ triple-A-rated))) (. .)))

(S1 (NP (NP (NP (NNP Santa) (NNP Ana) (NNP Community) (NNP Redevelopment) (NNP Agency)) (, ,) (NP (NNP Calif.))) (: --)))

(S1 (S (NP (NP (QP ($ $) (CD 107) (CD million))) (PP (IN of) (NP (NP (NN tax) (NN allocation) (NNS bonds)) (, ,) (NP (NP (CD 1989)) (NP (NNP Series) (NNP A-D))) (, ,) (ADJP (JJ due) (NP (CD 1991-1999) (, ,) (CD 2009) (CC and) (CD 2019))) (, ,) (VP (ADVP (RB tentatively)) (VBN priced) (PP (IN by) (NP (DT a) (NNP Donaldson) (NNP Lufkin) (CC &) (NNP Jenrette) (NNP Securities) (NNP Corp.) (NN group))))))) (VP (TO to) (VP (VB yield) (PP (IN from) (NP (NP (CD 6.40) (NN %)) (PP (IN in) (NP (CD 1991))))) (PP (TO to) (NP (NP (CD 7.458) (NN %)) (PP (IN in) (NP (CD 2019))))))) (. .)))

(S1 (S (S (NP (NP (DT The) (ADJP (QP (CD 7) (CD 3\/8)) (NN %)) (NN term) (NNS bonds)) (ADJP (JJ due) (NP (CD 2009)))) (VP (VBP are) (VP (VBN priced) (PP (IN at) (NP (QP (CD 99) (CD 1\/2)))) (S (VP (TO to) (VP (VB yield) (NP (CD 7.422) (NN %)))))))) (, ,) (CC and) (S (NP (NP (ADJP (QP (CD 7) (CD 3\/8)) (NN %)) (NN term) (NNS bonds)) (ADJP (JJ due) (NP (CD 2019)))) (VP (VBP are) (VP (VBN priced) (PP (IN at) (NP (CD 99))) (S (VP (TO to) (VP (VB yield) (NP (CD 7.458) (NN %)))))))) (. .)))

(S1 (S (NP (JJ Serial) (NNS bonds)) (VP (VBP are) (VP (VBN priced) (PP (IN at) (NP (NN par))) (S (VP (TO to) (VP (VB yield) (PP (PP (IN from) (NP (NP (NP (CD 6.40)) (NN %)) (PP (IN in) (NP (CD 1991))))) (PP (TO to) (NP (CD 7.15) (NN %)))) (PP (IN in) (NP (CD 1999)))))))) (. .)))

(S1 (S (NP (DT The) (NNS bonds)) (VP (VBP are) (VP (VBN rated) (S (ADJP (JJ single-A))) (PP (IN by) (NP (NNP S&P))) (, ,) (PP (VBG according) (PP (TO to) (NP (DT the) (JJ lead) (NN underwriter)))))) (. .)))

(S1 (NP (NP (NNP Maryland) (NNP Community) (NNP Development) (NNP Administration)) (, ,) (NP (NP (NNP Department)) (PP (IN of) (NP (NP (NNP Housing)) (CC and) (NP (NNP Community) (NNP Development))))) (: --)))

(S1 (S (NP (NP (QP ($ $) (CD 80.8) (CD million))) (PP (IN of) (NP (NP (JJ single-family) (NN program) (NNS bonds)) (, ,) (NP (CD 1989) (ADJP (JJ fourth) (CC and) (JJ fifth)) (NN series)) (, ,) (VP (ADVP (RB tentatively)) (VBN priced) (PP (IN by) (NP (DT a) (NNP Merrill) (NNP Lynch) (NNP Capital) (NNPS Markets) (NN group))))))) (VP (TO to) (VP (VB yield) (PP (PP (IN from) (NP (NP (CD 6.25) (NN %)) (PP (IN in) (NP (CD 1992))) (PP (IN for) (NP (JJ fourth) (NN series) (NNS bonds))))) (PP (TO to) (NP (CD 7.74) (NN %)) (PP (IN in) (NP (NP (CD 2029)) (PP (IN for) (NP (JJ fifth) (NN series) (NNS bonds))))))))) (. .)))

(S1 (S (S (NP (EX There)) (VP (VBZ is) (NP (NP (QP ($ $) (CD 30.9) (CD million))) (PP (IN of) (NP (JJ fourth) (NN series) (NNS bonds)))))) (, ,) (NP (NP (DT the) (NN interest)) (PP (IN on) (NP (WDT which)))) (VP (VBZ is) (ADJP (RB not) (JJ subject) (PP (TO to) (NP (DT the) (JJ federal) (JJ alternative) (JJ minimum) (NN tax))))) (. .)))

(S1 (S (NP (PRP They)) (VP (VBP mature) (NP (CD 1992-1999) (, ,) (CD 2009) (CC and) (CD 2017))) (. .)))

(S1 (S (NP (JJ Fourth) (NN series) (NN serial) (NNS bonds)) (VP (VBP are) (VP (VBN priced) (PP (IN at) (NP (NN par))) (S (VP (TO to) (VP (VB yield) (PP (PP (IN from) (NP (NP (CD 6.25) (NN %)) (PP (IN in) (NP (CD 1992))))) (PP (TO to) (NP (CD 7) (NN %)))) (PP (IN in) (NP (CD 1999)))))))) (. .)))

(S1 (S (S (NP (NP (DT The) (ADJP (CD 7.40) (NN %)) (NN term) (NNS bonds)) (ADJP (JJ due) (NP (CD 2009)))) (VP (VBP are) (VP (VBN priced) (S (VP (TO to) (VP (VB yield) (NP (CD 7.45) (NN %)))))))) (, ,) (CC and) (S (NP (NP (ADJP (CD 7.40) (NN %)) (NN term) (NNS bonds)) (ADJP (JJ due) (NP (CD 2017)))) (VP (VBP are) (VP (VBN priced) (S (VP (TO to) (VP (VB yield) (NP (CD 7.50) (NN %)))))))) (. .)))

(S1 (S (NP (EX There)) (VP (VBZ is) (NP (NP (QP ($ $) (CD 49.9) (CD million))) (PP (IN of) (NP (NP (JJ fifth) (NN series) (NNS bonds)) (, ,) (SBAR (WHNP (WDT which)) (S (VP (VBP are) (ADJP (JJ subject) (PP (TO to) (NP (DT the) (JJ federal) (JJ alternative) (JJ minimum) (NN tax))))))))))) (. .)))

(S1 (S (NP (PRP They)) (VP (VBP mature) (PP (IN in) (NP (CD 2005) (, ,) (CD 2009) (CC and) (CD 2029)))) (. .)))

(S1 (S (NP (NP (NNS Bonds)) (ADJP (JJ due) (NP (QP (IN in) (CD 2005))))) (VP (VP (VBP have) (NP (DT a) (ADJP (QP (CD 7) (CD 1\/2)) (NN %)) (NN coupon))) (CC and) (VP (VBP are) (VP (VBN priced) (PP (IN at) (NP (NN par)))))) (. .)))

(S1 (S (S (NP (NP (DT The) (ADJP (QP (CD 7) (CD 5\/8)) (NN %)) (NNS bonds)) (ADJP (JJ due) (NP (CD 2009)))) (VP (VBP are) (VP (VBN priced) (S (VP (TO to) (VP (VB yield) (NP (CD 7.65) (NN %)))))))) (, ,) (CC and) (S (NP (NP (ADJP (QP (CD 7) (CD 5\/8)) (NN %)) (NNS bonds)) (ADJP (JJ due) (NP (CD 2029)))) (VP (VBP are) (VP (VBN priced) (PP (IN at) (NP (QP (CD 98) (CD 1\/2)))) (S (VP (TO to) (VP (VB yield) (NP (CD 7.74) (NN %)))))))) (. .)))

(S1 (S (NP (DT The) (NNS underwriters)) (VP (VBP expect) (NP (NP (DT a) (JJ double-A) (NN rating)) (PP (IN from) (NP (NNP Moody) (POS 's))))) (. .)))

(S1 (NP (NP (NNP Heiwado) (NNP Co) (. .)) (PRN (-LRB- -LRB-) (NP (NNP Japan)) (-RRB- -RRB-)) (: --)))

(S1 (NP (NP (NP (QP ($ $) (CD 100) (CD million))) (PP (IN of) (NP (NNS Eurobonds)))) (ADJP (JJ due) (NP (NNP Nov.) (CD 16) (, ,) (CD 1993)) (, ,) (PP (IN with) (NP (JJ equity-purchase) (NNS warrants)))) (, ,) (VP (VBG indicating) (NP (NP (DT a) (ADJP (QP (CD 3) (CD 7\/8)) (NN %)) (NN coupon)) (PP (IN at) (NP (NN par))))) (, ,) (PP (IN via) (NP (NNP Daiwa) (NNP Europe) (NNP Ltd))) (. .)))

(S1 (S (NP (DT Each) (ADJP ($ $) (CD 5,000)) (NN bond)) (VP (VBZ carries) (NP (NP (CD one) (NN warrant)) (, ,) (ADJP (JJ exercisable) (PP (PP (IN from) (NP (NNP Nov.) (CD 30) (, ,) (CD 1989))) (, ,) (PP (IN through) (NP (NNP Nov.) (CD 2) (, ,) (CD 1993))) (, ,)) (S (VP (TO to) (VP (VB buy) (NP (NNS shares)) (PP (IN at) (NP (NP (DT an) (JJ expected) (NN premium)) (PP (IN of) (NP (QP (CD 2) (CD 1\/2)) (NN %))) (PP (TO to) (NP (DT the) (NN closing) (NN price)))))))) (SBAR (WHADVP (WRB when)) (S (NP (NNS terms)) (VP (VBP are) (VP (VBN fixed) (NP (NNP Tuesday))))))))) (. .)))

(S1 (NP (NP (NNS Fees)) (NP (QP (CD 2) (CD 1\/4))) (. .)))

(S1 (NP (NP (NNP Svenska) (NNP Intecknings) (NNP Garanti) (NNP Aktiebolaget)) (PRN (-LRB- -LRB-) (NP (NNP Sweden)) (-RRB- -RRB-)) (: --)))

(S1 (NP (NP (QP (CD 20) (CD billion)) (NNS yen)) (PP (IN of) (NP (ADJP (CD 6) (NN %)) (NNS Eurobonds))) (ADJP (JJ due) (NP (NNP Nov.) (CD 21) (, ,) (CD 1994))) (, ,) (VP (VBN priced) (PP (IN at) (NP (CD 101) (CD 3\/4))) (S (VP (TO to) (VP (VB yield) (NP (CD 6.03) (NN %)) (ADVP (RBR less)) (NP (JJ full) (NNS fees)))))) (, ,) (PP (IN via) (NP (NNP Mitsui) (NNP Finance) (NNP International))) (. .)))

(S1 (S (VP (VBN Guaranteed) (PP (IN by) (NP (NNP Svenska) (NNP Handelsbanken)))) (. .)))

(S1 (NP (NNS Fees) (CD 1) (CD 7\/8) (. .)))

(S1 (NP (NP (NNP Takashima) (CC &) (NNP Co) (. .)) (PRN (-LRB- -LRB-) (NP (NNP Japan)) (-RRB- -RRB-)) (: --)))

(S1 (NP (NP (QP (CD 50) (CD million)) (NNP Swiss) (NNS francs)) (PP (IN of) (NP (ADJP (RB privately) (VBN placed)) (JJ convertible) (NNS notes))) (ADJP (JJ due) (NP (NNP March) (CD 31) (, ,) (CD 1994))) (, ,) (PP (IN with) (NP (NP (DT a) (VBN fixed) (ADJP (CD 0.25) (NN %)) (NN coupon)) (PP (IN at) (NP (NN par))))) (PP (IN via) (NP (NP (NNP Yamaichi) (NNP Bank)) (PRN (-LRB- -LRB-) (NP (NNP Switzerland)) (-RRB- -RRB-)))) (. .)))

(S1 (S (VP (VBD Put) (NP (NN option)) (NP (NNP March) (CD 31) (, ,) (CD 1992)) (, ,) (PP (IN at) (NP (DT a) (JJ fixed) (CD 107) (CD 7\/8))) (S (VP (TO to) (VP (VB yield) (NP (CD 3.43) (NN %)))))) (. .)))

(S1 (S (NP (DT Each) (CD 50,000) (JJ Swiss) (NN franc) (NN note)) (VP (VBZ is) (ADJP (JJ convertible) (PP (PP (IN from) (NP (NNP Nov.) (CD 30) (, ,) (CD 1989) (, ,))) (PP (TO to) (NP (NNP March) (CD 16) (, ,) (CD 1994)))) (PP (IN at) (NP (NP (DT a) (ADJP (CD 5) (NN %)) (NN premium)) (PP (IN over) (NP (NP (DT the) (VBG closing) (NN share) (NN price)) (NP (NP (NNP Monday)) (, ,) (SBAR (WHADVP (WRB when)) (S (NP (NNS terms)) (VP (VBP are) (VP (VBN scheduled) (S (VP (TO to) (VP (VB be) (VP (VBN fixed)))))))))))))))) (. .)))

(S1 (NP (NP (NNS Fees)) (NP (QP (CD 1) (CD 3\/4))) (. .)))

(S1 (NP (NP (NNP Mitsubishi) (NNP Pencil) (NNP Co) (. .)) (PRN (-LRB- -LRB-) (NP (NNP Japan)) (-RRB- -RRB-)) (: --)))

(S1 (NP (NP (QP (CD 60) (CD million)) (NNP Swiss) (NNS francs)) (PP (IN of) (NP (ADJP (RB privately) (VBN placed)) (JJ convertible) (NNS notes))) (ADJP (JJ due) (NP (NNP Dec.) (CD 31) (, ,) (CD 1993))) (, ,) (PP (IN with) (NP (NP (DT a) (VBN fixed) (ADJP (CD 0.25) (NN %)) (NN coupon)) (PP (IN at) (NP (NN par))))) (PP (IN via) (NP (NP (NNP Union) (NNP Bank)) (PP (IN of) (NP (NNP Switzerland))))) (. .)))

(S1 (S (VP (VBD Put) (NP (NP (NP (NN option)) (PP (IN on) (NP (NNP Dec.) (CD 31) (, ,) (CD 1991))) (, ,) (PP (IN at) (NP (DT a) (VBN fixed) (QP (CD 106) (CD 7\/8))))) (SBAR (S (VP (TO to) (VP (VB yield) (NP (CD 3.42) (NN %)))))))) (. .)))

(S1 (S (NP (DT Each) (CD 50,000) (JJ Swiss) (NN franc) (NN note)) (VP (VBZ is) (ADJP (JJ convertible) (PP (PP (IN from) (NP (NNP Dec.) (CD 5) (, ,) (CD 1989))) (, ,) (PP (TO to) (NP (NNP Dec.) (CD 31) (, ,) (CD 1993))) (, ,)) (PP (IN at) (NP (NP (DT a) (ADJP (CD 5) (NN %)) (NN premium)) (PP (IN over) (NP (NP (DT the) (VBG closing) (NN share) (NN price)) (NP (NP (NNP Tuesday)) (, ,) (SBAR (WHADVP (WRB when)) (S (NP (NNS terms)) (VP (VBP are) (VP (VBN scheduled) (S (VP (TO to) (VP (VB be) (VP (VBN fixed)))))))))))))))) (. .)))

(S1 (NP (NP (NNS Fees)) (NP (QP (CD 1) (CD 5\/8))) (. .)))

(S1 (NP (NP (NNP Koizumi) (NNP Sangyo) (NNP Corp) (. .)) (PRN (-LRB- -LRB-) (NP (NNP Japan)) (-RRB- -RRB-)) (: --)))

(S1 (S (NP (NP (QP (CD 20) (CD million)) (NNP Swiss) (NNS francs)) (PP (IN of) (NP (QP (CD 6) (CD 1\/2)) (NN %)))) (ADVP (RB privately)) (VP (VBD placed) (NP (NP (NP (NNS notes)) (ADJP (JJ due) (NP (NNP Nov.) (CD 29) (, ,) (CD 1996))) (, ,) (VP (VBN priced) (PP (IN at) (NP (QP (CD 99) (CD 1\/2)))))) (PP (IN via) (NP (NP (NNP Dai-Ichi) (NNP Kangyo) (NNP Bank)) (PRN (-LRB- -LRB-) (NP (NNP Schweiz)) (-RRB- -RRB-)))))) (. .)))

(S1 (NP (NP (NN Guarantee)) (PP (IN by) (NP (NNP Dai-Ichi) (NNP Kangyo) (NNP Bank) (NNP Ltd))) (. .)))

(S1 (NP (NP (NNS Fees)) (NP (QP (CD 1) (CD 3\/4))) (. .)))

