(S1 (S (NP (NNP H&R) (NNP Block)) (VP (VBZ is) (NP (NP (CD one)) (PP (IN of) (NP (NP (DT the) (JJ great) (NN success) (NNS stories)) (PP (IN of) (NP (NNP U.S.) (NN business))))))) (. .)))

(S1 (S (ADVP (RB Oddly) (RB enough)) (, ,) (NP (DT this)) (VP (VBZ presents) (NP (NP (DT a) (NN problem)) (PP (IN for) (NP (DT the) (NN stock))))) (. .)))

(S1 (S (NP (DT Some) (NN money) (NNS managers)) (VP (VBP are) (ADJP (JJ disenchanted) (PP (IN with) (NP (NNP H&R) (NNP Block)))) (SBAR (IN because) (S (NP (PRP they)) (VP (VBP suspect) (SBAR (S (NP (NP (DT the) (NN company) (POS 's)) (NN glory) (NNS days)) (VP (VBP are) (ADVP (ADVP (RB past)) (, ,) (CC or) (ADVP (IN at) (JJS least))) (VP (VBG passing))))))))) (. .)))

(S1 (S (S (NP (NP (NNP Block) (POS 's)) (JJ tax-preparation) (NN business)) (VP (VBZ is) (ADJP (JJ mature)))) (PRN (, ,) (S (NP (PRP they)) (VP (VBP say))) (, ,)) (CC and) (S (NP (NP (DT some)) (PP (IN of) (NP (PRP$ its) (NNS diversifications)))) (VP (VBP are) (VP (VBG facing) (NP (JJ tough) (NN competition))))) (. .)))

(S1 (S (NP (PRP It)) (VP (VBZ 's) (NP (DT no) (NN secret) (SBAR (IN that) (S (NP (NNP Block)) (VP (VBZ dominates) (NP (DT the) (JJ mass-market) (NN tax-preparation) (NN business))))))) (. .)))

(S1 (S (NP (DT The) (NNP Street)) (VP (VBZ knows) (NP (NP (DT all)) (PP (IN about) (NP (NP (DT the) (NN predictability)) (PP (IN of) (NP (PRP$ its) (NNS earnings))) (, ,) (SBAR (WHNP (WDT which)) (S (VP (VBP are) (VP (VBN headed) (PP (IN for) (NP (DT a) (JJ ninth) (JJ consecutive) (JJ yearly) (NN increase))))))))))) (. .)))

(S1 (S (NP (DT The) (NN company)) (VP (VBZ has) (ADVP (RB consistently)) (VP (VBN earned) (NP (NP (JJR more)) (PP (IN than) (NP (NP (DT a) (ADJP (CD 20) (NN %)) (JJ annual) (NN return)) (PP (IN on) (NP (PRP$ its) (JJ net) (NN worth)))))) (SBAR (IN while) (S (NP (JJ many) (NNS companies)) (VP (MD would) (VP (VB be) (ADJP (JJ happy) (PP (IN with) (NP (CD 15) (NN %)))))))))) (. .)))

(S1 (SINV (S (CC But) (NP (DT the) (NN tax-preparation) (NN business)) (ADVP (RB simply)) (VP (VBZ has) (NP (NP (DT no) (JJR more) (NN room)) (SBAR (S (VP (TO to) (VP (VB grow)))))))) (, ,) (VP (VBZ says)) (NP (NP (NNP Mark) (NNP Cremonie)) (, ,) (NP (NP (NN director)) (PP (IN of) (NP (NN research))) (PP (IN for) (NP (NP (NNP Capital) (NNPS Supervisors) (NNP Inc.)) (, ,) (NP (NP (DT a) (NNP Chicago) (NN firm)) (SBAR (WHNP (WDT that)) (S (VP (VBZ manages) (NP (QP ($ $) (CD 6.5) (CD billion))))))))))) (. .)))

(S1 (S (`` `) (S (`` `) (NP (PRP You)) (VP (VBP go) (PP (TO to) (NP (NP (DT any) (JJ medium-sized) (NN town)) (PP (IN in) (NP (DT the) (NNP U.S.))))))) (CC and) (S (NP (PRP you)) (VP (VBP 're) (VP (VBG going) (S (VP (TO to) (VP (VB see) (NP (NNP H&R) (NNP Block) (NN tax) (NNS services)))))))) (. .) ('' ') ('' ')))

(S1 (S (NP (NP (NNP Mr.) (NNP Cremonie) (POS 's)) (NN firm)) (ADVP (RB once)) (VP (VBD held) (NP (NP (QP (RB about) (CD 4.8)) (NN %)) (PP (IN of) (NP (NNP H&R) (NNP Block))))) (. .)))

(S1 (S (NP (DT That)) (VP (VBD was) (PP (IN before) (NP (DT the) (CD 1986) (NN tax))) (NP (`` `) (NP (`` `) (NN reform) ('' ')) ('' ') (VP (VBN made) (NP (NP (NNS taxes)) (ADJP (JJR more) (JJ complex) (PP (IN than) (ADVP (RB ever)))))))) (. .)))

(S1 (S (`` `) (`` `) (NP (NP (CD One) (NN thing)) (SBAR (S (NP (PRP you)) (VP (MD can) (VP (VB bet) (PRT (RP on))))))) (PRN (, ,) ('' ') ('' ') (S (NP (PRP he)) (VP (VBZ says))) (, ,) (`` `)) (`` `) (VP (VBZ is) (SBAR (IN that) (S (NP (NNP Congress)) (VP (MD will) (VP (VB do) (NP (JJ stupid) (NNS things)) (PP (IN with) (NP (DT the) (NNP Tax) (NNP Code)))))))) (. .) ('' ') ('' ')))

(S1 (S (CC But) (NP (NNP Capital) (NNPS Supervisors)) (VP (VBD sold) (NP (NP (DT the) (JJ last)) (PP (IN of) (NP (PRP$ its) (NNP H&R) (NNP Block) (NNS holdings)))) (ADVP (RBR earlier) (NP (DT this) (NN year)))) (. .)))

(S1 (S (`` `) (S (`` `) (NP (PRP They)) (VP (VBP 're) (VP (NN thrashing) (ADVP (RB around)) (PP (IN for) (NP (NN diversification))))) (, ,) ('' ')) ('' ') (NP (PRP he)) (VP (VBZ says)) (. .)))

(S1 (S (`` `) (S (`` `) (NP (PRP I)) (VP (VBP think) (SBAR (S (NP (NP (DT a) (NN lot)) (PP (IN of) (NP (PRP$ their) (NNS businesses)))) (VP (VBP are) (ADVP (RB just)) (ADJP (JJ so-so)))))) (. .) ('' ')) ('' ')))

(S1 (S (NP (JJ Last) (NN week)) (NP (DT the) (NN stock)) (VP (VBD hit) (NP (NP (DT an) (JJ all-time) (NN high)) (PP (IN of) (NP (QP (CD 37) (CD 1\/4))))) (PP (IN before) (S (VP (VBG getting) (VP (VBN roughed) (PRT (RP up)) (PP (IN in) (NP (DT the) (JJ Friday-the-13th) (NN minicrash)))))))) (. .)))

(S1 (S (NP (PRP It)) (VP (VBD closed) (NP (NN yesterday)) (PP (IN at) (NP (QP (CD 34) (CD 3\/4))))) (. .)))

(S1 (S (S (VP (TO To) (VP (VB be) (ADJP (JJ sure))))) (, ,) (NP (DT the) (NN stock)) (ADVP (RB still)) (VP (VBZ has) (NP (NP (DT a) (NN lot)) (PP (IN of) (NP (NNS fans))))) (. .)))

(S1 (SINV (`` `) (S (`` `) (SBAR (IN If) (S (NP (PRP you)) (VP (VBD invested) (NP ($ $) (CD 10,000)) (PP (IN in) (NP (DT the) (JJ initial) (JJ public) (NN offering))) (PP (IN in) (NP (CD 1962)))))) (, ,) (NP (PRP it)) (VP (MD would) (VP (VB be) (ADJP (JJ worth) (NP (QP (RB well) (IN over) ($ $) (CD 5) (CD million)) (NN today))))) (, ,) ('' ')) ('' ') (VP (VBZ says)) (NP (NP (NNP Fredric) (NNP E.) (NNP Russell)) (, ,) (NP (DT a) (NAC (NNP Tulsa) (, ,) (NNP Okla.) (, ,)) (NN money) (NN manager))) (. .)))

(S1 (S (`` `) (S (`` `) (NP (PRP I)) (VP (VBP do) (RB n't) (VP (VB know) (SBAR (WHNP (WP what)) (S (NP (DT the) (NN risk)) (VP (VBZ is) (PRN (-LRB- -LCB-) (PP (IN of) (S (VP (VBG holding) (NP (DT the) (NN stock))))) (-RRB- -RCB-)))))))) (. .)))

(S1 (S (NP (NNS Taxes)) (VP (VBP are) (RB not) (VP (VBG going) (PP (IN out) (PP (IN of) (NP (NN business)))))) (. .) ('' ') ('' ')))

(S1 (S (NP (NP (JJ Many)) (PP (IN of) (NP (PRP$ his) (NNS peers)))) (VP (VBP feel) (NP (DT the) (JJ same) (NN way))) (. .)))

(S1 (S (NP (NP (DT The) (NN number)) (PP (IN of) (NP (NP (JJ big) (NNS institutions)) (SBAR (WHNP (WDT that)) (S (VP (VBP own) (NP (NNP H&R) (NNP Block) (NNS shares)))))))) (VP (VBZ is) (UCP (NP (CD 207)) (CC and) (VP (VBG growing))) (, ,) (PP (VBG according) (PP (TO to) (NP (NP (DT a) (NN midyear) (NN tally)) (PP (IN by) (NP (NNP CDA) (NNP Investment) (NNPS Technologies))))))) (. .)))

(S1 (S (NP (NN Brokerage) (NNS houses)) (VP (VBP are) (ADJP (JJ sweet) (PP (IN on) (NP (NNP H&R) (NNP Block)))) (, ,) (ADVP (RB too))) (. .)))

(S1 (S (NP (NNP Zacks) (NNP Investment) (NNP Research)) (VP (VBZ counts) (NP (CD five) (NN brokerage) (NNS houses)) (SBAR (IN that) (S (VP (VBP consider) (S (NP (DT the) (NN stock)) (NP (NP (DT a) (NN buy)) (, ,) (CC and) (NP (NP (CD four)) (SBAR (WHNP (WDT that)) (S (VP (VBP call) (S (NP (PRP it)) (NP (DT a) (NN hold))))))))))))) (. .)))

(S1 (S (NP (NN None)) (VP (VBP dare) (S (VP (VB say) (S (VP (TO to) (VP (VB sell) (NP (PRP it)))))))) (. .)))

(S1 (S (CC But) (NP (DT some) (NN money) (NNS managers)) (VP (VBP are) (VP (VBG doing) (NP (RB just) (DT that)))) (. .)))

(S1 (S (NP (NP (NNP Eugene) (VBP Sit)) (, ,) (NP (NP (NN president)) (PP (IN of) (S (VP (VB Sit) (NP (NNP Investment) (NNP Associates)) (PP (IN in) (NP (NNP Minneapolis))))))) (, ,)) (VP (VBZ says) (, ,) (`` `) (S (`` `) (SBAR (WHADVP (WRB When)) (S (NP (PRP we)) (VP (VBD bought) (NP (PRP it))))) (, ,) (NP (PRP we)) (VP (VBD thought) (SBAR (S (NP (DT the) (NN growth) (NN rate)) (VP (VBD was) (VP (VBG going) (S (VP (TO to) (VP (VB accelerate) ('' ') (SBAR (S (VP (POS ') (PP (IN because) (IN of) (NP (JJ computerized) (NN tax) (NN filing) (CC and) (NN instant) (NNS refunds))) (PRN (-LRB- -LRB-) (S (NP (DT the) (NN customer)) (VP (VP (VBZ gets) (NP (DT a) (NN refund)) (ADVP (RB immediately))) (CC but) (VP (VBZ pays) (ADJP (JJ extra) (PP (TO to) (NP (NP (DT the) (NN tax) (NN preparer)) (, ,) (SBAR (WHNP (WDT which)) (S (VP (VBZ waits) (PP (IN for) (NP (NP (NNP Uncle) (NNP Sam) (POS 's)) (NN check)))))))))))) (-RRB- -RRB-))))))))))))))) (. .)))

(S1 (S (S (CC But) (NP (NP (DT neither)) (PP (IN of) (NP (DT those) (NNS developments)))) (VP (VBD did) (ADVP (JJ much)) (S (VP (TO to) (VP (NN juice) (PRT (RP up)) (NP (NN growth))))))) (, ,) (NP (NNP Mr.) (VBP Sit)) (VP (VBZ says)) (. .)))

(S1 (S (NP (PRP He)) (VP (VP (VBZ figures) (SBAR (S (NP (NNP Block) (NNS earnings)) (VP (VBP are) (ADVP (RB now)) (VP (VBG growing) (PP (IN at) (NP (RB about) (DT a) (ADJP (CD 10) (NN %)) (JJ annual) (NN rate)))))))) (PRN (-LRB- -LRB-) (ADVP (ADVP (RB down)) (PP (IN from) (NP (QP (RB about) (CD 14)) (NN %)) (NP (DT the) (JJ past) (CD five) (NNS years)))) (-RRB- -RRB-)) (CC and) (VP (MD will) (VP (VB grow) (PP (IN at) (NP (NP (DT an) (ADJP (CD 8) (NN %)) (ADJP (CD -10) (NN %)) (NN rate)) (PP (IN in) (NP (DT the) (NN future)))))))) (. .)))

(S1 (S (S (NP (DT That)) (VP (VBZ 's) (`` `) (ADJP (`` `) (RB not) (JJ bad) (, ,) ('' ')) ('' ') (SBAR (S (NP (NNP Mr.)) (VP (VB Sit) (NP (VBZ says))))))) (, ,) (CC but) (S (NP (PRP it)) (ADVP (RB sure)) (VP (VBZ does) (RB n't) (VP (VB justify) (S (NP (NNP Block) (NNS shares)) (VP (VBG being) (VP (VBN priced) (PP (IN at) (NP (NP (QP (CD 15) (TO to) (CD 16)) (NNS times)) (NP (NP (JJ estimated) (NNS earnings)) (PP (IN for) (NP (JJ fiscal) (CD 1990)))))))))))) (. .)))

(S1 (S (S (NP (PRP He)) (VP (VBZ wants) (NP (NP (NNS stocks)) (SBAR (WHNP (WP$ whose) (NNS price\/earnings) (NN ratio)) (S (VP (VBZ is) (ADJP (ADJP (JJR less)) (PP (IN than) (NP (PRP$ their) (NN growth) (NN rate)))))))))) (: ;) (S (SBAR (IN as) (S (NP (PRP he)) (VP (VBZ figures) (NP (PRP it))))) (, ,) (NP (NNP H&R) (NNP Block)) (VP (VBZ does) (RB n't) (ADVP (RB even)) (VP (VBN come) (ADVP (RB close))))) (. .)))

(S1 (S (NP (CD Two) (JJ other) (NN money) (NNS managers)) (, ,) (PP (IN in) (S (VP (VBG explaining) (SBAR (WHADVP (WRB why)) (S (NP (PRP they)) (VP (VBP have) (VP (VBN sold) (NP (NP (JJ large) (NNS amounts)) (PP (IN of) (NP (NNP H&R) (NNP Block) (NN stock)))) (NP (DT this) (NN year))))))))) (, ,) (VP (VBD spoke) (PP (IN on) (NP (NP (DT the) (NN condition)) (SBAR (S (NP (PRP they)) (VP (RB not) (VB be) (VP (VBN named)))))))) (. .)))

(S1 (SINV (`` `) (S (`` `) (S (NP (DT The) (NN stock)) (VP (VBD was) (VP (VBG going) (NP (DT no) (NN place))))) (CC and) (S (NP (DT the) (NNS earnings)) (VP (VBD were) (ADJP (JJ so-so)))) (, ,) ('' ')) ('' ') (VP (VBD said)) (NP (CD one)) (. .)))

(S1 (S (-LRB- -LRB-) (PP (IN In) (NP (DT the) (JJ past) (CD two) (NNS years))) (, ,) (NP (DT the) (NN stock)) (ADVP (RB almost)) (VP (VBN stalled) (PRT (RP out))) (. .)))

(S1 (S (NP (PRP It)) (VP (VP (VBD was) (ADVP (IN above) (NP (NP (CD 33)) (, ,) (VP (VBN adjusted) (PP (IN for) (NP (DT a) (JJ subsequent) (NN split)))) (, ,))) (PP (IN in) (NP (CD 1987)))) (, ,) (CC and) (VP (VBZ has) (RB n't) (VP (VBN gotten) (ADJP (RB much) (JJR higher)) (ADVP (IN since))))) (. .) (-RRB- -RRB-)))

(S1 (S (`` `) (S (`` `) (NP (EX There)) (VP (VBZ 's) (NP (NP (ADJP (RB no) (JJR more)) (NN growth)) (PP (IN in) (NP (DT the) (NN tax) (NN business)))) (PRN (-LRB- -LCB-) (IN except) (-RRB- -RCB-)) (PP (IN for) (NP (VBG increasing) (NNS prices))))) (, ,) ('' ') ('' ') (NP (DT the) (NN money) (NN manager)) (VP (VBD added)) (. .)))

(S1 (S (NP (NP (DT The) (NNP CompuServe) (NN subsidiary)) (PRN (-LRB- -LRB-) (SBAR (WHNP (WDT which)) (S (VP (VBZ provides) (NP (NN information)) (PP (TO to) (NP (NN home-computer) (NNS users)))))) (-RRB- -RRB-))) (VP (VBZ is) (`` `) (UCP (`` `) (SBARQ (WHADVP (WRB where)) (S (S (NP (DT the) (NN growth)) (VP (VBZ is))) (PRN (, ,) ('' ') ('' ') (S (NP (PRP he)) (VP (VBD said))) (, ,)) (CC but) (S (NP (PRP$ its) (NN format)) (VP (VBZ is) (`` `) (ADJP (`` `) (RB still) (RB too) (JJ complicated)))) (. .) ('' '))) ('' ')))))

(S1 (S (NP (NNP CompuServe)) (VP (VBZ provides) (NP (NP (QP (RB about) (CD 20)) (NN %)) (PP (IN of) (NP (DT both) (NNS sales) (CC and) (NNS earnings))))) (. .)))

(S1 (S (NP (DT The) (NN tax) (NN business)) (ADVP (RB still)) (VP (VBZ provides) (NP (NP (QP (RB about) (CD 70)) (NN %)) (PP (IN of) (NP (NP (NNS earnings)) (, ,) (PP (IN on) (NP (NP (QP (RB about) (CD 50)) (NN %)) (PP (IN of) (NP (NNS sales))))))))) (. .)))

(S1 (S (NP (NNS Personnel)) (VP (VBP Pool) (NP (NP (PRN (-LRB- -LRB-) (NP (JJ temporary) (NNS workers)) (, ,) (PP (ADVP (RB mostly)) (IN in) (NP (DT the) (NN health-care) (NN area))) (-RRB- -RRB-)) (NNS chips)) (PP (IN in) (ADJP (JJ close) (PP (TO to) (NP (NP (NP (CD 25) (NN %)) (PP (IN of) (NP (NNS sales)))) (CC but) (NP (NP (QP (RB only) (IN about) (CD 9)) (NN %)) (PP (IN of) (NP (NNS earnings)))))))))) (. .)))

(S1 (SINV (S (NP (NP (DT The) (NN shortage)) (PP (IN of) (NP (NNS nurses)))) (VP (VBZ is) (VP (VBG crimping) (NP (NP (NN profit)) (PP (IN at) (NP (NNP Personnel) (NNP Pool))))))) (, ,) (VP (VBD said)) (NP (DT the) (JJ second) (NN money) (NN manager)) (. .)))

(S1 (S (NP (PRP He)) (VP (VP (VBZ concedes) (SBAR (S (NP (NNP H&R) (NNP Block)) (VP (VBZ is) (UCP (`` `) (ADJP (`` `) (JJ well-entrenched) ('' ')) ('' ') (CC and) (`` `) (NP (`` `) (NP (DT a) (JJ great) (NN company)) (, ,) ('' '))))))) ('' ') (CC but) (VP (VBZ says) (`` `) (S (`` `) (NP (PRP it)) (VP (VBZ does) (RB n't) (VP (VB grow) (ADVP (RB fast) (RB enough)) (PP (IN for) (NP (PRP us)))))))) (. .)))

(S1 (S (NP (PRP We)) (VP (VBP 're) (VP (VBG looking) (PP (IN for) (NP (NP (NN something)) (SBAR (WHNP (WDT that)) (S (VP (VP (VBZ grows) (ADJP (JJR faster))) (CC and) (VP (VBZ sells) (PP (IN at) (NP (DT a) (JJ comparable) (PRN (-LRB- -LCB-) (JJ price-earnings) (-RRB- -RCB-)) (NN multiple))))))))))) (. .) ('' ') ('' ')))

(S1 (S (NP (NP (NNP Thomas) (NNP M.) (NNP Bloch)) (, ,) (NP (NP (NN president)) (CC and) (NP (JJ chief) (VBG operating) (NN officer))) (, ,)) (VP (VBZ says) (`` `) (S (`` `) (NP (PRP I)) (VP (MD would) (VP (VB disagree))) ('' ')) ('' ') (SBAR (IN that) (S (NP (DT the) (NN tax) (NN business)) (VP (VBZ is) (ADJP (JJ mature)))))) (. .)))

(S1 (S (PP (IN For) (NP (NN example))) (PRN (, ,) (S (NP (PRP he)) (VP (VBZ says))) (, ,)) (NP (DT the) (NN company)) (VP (VBZ is) (VP (VBG planning) (S (VP (TO to) (VP (VB go) (ADVP (JJ nationwide)) (PP (IN with) (NP (NP (DT a) (JJ new) (NN service)) (, ,) (VP (VBN tested) (PP (IN in) (NP (NP (NNS parts)) (PP (IN of) (NP (DT the) (NN country))) (, ,) (VP (VBN aimed) (PP (IN at) (NP (NP (NNS taxpayers)) (SBAR (WHNP (WP who)) (S (VP (VBP want) (NP (NP (NNS refunds)) (PP (IN in) (NP (DT a) (NN hurry)))))))))))))))))))) (. .)))

(S1 (S (NP (NNP Mr.) (NNP Bloch)) (VP (VBZ concedes) (SBAR (IN that) (S (NP (DT a) (JJ recent) (NN diversification) (NN attempt)) (VP (VBD fell) (PRT (RP through)))))) (. .)))

(S1 (S (`` `) (S (`` `) (NP (PRP We)) (VP (VBP 're) (ADJP (RB still) (JJ interested)) (PRN (-LRB- -LCB-) (PP (IN in) (S (VP (VBG diversifying)))) (-RRB- -RCB-))) (, ,) ('' ')) ('' ') (NP (PRP he)) (VP (VBZ says) (, ,) (`` `) (S (`` `) (CC but) (NP (PRP we)) (VP (MD 'd) (ADVP (RB rather)) (VP (VB be) (ADJP (JJ prudent)) (SBAR (IN than) (S (VP (VB make) (NP (DT a) (NN mistake))))))) (. .) ('' ')) ('' '))))

(S1 (S (NP (PRP He)) (ADVP (RB also)) (VP (VBZ says) (SBAR (S (NP (NP (NNP CompuServe) (POS 's)) (NNS earnings)) (VP (VBP continue) (S (VP (TO to) (VP (VB grow) (`` `) (NP (`` `) (NP (NP (QP (CD 20) (NN %) (TO to) (CD 30) (NN %))) (NP (DT a) (NN year))) ('' ')) ('' ') (PP (IN in) (NP (NP (NN spite)) (PP (IN of) (NP (NP (JJ tough) (NN competition)) (PP (IN from) (NP (NP (NNS giants)) (PP (IN like) (NP (NNP Sears) (CC and) (NNP IBM)))))))))))))))) (. .)))

(S1 (S (CC And) (NP (PRP he)) (VP (VBZ says) (SBAR (S (NP (NP (NNP Block) (POS 's)) (JJ other) (NNS businesses)) (VP (VBP are) (VP (VBG growing) (, ,) (SBAR (IN although) (FRAG (ADVP (RBR less) (RB consistently))))))))) (. .)))

(S1 (NP (NP (NNP H&R) (NNP Block)) (PRN (-LRB- -LRB-) (NP (NNP NYSE)) (: ;) (NP (NP (NN Symbol)) (: :) (NP (NNP HRB))) (-RRB- -RRB-))))

(S1 (NP (NP (NN Business)) (: :) (NP (NN Tax) (NN Preparation))))

(S1 (NP (NP (NN Year)) (VP (VBN ended) (NP (NNP April) (CD 30) (, ,) (CD 1989))) (: :)))

(S1 (NP (NP (NN Revenue)) (: :) (NP (QP ($ $) (CD 899.6) (CD million)))))

(S1 (NP (NP (JJ Net) (NN loss)) (: :) (NP (NP (QP ($ $) (CD 100.2) (CD million))) (: ;) (NP (NP ($ $) (CD 1.90)) (NP (DT a) (NN share))))))

(S1 (NP (NP (JJ First) (NN quarter)) (, ,) (NP (NNP July) (CD 31) (, ,) (CD 1989)) (: :)))

(S1 (NP (NP (JJ Per-share) (NNS earnings)) (: :) (NP (NP (NN Loss)) (PP (IN of) (NP (CD 8) (NNS cents)))) (CC vs.) (NP (NP (NN loss)) (PP (IN of) (NP (CD 9) (NNS cents))))))

(S1 (NP (NP (JJ Average) (JJ daily) (NN trading) (NN volume)) (: :) (NP (CD 145,954) (NNS shares))))

