(S1 (S (S (NP (NN Democracy)) (VP (MD can) (VP (VB be) (ADJP (JJ cruel) (PP (TO to) (NP (NNS politicians))))))) (: :) (S (ADVP (RB Sometimes)) (NP (PRP it)) (VP (VBZ forces) (S (NP (PRP them)) (VP (TO to) (VP (VB make) (NP (NNS choices))))))) (. .)))

(S1 (S (ADVP (RB Now) (SBAR (IN that) (S (NP (DT the) (NNP Supreme) (NNP Court)) (VP (VBD opened) (NP (DT the) (NN door)) (PP (IN on) (NP (NP (DT the) (NN subject)) (PP (IN of) (NP (NN abortion))))))))) (, ,) (NP (NNS politicians)) (VP (VBP are) (VP (VBG squinting) (PP (IN under) (NP (NP (DT the) (NN glare)) (PP (IN of) (NP (JJ democratic) (NN choice))))))) (. .)))

(S1 (S (NP (PRP$ Their) (NN discomfort)) (VP (VBZ is) (NP (NP (DT a) (JJ healthy) (NN sign)) (PP (IN for) (NP (NP (DT the) (NN rest)) (PP (IN of) (NP (PRP us))))))) (. .)))

(S1 (S (NP (NNPS Republicans)) (VP (VBP are) (VP (VBG squinting) (ADVP (ADVP (RBS most) (RB painfully)) (, ,) (ADVP (IN at) (JJS least))) (PP (IN at) (ADJP (JJ first))) (, ,) (SBAR (WHNP (WDT which)) (S (VP (VBZ is) (ADVP (RB only)) (ADJP (JJ fair)) (SBAR (IN because) (S (NP (PRP they)) (VP (VBP 've) (VP (VBN been) (VP (VBD shielded) (NP (DT the) (JJS most)))))))))))) (. .)))

(S1 (S (ADVP (ADVP (RB So) (RB long)) (SBAR (IN as) (S (NP (NN abortion)) (VP (VBD was) (NP (NP (DT a) (NN question)) (PP (IN for) (NP (NP (NN litigation)) (, ,) (RB not) (NP (NN legislation))))))))) (, ,) (NP (NNPS Republicans)) (VP (MD could) (VP (VB find) (NP (JJ political) (NN security)) (PP (IN in) (NP (NN absolutism))))) (. .)))

(S1 (S (NP (PRP They)) (VP (MD could) (VP (VB attract) (NP (JJ one-issue) (NNS voters)) (PP (IN by) (S (VP (VBG adopting) (NP (NP (DT the) (JJ right-to-life) (NN movement) (POS 's)) (JJS strongest) (NN position))))) (, ,) (SBAR (RB even) (IN as) (S (NP (JJ pro-choice) (NNPS Republicans)) (VP (VBD knew) (SBAR (S (NP (DT this)) (VP (VBD mattered) (NP (JJ little)) (PP (IN on) (NP (NP (DT an) (NN issue)) (VP (VBN monopolized) (PP (IN by) (NP (DT the) (NN court)))))))))))))) (. .)))

(S1 (S (ADVP (RB Now)) (NP (PRP it)) (VP (VBZ matters)) (. .)))

(S1 (S (NP (NP (RB Much)) (PP (IN of) (NP (NNP Washington)))) (VP (VBD thought) (SBAR (S (NP (PRP it)) (VP (VBD detected) (NP (NNP George) (NNP Bush)) (PP (IN in) (NP (NP (DT a) (JJ characteristic) (NN waffle)) (PP (IN on) (NP (NN abortion))) (NP (DT the) (JJ past) (NN week)))))))) (. .)))

(S1 (S (ADVP (NP (RB Only) (DT a) (NN month)) (RB ago)) (NP (PRP he)) (VP (VBD 'd) (VP (VBN warned) (S (NP (NNP Congress)) (RB not) (VP (TO to) (VP (VB pass) (NP (NP (NN legislation)) (SBAR (S (VP (TO to) (VP (VB pay) (PP (IN for) (NP (NP (NNS abortions)) (PP (IN in) (NP (NP (NNS cases)) (PP (IN of) (NP (NN rape) (CC or) (NN incest))))))))))))))))) (. .)))

(S1 (S (NP (JJ Last) (NNP Friday)) (, ,) (SBAR (IN after) (S (NP (NNP Congress)) (VP (VBD passed) (NP (PRP it)) (ADVP (RB anyway))))) (, ,) (NP (PRP he)) (VP (VBD hinted) (SBAR (S (NP (PRP he)) (VP (VBD was) (VP (VBG looking) (PP (IN for) (NP (NN compromise)))))))) (. .)))

(S1 (SQ (VBD Was) (NP (DT the) (NN man)) (SBAR (WHNP (WP who)) (S (ADVP (RB once)) (VP (VBD was) (ADJP (ADJP (JJ pro-choice)) (, ,) (CC but) (ADJP (RBR later) (JJ pro-life))) (, ,) (S (VP (VBG converting) (ADVP (RB again))))))) (. ?)))

(S1 (S (PP (IN In) (NP (NN fact))) (, ,) (NP (NP (NNP Mr.) (NNP Bush) (POS 's)) (NN dance)) (VP (VBD was) (ADJP (ADJP (JJR more) (NN wiggle)) (PP (IN than) (ADJP (JJ waffle))))) (. .)))

(S1 (S (NP (JJ Pro-life) (NNS advocates)) (VP (VBP say) (SBAR (S (NP (DT the) (NNP White) (NNP House)) (ADVP (RB never)) (VP (VBD wavered) (PP (IN over) (NP (DT the) (NN veto))))))) (. .)))

(S1 (S (NP (NP (NNP Christopher) (NNP Smith)) (PRN (-LRB- -LRB-) (NP (NP (NNP R.)) (, ,) (NP (NNP N.J.))) (-RRB- -RRB-)) (, ,) (NP (NP (DT a) (JJ pro-life) (NN leader)) (PP (IN in) (NP (DT the) (NNP House)))) (, ,)) (VP (VBD suggested) (NP (NP (DT a) (NN compromise)) (SBAR (WHNP (WDT that)) (S (VP (MD would) (VP (VB have) (VP (VBN adapted) (NP (JJ restrictive) (NN language)) (PP (IN from) (NP (NP (NN rape)) (CC and) (NP (NP (NP (NN incest)) (NP (NNS exceptions))) (PP (IN in) (NP (DT the) (NNS states))))))))))))) (. .)))

(S1 (S (NP (DT The) (NNP White) (NNP House)) (, ,) (S (ADVP (RB never)) (ADJP (JJ eager) (PP (IN for) (NP (DT a) (NN fight))))) (, ,) (VP (VBD was) (ADJP (JJ happy) (S (VP (TO to) (VP (VB try))))) (, ,) (SBAR (WHNP (WDT which)) (S (VP (VBZ is) (SBAR (WHADVP (WRB why)) (S (NP (NNP George) (NNP Bush)) (VP (VBD said) (SBAR (S (NP (PRP he)) (VP (VBD was) (VP (VBG looking) (PP (IN for) (`` `) (NP (`` `) (NN flexibility) ('' ')) ('' ')) (NP (JJ last) (NN week))))))))))))) (. .)))

(S1 (S (S (SBAR (WHADVP (WRB When)) (S (NP (NNPS Democrats)) (VP (VBD refused) (S (VP (TO to) (VP (VB budge))))))) (, ,) (NP (JJ pro-life) (NNPS Republicans)) (VP (VBD met) (PP (IN at) (NP (DT the) (NNP White) (NNP House))) (PP (IN with) (NP (NAC (NNP Chief) (PP (IN of) (NP (NNP Staff)))) (NNP John) (NNP Sununu))) (PP (IN on) (NP (NNP Monday))))) (, ,) (CC and) (S (NP (NNP Mr.) (NNP Bush)) (ADVP (RB quickly)) (VP (VBD signaled) (NP (DT a) (NN veto)))) (. .)))

(S1 (S (UCP (PP (IN Amid) (NP (NP (NNS charges)) (PP (IN of) (NP (`` `) (NP (`` `) (NN timidity) ('' ')) ('' ') (PP (IN on) (NP (NNP Panama))))))) (CC and) (ADVP (RB elsewhere))) (, ,) (NP (DT the) (NN president)) (VP (VBD was) (RB n't) (VP (IN about) (S (VP (TO to) (VP (VB offend) (NP (PRP$ his) (ADJP (RBS most) (JJ energetic)) (NN constituency))))))) (. .)))

(S1 (S (NP (DT The) (NNP GOP) (NNS doubters)) (VP (VBD were) (PP (IN in) (NP (NNP Congress)))) (. .)))

(S1 (S (PP (IN In) (NP (NP (JJ last) (NN week) (POS 's)) (NNP House) (NN vote))) (, ,) (NP (CD 41) (NNPS Republicans)) (VP (VBD defected)) (. .)))

(S1 (S (PP (IN After) (NP (DT the) (NN vote))) (, ,) (NP (NNP Connecticut) (NNP Rep.) (NNP Nancy) (NNP Johnson)) (VP (VBN rounded) (PRT (RP up)) (NP (ADJP (RB nearly) (RB as) (JJ many)) (NNS signatures)) (PP (IN on) (NP (NP (DT a) (NN letter)) (PP (TO to) (NP (NNP Mr.) (NNP Bush))) (VP (VBG urging) (NP (PRP him)) (S (RB not) (VP (TO to) (VP (VB veto)))))))) (. .)))

(S1 (S (NP (NP (RB Even) (PDT such) (DT a) (NN pro-life)) (PP (JJ stalwart) (IN as) (NP (NP (NNP Sen.) (NNP Orrin) (NNP Hatch)) (PRN (-LRB- -LRB-) (NP (NNP R.)) (, ,) (NP (NNP Utah)) (-RRB- -RRB-))))) (VP (VBD had) (VP (VBN counseled) (NP (NP (DT some) (NN kind)) (PP (IN of) (NP (NN compromise)))))) (. .)))

(S1 (S (NP (DT The) (NNP Senate)) (VP (VBD passed) (NP (DT the) (JJ same) (NN bill)) (NP (NN yesterday)) (, ,) (PP (IN with) (NP (NP (DT a) (JJ veto-proof) (NN majority)) (PP (IN of) (NP (CD 67)))))) (. .)))

(S1 (S (NP (DT The) (NN manuevering)) (VP (VBZ illustrates) (NP (NP (DT an) (VBG emerging) (NNP Republican) (NN donnybrook)) (, ,) (VP (VBN pacified) (PP (IN since) (NP (DT the) (JJ early) (CD 1980s)))))) (. .)))

(S1 (S (PP (IN At) (NP (DT the) (CD 1988) (NNP GOP) (NN convention))) (, ,) (NP (NN abortion)) (VP (VBD was) (VP (ADVP (RB barely)) (VBN discussed) (ADVP (IN at) (DT all)) (, ,) (SBAR (IN though) (S (NP (NNS delegates)) (VP (VBD were) (VP (ADVP (RB evenly)) (VBN divided) (PP (IN on) (NP (NP (DT the) (NN question)) (PP (IN of) (NP (DT an) (JJ anti-abortion) (JJ constitutional) (NN amendment))))))))))) (. .)))

(S1 (S (S (NP (NNP Ms.) (NNP Johnson)) (VP (VBD made) (NP (DT a) (JJ passionate) (NN statement)) (PP (TO to) (NP (DT the) (NN platform) (NN committee))))) (, ,) (CC but) (S (NP (PRP she)) (VP (VBD was) (VP (VBG talking) (PP (TO to) (NP (PRP herself)))))) (. .)))

(S1 (S (ADVP (RB Now)) (NP (JJ many) (NNPS Republicans)) (VP (VBP are) (VP (VBG listening))) (. .)))

(S1 (S (NP (PRP They)) (VP (VBP 're) (ADJP (JJ frightened) (PP (IN by) (SBAR (WHNP (WP what)) (S (NP (PRP they)) (VP (VBP see) (PP (IN in) (NP (NP (NNP New) (NNP Jersey)) (, ,) (CC and) (RB especially) (NP (NNP Virginia)) (, ,) (SBAR (WHADVP (WRB where)) (S (NP (NP (JJ pro-life) (NNP GOP) (NNS candidates)) (PP (IN for) (NP (NN governor)))) (VP (VBP are) (VP (VBG being) (VP (VBN pummeled) (PP (IN on) (NP (NN abortion)))))))))))))))) (. .)))

(S1 (S (NP (NP (NNP Eddie) (NNP Mahe)) (, ,) (NP (DT a) (NNP Republican) (NN consultant)) (, ,)) (VP (VBZ says) (SBAR (S (NP (DT the) (CD two) (NNP GOP) (NNS candidates)) (VP (MD could) (VP (VB have) (VP (VBN avoided) (NP (NN trouble)) (SBAR (IN if) (S (NP (PRP they)) (VP (VBD had) (VP (VBN framed) (NP (DT the) (NN issue)) (ADVP (RB first)))))))))))) (. .)))

(S1 (S (-LRB- -LRB-) (PP (IN In) (NP (NNP Virginia))) (, ,) (NP (NP (NNP Marshall) (NNP Coleman)) (CC and) (NP (NP (PRP$ his) (JJ running) (NN mate)) (, ,) (NP (NNP Eddy) (NNP Dalton)) (, ,))) (VP (VBP are) (DT both) (PP (IN on) (NP (NP (DT the) (NN defensive)) (PP (IN for) (S (VP (VBG opposing) (NP (NNS abortions)) (PP (ADVP (RB even)) (IN in) (NP (NP (NNS cases)) (PP (IN of) (NP (NN rape) (CC or) (NN incest))))))))))) (. .) (-RRB- -RRB-)))

(S1 (S (CC But) (NP (NNP Mr.) (NNP Mahe)) (VP (VBZ adds) (, ,) (`` `) (S (`` `) (NP (NP (DT The) (JJ net) (NN loser)) (PP (IN in) (NP (DT the) (JJ next) (JJ few) (NNS years)))) (VP (VBZ is) (NP (DT the) (JJ right-to-life) (NN side))))) (. .) ('' ') ('' ')))

(S1 (S (NP (NP (NNP Darla) (NNP St.) (NNP Martin)) (, ,) (PP (IN of) (NP (NP (DT the) (NNP National) (NN Right)) (PP (TO to) (NP (NNP Life) (NNP Committee))))) (, ,)) (VP (VBZ says) (SBAR (S (NP (NP (NN exit) (NNS polls)) (PP (IN from) (NP (DT the) (CD 1988) (NN election)))) (VP (VBD had) (NP (NP (JJ single-issue) (, ,) (JJ pro-life) (NNS voters)) (VP (VBG giving) (NP (NNP Mr.) (NNP Bush)) (PP (IN about) (NP (NP (QP (CD five) (JJR more)) (NN percentage) (NNS points)) (PP (IN of) (NP (NN support) (SBAR (IN than) (S (NP (JJ pro-choice) (NNS voters)) (VP (VBD gave) (NP (NNP Michael) (NNP Dukakis))))))))))))))) (. .)))

(S1 (S (CC But) (NP (NP (NP (DT the) (NNP Supreme) (NNP Court) (POS 's)) (NN opening)) (PP (IN of) (NP (NN debate)))) (VP (MD may) (VP (VB have) (VP (VBN changed) (NP (RB even) (DT that))))) (. .)))

(S1 (S (NP (NP (NNP GOP) (NN pollster) (NNP Neil) (NNP Newhouse)) (, ,) (PP (IN of) (NP (DT the) (NNP Wirthlin) (NNP Group))) (, ,)) (VP (VBZ says) (SBAR (S (NP (NNS polls)) (VP (NP (DT this) (NN summer)) (VBD showed) (SBAR (IN that) (S (NP (DT the) (JJ single-issue) (NNS voters)) (VP (VBD had) (RB about) (VP (VBN evened) (PRT (RP out)))))))))) (. .)))

(S1 (S (S (NP (NNS Polls)) (VP (VBP are) (NP (NP (DT no) (NN substitute)) (PP (IN for) (NP (NN principle)))))) (, ,) (CC but) (S (NP (PRP they)) (VP (MD 'll) (VP (VB do) (PP (IN for) (NP (DT some) (NNS politicians)))))) (. .)))

(S1 (S (NP (DT The) (NNP Republican) (NN danger)) (VP (VBZ is) (SBAR (IN that) (S (NP (NN abortion)) (VP (MD could) (VP (VB become) (PP (IN for) (NP (NP (PRP them)) (SBAR (WHNP (WP what)) (S (NP (PRP it)) (VP (VBZ 's) (ADVP (RB long)) (VP (VBN been) (PP (IN for) (NP (NNPS Democrats))))))) (, ,) (NP (DT a) (JJ divisive) (JJ litmus) (NN test))))))))) (. .)))

(S1 (S (NP (PRP It)) (VP (VBZ 's) (ADVP (RB already)) (NP (DT that)) (PP (IN in) (NP (DT the) (NNP Bush) (NN administration))) (, ,) (PP (ADVP (IN at) (JJS least)) (IN for) (NP (NP (DT any) (NN job)) (SBAR (WHPP (IN in) (WHNP (WDT which))) (S (NP (NN abortion)) (VP (VBZ is) (ADVP (RB even)) (NP (RB remotely) (DT an) (NN issue)))))))) (. .)))

(S1 (S (NP (NNP Oklahoma) (NN official) (NNP Robert) (NNP Fulton)) (VP (VBD lost) (NP (NP (DT a) (NN chance)) (PP (IN for) (NP (NP (DT a) (JJ senior) (NN job)) (PP (IN in) (NP (NP (DT the) (NNP Department)) (PP (IN of) (NP (NP (NNP Health)) (CC and) (NP (NNP Human) (NNPS Services))))))))) (SBAR (IN after) (S (NP (JJ right-to-life) (NNS activists)) (VP (VBD opposed) (NP (PRP him)))))) (. .)))

(S1 (S (NP (NP (NNP Caldwell) (NNP Butler)) (, ,) (NP (DT a) (JJ conservative) (JJ former) (NN congressman)) (, ,)) (VP (VBD was) (VP (VBN barred) (PP (IN from) (NP (DT a) (NNP Legal) (NNPS Services) (NN post))) (, ,) (SBAR (IN after) (S (NP (PRP he)) (VP (VBD gave) (NP (NP (JJ wrong) (NNS answers)) (PP (IN on) (NP (NN abortion))))))))) (. .)))

(S1 (S (NP (NP (RB Even) (NP (DT the) (NN president) (POS 's)) (NN doctor)) (, ,) (NP (NNP Burton) (NNP Lee)) (, ,)) (VP (VBZ has) (VP (VBN said) (PP (IN on) (NP (DT the) (NN record))) (SBAR (IN that) (S (NP (PRP he)) (VP (VP (MD 'd) (VP (VB love) (S (VP (TO to) (VP (VB be) (NP (NN surgeon) (NN general))))))) (CC but) (VP (MD could) (RB n't) (VP (VB pass) (NP (DT the) (JJ pro-life) (NN test))))))))) (. .)))

(S1 (S (PP (IN In) (NP (NP (DT the) (NN case)) (PP (IN of) (NP (NNP HHS) (NNP Secretary) (NNP Louis) (NNP Sullivan))))) (, ,) (NP (DT the) (JJ litmus) (NN test)) (VP (MD could) (ADVP (RB yet)) (VP (VB damage) (NP (NP (NNS issues)) (ADJP (JJ important) (PP (TO to) (NP (NP (JJ other) (NNS parts)) (PP (IN of) (NP (DT the) (NNP Republican) (NN coalition))))))))) (. .)))

(S1 (S (SBAR (IN After) (S (NP (NNP Mr.) (NNP Sullivan)) (VP (VBN waffled) (PP (IN on) (NP (NN abortion))) (NP (JJ last) (NN year))))) (, ,) (NP (DT the) (NNP White) (NNP House)) (VP (VBD appeased) (NP (NNS right-to-lifers)) (PP (IN by) (S (VP (VBG surrounding) (NP (PRP him)) (PP (IN with) (NP (JJ pro-life) (NNS deputies))))))) (. .)))

(S1 (S (NP (NP (PRP$ Their) (NNS views)) (PP (IN on) (NP (NN health) (NN care) (CC and) (NN welfare)))) (VP (VBD did) (RB n't) (VP (ADVP (RB much)) (VB matter) (, ,) (SBAR (IN though) (S (NP (NNP HHS)) (VP (VBZ spends) (NP (NP (NNS billions)) (NP (DT a) (NN year))) (PP (IN on) (NP (DT both)))))))) (. .)))

(S1 (S (NP (PRP It)) (VP (VBZ makes) (NP (NP (RB only) (DT a) (NN handful)) (PP (IN of) (NP (JJ abortion-related) (NNS decisions))))) (. .)))

(S1 (S (SBAR (IN Though) (S (NP (NNPS Democrats)) (VP (MD can) (VP (VB gloat) (PP (IN at) (NP (PDT all) (DT this))) (PP (IN for) (NP (RB now))))))) (, ,) (NP (PRP they)) (VP (MD may) (VP (VB want) (S (VP (TO to) (VP (VB contain) (NP (PRP$ their) (NN glee))))))) (. .)))

(S1 (S (PP (IN On) (NP (NN abortion))) (, ,) (NP (PRP$ their) (JJ own) (NN day)) (VP (MD will) (VP (VB come))) (. .)))

(S1 (S (ADVP (RB Eventually)) (NP (RB even) (NNPS Republicans)) (VP (MD will) (VP (VB find) (NP (NP (DT a) (NN way)) (SBAR (S (VP (TO to) (VP (VB frame) (NP (DT the) (NN issue)) (PP (IN in) (NP (NP (NNS ways)) (SBAR (WHNP (WDT that)) (S (VP (VB expose) (NP (JJ pro-choice) (NN absolutism)))))))))))))) (. .)))

(S1 (SQ (VBZ Does) (NP (DT the) (NN candidate)) (VP (VB favor) (NP (NP (JJ parental) (NN consent)) (PP (IN for) (NP (JJ teen-age) (NNS abortions))))) (. ?)))

(S1 (S (-LRB- -LRB-) (NP (DT The) (JJ pro-choice) (NN lobby)) (VP (VBZ does) (RB n't)) (. .)))

(S1 (S (NP (-RRB- -RRB-) (WP What) (RB about)) (VP (VBG banning) (NP (NP (NNS abortions)) (PP (IN in) (NP (DT the) (ADJP (JJ second) (CC and) (JJ third)) (NNS trimesters))))) (. ?)))

(S1 (S (-LRB- -LRB-) (NP (DT The) (NN lobby)) (VP (VBZ says) (ADVP (RB no) (RB again))) (. .) (-RRB- -RRB-)))

(S1 (S (NP (NN Democracy)) (VP (VBZ is) (VP (VBG forcing) (NP (DT the) (NN abortion) (NN debate)) (PP (IN toward) (NP (JJ healthy) (NN compromise))) (, ,) (PP (IN toward) (NP (DT the) (JJ unpolarizing) (NN middle))))) (. .)))

(S1 (S (S (NP (NNP Roe) (CC v.) (NNP Wade)) (VP (VBD pre-empted) (NP (JJ political) (NN debate)))) (, ,) (IN so) (S (NP (DT the) (NNS extremes)) (VP (VBN blossomed))) (. .)))

(S1 (S (ADVP (RB Now)) (NP (DT the) (JJ ambivalent) (NN middle)) (, ,) (S (NP (NP (DT a) (JJ moral) (NN majority)) (PP (IN of) (NP (NNS sorts))))) (, ,) (VP (VBZ is) (VP (VBG reasserting) (NP (PRP itself)))) (. .)))

(S1 (S (PP (IN Within) (NP (DT a) (JJ few) (NNS years))) (, ,) (NP (NP (DT the) (NN outcome)) (PP (IN in) (NP (JJS most) (NNS states)))) (VP (VBZ is) (ADJP (JJ likely) (S (VP (TO to) (VP (VB be) (SBAR (IN that) (S (NP (NN abortion)) (VP (MD will) (VP (VB be) (ADJP (ADJP (RBR more) (JJ restricted)) (, ,) (CC but) (ADJP (RB not) (RB completely) (VBN banned)))))))))))) (. .)))

(S1 (S (NP (DT This)) (VP (VBZ is) (SBAR (WHADVP (WRB where)) (S (NP (DT the) (NNS voters)) (VP (VBP are) (, ,) (SBAR (WHNP (WDT which)) (S (VP (VBZ is) (SBAR (WHADVP (WRB where)) (S (NP (NNS politicians)) (ADVP (RB usually)) (VP (VBP end) (PRT (RP up)))))))))))) (. .)))

