(S1 (S (SBAR (IN IF) (S (NP (PRP YOU)) (VP (VBP FORCE) (S (NP (JJ financial) (NNS planners)) (VP (TO to) (VP (VB sum) (PRT (RP up)) (NP (PRP$ their) (ADJP (RBS most) (JJ important)) (NN advice)) (PP (IN in) (NP (DT a) (JJ single) (NN sentence))))))))) (, ,) (NP (PRP it)) (VP (MD would) (ADVP (RB probably)) (VP (VB be) (NP (NP (DT a) (JJ one-word) (NN sentence)) (: :) (S (VP (VB Diversify)))))) (. .)))

(S1 (S (S (VP (VBG Judging) (PP (IN by) (NP (NP (NP (NP (DT a) (NN poll)) (PP (IN of) (NP (NNP Wall) (NNP Street) (NNP Journal)))) (NP (NNS readers))) (VP (VBN conducted) (NP (DT this) (NN summer)) (PP (IN by) (NP (NNP Erdos) (CC &) (NNP Morgan) (NNP Inc.)))))))) (, ,) (NP (JJ serious) (NNS investors)) (VP (VBP have) (VP (VBN taken) (NP (DT that) (NN advice)) (PP (TO to) (NP (NN heart))))) (. .)))

(S1 (S (NP (QP (RB Nearly) (CD 1,000)) (NNS investors)) (VP (VBD responded) (PP (TO to) (NP (NP (DT the) (NNP Journal) (POS 's)) (NN poll))) (, ,) (S (VP (VBG providing) (NP (NP (DT an) (JJ in-depth) (NN look)) (PP (IN at) (NP (PRP$ their) (NNS portfolios))))))) (. .)))

(S1 (S (NP (DT Those) (NNS portfolios)) (VP (VBP are) (ADJP (RB remarkably) (JJ diversified))) (. .)))

(S1 (S (PP (IN By) (S (VP (VBG spreading) (NP (PRP$ their) (NN wealth)) (PP (IN among) (NP (JJ several) (NN investment) (NNS alternatives)))))) (, ,) (NP (DT the) (NNS respondents)) (VP (VBP have) (VP (VBN protected) (NP (PRP themselves)) (PP (IN against) (NP (NP (NNS squalls)) (PP (IN in) (NP (NP (DT any) (CD one) (NN area)) (, ,) (SBAR (SINV (VP (VB be) (NP (PRP it))) (NP (NP (NNS stocks)) (, ,) (NP (NNS bonds)) (CC or) (NP (JJ real) (NN estate))))))))))) (. .)))

(S1 (S (PP (IN For) (NP (NN example))) (, ,) (NP (NP (QP (RB about) (CD 88)) (NN %)) (PP (IN of) (NP (NNP Journal) (NNS readers)))) (VP (VBN owned) (NP (NN stock)) (PRN (-LRB- -LRB-) (ADVP (RB down) (RB slightly) (PP (IN from) (NP (NP (CD 91) (NN %)) (PP (IN in) (NP (DT a) (JJ similar) (NN poll)))) (NP (JJ last) (NN year)))) (-RRB- -RRB-))) (. .)))

(S1 (S (CC But) (NP (RB only) (CD 17.5) (NN %)) (VP (VBD said) (SBAR (S (NP (PRP they)) (VP (VBD had) (NP (QP (JJR more) (IN than) (PDT half)) (PRP$ their) (NN money)) (PP (IN in) (NP (DT the) (NN stock) (NN market))))))) (. .)))

(S1 (S (ADVP (RB Similarly)) (, ,) (NP (NP (CD 57) (NN %)) (PP (IN of) (NP (NNS respondents)))) (VP (JJ own) (NP (NP (NP (NNS shares)) (PP (IN in) (NP (DT a) (JJ money-market) (JJ mutual) (NN fund)))) (, ,) (CC and) (NP (ADJP (CD 33) (NN %)) (JJ own) (JJ municipal) (NNS bonds)))) (. .)))

(S1 (S (CC But) (NP (NP (QP (RB only) (CD 6) (NN %) (TO to) (CD 7) (NN %))) (PP (IN of) (NP (DT the) (NNS investors)))) (VP (VBD were) (VP (VBG committing) (NP (QP (JJR more) (IN than) (PDT half)) (PRP$ their) (NNS funds)) (PP (TO to) (NP (NP (DT either)) (PP (IN of) (NP (DT those) (NNS alternatives))))))) (. .)))

(S1 (S (NP (NP (DT The) (NN poll)) (, ,) (VP (VBN conducted) (NP (NNP Aug.) (CD 7-28))) (, ,)) (ADVP (RB also)) (VP (VBZ provides) (NP (NP (DT a) (NN glimpse)) (PP (IN into) (NP (NP (DT the) (NN thinking)) (PP (IN of) (NP (JJ serious) (NNS investors)))))) (PP (IN on) (NP (NP (DT a) (NN variety)) (PP (IN of) (NP (JJ other) (NNS topics)))))) (. .)))

(S1 (S (NP (PRP It)) (VP (VBD found) (NP (PRP them)) (PP (IN in) (NP (DT a) (JJ cautious) (PRN (, ,) (CC but) (ADJP (RB not) (JJ downbeat)) (, ,)) (NN mood)))) (. .)))

(S1 (S (S (NP (QP (IN Of) (CD 1,500)) (NNS people)) (VP (VBD sent) (NP (DT a) (NN questionnaire)))) (, ,) (NP (CD 951)) (VP (VBD replied)) (. .)))

(S1 (S (NP (NP (DT The) (NN response) (NN rate)) (, ,) (NP (QP (JJR more) (IN than) (CD 63)) (NN %)) (, ,)) (VP (VBZ allows) (S (NP (DT the) (NNS results)) (VP (TO to) (VP (VB be) (VP (VBN interpreted) (PP (IN with) (NP (NP (DT a) (JJ high) (NN degree)) (PP (IN of) (NP (NN confidence)))))))))) (. .)))

(S1 (S (NP (DT The) (NNS results)) (VP (MD ca) (RB n't) (VP (VB be) (VP (VBN extrapolated) (PP (TO to) (NP (DT all) (NNS investors))) (, ,) (ADVP (RB though))))) (. .)))

(S1 (S (NP (NNP Journal) (NNS readers)) (VP (VBP are) (ADJP (RB relatively) (JJ affluent)) (, ,) (PP (IN with) (NP (NP (DT a) (JJ median) (NN household) (NN income)) (PP (IN of) (NP (QP (IN between) ($ $) (CD 75,000) (CC and) ($ $) (CD 99,000))))))) (. .)))

(S1 (S (S (NP (NP (RB Nearly) (NN half)) (PP (IN of) (NP (NP (DT the) (NNS respondents)) (PRN (-LRB- -LRB-) (NP (CD 47) (NN %)) (-RRB- -RRB-))))) (VP (VBD said) (SBAR (S (NP (PRP$ their) (NN investment) (NN portfolio)) (VP (VBD was) (ADJP (JJ worth) (NP ($ $) (CD 250,000) (QP (CC or) (JJR more))))))))) (, ,) (CC and) (S (NP (CD 17) (NN %)) (VP (VBD said) (SBAR (S (NP (PRP it)) (VP (VBD was) (ADJP (JJ worth) (NP (QP ($ $) (CD 1) (CD million) (CC or) (JJR more))))))))) (. .)))

(S1 (S (S (NP (DT The) (NNS respondents)) (VP (VBD were) (ADJP (RB mildly) (JJ optimistic) (PP (IN about) (NP (NP (DT the) (NN economy)) (CC and) (NP (NN investment) (NNS markets))))))) (, ,) (CC but) (S (NP (PRP$ their) (JJ collective) (NNS judgments)) (VP (VBD were) (NP (DT a) (ADJP (VB notch) (JJR more)) (NN sober) (SBAR (IN than) (S (NP (PRP they)) (VP (VBD were) (ADVP (NP (DT a) (NN year)) (RB ago)))))))) (. .)))

(S1 (S (PP (IN For) (NP (NN example))) (, ,) (NP (NP (CD 12) (NN %)) (PP (IN of) (NP (NP (DT this) (NN year) (POS 's)) (NNS respondents)))) (VP (VBD said) (SBAR (S (NP (PRP they)) (VP (VBP expect) (NP (DT a) (NN recession)) (PP (IN within) (NP (CD 12) (NNS months))))))) (. .)))

(S1 (S (NP (JJ Last) (NN year)) (, ,) (NP (QP (RB only) (CD 8)) (NN %)) (VP (VBD were) (VP (VBG expecting) (NP (DT a) (NN recession)))) (. .)))

(S1 (S (NP (NP (DT An) (JJ additional) (CD 56) (NN %)) (PP (IN of) (NP (NP (DT this) (NN year) (POS 's)) (NNS respondents)))) (VP (VBP expect) (S (NP (DT the) (NN economy)) (VP (TO to) (VP (VB slow) (PRT (RP down)) (PP (IN during) (NP (DT the) (JJ next) (CD 12) (NNS months))))))) (. .)))

(S1 (S (NP (NP (QP (RB Only) (CD 42)) (NN %)) (PP (IN of) (NP (NP (JJ last) (NN year) (POS 's)) (NNS respondents)))) (VP (VBD anticipated) (VP (VBG slowing) (NP (NN growth)))) (. .)))

(S1 (S (ADVP (RB Apparently)) (, ,) (NP (DT the) (NNS respondents)) (VP (VBP do) (RB n't) (VP (VB think) (SBAR (IN that) (S (NP (DT an) (JJ economic) (NN slowdown)) (VP (MD would) (VP (VB harm) (NP (DT the) (JJ major) (NN investment) (NNS markets)) (ADVP (RB very) (RB much)))))))) (. .)))

(S1 (S (NP (NP (DT A) (JJ slim) (NN majority)) (PRN (-LRB- -LRB-) (NP (CD 51) (NN %)) (-RRB- -RRB-))) (VP (VBP think) (SBAR (S (NP (NN stock) (NNS prices)) (VP (MD will) (VP (VB be) (ADJP (ADJP (JJR higher) (PP (IN in) (NP (NNP August) (CD 1990)))) (SBAR (IN than) (S (NP (PRP they)) (VP (VBD were) (PP (IN in) (NP (NNP August) (CD 1989)))))))))))) (. .)))

(S1 (S (NP (NP (PRP$ Their) (NN verdict)) (PP (IN on) (NP (JJ real) (NN estate)))) (VP (VBZ is) (ADVP (RB almost)) (NP (DT the) (JJ same))) (. .)))

(S1 (S (NP (QP (RB Some) (CD 50)) (NN %)) (VP (VBP expect) (S (NP (NP (JJ real) (NN estate)) (PP (IN in) (NP (PRP$ their) (JJ local) (NN area)))) (VP (TO to) (VP (VB increase) (PP (IN in) (NP (NN value))) (PP (IN over) (NP (DT the) (JJ next) (CD 12) (NNS months))))))) (. .)))

(S1 (S (PP (IN By) (NP (NN contrast))) (, ,) (NP (QP (RB only) (CD 32)) (NN %)) (VP (VBP expect) (NP (NP (DT an) (NN increase)) (PP (IN in) (NP (NP (DT the) (NN price)) (PP (IN of) (NP (NN gold))))))) (. .)))

(S1 (S (SBAR (IN Since) (S (NP (NN gold)) (VP (VBZ tends) (S (VP (TO to) (VP (VB soar) (SBAR (WHADVP (WRB when)) (S (NP (NN inflation)) (VP (VBZ is) (ADJP (JJ high))))))))))) (, ,) (NP (DT that) (NN finding)) (VP (VBZ suggests) (SBAR (IN that) (S (NP (NNS people)) (VP (VBP believe) (SBAR (S (NP (NN inflation)) (VP (VBZ remains) (PP (IN under) (NP (NN control)))))))))) (. .)))

(S1 (S (SBAR (RB Even) (IN though) (S (NP (QP (RB only) (CD 12)) (NN %)) (ADVP (RB actually)) (VP (VBD predicted) (NP (DT a) (NN recession))))) (, ,) (NP (JJ many) (NNS respondents)) (VP (VBD were) (VP (VBG taking) (NP (DT a) (ADJP (JJ better-safe-than) (JJ sorry)) (NN investment) (NN stance)))) (. .)))

(S1 (S (NP (RB Nearly) (DT a) (JJ third)) (VP (VBD said) (SBAR (S (NP (PRP they)) (VP (VBP have) (VP (VBN made) (S (NP (DT some) (NN portfolio) (NNS changes)) (VP (TO to) (VP (VB anticipate) (NP (DT a) (JJ possible) (NN recession)))))))))) (. .)))

(S1 (S (PP (IN For) (NP (DT the) (JJS most) (NN part))) (, ,) (NP (DT the) (NNS changes)) (VP (VBD were) (`` `) (ADJP (`` `) (JJ slight))) (. .) ('' ') ('' ')))

(S1 (NP (NP (DT The) (NNS two-thirds)) (SBAR (WHNP (WP who)) (S (VP (VBP have) (RB n't) (VP (VBN tried) (S (VP (TO to) (VP (VB make) (S (NP (PRP$ their) (NNS portfolios)) (ADJP (RBR more) (JJ recession-resistant) (S (VP (VBD were) (VP (VBN split) (ADVP (RB about) (RB evenly)) (PP (IN between) (NP (NP (NNS investors)) (SBAR (WHNP (WP who)) (S (VP (`` `) (`` `) (VBP do) (RB n't) (VP (VB believe) (PP (IN in) (S (VP (VBG trying) (S (VP (TO to) (VP (VP (VB predict) (NP (DT the) (NNS markets) (POS ')) ('' ') (PRN (-LRB- -LRB-) (NP (QP (RB about) (CD 31)) (NN %)) (-RRB- -RRB-))) (CC and) (VP (NP (NNS investors)) (SBAR (WHNP (WP who)) (S (VP (VP (`` `) (`` `) (VBP do) (RB n't) (VP (VB expect) (NP (NP (DT a) (NN recession) (POS ')) ('' ') (PRN (-LRB- -LRB-) (PP (IN about) (NP (CD 15) (NN %))) (-RRB- -RRB-))))) (CC or) (VP (VBP are) (ADJP (`` `) (`` `) (ADJP (JJ unsure)) (SBAR (IN if) (CC and) (SBAR (WHADVP (WRB when)) (S (NP (DT a) (NN recession)) (VP (MD might) (VP (VB come) ('' ') (PRN (: ') (-LRB- -LRB-) (NP (QP (RB about) (CD 22)) (NN %)) (-RRB- -RRB-))))))))))))))))))))))))))))))))))))) (. .)))

(S1 (S (NP (NP (DT A) (JJ buy-and-hold) (NN approach)) (PP (TO to) (NP (NNS stocks)))) (VP (VBZ continues) (S (VP (TO to) (VP (VB be) (NP (NP (DT the) (NN rule)) (PP (IN among) (NP (NNS respondents)))))))) (. .)))

(S1 (S (NP (JJS Most)) (VP (VP (VBP own) (NP (QP (CD two) (TO to) (CD 10)) (NNS stocks))) (, ,) (CC and) (VP (VBP buy) (CC or) (VBP sell) (NP (NP (QP (DT no) (RBR more) (IN than) (CD three)) (NNS times)) (NP (DT a) (NN year))))) (. .)))

(S1 (S (S (NP (QP (DT Some) (CD 71)) (NN %)) (VP (VBD had) (VP (VBN bought) (NP (DT some) (NN stock)) (PP (IN in) (NP (DT the) (JJ past) (NN year)))))) (: ;) (S (NP (QP (RB only) (CD 57)) (NN %)) (VP (VBD had) (VP (VBN sold) (NP (DT any))))) (. .)))

(S1 (S (CC But) (NP (NP (DT the) (VBG lurking) (NN shadow)) (PP (IN of) (NP (NP (CD 1987) (POS 's)) (NN stock-market) (NN crash)))) (ADVP (RB still)) (VP (VBZ seems) (ADJP (JJ dark))) (. .)))

(S1 (S (NP (QP (IN About) (CD 33)) (NN %)) (VP (VBN considered) (S (NP (DT another) (NN crash)) (`` `) (NP (`` `) (NP (JJ likely)) (, ,) ('' ')) ('' ')) (SBAR (IN while) (S (NP (QP (RB about) (CD 63)) (NN %)) (VP (VBD said) (SBAR (S (NP (CD one)) (VP (VBZ is) (`` `) (ADJP (`` `) (JJ unlikely))))))))) (. .) ('' ') ('' ')))

(S1 (S (NP (DT Those) (NNS percentages)) (ADVP (RB hardly)) (VP (VBD changed) (PP (IN from) (NP (NP (DT the) (JJ previous) (NN year) (POS 's)) (NN poll)))) (. .)))

(S1 (S (CC And) (NP (NP (DT the) (NNS respondents) (POS ')) (NN commitment) (PP (TO to) (NP (DT the) (NN stock) (NN market)))) (VP (VBZ remains) (ADJP (ADJP (RB somewhat) (JJR lighter)) (PP (IN than) (ADJP (JJ usual))))) (. .)))

(S1 (S (NP (NP (QP (RB About) (CD 60)) (NN %)) (PP (IN of) (NP (PRP them)))) (VP (VBD said) (SBAR (S (NP (PRP they)) (VP (MD would) (`` `) (ADVP (`` `) (RB ordinarily) ('' ')) ('' ') (VP (VB have) (NP (NP (QP (IN at) (JJS least) (CD 25)) (NN %)) (PP (IN of) (NP (PRP$ their) (NN money)))) (PP (IN in) (NP (NNS stocks)))))))) (. .)))

(S1 (S (CC But) (PP (IN as) (PP (IN of) (NP (NNP August)))) (, ,) (NP (QP (RB only) (CD 50)) (NN %)) (ADVP (RB actually)) (VP (VBD had) (NP (NP (JJ stock-market) (NNS investments)) (PP (IN of) (NP (DT that) (NN size))))) (. .)))

(S1 (S (NP (JJS Most) (NN stock-market) (NNS indexes)) (VP (VBD were) (VP (VBG hitting) (NP (JJ all-time) (NNS highs)) (PP (IN at) (NP (NP (RB around) (DT the) (NN time)) (PP (IN of) (NP (DT the) (NN poll))))))) (. .)))

(S1 (S (CC But) (NP (PRP it)) (VP (VBZ appears) (SBAR (IN that) (S (NP (JJ many) (NNP Journal) (NNS readers)) (VP (VBD were) (VP (VBG taking) (NP (DT that) (NN news)) (PP (IN as) (NP (NP (NP (DT a) (NN sign)) (SBAR (S (VP (TO to) (VP (VB be) (ADJP (JJ cautious))))))) (, ,) (CONJP (RB rather) (IN than)) (NP (DT a) (NN signal) (S (VP (TO to) (VP (VB jump) (PP (IN on) (NP (DT the) (NN bandwagon)))))))))))))) (. .)))

(S1 (S (NP (NNP Mr.) (NNP Dorfman)) (VP (VBZ covers) (NP (NP (VBG investing) (NNS issues)) (PP (IN from) (NP (NP (DT The) (NNP Wall) (NNP Street) (NNP Journal) (POS 's)) (NNP New) (NNP York) (NN bureau))))) (. .)))

