(S1 (S (S (NP (NP (DT A) (VBN REVISED) (NN BID)) (PP (IN FOR) (NP (NNP UAL)))) (VP (VBZ is) (VP (VBG being) (VP (VBN prepared) (PP (IN by) (NP (DT a) (JJ labor-management) (NN group))))))) (, ,) (NP (NNS sources)) (VP (VBD said)) (. .)))

(S1 (S (NP (NP (DT The) (JJ new) (NN proposal)) (, ,) (SBAR (WHNP (WDT which)) (S (VP (MD would) (VP (VP (VB transfer) (NP (NP (NN majority) (NN ownership)) (PP (IN of) (NP (NP (NNP United) (NNP Air) (POS 's)) (NN parent)))) (PP (TO to) (NP (NNS employees)))) (CC and) (VP (VB leave) (NP (DT some) (NN stock)) (PP (IN in) (NP (JJ public) (NNS hands)))))))) (, ,)) (VP (MD would) (VP (VB be) (VP (VBN valued) (PP (IN at) (NP (NP (NP (QP ($ $) (CD 225) (TO to) ($ $) (CD 240))) (NP (DT a) (NN share))) (, ,) (CC or) (NP (QP (RB as) (JJ much) (IN as) ($ $) (CD 5.42) (CD billion)))))))) (. .)))

(S1 (S (CC But) (NP (NP (NNP UAL) (POS 's)) (NN board)) (VP (VBZ is) (RB n't) (VP (VBN expected) (S (VP (TO to) (VP (VB give) (NP (JJ quick) (NN approval)) (PP (TO to) (NP (NP (DT any) (NN offer)) (PP (ADVP (RB substantially)) (IN below) (NP (NP (DT the) (ADJP ($ $) (JJ 300-a-share)) (NN bid)) (SBAR (WHNP (WDT that)) (S (VP (VBD collapsed) (ADVP (RB recently)))))))))))))) (. .)))

(S1 (S (NP (NN Takeover) (NN stock) (NNS speculators)) (VP (VBP have) (VP (VBN incurred) (NP (NP (NN paper) (NNS losses)) (PP (IN of) (NP (QP (IN over) ($ $) (CD 700) (CD million))))) (PP (IN from) (NP (DT the) (VBN failed) (NNP UAL) (NN offer))) (, ,) (NP (NP (PRP$ their) (JJS worst) (NN loss)) (ADVP (RB ever)) (PP (IN on) (NP (DT a) (JJ single) (NN deal)))))) (. .)))

(S1 (S (NP (NNP Ford) (CC and) (NNP Saab)) (VP (VBD ended) (NP (NP (NNS talks)) (PP (IN about) (NP (DT a) (JJ possible) (NN alliance)))) (SBAR (IN after) (S (NP (NNP Ford)) (VP (VBD concluded) (SBAR (IN that) (S (NP (DT the) (NN cost) (S (VP (TO to) (VP (VB modernize) (NP (NP (NNP Saab) (POS 's)) (NN car) (NNS operations)))))) (VP (MD would) (VP (VB outweigh) (NP (DT the) (JJ likely) (NN return)))))))))) (. .)))

(S1 (S (NP (NP (DT The) (NN collapse)) (NP (NNP Friday))) (VP (VBD prompted) (NP (NN speculation) (SBAR (IN that) (S (NP (NNP Ford)) (VP (MD would) (VP (VB intensify) (NP (NP (PRP$ its) (NN pursuit)) (PP (IN of) (NP (NP (NNP Jaguar)) (, ,) (SBAR (WHNP (WDT which)) (S (VP (VBZ is) (VP (VBG negotiating) (NP (NP (DT a) (JJ defensive) (NN alliance)) (PP (IN with) (NP (NNP GM))))))))))))))))) (. .)))

(S1 (S (NP (NN Stock) (NNS prices)) (VP (VBD edged) (PRT (RP up)) (PP (IN in) (NP (JJ quiet) (NN trading))) (NP (NNP Friday))) (. .)))

(S1 (S (NP (DT The) (NNP Dow) (NNP Jones) (NNS industrials)) (VP (VBD rose) (NP (CD 5.94)) (, ,) (PP (TO to) (NP (CD 2689.14))) (, ,) (S (VP (VBG making) (NP (NP (DT the) (NN gain)) (PP (IN for) (NP (DT the) (NN week)))) (NP (NP (DT a) (JJ record) (CD 119.88) (NNS points)) (, ,) (CC or) (NP (CD 4.7) (NN %)))))) (. .)))

(S1 (S (S (NP (JJS Most) (NN bond) (NNS prices)) (VP (VBD fell))) (, ,) (CC but) (S (NP (NP (NN junk) (NNS bonds)) (CC and) (NP (DT the) (NN dollar))) (VP (VBD rose))) (. .)))

(S1 (S (NP (NNP New) (NNP York) (NNP City) (NNS bonds)) (VP (VBD were) (VP (VBN sold) (PRT (RP off)) (PP (IN by) (NP (JJ many) (NNS investors))) (NP (JJ last) (NN week)) (PP (IN amid) (NP (ADJP (JJ political) (CC and) (JJ economic)) (NN uncertainty))))) (. .)))

(S1 (S (NP (JJR More) (NNS banks)) (VP (VBP are) (VP (VBG being) (VP (VBN hurt) (PP (IN by) (NP (NP (NNP Arizona) (POS 's)) (VBG worsening) (NN real-estate) (NN slump)))))) (. .)))

(S1 (S (NP (NP (NNP First) (NNP Interstate) (NNP Bancorp)) (PP (IN of) (NP (NNP Los) (NNP Angeles)))) (VP (VBD said) (NP (NNP Friday)) (SBAR (S (NP (PRP it)) (VP (VBZ expects) (NP (DT a) (ADJP (QP ($ $) (CD 16) (CD million))) (JJ quarterly) (NN loss))))) (, ,) (S (VP (VBG citing) (NP (NP (JJ property-loan) (NNS losses)) (PP (IN at) (NP (PRP$ its) (NNP Arizona) (NN unit))))))) (. .)))

(S1 (S (NP (NP (NNP OPEC) (POS 's)) (NN ability) (S (VP (TO to) (VP (VB produce) (NP (NP (JJR more) (NN oil)) (PP (IN than) (NP (PRP it)))))))) (VP (MD can) (VP (VB sell) (SBAR (S (VP (VBZ is) (VP (VBG starting) (S (VP (TO to) (VP (VB cast) (NP (DT a) (NN shadow)) (PP (IN over) (NP (NN world) (NN oil) (NNS markets)))))))))))) (. .)))

(S1 (S (NP (NNP OPEC) (NNS officials)) (VP (VBP worry) (SBAR (IN that) (S (NP (NNS prices)) (VP (MD could) (VP (VB collapse) (NP (NP (DT a) (JJ few) (NNS months)) (PP (IN from) (NP (RB now)))) (SBAR (IN if) (S (NP (DT the) (NN group)) (VP (VBZ does) (RB n't) (VP (VB adopt) (NP (JJ new) (NNS quotas))))))))))) (. .)))

(S1 (S (S (NP (NNP Saatchi) (CC &) (NNP Saatchi)) (VP (VP (VBZ has) (VP (VBN attracted) (NP (NP (NNS offers)) (PP (IN for) (NP (NP (DT some)) (PP (IN of) (NP (PRP$ its) (NN advertising) (NNS units)))))))) (CC but) (VP (VBZ has) (VP (VBN rejected) (NP (PRP them)))))) (, ,) (NP (NNS sources)) (VP (VBD said)) (. .)))

(S1 (S (NP (NP (DT The) (NNS proposals)) (, ,) (PP (IN from) (S (NP (NNS suitors)) (VP (VBG including) (NP (NNP Interpublic) (NNP Group))))) (, ,)) (VP (VBP come) (SBAR (IN as) (S (NP (DT the) (JJ London-based) (NN ad) (NN giant)) (VP (VBZ struggles) (PP (IN through) (NP (NP (PRP$ its) (ADJP (RBS most) (JJ difficult)) (NN period)) (ADVP (RB ever)))))))) (. .)))

(S1 (S (NP (NNP Qintex) (NNP Australia)) (VP (VBD suffered) (NP (DT another) (NN setback)) (NP (NNP Friday)) (SBAR (WHADVP (WRB when)) (S (NP (PRP$ its) (ADJP (NNP Los) (JJ Angeles-based)) (NN affiliate)) (VP (VBD filed) (PP (IN for) (NP (NNP Chapter) (CD 11) (NN protection))))))) (. .)))

(S1 (S (NP (NP (NNP Qintex) (POS 's)) (ADJP (QP ($ $) (CD 1.5) (CD billion))) (NN pact) (S (VP (TO to) (VP (VB buy) (NP (NN MGM\/UA)))))) (VP (VBD collapsed) (ADVP (RB recently))) (. .)))

(S1 (S (NP (NNP Kodak)) (VP (VBD entered) (NP (DT the) (JJ high-definition) (NN television) (NN market)) (PP (IN by) (S (VP (VBG unveiling) (NP (NP (DT a) (NN device)) (SBAR (WHNP (WDT that)) (S (VP (MD can) (VP (VB convert) (NP (JJ conventional) (NN film)) (PP (IN into) (NP (JJ high-definition) (NN video)))))))))))) (. .)))

(S1 (S (NP (NP (DT A) (NN handful)) (PP (IN of) (NP (JJ small) (NNP U.S.) (NNS firms)))) (VP (VBP are) (VP (VBG refusing) (S (VP (TO to) (VP (VB cede) (NP (DT the) (JJ HDTV-screen) (NN market)) (PP (TO to) (NP (JJ Japanese) (NNS manufacturers)))))))) (. .)))

(S1 (S (NP (NN Freight) (NNS rates)) (VP (VBP are) (VP (VP (VBG bottoming) (PRT (RP out))) (CC and) (VP (VBG starting) (S (VP (TO to) (VP (VB rebound))))))) (. .)))

(S1 (S (NP (NN Trucking) (, ,) (NN shipping) (CC and) (NN air-freight) (NNS firms)) (VP (VBP are) (DT all) (VP (VBG planning) (NP (NP (NN rate) (NNS increases)) (, ,) (PP (VBG reflecting) (NP (NP (JJR higher) (NNS costs)) (CC and) (NP (VBN tightened) (NN demand))))))) (. .)))

(S1 (S (NP (NNP Texaco)) (VP (VBZ has) (VP (VBN purchased) (NP (NP (DT an) (JJ oil-producing) (NN company)) (PP (IN in) (NP (NNP Texas)))) (PP (IN for) (NP (QP ($ $) (CD 476.5) (CD million)))))) (. .)))

(S1 (S (NP (PRP It)) (VP (VBZ is) (NP (NP (NP (NNP Texaco) (POS 's)) (JJ first) (JJ major) (NN acquisition)) (SBAR (IN since) (S (NP (NP (DT the) (JJ legal) (NN battle)) (PP (IN with) (NP (NNP Pennzoil)))) (VP (VBD began) (ADVP (NP (IN over) (CD four) (NNS years)) (RB ago))))))) (. .)))

(S1 (S (NP (NNP Winnebago)) (VP (VP (VBD posted) (NP (DT a) (VBN widened) (JJ quarterly) (NN loss))) (CC and) (VP (VBD slashed) (NP (PRP$ its) (NN dividend)) (PP (IN in) (NP (NN half)))) (, ,) (S (VP (VBG reflecting) (NP (NP (DT the) (VBG deepening) (NN slowdown)) (PP (IN in) (NP (JJ recreational) (NN vehicle) (NNS sales))))))) (. .)))

(S1 (NP (NNS Markets) (: --)))

(S1 (NP (NNS Stocks) (: :)))

(S1 (NP (NP (NN Volume)) (NP (CD 164,830,000) (NNS shares)) (. .)))

(S1 (NP (NP (NP (NNP Dow) (NNP Jones) (NNS industrials)) (NP (NP (CD 2689.14)) (, ,) (ADVP (RB up) (NP (CD 5.94))))) (: ;) (NP (NP (NN transportation)) (NP (NP (CD 1230.80)) (, ,) (ADVP (RB off) (NP (CD 32.71))))) (: ;) (NP (NP (NNS utilities)) (NP (NP (CD 215.48)) (, ,) (ADVP (RB up) (NP (CD 0.06))))) (. .)))

(S1 (NP (NNS Bonds) (: :)))

(S1 (NP (NP (NNP Shearson) (NNP Lehman) (NNP Hutton) (NNP Treasury) (NN index)) (NP (NP (CD 3392.49)) (, ,) (ADVP (RB off)))))

(S1 (NP (NNS Commodities) (: :)))

(S1 (NP (NP (NP (NNP Dow) (NNP Jones) (NNS futures) (NN index)) (NP (CD 129.62)) (, ,) (ADVP (IN off) (NP (CD 0.51)))) (: ;) (NP (NP (NN spot) (NN index)) (NP (CD 131.34)) (, ,) (ADVP (IN up) (NP (CD 0.88)))) (. .)))

(S1 (NP (NN Dollar) (: :)))

(S1 (NP (NP (NP (CD 142.43) (NN yen)) (, ,) (ADVP (IN up) (NP (CD 0.73)))) (: ;) (NP (NP (CD 1.8578) (NNS marks)) (, ,) (ADVP (IN up) (NP (CD 0.0108)))) (. .)))

