(S1 (S (S (NP (NN PROGRAM) (NN TRADING)) (VP (VBZ is) (VP (VBG being) (VP (VBN curbed) (PP (IN by) (NP (JJR more) (NNS securities) (NNS firms))))))) (, ,) (CC but) (S (NP (JJ big) (JJ institutional) (NNS investors)) (VP (VBP are) (VP (VBN expected) (S (VP (TO to) (VP (VB continue) (NP (DT the) (NN practice)) (, ,) (S (VP (ADVP (RB further)) (VBG roiling) (NP (DT the) (NN stock) (NN market)))))))))) (. .)))

(S1 (S (S (VP (VBG Bowing) (PP (TO to) (NP (NN criticism))))) (, ,) (NP (NP (NNP Bear) (NNP Stearns)) (, ,) (NP (NNP Morgan) (NNP Stanley)) (CC and) (NP (NNP Oppenheimer))) (VP (VBD joined) (NP (NNP PaineWebber)) (PP (IN in) (S (VP (VBG suspending) (NP (NN stock-index) (NN arbitrage) (NN trading)) (PP (IN for) (NP (PRP$ their) (JJ own) (NNS accounts))))))) (. .)))

(S1 (S (ADVP (RB Still)) (, ,) (NP (NN stock-index) (NNS funds)) (VP (VBP are) (VP (VBN expected) (S (VP (TO to) (VP (VB continue) (VP (VBG launching) (NP (JJ big) (NNS programs)) (PP (IN through) (NP (DT the) (NN market))))))))) (. .)))

(S1 (S (NP (JJ Several) (NNP Big) (NNP Board) (NNS firms)) (VP (VBP are) (VP (VBG organizing) (S (VP (TO to) (VP (VB complain) (PP (IN about) (NP (NP (NN program) (NN trading)) (CC and) (NP (NP (NP (DT the) (NN exchange) (POS 's)) (NN role)) (PP (IN in) (NP (PRP it))))))))))) (. .)))

(S1 (S (NP (DT The) (NN effort)) (VP (VBZ is) (VP (VBG being) (VP (VBN led) (PP (IN by) (NP (NNP Contel)))))) (. .)))

(S1 (S (NP (JJ Personal) (NN spending)) (VP (VBD rose) (NP (CD 0.2) (NN %)) (PP (IN in) (NP (NNP September))) (, ,) (NP (NP (DT the) (JJS smallest) (NN gain)) (PP (IN in) (NP (DT a) (NN year))))) (. .)))

(S1 (S (NP (DT The) (NN slowdown)) (VP (VBZ raises) (NP (NP (NNS questions)) (PP (IN about) (NP (NP (DT the) (NN economy) (POS 's)) (NN strength)))) (SBAR (IN because) (S (NP (NN spending)) (VP (VBD fueled) (NP (NP (JJ much)) (PP (IN of) (NP (DT the) (JJ third-quarter) (NNP GNP) (NN growth)))))))) (. .)))

(S1 (S (ADVP (RB Meanwhile)) (, ,) (NP (JJ personal) (NN income)) (VP (VBD edged) (PRT (RP up)) (NP (CD 0.3) (NN %))) (. .)))

(S1 (S (S (NP (NN Factory) (NNS owners)) (VP (VBP are) (VP (VBG buying) (NP (JJ new) (NN machinery)) (PP (IN at) (NP (DT a) (JJ healthy) (NN rate))) (NP (DT this) (NN fall))))) (, ,) (NP (JJ machine-tool) (NNS makers)) (VP (VBP say)) (. .)))

(S1 (S (CC But) (NP (JJ weak) (NN car) (NNS sales)) (VP (VBP raise) (NP (NP (NNS questions)) (PP (IN about) (NP (NP (JJ future) (NN demand)) (PP (IN from) (NP (DT the) (NN auto) (NN sector))))))) (. .)))

(S1 (S (NP (NP (NNP Southern) (POS 's)) (NNP Gulf) (NNP Power) (NN unit)) (VP (MD may) (VP (VB plead) (ADJP (JJ guilty) (NP (DT this) (NN week)) (PP (TO to) (NP (NP (NNS charges)) (SBAR (S (NP (PRP it)) (VP (ADVP (RB illegally)) (VBD steered) (NP (NN company) (NN money)) (PP (TO to) (NP (NNS politicians))) (PP (IN through) (NP (JJ third) (NNS parties))))))))))) (. .)))

(S1 (S (NP (DT The) (JJ tentative) (NN pact)) (VP (MD would) (VP (VB resolve) (NP (NP (NN part)) (PP (IN of) (NP (NP (DT a) (JJ broad) (NN investigation)) (PP (IN of) (NP (NP (DT the) (JJ Atlanta-based) (NN company)) (PP (IN in) (NP (DT the) (JJ past) (NN year)))))))))) (. .)))

(S1 (S (NP (NNP LIN) (NNP Broadcasting) (CC and) (NNP BellSouth)) (VP (VBD sweetened) (NP (PRP$ their) (NN plan) (S (VP (TO to) (VP (VB merge) (NP (JJ cellular) (NN phone) (NNS operations)))))) (, ,) (S (VP (VBG offering) (NP (NNP LIN) (NNS holders)) (NP (DT a) (JJ special) (ADJP ($ $) (JJ 42-a-share)) (NN payout))))) (. .)))

(S1 (S (CC But) (NP (DT the) (JJ new) (NN pact)) (VP (VP (MD will) (VP (VB force) (NP (JJ huge) (NN debt)) (PP (IN on) (NP (DT the) (JJ new) (NN firm))))) (CC and) (VP (MD could) (ADVP (RB still)) (VP (VB fail) (S (VP (TO to) (VP (VB thwart) (NP (NP (JJ rival) (NN suitor)) (NP (NNP McCaw) (NNP Cellular))))))))) (. .)))

(S1 (S (NP (NNP Unisys)) (VP (VBD posted) (NP (NP (DT a) (ADJP ($ $) (CD 648.2) (CD million)) (NN loss)) (PP (IN for) (NP (DT the) (JJ third) (NN quarter)))) (SBAR (IN as) (S (NP (PRP it)) (VP (VBD moved) (ADVP (RB quickly)) (S (VP (TO to) (VP (VP (VB take) (NP (NNS write-offs)) (PP (IN for) (NP (JJ various) (NNS problems)))) (CC and) (VP (VB prepare) (PP (IN for) (NP (DT a) (NN turnaround))))))))))) (. .)))

(S1 (S (CC But) (NP (DT some) (NNS analysts)) (VP (VBP wonder) (SBAR (WHADJP (WRB how) (JJ strong)) (S (NP (DT the) (NN recovery)) (VP (MD will) (VP (VB be)))))) (. .)))

(S1 (S (NP (NNP RJR) (NNP Nabisco)) (VP (VBD agreed) (S (VP (TO to) (VP (VB sell) (NP (CD three) (NN candy) (NNS businesses)) (PP (TO to) (NP (NNP Nestle))) (PP (IN for) (NP (QP ($ $) (CD 370) (CD million)))))))) (. .)))

(S1 (S (NP (DT The) (NN accord)) (VP (VP (VBZ helps) (S (NP (NNP RJR)) (VP (VB pay) (PRT (RP off)) (NP (NN debt))))) (CC and) (VP (NNS boosts) (NP (NP (NP (NNP Nestle) (POS 's)) (ADJP (CD 7) (NN %)) (NN share)) (PP (IN of) (NP (DT the) (NNP U.S.) (NN candy) (NN market)))) (PP (TO to) (NP (CD 12) (NN %))))) (. .)))

(S1 (S (NP (NP (NNP GM)) (CC and) (NP (NNP Ford))) (VP (VBP are) (VP (VBN expected) (S (VP (TO to) (VP (VB go) (NP (NP (NN head)) (PP (TO to) (NP (NP (NN head)) (PP (IN in) (NP (DT the) (NNS markets)))))) (S (VP (TO to) (VP (VB buy) (PRT (RP up)) (NP (NP (JJ rival) (ADJP (CD 15) (NN %)) (NNS stakes)) (PP (IN in) (NP (NNP Jaguar)))))))))))) (. .)))

(S1 (S (NP (NNP GM)) (VP (VBD confirmed) (SBAR (S (NP (PRP it)) (VP (VBD received) (NP (NNP U.S.) (JJ antitrust) (NN clearance) (S (VP (TO to) (VP (VB boost) (NP (PRP$ its) (NN holding)))))))))) (. .)))

(S1 (S (NP (NNP Sansui) (NNP Electric)) (VP (VBD agreed) (S (VP (TO to) (VP (VB sell) (NP (NP (DT a) (ADJP (CD 51) (NN %)) (NN stake)) (PP (TO to) (NP (NP (NNP Polly) (NNP Peck)) (PP (IN of) (NP (NNP Britain)))))) (PP (IN for) (NP (QP ($ $) (CD 110) (CD million)))))))) (. .)))

(S1 (S (ADVP (RB Still)) (, ,) (NP (NNS analysts)) (VP (VBD said) (SBAR (S (NP (DT the) (NN accord)) (VP (VBZ does) (RB n't) (VP (VB suggest) (SBAR (S (NP (NNP Japan)) (VP (VBZ is) (VP (VBG opening) (PRT (RP up)) (PP (TO to) (NP (JJR more) (JJ foreign) (NNS takeovers)))))))))))) (. .)))

(S1 (S (NP (NNP Kellogg)) (VP (VBD suspended) (NP (NP (NN work)) (PP (IN on) (NP (NP (DT a) (ADJP (QP ($ $) (CD 1) (CD billion))) (NN cereal) (NN plant)) (, ,) (VP (VBG indicating) (NP (NP (DT a) (JJ pessimistic) (NN outlook)) (PP (IN by) (NP (DT the) (NN cereal) (NN maker))))) (, ,) (SBAR (WHNP (WDT which)) (S (VP (VBZ has) (VP (VBN been) (VP (VBG losing) (NP (NN market) (NN share))))))))))) (. .)))

(S1 (S (NP (NNS Insurers)) (VP (MD could) (VP (VB see) (NP (NP (NNS claims)) (VP (VBG totaling) (NP (NP (QP (RB nearly) ($ $) (CD 1) (CD billion))) (PP (IN from) (NP (DT the) (NNP San) (NNP Francisco) (NN earthquake))) (, ,) (ADJP (ADJP (RB far) (JJR less)) (PP (IN than) (NP (NP (DT the) (QP ($ $) (CD 4) (CD billion))) (PP (IN from) (NP (NNP Hurricane) (NNP Hugo))))))))))) (. .)))

(S1 (S (NP (NNP Nashua)) (VP (VBD strengthened) (NP (PRP$ its) (JJ poison-pill) (NN plan)) (PP (IN after) (S (VP (VBG announcing) (SBAR (S (NP (DT a) (NNP Dutch) (NN firm)) (VP (VBZ is) (VP (VBG seeking) (S (VP (TO to) (VP (VB buy) (NP (NP (QP (IN up) (TO to) (CD 25)) (NN %)) (PP (IN of) (NP (DT the) (NP (NNP New) (NNP Hampshire)) (NN copier) (NN company))))))))))))))) (. .)))

(S1 (S (NP (NNP Mobil)) (VP (VBZ is) (VP (VBG cutting) (PRT (RP back)) (NP (NP (PRP$ its) (NNP U.S.) (NN oil) (CC and) (NN gas) (NN exploration)) (CC and) (NP (NN production) (NN group))) (PP (IN by) (NP (QP (IN up) (TO to) (CD 15)) (NN %))) (PP (IN as) (NP (NP (NN part)) (PP (IN of) (NP (NP (DT a) (NN restructuring)) (PP (IN of) (NP (DT the) (NN business))))))))) (. .)))

(S1 (NP (NNS Markets) (: --)))

(S1 (NP (NP (NNS Stocks)) (: :) (NP (NP (NN Volume)) (NP (CD 170,330,000) (NNS shares))) (. .)))

(S1 (FRAG (NP (NP (NNP Dow) (NNP Jones) (NNS industrials)) (NP (NP (CD 2596.72)) (, ,) (ADVP (RB off) (NP (CD 17.01))))) (: ;) (FRAG (NP (NP (NN transportation)) (NP (NP (CD 1190.43)) (, ,) (ADVP (RB off) (NP (CD 14.76))))) (: ;) (NP (NP (NNS utilities)) (NP (NP (CD 215.86)) (, ,) (ADVP (RB up) (NP (CD 0.19)))))) (. .)))

(S1 (NP (NP (NNS Bonds)) (: :) (NP (NP (NNP Shearson) (NNP Lehman) (NNP Hutton) (NNP Treasury) (NN index)) (NP (CD 3406.31)) (, ,) (ADVP (RB off)))))

(S1 (NP (NP (NNS Commodities)) (: :) (NP (NP (NP (NNP Dow) (NNP Jones) (NNS futures) (NN index)) (NP (CD 129.49)) (, ,) (ADVP (IN up) (NP (CD 0.27)))) (: ;) (NP (NP (NN spot) (NN index)) (NP (CD 130.80)) (, ,) (ADVP (RB off) (NP (CD 0.24))))) (. .)))

(S1 (NP (NP (NN Dollar)) (: :) (NP (NP (NP (CD 141.65) (NN yen)) (, ,) (ADVP (IN off) (NP (CD 0.45)))) (: ;) (NP (NP (CD 1.8300) (NNS marks)) (, ,) (ADVP (IN off) (NP (CD 0.0100))))) (. .)))

