(S1 (PRN (-LRB- -LRB-) (S (PP (IN During) (NP (PRP$ its) (NN centennial) (NN year))) (, ,) (NP (DT The) (NNP Wall) (NNP Street) (NNP Journal)) (VP (MD will) (VP (VB report) (NP (NP (NNS events)) (PP (IN of) (NP (DT the) (JJ past) (NN century))) (SBAR (WHNP (DT that)) (S (VP (NN stand) (PP (IN as) (NP (NP (NNS milestones)) (PP (IN of) (NP (JJ American) (NN business) (NN history))))))))))) (. .)) (-RRB- -RRB-)))

(S1 (S (NP (NNP Thomas) (NNP Jefferson)) (VP (VBD sold) (NP (NNP Congress)) (PP (IN on) (NP (NP (DT the) (NN idea)) (PP (IN of) (NP (DT the) (NN decimal) (NN system))))) (PP (IN for) (NP (NN currency))) (, ,) (S (ADVP (RB thus)) (VP (VBG saving) (NP (NNPS Americans)) (NP (NP (DT the) (NNS headaches)) (PP (IN of) (NP (NNS pounds) (, ,) (NNS shillings) (CC and) (NNS pence))))))) (. .)))

(S1 (S (CC But) (NP (PRP he)) (VP (VBD struck) (PRT (RP out)) (PP (IN with) (NP (NP (DT the) (NN decimal) (NN system)) (PP (IN of) (NP (NP (JJ metric) (NNS weights) (CC and) (NNS measures)) (SBAR (S (NP (DT the) (NNPS French)) (VP (VBD had) (VP (VBN invented)))))))))) (. .)))

(S1 (S (ADVP (RB Instead)) (, ,) (NP (NNP Congress)) (VP (VBD opted) (PP (IN for) (NP (NP (DT the) (NNS inches) (, ,) (NNS feet) (CC and) (NNS yards)) (SBAR (S (NP (DT the) (NNS colonists)) (VP (VBD had) (VP (VBN brought) (PP (IN with) (NP (PRP them)))))))))) (. .)))

(S1 (S (S (NP (NNPS Americans)) (VP (VBD did) (RB n't) (VP (NN dislike) (NP (NNS metrics))))) (: ;) (S (NP (PRP they)) (VP (ADVP (RB simply)) (VBD ignored) (NP (PRP them)))) (. .)))

(S1 (S (NP (NNS Scientists)) (VP (VBD felt) (ADVP (RB differently))) (. .)))

(S1 (S (PP (IN In) (NP (CD 1807))) (, ,) (NP (NP (DT the) (NNP Swiss) (NN mathematician)) (SBAR (WHNP (WP who)) (S (VP (VBD headed) (NP (NP (DT the) (NNP U.S.) (NNP Coast)) (CC and) (NP (NNP Geodetic) (NNP Survey))))))) (VP (VBD made) (NP (DT an) (`` `) (NP (`` `) (NN iron) (NN meter) ('' ')) ('' ') (SBAR (IN that) (S (NP (PRP he)) (VP (VBD had) (VP (VBN brought) (PP (IN from) (NP (NNP Europe)))))))) (NP (NP (DT the) (NN standard)) (PP (IN of) (NP (NN measure))))) (. .)))

(S1 (S (PP (IN By) (NP (NP (DT the) (NN end)) (PP (IN of) (NP (DT the) (NN century))))) (NP (NNS scientists)) (VP (VBD had) (VP (VBN embraced) (NP (DT the) (NN system)))) (. .)))

(S1 (S (NP (NNS Businessmen)) (VP (VBD took) (NP (PRP$ their) (NN cue)) (PP (IN from) (NP (DT the) (NNS engineers)))) (. .)))

(S1 (S (SBAR (WHADVP (WRB When)) (S (NP (NNP Congress)) (ADVP (RB finally)) (VP (VBD passed) (NP (DT the) (JJ Metric) (NN Conversion) (NNP Act)) (PP (IN in) (NP (CD 1975)))))) (, ,) (NP (NN industry)) (VP (VBD was) (ADVP (RB far) (RB ahead))) (. .)))

(S1 (S (SBAR (IN Because) (S (NP (DT the) (NN law)) (VP (VBD made) (S (NP (NN compliance)) (ADJP (JJ voluntary)))))) (, ,) (NP (PRP it)) (VP (VBD inspired) (NP (NP (RB little) (JJR more)) (PP (IN than) (NP (NNS jokes))))) (. .)))

(S1 (PRN (-LRB- -LRB-) (S (NP (DT The) (NN press)) (VP (VBD had) (NP (DT a) (NN field) (NN day)) (PP (IN with) (NP (NP (NNS questions)) (PP (IN about) (SBAR (WHNP (WP what)) (S (VP (MD would) (VP (VB happen) (PP (TO to) (NP (`` `) (NP (`` `) (NP (NN six-footer)) (, ,) ('' ')) ('' ') (`` `) (NP (`` `) (NP (NN yardstick) (POS ')) ('' ') (CC and) (`` `) (S (`` `) (VP (VB inchworm)) (. .) ('' '))) ('' ')))))))))))) (-RRB- -RRB-)))

(S1 (S (NP (NN Today)) (, ,) (SBAR (IN though) (S (NP (DT the) (NN public)) (VP (VBZ is) (ADJP (RB barely) (JJ aware))))) (, ,) (NP (NP (JJ much)) (PP (IN of) (NP (NP (NNP U.S.) (NN industry)) (, ,) (ADVP (RB particularly)) (NP (NP (NNS companies) (NN manufacturing) (CC or) (NN selling)) (ADVP (RB overseas))) (, ,)))) (VP (VBP have) (VP (VBN made) (S (NP (NNS metrics)) (ADJP (JJ routine))))) (. .)))

(S1 (S (NP (NNP General) (NNPS Motors)) (, ,) (PP (IN for) (NP (NN example))) (, ,) (VP (VBZ uses) (NP (NP (JJ metric) (NNS terms)) (PP (IN for) (NP (PRP$ its) (NX (NX (NN automobile) (NNS bodies)) (CC and) (NX (NN power) (NNS trains))))))) (. .)))

(S1 (S (-LRB- -LRB-) (PP (IN In) (NP (NN auto) (NN advertising))) (, ,) (ADVP (RB however)) (, ,) (NP (NP (NNS items)) (PP (JJ such) (IN as) (NP (NNS wheelbases)))) (VP (VBP are) (ADVP (RB still)) (VP (VBN described) (PP (IN in) (NP (NNS inches))))) (. .) (-RRB- -RRB-)))

(S1 (S (NP (NP (JJ Farm-machine) (NNS makers)) (PP (JJ such) (IN as) (NP (NP (NNP Caterpillar)) (CC and) (NP (NNP Deere))))) (VP (VBP work) (PP (IN in) (NP (DT the) (JJ metric) (NN system)))) (. .)))

(S1 (S (NP (DT The) (NN liquor) (NN industry)) (VP (VBD went) (ADVP (NP (QP (JJ metric) (CD 10)) (NNS years)) (RB ago))) (. .)))

(S1 (S (NP (DT The) (NNP Pentagon)) (VP (VBZ has) (VP (VBN led) (NP (DT the) (NN charge)) (, ,) (SBAR (RB particularly) (IN as) (S (NP (JJ military) (NNS alliances)) (VP (VBP spread) (ADVP (RB world-wide))))))) (. .)))

(S1 (SINV (S (NP (JJ New) (NNS weapons) (NNS systems)) (VP (MD will) (VP (VB be) (ADVP (RB around)) (PP (IN until) (NP (DT the) (JJ next) (NN century)))))) (, ,) (VP (VBZ notes)) (NP (NP (NNP John) (NNP Tascher)) (, ,) (NP (NP (DT the) (NNP Defense) (NNP Department) (POS 's)) (JJ metric) (NN coordinator))) (. .)))

(S1 (S (ADVP (RB Still)) (, ,) (PP (IN like) (NP (NP (DT the) (NN auto) (NNS makers)) (, ,) (SBAR (WHADVP (WRB when)) (S (VP (VBG dealing) (PP (IN with) (NP (NNP Mr.) (NNP Everyman)))))))) (NP (DT the) (NNP Pentagon)) (VP (VBZ sticks) (PP (TO to) (NP (DT the) (ADJP (VBN tried) (CC and) (JJ true))))) (. .)))

(S1 (S (NP (NNS Soldiers) (CC and) (NNS sailors)) (VP (VBP are) (ADVP (RB still)) (VP (VBN measured) (PP (IN in) (NP (NNS inches) (CC and) (NNS pounds))))) (. .)))

