(S1 (S (S (NP (DT An) (JJ enormous) (NNP turtle)) (VP (VBZ has) (VP (VBN succeeded) (SBAR (WHADVP (WRB where)) (S (NP (DT the) (NN government)) (VP (VBZ has) (VP (VBN failed)))))))) (: :) (S (NP (PRP He)) (VP (VBZ has) (VP (VBN made) (S (NP (NN speaking)) (ADJP (JJ Filipino) (JJ respectable)))))) (. .)))

(S1 (S (NP (NP (DT The) (CD 6) (NN 1\/2-foot-tall) (NNP turtle)) (, ,) (NP (NN Pong) (NNP Pagong)) (, ,)) (VP (VBZ is) (NP (NP (DT a) (NN character)) (SBAR (WHNP (WP who)) (S (VP (VBZ stars) (PP (IN in) (NP (NP (NP (DT the) (NNS children) (POS 's)) (NN television) (NN show)) (`` `) (NX (`` `) (NP (NNP Batibot)))))))))) (. .) ('' ') ('' ')))

(S1 (S (NP (PRP He)) (VP (VBZ speaks) (ADVP (RB only)) (PP (IN in) (ADJP (JJ Filipino)))) (. .)))

(S1 (S (NP (`` `) (NP (`` `) (NP (NNP Batibot)) (, ,) ('' ')) ('' ') (SBAR (WHNP (WDT which)) (S (VP (VBD started) (PP (IN in) (NP (CD 1983))) (PP (IN as) (NP (NP (DT a) (NN hybrid)) (PP (IN of) (NP (NP (DT the) (NNP U.S.) (NN program)) (`` `) (NX (`` `) (NX (NNP Sesame) (NNP Street)) (, ,) ('' ')) ('' '))))))))) (VP (VBZ has) (VP (VBN developed) (PP (IN into) (NP (DT a) (ADJP (RB distinctly) (JJ Philippine)) (NN effort))))) (. .)))

(S1 (S (NP (NP (NN Radio) (NNS programs)) (CC and) (NP (NNS books))) (VP (VBP have) (VP (VBN followed) (NP (DT the) (JJ daily) (NN television) (NN show)))) (. .)))

(S1 (S (PP (IN In) (NP (DT the) (NN process))) (, ,) (`` `) (NP (`` `) (NP (NP (NNP Batibot)) (PRN (, ,) ('' ') ('' ') (S (NP (DT an) (JJ archaic) (JJ Filipino) (NN word)) (VP (VBG meaning) (ADJP (`` `) (ADJP (`` `) (JJ strong) ('' ')) ('' ') (CC or) (`` `) (ADJP (`` `) (VBG enduring))))) (, ,))) ('' ')) ('' ') (VP (VBZ has) (VP (VBN become) (NP (NP (DT a) (JJ powerful) (NN advocate)) (PP (IN of) (NP (NP (DT the) (NN use)) (PP (IN of) (NP (DT the) (JJ Filipino) (NN language)))))))) (. .)))

(S1 (S (`` `) (`` `) (S (NP (PRP It)) (VP (VBZ impresses) (PP (IN on) (NP (JJ ordinary) (, ,) (JJ young) (NNPS Filipinos))) (SBAR (IN that) (S (NP (EX there)) (VP (VBZ 's) (NP (NN nothing)) (S (VP (TO to) (VP (VB feel) (ADJP (JJ inferior) (PP (IN about) (PP (IN in) (S (VP (VBG using) (NP (PRP$ their) (JJ own) (NN language))))))))))))))) (, ,) ('' ') ('' ') (VP (VBZ says) (NP (NP (NNP Randy) (NNP David)) (, ,) (NP (NP (DT a) (NN sociologist) (CC and) (NN host)) (PP (IN of) (NP (DT a) (JJ popular) (NN television) (NN talk) (NN show)))))) (. .)))

(S1 (SINV (`` `) (S (`` `) (SBAR (WHADVP (WRB When)) (S (NP (PRP we)) (VP (VBD started) (NP (DT the) (NN program)) (ADVP (NP (CD six) (NNS years)) (RB ago))))) (, ,) (NP (NP (DT the) (NN use)) (PP (IN of) (NP (JJ Filipino)))) (VP (VBD was) (VP (VBN deemed) (S (ADJP (JJ unwise))) (PP (IN by) (NP (DT the) (RB predominantly) (JJ middle) (NN class)))))) (, ,) ('' ') ('' ') (VP (VBZ says)) (NP (NP (NNP Lydia) (NNP Brown)) (, ,) (NP (NP (DT the) (NN program) (POS 's)) (NN creator))) (. .)))

(S1 (S (ADVP (RB Now)) (, ,) (NP (PRP she)) (VP (VBZ says) (, ,) (`` `) (S (`` `) (NP (PRP it)) (VP (VBZ 's) (ADVP (RB no) (RB longer)) (NP (DT an) (NN issue))))) (. .) ('' ') ('' ')))

(S1 (S (NP (NP (DT The) (NN success)) (PP (IN of) (`` `) (NP (`` `) (NP (NNP Batibot) (POS ')) (POS ')))) (VP (VBZ stands) (PP (IN in) (NP (NP (VBN marked) (NN contrast)) (PP (TO to) (NP (JJ many) (JJ academic) (CC and) (NN government) (NNS attempts))))) (S (VP (TO to) (VP (VB promote) (ADJP (JJ Filipino) (PP (IN as) (NP (DT a) (JJ national) (NN language)))))))) (. .)))

(S1 (S (NP (NP (JJ Filipino)) (PRN (: --) (ADVP (RB once)) (VP (VBN known) (PP (IN as) (NP (NNP Pilipino)))) (: --))) (VP (VBZ is) (ADJP (RB predominantly) (JJ Tagalog)) (, ,) (S (NP (DT the) (JJ Malay-based) (NN language)) (VP (VBN spoken) (PP (IN in) (NP (NP (DT a) (NN part)) (PP (IN of) (NP (NP (NP (DT the) (NN country) (POS 's)) (JJ principal) (NN island)) (PP (IN of) (NP (NNP Luzon)))))))))) (. .)))

(S1 (S (NP (NP (NN Resistance)) (PP (TO to) (NP (DT a) (JJ national) (NN language)))) (VP (VBZ comes) (ADVP (RB primarily)) (PP (IN from) (NP (NP (NNS members)) (PP (IN of) (NP (NP (DT the) (NN country) (POS 's)) (NN elite))) (, ,) (SBAR (WHNP (WP who)) (S (ADVP (RB generally)) (VP (VBP prefer) (NP (NNP English)))))))) (. .)))

(S1 (S (CC But) (SBAR (IN while) (S (NP (JJ better-off) (NNPS Filipinos)) (VP (VBP are) (ADJP (JJ quick) (S (VP (TO to) (VP (VB cite) (NP (NP (DT the) (NN logic)) (PP (IN in) (S (VP (VBG using) (NP (NP (DT a) (NN language)) (ADJP (RB as) (JJ widespread))) (PP (IN as) (NP (NNP English)))))))))))))) (, ,) (S (NP (PRP they)) (VP (VBP are) (ADVP (RB often)) (ADJP (JJ slow) (S (VP (TO to) (VP (VB reveal) (SBAR (IN that) (S (NP (PRP they)) (VP (VBP are) (ADJP (JJ prejudiced) (PP (IN against) (NP (JJ Filipino))))))))))))) (, ,) (VP (VBP say) (NP (NP (NNS advocates)) (PP (IN of) (NP (DT the) (JJ native) (NN language))))) (. .)))

(S1 (SINV (`` `) (S (`` `) (PP (IN For) (NP (NP (DT the) (JJ middle) (CC and) (JJ upper-middle) (NN class)) (PRN (-LRB- -LCB-) (JJ Filipino) (-RRB- -RCB-)))) (VP (VBZ is) (ADJP (JJ declasse)))) (, ,) ('' ') ('' ') (VP (VBZ says)) (NP (NP (NNP Bien) (NNP Lumbera)) (, ,) (NP (NP (DT a) (JJ Philippine-studies) (NN professor)) (PP (IN at) (NP (NP (NP (NNP Quezon) (NNP City) (POS 's)) (NNP University)) (PP (IN of) (NP (DT the) (NNP Philippines))))))) (. .)))

(S1 (S (NP (EX There)) (VP (VBZ 's) (ADVP (RB also)) (NP (NN resentment))) (. .)))

(S1 (S (NP (NP (JJ Other) (NNS opponents)) (PP (IN of) (NP (JJ Filipino)))) (VP (VBP come) (PP (IN from) (NP (JJ non-Tagalog) (NNS regions)))) (. .)))

(S1 (S (NP (PRP They)) (VP (VBP argue) (SBAR (IN that) (S (NP (PRP$ their) (JJ own) (NNS languages)) (VP (MD should) (VP (VB have) (NP (JJ equal) (NN weight)) (, ,) (SBAR (IN although) (S (NP (JJ recent) (NNS surveys)) (VP (VBP indicate) (SBAR (IN that) (S (NP (NP (DT the) (NN majority)) (PP (IN of) (NP (NP (DT the) (NN country) (POS 's)) (NN population)))) (VP (VBZ understands) (PP (JJ Filipino) (NP (NP (JJR more)) (PP (IN than) (NP (DT any) (JJ other) (NN language)))))))))))))))) (. .)))

(S1 (S (-LRB- -LRB-) (NP (EX There)) (VP (VBP are) (NP (NP (CD seven) (JJ major) (NNS languages)) (CC and) (NP (NP (QP (JJR more) (IN than) (CD 70)) (NNS dialects)) (PP (IN in) (NP (DT the) (NN country)))))) (. .) (-RRB- -RRB-)))

(S1 (S (SBAR (WHNP (WP What) (NN tongue)) (S (VP (TO to) (VP (VB speak))))) (VP (VBZ is) (NP (NP (DT an) (JJ emotional) (JJ mine) (NN field)) (PP (IN in) (NP (DT the) (NNPS Philippines))))) (. .)))

(S1 (S (NP (PRP It)) (VP (VBZ is) (ADJP (JJ entrenched) (PP (IN in) (NP (NP (NP (DT the) (NN country) (POS 's)) (NN colonial) (NNS bonds)) (PP (TO to) (NP (DT the) (NNP U.S.))) (, ,) (PP (PP (IN in) (NP (JJ Philippine) (NN class) (NN structure))) (, ,) (PP (IN in) (NP (NP (DT the) (JJ regional) (NNS loyalties)) (PP (IN of) (NP (PRP$ its) (NNS people))))) (CC and) (PP (IN in) (NP (PRP$ its) (NN island) (NN geography)))))))) (. .)))

(S1 (S (SBAR (IN As) (S (NP (PRP they)) (VP (VBD did) (SBAR (WHADVP (WRB when)) (S (NP (DT the) (NNPS Philippines)) (VP (VBD was) (NP (NP (DT a) (NN colony)) (PP (IN of) (NP (DT the) (NNP U.S.)))))))))) (, ,) (NP (NP (NNS teachers)) (PP (IN for) (NP (DT the) (JJS most) (NN part)))) (VP (VBP teach) (PP (IN in) (NP (NNP English))) (, ,) (SBAR (RB even) (IN though) (S (NP (PRP it)) (VP (VBZ is) (NP (NP (DT a) (JJ foreign) (NN language)) (PP (IN for) (NP (JJS most) (JJ Philippine) (NNS children)))))))) (. .)))

(S1 (S (PP (IN As) (NP (DT a) (NN result))) (, ,) (NP (PRP they)) (ADVP (RB often)) (VP (VBP speak) (NP (CD one) (NN language)) (PP (IN at) (NP (NN home))) (, ,) (PP (DT another) (IN at) (NP (NN school)))) (. .)))

(S1 (S (NP (NNP Mrs.) (NNP Brown)) (VP (VBZ calls) (S (NP (NP (DT the) (JJ modern-day) (JJ cultural) (NN ambivalence)) (PP (TO to) (NP (JJ Filipino) (NN a)))) (`` `) (NP (`` `) (NN language) (NN schizophrenia)))) (. .) ('' ') ('' ')))

(S1 (S (NP (DT The) (NN issue)) (VP (VBZ has) (VP (VBN been) (VP (VBG simmering) (PP (IN for) (NP (NNS years)))))) (. .)))

(S1 (S (NP (PRP It)) (VP (VBZ does) (RB n't) (VP (VB take) (NP (NP (JJ much)) (SBAR (S (VP (TO to) (VP (VB provoke) (NP (DT an) (JJ intense) (NN debate))))))))) (. .)))

(S1 (S (SBAR (WHADVP (WRB When)) (S (NP (NP (NNP President) (NNP Corazon) (NNP Aquino)) (, ,) (SBAR (WHNP (WHNP (WP$ whose) (NN command)) (PP (IN of) (NP (JJ Filipino)))) (S (VP (VBZ is) (ADJP (JJ spotty))))) (, ,)) (VP (VBD announced) (NP (JJ last) (NN year)) (SBAR (IN that) (S (NP (DT the) (NN language)) (VP (MD would) (VP (VB be) (VP (VBN used) (PP (IN in) (NP (JJ official) (NNS communications))))))))))) (, ,) (NP (EX there)) (VP (VBD was) (NP (NP (DT an) (NN uproar)) (PP (IN from) (NP (NP (JJ many) (NNS legislators)) (, ,) (SBAR (WHNP (WP who)) (S (VP (VBP continue) (S (VP (TO to) (VP (VB conduct) (NP (NNS debates)) (PP (ADVP (RB mostly)) (IN in) (NP (NNP English))))))))))))) (. .)))

(S1 (S (CC But) (NP (NP (JJ many) (NNS proponents)) (PP (IN of) (NP (JJ Filipino)))) (VP (VB see) (NP (NP (NN resistance)) (PP (TO to) (NP (NP (DT the) (NN language)) (ADJP (RB finally) (VBG crumbling)))))) (. .)))

(S1 (S (NP (PRP They)) (VP (VBP believe) (SBAR (S (NP (NP (DT the) (NNS media)) (, ,) (PP (VBG including) (NP (`` `) (NP (`` `) (NP (NNP Batibot)) (, ,) ('' ')) ('' ')))) (VP (VBP have) (VP (VBN played) (NP (DT a) (JJ crucial) (NN role))))))) (. .)))

(S1 (S (PP (VBG According) (PP (TO to) (NP (JJ chief) (NN scriptwriter) (NNP Rene) (NNP Villanueva)))) (, ,) (`` `) (NP (`` `) (NNP Batibot) ('' ')) ('' ') (VP (VBZ does) (RB n't) (VP (VBN set) (PRT (RP out)) (S (VP (TO to) (VP (VB advance) (NP (NP (DT the) (NN cause)) (PP (IN of) (NP (JJ Filipino))))))))) (. .)))

(S1 (FRAG (`` `) (FRAG (`` `) (S (NP (PRP It)) (VP (VBZ 's) (RB not) (S (SBAR (IN as) (IN if) (S (NP (PRP we)) (VP (VBP 're) (NP (NP (NN teaching) (NN language)) (PP (IN per) (NP (NN se))))))) (PRN (, ,) ('' ') ('' ') (S (NP (PRP he)) (VP (VBZ says))) (, ,) (`` `)) (`` `) (NP (PRP We)) (VP (VBP 're) (ADVP (RB just)) (VP (VBG using) (NP (PRP it))))))) (. .) ('' ')) ('' ')))

(S1 (S (NP (DT These) (NNS days)) (, ,) (NP (`` `) (NP (`` `) (NNP Batibot) ('' ')) ('' ')) (VP (VBZ is) (VP (VBN produced) (PP (IN in) (NP (NP (DT a) (JJ converted) (NN lumberyard)) (PP (IN on) (NP (NP (DT a) (NN shoestring) (NN budget)) (PP (IN of) (NP (NP ($ $) (CD 3,000)) (NP (DT a) (JJ one-hour) (NN segment)))))))))) (. .)))

(S1 (S (NP (PRP It)) (VP (VBZ is) (VP (VBN shown) (NP (NP (NNS weekdays)) (PP (IN on) (NP (NP (CD two)) (PP (IN of) (NP (NP (DT the) (NN country) (POS 's)) (CD five) (NNS networks)))))))) (. .)))

(S1 (S (PP (IN With) (NP (NP (DT an) (NN audience)) (VP (VBG totaling) (NP (QP (JJR more) (IN than) (CD 400,000)))))) (, ,) (`` `) (NP (`` `) (NP (NNP Batibot) (POS ')) ('' ')) (VP (ADVP (RB consistently)) (VBZ ranks) (PP (IN in) (NP (NP (DT the) (NN country) (POS 's)) (JJ top-four) (JJ most-watched) (JJ daytime) (NNS programs)))) (. .)))

(S1 (S (CC But) (NP (NN advertising) (NN revenue)) (VP (VBZ is) (ADJP (JJ inadequate))) (. .)))

(S1 (S (ADVP (RB Periodically)) (, ,) (NP (EX there)) (VP (VBP are) (NP (NNS threats) (SBAR (IN that) (S (NP (DT the) (NN program)) (VP (MD will) (VP (VB fold))))))) (. .)))

(S1 (S (`` `) (NP (`` `) (NP (NNP Batibot) (POS ')) ('' ')) (VP (VBZ lacks) (NP (NP (DT the) (JJ polish)) (PP (IN of) (`` `) (NP (`` `) (NNP Sesame) (NNP Street))))) (. .) ('' ') ('' ')))

(S1 (S (NP (NN Sound) (NNS stages)) (VP (VBP echo)) (. .)))

(S1 (S (S (VP (VBG Acting) (ADVP (RB sometimes)))) (VP (VBZ falls) (ADJP (JJ flat))) (. .)))

(S1 (S (S (NP (EX There)) (VP (VBP are) (NP (NP (QP (RB only) (CD two)) (JJ large) (NNS puppets)) (PP (IN in) (NP (DT the) (NN program)))))) (: :) (S (NP (NP (NN Pong) (NNP Pagong)) (CC and) (NP (DT a) (NNP monkey))) (VP (VBD named) (NP (NNP Kiko) (NNP Matsing)))) (. .)))

(S1 (S (CC But) (NP (DT the) (NN production)) (VP (VBZ is) (NP (NP (DT the) (JJ equal)) (PP (IN of) (NP (DT any) (JJ local) (NN program))))) (. .)))

(S1 (S (CC And) (NP (NP (DT the) (NN show) (POS 's)) (NN creativity)) (VP (VBZ makes) (PRT (RP up)) (PP (IN for) (NP (DT any) (JJ technological) (NNS deficiencies)))) (. .)))

(S1 (S (NP (DT The) (NN program)) (VP (VBZ is) (RB n't) (ADJP (JJ afraid) (S (VP (TO to) (VP (VB tackle) (NP (NP (JJ controversial) (NNS topics)) (PP (JJ such) (IN as) (NP (NP (JJ nuclear) (NNS weapons)) (CC and) (NP (DT the) (NN environment)))))))))) (. .)))

(S1 (FRAG (SBAR (RB Not) (IN that) (S (NP (DT the) (NN language) (NN war)) (VP (VBZ is) (VP (VBN won))))) (, ,) (ADVP (RB even)) (PP (IN on) (`` `) (FRAG (`` `) (NP (NNP Batibot)) (. .) ('' ')) ('' '))))

(S1 (S (PP (IN During) (NP (CD one) (JJ recent) (NN episode))) (, ,) (NP (PDT all) (DT the) (NNS advertisements)) (VP (VBD were) (PP (IN in) (NP (NNP English)))) (. .)))

