(S1 (S (NP (DT The) (NNP Polish) (NN rat)) (VP (MD will) (VP (VB eat) (ADVP (RB well)) (NP (DT this) (NN winter)))) (. .)))

(S1 (S (NP (NP (NNS Tons)) (PP (IN of) (NP (ADJP (RB delectably) (VBG rotting)) (NNS potatoes) (, ,) (NN barley) (CC and) (NN wheat)))) (VP (MD will) (VP (VB fill) (S (VP (VB damp) (NP (NP (NNS barns)) (PP (IN across) (NP (NP (DT the) (NN land)) (PP (IN as) (NP (NP (NNS thousands)) (PP (IN of) (NP (NNS farmers)))))))) (VP (VB turn) (NP (NP (DT the) (NN state) (POS 's)) (NNS buyers)) (PRT (RP away))))))) (. .)))

(S1 (S (S (NP (RB Many) (DT a) (NN piglet)) (VP (MD wo) (RB n't) (VP (VB be) (VP (VBN born) (PP (IN as) (NP (DT a) (NN result))))))) (, ,) (CC and) (S (NP (JJ many) (FW a) (FW ham)) (VP (MD will) (ADVP (RB never)) (VP (VB hang) (PP (IN in) (NP (DT a) (NN butcher) (NN shop)))))) (. .)))

(S1 (S (CC But) (PP (IN with) (S (NP (NN inflation)) (VP (VBG raging)))) (, ,) (NP (NP (NN grain)) (PP (IN in) (NP (DT the) (NN barn)))) (VP (MD will) (ADVP (RB still)) (VP (VB be) (NP (DT a) (JJR safer) (NN bet)) (PP (IN for) (NP (NP (DT the) (JJ private) (NN farmer)) (PP (IN than) (NP (NN money))) (PP (IN in) (NP (DT the) (NN bank))))))) (. .)))

(S1 (S (ADVP (RB Once) (RB again)) (, ,) (NP (DT the) (JJ indomitable) (NN peasant)) (VP (VBZ holds) (NP (NP (NP (NNP Poland) (POS 's)) (NN future)) (PP (IN in) (NP (PRP$ his) (NNS hands))))) (. .)))

(S1 (S (SBAR (IN Until) (S (NP (PRP$ his) (NN labor)) (VP (MD can) (VP (VB produce) (NP (DT a) (NN profit)) (PP (IN in) (NP (DT this) (ADJP (VBG dying) (CC and) (JJ distorted)) (NN system))))))) (, ,) (NP (RB even) (NP (NNP Solidarity) (POS 's)) (JJ sympathetic) (JJ new) (NN government)) (VP (MD wo) (RB n't) (VP (VB win) (NP (PRP him)) (PRT (RP over)))) (. .)))

(S1 (S (PP (IN In) (NP (VBG coming) (NNS months))) (, ,) (NP (NP (NN emergency) (NN food) (NN aid)) (VP (VBG moving) (PRT (RP in)) (PP (IN from) (NP (DT the) (NNP West))))) (VP (MD will) (VP (VB be) (NP (NP (DT the) (CD one) (NN buffer)) (PP (IN between) (NP (NP (DT a) (JJ meat-hungry) (NN public)) (CC and) (NP (DT a) (JJ new) (JJ political) (NN calamity))))))) (. .)))

(S1 (S (S (NP (NP (NN Factory) (NNS workers)) (PP (IN on) (NP (NN strike)))) (VP (VBD knocked) (NP (NP (NNP Poland) (POS 's)) (NNP Communist) (NNS bosses)) (PP (IN off) (NP (NN balance))) (NP (JJ last) (NN year)))) (: ;) (S (NP (DT this) (NN year)) (, ,) (NP (PRP it)) (VP (VBD was) (NP (NP (DT the) (NNS farmers)) (SBAR (WHNP (WP who)) (S (VP (VBD brought) (NP (PRP them)) (ADVP (RB down)))))))) (. .)))

(S1 (S (PP (IN In) (NP (NNP June))) (, ,) (NP (NNS farmers)) (VP (VBD held) (PP (IN onto) (NP (NN meat) (, ,) (NN milk) (CC and) (NN grain))) (, ,) (S (VP (VBG waiting) (PP (IN for) (NP (NP (NNP July) (POS 's)) (JJ usual) (JJ state-directed) (NN price) (NNS rises)))))) (. .)))

(S1 (S (NP (DT The) (NNPS Communists)) (VP (VBP froze) (NP (NNS prices)) (ADVP (RB instead))) (. .)))

(S1 (S (S (NP (DT The) (NNS farmers)) (VP (VBD ran) (NP (DT a) (NN boycott)))) (, ,) (CC and) (S (NP (NN meat)) (VP (VBD disappeared) (PP (IN from) (NP (DT the) (NNS shops))))) (. .)))

(S1 (S (PP (IN On) (NP (NNP Aug.) (CD 1))) (, ,) (S (NP (DT the) (NN state)) (VP (VBD tore) (PRT (RP up)) (NP (PRP$ its) (NNS controls)))) (, ,) (CC and) (S (NP (NN food) (NNS prices)) (VP (VBD leaped))) (. .)))

(S1 (S (PP (IN Without) (NP (NN buffer) (NNS stocks))) (, ,) (NP (NN inflation)) (VP (VBD exploded)) (. .)))

(S1 (S (NP (DT That)) (VP (VBD was) (SBAR (WHADVP (WRB when)) (S (NP (NP (NP (DT the) (JJ tame) (JJ old) (NNS Peasants) (POS ')) (NNP Party)) (, ,) (ADJP (JJ desperate) (S (VP (TO to) (VP (VB live) (PP (IN through) (NP (DT the) (NN crisis))))))) (, ,)) (VP (VP (VBD broke) (NP (NP (NNS ranks)) (PP (IN with) (NP (DT the) (NNPS Communists))))) (CC and) (VP (VBD joined) (PP (IN with) (NP (NP (NP (NNP Solidarity)) (PP (IN in) (NP (DT the) (NNP East) (NNP Bloc))) (POS 's)) (ADJP (RB first) (VBD liberated)) (NN government)))))))) (. .)))

(S1 (S (CC But) (PP (IN by) (NP (NP (DT the) (NN time)) (SBAR (S (NP (NNP Solidarity)) (VP (VBD took) (NP (NN office)) (PP (IN in) (NP (NNP September)))))))) (, ,) (NP (DT the) (NN damage)) (VP (VBD was) (VP (VBN done))) (. .)))

(S1 (S (NP (`` `) (NP (`` `) (NP (NNP Shortageflation)) (, ,) ('' ')) ('' ')) (SBAR (IN as) (S (NP (NNS economists)) (VP (VBP have) (VP (VBN come) (S (VP (TO to) (VP (VB call) (NP (PRP it))))))))) (, ,) (VP (VBD had) (VP (VBN gone) (ADVP (RBR hyper)))) (. .)))

(S1 (S (NP (NP (DT The) (NN cost)) (PP (IN of) (S (VP (VBG raising) (NP (DT a) (NN pig)))))) (VP (VBD kept) (S (VP (VBG bounding) (ADVP (RB ahead) (PP (IN of) (NP (NP (DT the) (NN return)) (PP (IN for) (S (VP (VBG selling) (NP (CD one))))))))))) (. .)))

(S1 (S (NP (DT The) (NNS farmers)) (VP (VBD stayed) (ADJP (JJ angry))) (. .)))

(S1 (S (NP (PRP They)) (ADVP (RB still)) (VP (VBP are)) (. .)))

(S1 (S (PP (IN At) (NP (NP (NN dawn)) (PP (IN on) (NP (DT a) (JJ cool) (NN day))))) (, ,) (NP (NNS hundreds)) (VP (VBP travel) (PP (TO to) (NP (NP (DT the) (JJ private) (NN market)) (PP (IN in) (NP (NP (NNP Radzymin)) (, ,) (NP (NP (DT a) (NN town)) (ADVP (RB not) (RB far) (PP (IN from) (NP (NNP Warsaw))))))))) (, ,) (S (VP (VBG hauling) (NP (NP (NNS pigs) (, ,) (NNS cattle) (CC and) (NNS sacks)) (PP (IN of) (NP (NN feed) (SBAR (IN that) (S (NP (NP (DT the) (NN state) (POS 's)) (JJ official) (NNS buyers)) (VP (MD ca) (RB n't) (VP (VB induce) (S (NP (PRP them)) (VP (TO to) (VP (VB sell)))))))))))))) (. .)))

(S1 (S (ADVP (RB Here)) (, ,) (NP (PRP they)) (VP (VBP are) (VP (VBG searching) (PP (IN for) (NP (DT a) (JJR higher) (NN price))))) (. .)))

(S1 (S (PP (IN In) (NP (NP (DT a) (NN crush)) (PP (IN of) (NP (NP (NNS trucks)) (CC and) (NP (NP (NN horse) (NNS carts)) (PP (IN on) (NP (DT the) (JJ trodden) (NN field)))))))) (, ,) (NP (NNP Andrzej) (NNP Latowski)) (VP (VBZ wrestles) (NP (DT a) (JJ screeching) (, ,) (NN overweight) (NN hog)) (PP (IN into) (NP (NP (DT the) (NN trunk)) (PP (IN of) (NP (NP (DT a) (JJ private) (NN butcher) (POS 's)) (NNP Polish) (NNP Fiat)))))) (. .)))

(S1 (S (`` `) (S (`` `) (PP (IN Of) (NP (NN course))) (NP (PRP it)) (VP (VBZ 's) (ADJP (JJR better)) (S (VP (TO to) (VP (VB sell) (ADJP (JJ private)))))) (, ,) ('' ')) ('' ') (NP (PRP he)) (VP (VBZ says) (, ,) (SBAR (IN as) (S (NP (DT the) (NN butcher)) (VP (VBZ trundles) (ADVP (RB away)))))) (. .)))

(S1 (SBARQ (`` `) (`` `) (WHADVP (WRB Why)) (MD should) (SQ (NP (NN anybody)) (VP (VB want) (S (VP (TO to) (VP (VB sell) (PP (TO to) (NP (PRP them)))))))) (. ?) ('' ') ('' ')))

(S1 (S (NP (DT The) (JJ young) (NN farmer)) (VP (VBZ makes) (NP (NP (NN money)) (PP (IN on) (NP (DT the) (JJ few) (NNS hogs))) (SBAR (S (NP (PRP he)) (VP (VBZ sells) (ADVP (RB here))))))) (. .)))

(S1 (S (NP (PRP He)) (VP (MD wo) (RB n't) (PP (IN for) (NP (RB long))) (, ,) (SBAR (IN because) (S (NP (NP (PRP$ his) (JJ old) (NN state) (NNS sources)) (PP (IN of) (NP (NNP rye) (CC and) (NNS potatoes)))) (VP (VBP are) (VP (VBG drying) (PRT (RP up))))))) (. .)))

(S1 (S (`` `) (S (`` `) (NP (EX There)) (VP (VBZ 's) (NP (DT no) (NN feed))) (, ,) ('' ')) ('' ') (NP (PRP he)) (VP (VBZ says)) (. .)))

(S1 (FRAG (`` `) (`` `) (S (NP (PRP You)) (VP (MD ca) (RB n't) (VP (VB buy) (NP (NN anything)) (ADVP (RB nowadays))))) (. .)))

(S1 (S (NP (PRP I)) (VP (VBP do) (RB n't) (VP (VB know) (ADVP (WRB why)))) (. .) ('' ') ('' ')))

(S1 (S (NP (NNP Edward) (NNP Chojnowski)) (VP (VBZ does)) (. .)))

(S1 (S (NP (PRP$ His) (NN truck)) (VP (VBZ is) (VP (VBN parked) (PP (IN across) (NP (DT the) (NN field))) (, ,) (PP (IN in) (NP (NP (DT a) (NN row)) (PP (IN of) (NP (NN grain) (NNS sellers))))))) (. .)))

(S1 (S (S (PP (IN Like) (NP (DT the) (NNS others))) (, ,) (NP (PRP it)) (VP (VBZ is) (VP (VBN loaded) (PP (IN with) (NP (NNP rye)))))) (, ,) (NP (NP (NN wheat) (CC and) (NNS oats)) (PP (IN in) (NP (NNS sacks)))) (VP (VBD labeled) (`` `) (X (`` `) (NP (NN Asbestos)) (. .)) (VP (VBN Made) (PP (IN in) (NP (NNP U.S.S.R))))) (. .) ('' ') ('' ')))

(S1 (S (NP (NP (DT The) (NN farmer)) (PP (IN at) (NP (DT the) (JJ next) (NN truck)))) (VP (VBZ shouts) (, ,) (`` `) (S (`` `) (NP (NNP Wheat)))) (. !)))

(S1 (S (NP (PRP It)) (VP (VBZ 's) (ADJP (JJ nice))) (. !)))

(S1 (S (NP (PRP It)) (VP (MD wo) (RB n't) (VP (VB be) (ADJP (JJR cheaper)))) (. !)))

(S1 (S (NP (PRP We)) (VP (VBP sell) (ADJP (JJ direct))) (. !) ('' ') ('' ')))

(S1 (S (NP (DT A) (JJ heavy) (, ,) (JJ kerchiefed) (NN woman)) (VP (VP (VBZ runs) (NP (NP (DT a) (NN handful)) (PP (IN through) (NP (PRP$ her) (NNS fingers))))) (, ,) (CC and) (VP (VBZ counts) (NP (PRP him)) (PP (IN out) (NP (NP (DT a) (NN pile)) (PP (IN of) (NP (NNS zlotys))))))) (. .)))

(S1 (SINV (`` `) (S (`` `) (NP (NN Country) (NNS people)) (VP (VB breed) (NP (NNS pigs))) (, ,) ('' ')) ('' ') (VP (VBZ says)) (NP (NNP Mr.) (NNP Chojnowski)) (, ,) (S (VP (VBG leaning) (PP (IN against) (NP (NP (DT the) (NN back)) (PP (IN of) (NP (PRP$ his) (NN truck))))))) (. .)))

(S1 (FRAG (`` `) (`` `) (S (NP (PRP They)) (VP (MD ca) (RB n't) (VP (VB buy) (NP (NN feed)) (PP (IN from) (NP (DT the) (NN state)))))) (. .)))

(S1 (S (NP (EX There)) (VP (VBZ is) (RB n't) (ADJP (JJ enough))) (. .)))

(S1 (S (NP (DT Some) (NN state) (NNS middlemen)) (VP (VBP come) (S (VP (TO to) (VP (VB buy) (PP (IN from) (NP (PRP me))))))) (. .)))

(S1 (S (NP (PRP I)) (VP (VBP sell) (: --) (NP (DT a) (JJ little))) (. .)))

(S1 (S (NP (PRP I)) (VP (VBP am) (VP (VBG waiting))) (. .)))

(S1 (S (NP (PRP I)) (VP (VBP have) (NP (NP (NN plenty)) (ADVP (RBR more) (IN at) (NN home)))) (. .) ('' ') ('' ')))

(S1 (S (PP (IN On) (NP (DT this) (NN morning))) (, ,) (NP (PRP he)) (VP (VBZ does) (RB n't) (VP (VB sell) (NP (NP (JJ much)) (PP (IN in) (NP (NNP Radzymin)))) (, ,) (ADVP (RB either)))) (. .)))

(S1 (S (PP (IN At) (NP (NN closing) (NN time))) (, ,) (NP (NNS farmers)) (VP (NN cart) (PRT (RP out)) (NP (NP (JJS most)) (PP (IN of) (SBAR (WHNP (WP what)) (S (NP (PRP they)) (VP (VBD carted) (PRT (RP in)))))))) (. .)))

(S1 (S (NP (NP (DT A) (JJ private) (NN market)) (PP (IN like) (NP (DT this)))) (ADVP (RB just)) (VP (VBZ is) (RB n't) (ADJP (JJ big) (RB enough) (S (VP (TO to) (VP (VB absorb) (NP (PDT all) (DT that) (NN business))))))) (. .)))

(S1 (S (NP (NP (DT The) (NN hulk)) (PP (IN of) (NP (NNP Stalinism)))) (PRN (, ,) (S (NP (PRP it)) (VP (VBZ seems))) (, ,)) (VP (MD will) (RB not) (ADVP (RB quickly)) (VP (VB crumble) (ADVP (RB away)))) (. .)))

(S1 (S (NP (NN State) (NNS monopolies)) (VP (MD will) (VP (VB keep) (PRT (RP on)) (S (VP (VP (VBG stifling) (NP (NN trade) (, ,) (`` `) (ADJP (`` `) (JJ free) ('' ')) ('' ') (NNS prices))) (CC or) (RB not) (, ,) (SBAR (IN until) (S (NP (NN something) (RB else)) (VP (VBZ replaces) (NP (PRP them))))))))) (. .)))

(S1 (S (NP (JJ Polish) (NN agriculture)) (VP (MD will) (VP (VB need) (NP (NP (NP (DT a) (JJ whole) (JJ private) (NN network)) (PP (IN of) (NP (NN procurement) (, ,) (NN processing) (CC and) (NN distribution)))) (: --) (CC plus) (NP (DT a) (JJ new) (NN manufacturing) (NN industry))) (S (VP (TO to) (VP (VB supply) (NP (PRP it)) (PP (IN with) (NP (NNS tractors) (, ,) (NNS pesticides) (, ,) (NNS fertilizers) (CC and) (NN feed)))))))) (. .)))

(S1 (S (NP (DT The) (NNPS Communists)) (VP (VBD spent) (NP (CD 40) (NNS years)) (S (VP (VBG working) (S (VP (TO to) (VP (VB ensure) (SBAR (IN that) (S (NP (DT no) (JJ such) (JJ capitalistic) (NNS structures)) (ADVP (RB ever)) (VP (VBD arose) (ADVP (RB here))))))))))) (. .)))

(S1 (S (S (VP (VBG Building) (NP (PRP them)) (ADVP (RB now)))) (VP (MD will) (VP (VB require) (NP (NP (NP (NN undergirding)) (PP (IN from) (NP (DT the) (NNP West)))) (, ,) (CC and) (NP (NP (NN removal)) (PP (IN of) (NP (NP (JJ political) (NN deadwood)) (, ,) (NP (NP (DT a) (NN job)) (SBAR (WHNP (IN that)) (S (NP (NNP Solidarity)) (VP (VBZ has) (VP (ADVP (RB barely)) (VBN started)))))))))))) (. .)))

(S1 (S (CC But) (NP (JJ Polish) (NN agriculture)) (VP (VBZ does) (VP (VB possess) (S (NP (CD one) (JJ great) (NN asset)) (ADVP (RB already)) (: :) (NP (DT the) (JJ private) (NN farmer))))) (. .)))

(S1 (SINV (`` `) (S (`` `) (NP (PRP We)) (VP (VBP are) (VP (VBG dealing) (PP (IN with) (NP (JJ real) (NNS entrepreneurs))))) (, ,) ('' ')) ('' ') (VP (VBZ says)) (NP (NP (NNP Antoni) (NNP Leopold)) (, ,) (NP (NP (DT an) (NN economist)) (SBAR (WHNP (WP who)) (S (VP (VBZ advises) (NP (NP (NNP Rural) (NNP Solidarity)) (, ,) (NP (NP (DT the) (NN union) (POS 's)) (NN countryside) (NN offshoot)))))))) (. .)))

(S1 (S (`` `) (S (`` `) (NP (EX There)) (VP (VBP are) (NP (NP (DT a) (NN lot)) (PP (IN of) (NP (PRP them)))))) (, ,) (CC and) (S (NP (PRP they)) (VP (VBP have) (NP (NN property)))) (. .) ('' ') ('' ')))

(S1 (S (NP (NP (JJ Polish) (NNS peasants)) (, ,) (PP (VBG spurning) (NP (DT the) (NNS collectivizers))) (, ,)) (VP (VBD were) (ADVP (RB once)) (NP (NP (DT a) (NN source)) (PP (IN of) (NP (NN shame)))) (PP (TO to) (NP (JJ orthodox) (NNPS Communists)))) (. .)))

(S1 (S (ADVP (RB Now)) (, ,) (PP (IN among) (NP (NNP Communist) (NNS reformers))) (, ,) (NP (PRP they)) (VP (VBP are) (NP (NP (NNS objects)) (PP (IN of) (NP (NN envy))))) (. .)))

(S1 (S (NP (NNP Food)) (VP (VBZ is) (NP (NP (NP (DT the) (NN reformer) (POS 's)) (JJ top) (NN priority)) (, ,) (NP (NP (DT the) (NN key)) (PP (TO to) (NP (JJ popular) (NN support)))))) (. .)))

(S1 (S (SBAR (IN As) (S (S (NP (DT the) (NNPS Chinese)) (VP (VBP have) (VP (VBN shown)))) (CC and) (S (NP (DT the) (NNPS Soviets)) (VP (VBP are) (VP (VBG learning)))))) (, ,) (NP (NN family) (NNS farms)) (VP (VBP thrive) (SBAR (WHADVP (WRB where)) (S (NP (NNS collectives)) (VP (VBP fail))))) (. .)))

(S1 (S (NP (NN Ownership)) (PRN (, ,) (S (NP (PRP it)) (VP (VBZ seems))) (, ,)) (VP (VBZ is) (NP (DT the) (JJS best) (NN fertilizer))) (. .)))

(S1 (S (NP (DT The) (NNPS Poles)) (VP (VBP have) (VP (VBN had) (NP (PRP it)) (ADVP (DT all) (IN along)))) (. .)))

(S1 (S (NP (NP (NNP Poland) (POS 's)) (QP (CD 2.7) (CD million)) (JJ small) (JJ private) (NNS farms)) (VP (VBP cover) (NP (NP (CD 76) (NN %)) (PP (IN of) (NP (PRP$ its) (JJ arable) (NN land))))) (. .)))

(S1 (S (PP (IN On) (NP (PRP it))) (, ,) (NP (NP (DT a) (NN quarter)) (PP (IN of) (NP (NP (DT the) (NN country) (POS 's)) (QP (CD 39) (CD million)) (NNS people)))) (VP (VBP produce) (NP (NP (NP (NNS three-quarters)) (PP (IN of) (NP (PRP$ its) (NN grain) (, ,) (NN beef) (, ,) (NNS eggs) (CC and) (NN milk)))) (, ,) (CC and) (NP (NP (NNS nine-tenths)) (PP (IN of) (NP (PRP$ its) (NN fruit) (, ,) (NNS vegetables) (CC and) (NNS potatoes)))))) (. .)))

(S1 (S (PP (IN Like) (NP (DT the) (NNPS Roman) (NNP Catholic) (NNP Church))) (, ,) (NP (DT the) (NNP Polish) (NN peasant)) (VP (VBZ is) (NP (NP (DT a) (NN pillar)) (PP (IN of) (NP (DT the) (NN nation))))) (. .)))

(S1 (S (S (VP (VB Try) (SBAR (IN as) (S (NP (PRP they)) (VP (MD might)))))) (, ,) (NP (DT the) (NNPS Communists)) (VP (MD could) (RB neither) (VP (VB replace) (CC nor) (VB break) (NP (PRP him)))) (. .)))

(S1 (S (CC And) (NP (PRP they)) (VP (VBD did) (VP (VB try))) (. .)))

(S1 (S (ADVP (NP (DT A) (JJ few) (NNS miles)) (RB past)) (NP (NNP Radzymin)) (, ,) (NP (DT a) (NN dirt) (NN road)) (VP (VP (VBZ narrows) (PP (TO to) (NP (NP (DT a) (NN track)) (PP (IN of) (NP (NN sand)))))) (CC and) (VP (VBZ leads) (PP (IN into) (NP (NP (NNP Zalubice)) (, ,) (NP (NP (DT a) (NN village)) (PP (IN of) (NP (JJ tumbledown) (NNS farms)))))))) (. .)))

(S1 (S (NP (NNP Czeslaw) (NNP Pyszkiewicz)) (VP (VBZ owns) (NP (NP (CD 30) (NNS acres)) (PP (IN in) (NP (CD 14) (JJ scattered) (NNS scraps))))) (. .)))

(S1 (S (NP (PRP He)) (VP (VBZ grows) (NP (NNP rye) (CC and) (NNS potatoes)) (PP (IN for) (NP (NP (DT a) (JJ few) (NNS hens)) (, ,) (NP (CD five) (NNS cows)) (CC and) (NP (CD 25) (NNS piglets))))) (. .)))

(S1 (S (PP (IN In) (NP (NP (VBN patched) (NNS pants)) (CC and) (NP (VBN torn) (NNS shoes)))) (, ,) (NP (PRP he)) (VP (VBZ stands) (PP (IN in) (NP (PRP$ his) (NN barnyard))) (S (VP (VBG eyeing) (NP (DT the) (NN ground)) (PP (IN with) (NP (NP (DT a) (NN look)) (UCP (NP (DT both) (NNP helpless)) (CC and) (ADJP (JJ sardonic)))))))) (. .)))

(S1 (S (`` `) (S (`` `) (NP (PRP It)) (VP (VBZ 's) (NP (JJ bad) (NN soil))) (, ,) ('' ')) ('' ') (NP (PRP he)) (VP (VBZ says)) (. .)))

(S1 (S (PP (IN Until) (NP (CD 1963))) (, ,) (NP (PRP it)) (VP (VBD was) (NP (JJ good) (NN soil))) (. .)))

(S1 (S (ADVP (RB Then)) (NP (DT the) (NN state)) (VP (VBD put) (PRT (RP in)) (NP (DT a) (NN reservoir) (S (VP (TO to) (VP (VB supply) (NP (DT the) (NN area)) (PP (IN with) (NP (NN drinking) (NN water)))))))) (. .)))

(S1 (S (NP (NNS Farmers)) (VP (VBD lay) (PRT (RP down)) (PP (IN before) (NP (DT the) (NNS bulldozers)))) (. .)))

(S1 (S (NP (PRP$ Their) (NN protest)) (VP (VBD was) (VP (VBN ignored))) (. .)))

(S1 (S (NP (DT The) (NN dam)) (VP (VBD caused) (S (NP (DT the) (NN water) (NN level)) (VP (TO to) (VP (VB drop) (PP (IN in) (NP (NNP Zalubice))))))) (. .)))

(S1 (NP (NP (NNP Mr) (NNP Pyszkiewicz)) (NP (NP (NNS smiles)) (CC and) (NP (PRP$ his) (NN brow) (NNS furrows))) (. .)))

(S1 (S (NP (PRP He)) (VP (VBD expected) (NP (RB as) (JJ much))) (. .)))

(S1 (S (PP (IN In) (NP (NP (PRP$ his) (NN lifetime)) (, ,) (NP (CD 47) (NNS years)))) (, ,) (NP (DT the) (NNPS Communists)) (VP (VP (VBD brought) (NP (NN electricity)) (PP (TO to) (NP (PRP$ his) (NN village)))) (CC and) (VP (VBN piped) (PP (IN in) (NP (NN drinking) (NN water))) (PP (IN from) (NP (DT the) (NN reservoir))))) (. .)))

(S1 (FRAG (NP (DT No) (NNS phones)) (. .)))

(S1 (NP (DT No) (NN gas) (. .)))

(S1 (S (`` `) (S (`` `) (NP (PRP We)) (VP (VBD wanted) (S (NP (PRP them)) (VP (TO to) (VP (VB build) (NP (DT a) (NN road)) (ADVP (RB here)))))) (, ,) ('' ')) ('' ') (NP (PRP he)) (VP (VBZ says)) (. .)))

(S1 (S (`` `) (S (`` `) (NP (PRP They)) (VP (VBN started))) (, ,) (CC and) (S (RB then) (VP (VBD abandoned) (NP (PRP it)))) (. .) ('' ') ('' ')))

(S1 (S (NP (NP (DT A) (NN tractor)) (, ,) (NP (PRP$ his) (JJ only) (JJ mechanized) (NN equipment)) (, ,)) (VP (VBZ stands) (PP (IN in) (NP (NP (NN front)) (PP (IN of) (NP (DT the) (NN pigsty)))))) (. .)))

(S1 (FRAG (`` `) (`` `) (S (NP (PRP It)) (VP (VBZ 's) (NP (NNP Russian)))) (. .)))

(S1 (S (ADJP (JJ Good) (PP (IN for) (NP (NN nothing)))) (. .)))

(S1 (S (NP (NNS Parts)) (VP (VBP are) (NP (DT a) (NN tragedy))) (. .)))

(S1 (S (SBAR (RB Even) (IN if) (S (NP (PRP I)) (VP (VBD had) (NP (NP (DT a) (NN lot)) (PP (IN of) (NP (NN money))))))) (, ,) (NP (PRP I)) (VP (MD could) (RB n't) (VP (VB buy) (SBAR (WHNP (WP what)) (S (NP (PRP I)) (VP (VBP need)))))) (. .) ('' ') ('' ')))

(S1 (S (NP (DT The) (NN farmer)) (VP (MD can) (VP (VB say) (NP (DT the) (JJ same)) (PP (IN for) (NP (NN coal) (, ,) (NN cement) (, ,) (NN saw) (NNS blades))))) (. .)))

(S1 (S (S (PP (IN In) (NP (NNP Poland))) (, ,) (NP (NP (QP (RB only) (CD 4)) (NN %)) (PP (IN of) (NP (DT all) (NN investment)))) (VP (VBZ goes) (PP (IN toward) (S (VP (VBG making) (NP (NP (NNS things)) (SBAR (S (NP (NNS farmers)) (VP (VBP want)))))))))) (: ;) (S (PP (IN in) (NP (DT the) (NNP West))) (, ,) (NP (PRP it)) (VP (VBZ is) (ADJP (JJR closer) (PP (TO to) (NP (CD 20) (NN %)))))) (. .)))

(S1 (S (NP (DT The) (JJ few) (JJ big) (NN state) (NNS farms)) (VP (VBP take) (NP (JJ first) (NN crack)) (PP (IN at) (SBAR (WHNP (WP what)) (S (VP (VBZ does) (VP (VB get) (VP (VBN made)))))))) (. .)))

(S1 (S (NP (PRP They)) (VP (VBP use) (NP (ADJP (NP (CD 60) (NN %)) (JJR more)) (NN fertilizer)) (PP (IN per) (NP (NP (NN acre)) (, ,) (RB twice) (NP (DT the) (JJ high-grade) (NN feed))))) (. .)))

(S1 (S (CC Yet) (NP (PRP$ their) (JJS best)) (VP (VBP boast) (SBAR (S (VP (VBZ is) (SBAR (IN that) (S (NP (PRP they)) (VP (VBP produce) (NP (NP (CD 32) (NN %)) (PP (IN of) (NP (JJ Polish) (NN pork))))))))))) (. .)))

(S1 (S (`` `) (S (`` `) (NP (PRP I)) (VP (VBP 've) (VP (VBN heard) (PP (IN from) (NP (NNS friends))) (SBAR (IN that) (S (NP (NN state) (NNS farms)) (VP (VBP are) (ADJP (JJ subsidized))))))) (, ,) ('' ')) ('' ') (NP (NNP Mr.) (NNP Pyszkiewicz)) (VP (VBZ says) (SBAR (IN as) (S (NP (NP (PRP$ his) (NN wife)) (, ,) (NP (NNP Wieslawa)) (, ,)) (VP (VBZ sets) (NP (DT some) (NNS chairs)) (PP (IN out) (PP (IN in) (NP (DT the) (NN sun)))))))) (. .)))

(S1 (S (`` `) (S (`` `) (NP (PRP We)) (VP (VB have) (NP (NP (CD one)) (PP (IN near) (NP (RB here)))))) (. .)))

(S1 (S (NP (EX There)) (VP (VBZ is) (NP (NP (DT a) (NN lot)) (PP (IN of) (NP (NN waste))))) (. .)))

(S1 (S (NP (DT A) (JJ private) (NN farmer)) (ADVP (RB never)) (VP (NNS wastes) (NP (NN anything))) (. .) ('' ') ('' ')))

(S1 (S (NP (DT The) (NN state)) (VP (VBD quit) (S (VP (VBG shoving) (NP (NP (NNS peasants)) (PP (IN onto) (NP (PRP$ its) (JJ subsidized) (NNS farms)))) (PRT (RP over)) (ADVP (NP (CD 30) (NNS years)) (RB ago))))) (. .)))

(S1 (S (CC But) (NP (PRP it)) (ADVP (RB never)) (VP (VBD did) (S (VP (VB let) (PRT (RP up)) (PP (IN on) (NP (DT the) (NN pressure)))))) (. .)))

(S1 (S (PP (IN Until) (ADVP (RB recently))) (, ,) (NP (NP (DT a) (NN farmer)) (PP (IN with) (NP (DT no) (NN heir)))) (VP (VBD had) (S (VP (TO to) (VP (NN will) (NP (DT the) (NN state)) (S (NP (PRP$ his) (NN land)) (VP (TO to) (VP (VB collect) (NP (PRP$ his) (NN pension))))))))) (. .)))

(S1 (S (NP (NP (DT The) (NN pension) (POS 's)) (NN size)) (ADVP (RB still)) (VP (VBZ depends) (PP (IN on) (SBAR (WHNP (WRB how) (JJ much) (NN produce)) (S (NP (PRP he)) (VP (VBZ sells) (NP (DT the) (NN state))))))) (. .)))

(S1 (S (NP (NP (PRP$ His) (NN allotment)) (PP (IN of) (NP (NNS materials)))) (ADVP (RB also)) (VP (VBD did) (, ,) (SBAR (IN until) (S (NP (DT the) (NN state)) (VP (MD could) (RB n't) (VP (VB hold) (PRT (RP up)) (NP (NP (PRP$ its) (NN end)) (PP (IN of) (NP (DT that) (NN bargain))))))))) (. .)))

(S1 (S (CC Yet) (NP (NP (DT the) (NN state)) (ADVP (RB alone))) (VP (VBZ sells) (NP (NNS seeds) (CC and) (NNS machines))) (. .)))

(S1 (S (SBAR (WHADVP (WRB When)) (S (NP (NNS supplies)) (VP (VBP are) (ADJP (JJ short))))) (, ,) (NP (PRP it)) (ADVP (RB often)) (VP (NNS hands) (NP (PRP them)) (PP (ADVP (RB over) (RB only)) (IN in) (NP (NP (NN exchange)) (PP (IN for) (NP (NP (NN milk)) (CC or) (NP (NN grain))))))) (. .)))

(S1 (S (NP (NP (DT A) (JJ private) (NN farmer)) (PP (IN in) (NP (NNP Poland)))) (VP (VBZ is) (ADJP (JJ free) (S (VP (TO to) (VP (VP (VB buy) (CC and) (VB sell) (NP (NN land))) (, ,) (VP (VB hire) (NP (NN help))) (, ,) (VP (VB decide) (SBAR (SBAR (WHNP (WP what)) (S (VP (TO to) (VP (VB grow))))) (CC and) (SBAR (WHADVP (WRB how)) (S (VP (TO to) (VP (VB grow) (NP (PRP it))))))))))))) (. .)))

(S1 (S (NP (PRP He)) (VP (VBZ is) (ADJP (JJ free) (S (VP (VP (TO to) (VP (VB invest) (PP (IN in) (NP (NNS chickens))))) (, ,) (CC and) (VP (TO to) (VP (VB fail) (PP (IN for) (NP (NP (NN lack)) (PP (IN of) (NP (NN chicken) (NN wire))))))))))) (. .)))

(S1 (S (NP (PRP He)) (VP (VBZ has) (NP (NP (NP (NN plenty)) (PP (IN of) (NP (NN freedom)))) (: --) (CC but) (NP (DT no) (NNS choices)))) (. .)))

(S1 (S (`` `) (S (`` `) (NP (PRP I)) (VP (VBP 'm) (PP (IN on) (NP (PRP$ my) (JJ own) (NN land)))) (, ,) ('' ')) ('' ') (NP (NNP Mr.) (NNP Pyszkiewicz)) (VP (VBZ says)) (. .)))

(S1 (S (`` `) (S (`` `) (NP (PRP I)) (VP (VBP do) (RB n't) (VP (VB have) (S (VP (TO to) (VP (VB listen) (PP (TO to) (SBAR (WHNP (WP what)) (S (NP (NN anybody)) (VP (VBZ tells) (NP (PRP me)) (S (VP (TO to) (VP (VB do))))))))))))) (. .) ('' ')) ('' ')))

(S1 (S (`` `) (`` `) (ADVP (RB Sometimes)) (PRN (, ,) ('' ') ('' ') (S (VP (VBZ says) (NP (PRP$ his) (NN wife)))) (, ,) (`` `)) (`` `) (NP (PRP we)) (VP (VBP 're) (ADJP (JJ happy) (PP (IN about) (NP (DT that))))) (. .) ('' ') ('' ')))

(S1 (S (PP (IN By) (S (VP (VBG starving) (NP (DT the) (NN peasant))))) (, ,) (NP (DT the) (NNPS Communists)) (VP (VBP have) (VP (VBN starved) (NP (NNP Poland)))) (. .)))

(S1 (S (NP (NP (NNS Villages)) (PP (IN like) (NP (NNP Zalubice)))) (VP (VBP exist) (PP (IN in) (NP (NP (DT a) (NN desert)) (PP (IN of) (NP (NP (JJ poor) (NNS schools)) (CC and) (NP (JJ few) (NNS doctors))))))) (. .)))

(S1 (S (NP (NN Farm) (NN income)) (VP (VBZ is) (NP (NP (CD 15) (NN %)) (PP (IN below) (NP (DT the) (NN average))))) (. .)))

(S1 (NP (NP (DT The) (JJ young) (NN leave)) (, ,) (NP (NP (RB especially) (NNS girls)) (SBAR (WHNP (WP who)) (S (VP (MD wo) (RB n't) (VP (VB milk) (NP (NNS cows)) (PP (IN by) (NP (NN hand)))))))) (. .)))

(S1 (S (S (NP (DT Some) (NNS men)) (VP (VBP stay))) (, ,) (S (NP (PRP$ their) (JJS best) (NN friend)) (NP (NP (DT a) (NN bottle)) (PP (IN of) (NP (NN vodka))))) (, ,) (CC but) (S (NP (QP (CD two) (CD million)) (NNS acres)) (VP (VBP have) (VP (VBN gone) (ADVP (RB fallow))))) (. .)))

(S1 (S (PP (IN Without) (NP (NNS machines))) (, ,) (NP (JJ good) (NNS farms)) (VP (MD ca) (RB n't) (VP (VB get) (ADJP (JJR bigger)))) (. .)))

(S1 (S (CC So) (NP (DT the) (NN potato) (NN crop)) (PRN (, ,) (PP (IN once) (NP (QP (CD 47) (CD million)) (NNS tons))) (, ,)) (VP (VBZ is) (PRT (RP down)) (PP (TO to) (NP (QP (CD 35) (CD million))))) (. .)))

(S1 (S (S (NP (NN Meat) (NN consumption)) (VP (VBZ is) (PP (IN at) (NP (NP (CD 1979) (POS 's)) (NN level))))) (, ,) (S (NP (NP (NN pork) (NN production)) (PP (IN at) (NP (CD 1973)))) (VP (VBZ 's))) (, ,) (S (NP (NP (NN milk) (NN output)) (PP (IN at) (NP (CD 1960)))) (VP (VBZ 's))) (. .)))

(S1 (S (SBAR (IN If) (S (NP (DT a) (NN food) (NN crisis)) (VP (VBD undid) (NP (DT the) (NNPS Communists))))) (, ,) (NP (DT a) (NN food) (NN revolution)) (VP (MD will) (VP (VB make) (NP (NNP Solidarity)))) (. .)))

(S1 (S (S (NP (DT The) (NN potential)) (VP (VBZ is) (VP (VBN displayed) (PP (IN along) (NP (DT every) (NN road))) (PP (IN into) (NP (NNP Warsaw)))))) (: :) (S (VP (VB row) (PP (IN upon) (NP (NP (NN row)) (PP (IN of) (NP (NP (NNS greenhouses)) (, ,) (VP (VBG stretching) (PP (IN out) (PP (IN behind) (NP (NP (JJ modern) (NNS mansions)) (SBAR (WHNP (IN that)) (S (VP (NN trumpet) (NP (NP (PRP$ their) (NNS owners) (POS ')) (NN wealth))))))))))))))) (. .)))

(S1 (S (NP (NNS Vegetables)) (VP (VBP are) (ADJP (ADJP (JJ abundant)) (CC and) (ADJP (JJ full) (PP (IN of) (NP (NP (NP (NN flavor)) (PP (IN in) (NP (NNP Poland)))) (, ,) (NP (DT the) (NNS pickles)) (CC and) (NP (NP (NN sauerkraut) (JJ sublime)) (, ,) (NP (NP (DT the) (NN state) (NNS monopolies)) (VP (ADVP (RB long)) (VBN broken))))))))) (. .)))

(S1 (S (NP (NN Grain) (, ,) (NN milk) (CC and) (NN meat)) (VP (VB come) (ADJP (JJ next))) (. .)))

(S1 (S (NP (NP (DT A) (JJ private) (NN challenge)) (PP (TO to) (NP (DT the) (JJ monolithic) (NN tractor) (NN industry)))) (VP (MD will) (VP (VB take) (NP (JJR more) (NN time) (CC and) (NN money)) (SBAR (IN than) (S (NP (NNP Poland)) (VP (MD can) (VP (JJ spare) (, ,) (SBAR (IN although) (S (NP (NP (DT a) (NN smokehouse)) (CC or) (NP (DT a) (JJ local) (NN dairy))) (VP (MD can) (VP (VB spring) (PRT (RP up)) (ADVP (RB fast)))))))))))) (. .)))

(S1 (S (NP (NNP Poland)) (VP (VBZ makes) (NP (DT no) (NN machinery)) (PP (IN for) (NP (NP (DT a) (NN plant)) (PP (IN on) (NP (DT that) (NN scale)))))) (. .)))

(S1 (S (NP (NNP Solidarity)) (VP (VBZ wants) (NP (PRP it)) (PP (IN from) (NP (DT the) (NNP West)))) (. .)))

(S1 (S (NP (NP (NNP Maria) (NNP Stolzman)) (, ,) (NP (NP (CD one)) (PP (IN of) (NP (PRP$ its) (NN farm) (NNS experts)))) (, ,)) (VP (VBZ lays) (NP (PRP it)) (PP (IN on) (NP (DT the) (NN line))) (: :) (`` `) (S (`` `) (NP (DT The) (NNP World) (NNP Bank)) (VP (MD will) (VP (VB be) (VP (VBN brought) (PRT (RP in)) (S (VP (TO to) (VP (VB help) (S (NP (PRP us)) (VP (VB destroy) (NP (DT the) (JJ old) (NN system)))))))))))) (. .) ('' ') ('' ')))

(S1 (S (NP (NNP Felix) (NNP Siemienas)) (VP (VBZ is) (VP (VBG destroying) (NP (PRP it)) (ADVP (RB now)))) (. .)))

(S1 (S (NP (PRP He)) (VP (VBZ packs) (NP (NN pork))) (. .)))

(S1 (S (NP (DT A) (NN law)) (VP (VBD went) (PP (IN on) (NP (DT the) (NNS books))) (PP (IN in) (NP (NNP January))) (SBAR (IN that) (S (VP (VB let) (NP (PRP him)) (VP (VB smoke) (NP (NN bacon)) (PP (IN without) (S (VP (VBG breeding) (NP (NNS pigs)))))))))) (. .)))

(S1 (S (NP (PRP He)) (VP (VBN cashed) (PRT (RP in))) (. .)))

(S1 (S (NP (NNP Poland)) (VP (VBZ is) (ADJP (JJ short) (PP (IN on) (NP (NNS enterprises) (, ,) (RB not) (NN enterprise))))) (. .)))

(S1 (S (`` `) (S (`` `) (NP (PRP I)) (VP (VBP pay) (NP (NP (DT a) (NN lot)) (PP (TO to) (NP (NP (DT the) (NN farmer)) (CC and) (NP (NP (QP (CD five) (NNS times)) (DT the) (NN state) (NN salary)) (PP (TO to) (NP (PRP$ my) (NNS employees)))))))) (, ,) ('' ')) ('' ') (NP (PRP he)) (VP (VBZ says)) (. .)))

(S1 (S (NP (PRP He)) (VP (VBZ is) (PP (IN in) (NP (NNP Warsaw))) (S (VP (TO to) (VP (VB open) (NP (DT a) (NN shop)))))) (. .)))

(S1 (S (`` `) (S (`` `) (NP (PRP I)) (VP (VBP hire) (NP (NN transportation)))) (, ,) (CC and) (S (NP (PRP$ my) (NNS customers)) (VP (VBP have) (NP (NP (JJ fresh) (JJ cold) (NNS cuts)) (NP (DT every) (NN day))))) (. .)))

(S1 (S (NP (PRP I)) (VP (VBP do) (RB n't) (VP (VB subsidize) (NP (NN anyone)))) (. .)))

(S1 (S (NP (NP (NN Everyone)) (PP (IN around) (NP (PRP me)))) (VP (VBZ lives) (ADVP (RB well))) (. .)))

(S1 (S (INTJ (UH Yes)) (, ,) (NP (PRP$ my) (NNS prices)) (VP (VBP are) (ADJP (JJ high))) (. .)))

(S1 (S (SBAR (IN If) (S (NP (NN nobody)) (VP (VBZ buys)))) (, ,) (NP (PRP I)) (VP (VBP bring) (NP (PRP$ my) (NNS prices)) (PRT (RP down))) (. .)))

(S1 (S (NP (DT That)) (VP (VBZ 's) (NP (DT the) (NN rule))) (. .)))

(S1 (S (NP (DT That)) (VP (VBZ 's) (NP (DT the) (NN market))) (. .) ('' ') ('' ')))

(S1 (S (S (NP (NNP Mr.) (NNP Siemienas)) (VP (VBZ is) (VP (VBG making) (NP (NP (DT a) (NN fortune)) (: --) (NP (NP ($ $) (CD 10,000)) (NP (DT a) (NN month))))))) (, ,) (NP (PRP he)) (VP (VBZ says)) (. .)))

(S1 (S (NP (PRP He)) (VP (VBZ has) (VP (VBN bought) (NP (NP (DT some) (JJ trendy) (NNP Western) (NNS clothes)) (, ,) (CC and) (NP (NP (DT a) (JJ green) (NNS Mercedes)) (PP (IN with) (NP (DT an) (JJ American) (NN flag))))) (PP (IN in) (NP (DT the) (NN window))))) (. .)))

(S1 (S (CC But) (NP (NP (DT the) (JJ meat-processing) (NNS machines)) (SBAR (S (NP (PRP he)) (VP (VBD picked) (PRT (RP up)))))) (VP (VBP are) (ADJP (NP (CD 50) (NNS years)) (JJ old))) (. .)))

(S1 (S (`` `) (S (`` `) (NP (PRP I)) (VP (VBP do) (RB n't) (VP (VB want) (NP (ADJP (JJ expensive)) (NNS machines))))) (. .)))

(S1 (S (SBAR (IN If) (S (NP (DT the) (NN situation)) (VP (VBZ changes)))) (, ,) (NP (PRP I)) (VP (MD 'll) (VP (VB get) (VP (VBN stuck) (PP (IN with) (NP (PRP them)))))) (. .) ('' ') ('' ')))

(S1 (S (NP (DT That)) (VP (VBZ 's) (NP (NNS politics))) (. .)))

(S1 (S (PP (IN By) (S (VP (VBG taking) (NP (NN power)) (PP (IN in) (NP (NP (DT a) (NN deal)) (PP (IN with) (NP (NP (DT the) (NN Peasant) (NN Party) (POS 's)) (JJ onetime) (NNP Communist) (NNS stooges)))))))) (, ,) (NP (NNP Solidarity)) (VP (VBZ has) (VP (VBN spooked) (NP (DT the) (JJ rural) (NN entrepreneur)))) (. .)))

(S1 (S (NP (NNP Rural) (NNP Solidarity)) (VP (VBD objected) (, ,) (PP (TO to) (NP (DT no) (NN avail))) (, ,) (SBAR (WHADVP (WRB when)) (S (NP (NNP Solidarity) (NN leader) (NNP Lech) (NNP Walesa)) (VP (VBD accepted) (NP (NP (DT the) (NNS Peasants) (POS ')) (NN support)))))) (. .)))

(S1 (S (NP (PRP It)) (VP (VBD objected) (PP (ADVP (RB again)) (IN in) (NP (NNP September))) (SBAR (WHADVP (WRB when)) (S (NP (NNP Prime) (NNP Minister) (NNP Tadeusz) (NNP Mazowiecki)) (ADVP (RB reluctantly)) (VP (VBD named) (NP (DT a) (NN Peasant) (NNP Party) (NN man)) (PP (IN as) (NP (PRP$ his) (NN agriculture) (NN minister))))))) (. .)))

(S1 (S (NP (DT Both) (NP (DT the) (NNS Peasants)) (CC and) (NP (NNP Rural) (NNP Solidarity))) (VP (VBP are) (VP (VBG forming) (NP (JJ new) (JJ political) (NNS parties)) (PP (IN for) (NP (NNS farmers))))) (. .)))

(S1 (S (NP (DT The) (NNS Peasants)) (VP (MD can) (VP (VB make) (NP (NP (DT a) (JJ credible) (NN case)) (, ,) (PP (IN against) (NP (NNP Solidarity))) (, ,)) (SBAR (IN that) (S (NP (NN hell-bent) (NN reform)) (VP (MD will) (VP (VB drive) (NP (NNS millions)) (PP (IN from) (NP (DT the) (NN land))))))))) (. .)))

(S1 (S (NP (JJ Next) (NN Spring)) (, ,) (NP (DT the) (CD two)) (VP (MD will) (VP (VB battle) (PP (IN in) (NP (JJ local) (NNS elections))))) (. .)))

(S1 (S (CC But) (PP (IN until) (ADVP (ADVP (RB then)) (, ,) (CC and) (ADVP (RB probably) (RB long) (RB afterward)))) (, ,) (NP (NP (NP (DT the) (NNPS Communists) (POS ')) (NN apparat)) (PP (IN of) (NP (NP (NN obstruction)) (PRN (: --) (PP (PP (IN from) (NP (NP (DT the) (NN head)) (PP (IN of) (NP (DT the) (NN dairy) (NN co-op))))) (PP (TO to) (NP (DT the) (NN village) (NN bank) (NN manager)))) (: --))))) (VP (MD will) (VP (VB stay) (VP (VBN planted) (PP (IN in) (NP (DT the) (NNP Polish) (NN countryside)))))) (. .)))

(S1 (S (`` `) (S (`` `) (NP (PRP We)) (VP (VBP know) (SBAR (WHADVP (WRB how)) (S (VP (TO to) (VP (VB get) (PP (PP (IN from) (NP (NN capitalism))) (PP (TO to) (NP (NN socialism))))))))) (, ,) ('' ')) ('' ') (NP (NNP Sergiusz) (NNP Niciporuk)) (VP (VBZ is) (VP (VBG saying) (NP (CD one) (NN afternoon)))) (. .)))

(S1 (S (`` `) (S (`` `) (NP (PRP We)) (VP (VBP do) (RB n't) (VP (VB know) (SBAR (WHADVP (WRB how)) (S (VP (TO to) (VP (VB get) (PP (PP (IN from) (NP (NN socialism))) (PP (TO to) (NP (NN capitalism)))))))))) (. .) ('' ')) ('' ')))

(S1 (S (NP (PRP He)) (VP (VP (NNS farms) (NP (CD 12) (NNS acres)) (PP (IN in) (NP (NNP Grabowiec)))) (, ,) (NP (NP (CD two) (NNS miles)) (PP (PP (IN from) (NP (DT the) (NNP Soviet) (NN border))) (PP (IN in) (NP (NP (CD one)) (PP (IN of) (NP (NP (NNP Poland) (POS 's)) (JJS poorest) (NNS places)))))))) (. .)))

(S1 (S (ADVP (RB Now)) (NP (PRP he)) (VP (VBZ is) (VP (VBG mounting) (NP (NP (DT the) (NNS steps)) (PP (IN of) (NP (NP (DT a) (NN stucco) (NN building)) (PP (IN in) (NP (DT a) (JJ nearby) (NN village)))))) (, ,) (PP (IN on) (NP (NP (DT a) (NN visit)) (PP (TO to) (NP (NP (DT the) (NNP Communist) (NN administrator)) (, ,) (NP (DT the) (`` `) (NX (`` `) (NP (NN naczelnik)))))))))) (. .) ('' ') ('' ')))

(S1 (SINV (`` `) (S (`` `) (NP (NP (JJ Many) (NNS people)) (PP (IN in) (NP (NNP Poland)))) (VP (VBP hope) (SBAR (S (NP (DT this) (NN government)) (VP (MD will) (VP (VB break) (PRT (RP down))))))) (, ,) ('' ')) ('' ') (VP (VBZ says)) (NP (NP (NNP Mr.) (NNP Niciporuk)) (, ,) (SBAR (WHNP (WP who)) (S (VP (VBZ belongs) (PP (PP (TO to) (NP (DT the) (JJ local) (NN council))) (CC and) (PP (TO to) (NP (NNP Rural) (NNP Solidarity)))))))) (. .)))

(S1 (FRAG (`` `) (`` `) (S (NP (DT That)) (VP (VBZ 's) (SBAR (WHNP (WP what)) (S (NP (DT the) (NN naczelnik)) (VP (VBZ counts) (PRT (RP on))))))) (. .)))

(S1 (S (NP (PRP He)) (VP (VBZ is) (NP (PRP$ our) (ADJP (RBS most) (JJ dangerous)) (NN enemy))) (. .)))

(S1 (S (NP (NP (DT Every) (NN time)) (SBAR (S (NP (PRP he)) (VP (VBZ sees) (NP (PRP me)))))) (, ,) (NP (PRP he)) (VP (VBZ gets) (ADJP (RB very) (JJ nervous))) (. .) ('' ') ('' ')))

(S1 (S (NP (DT The) (NN farmer)) (VP (NNS barges) (PP (IN into) (NP (NP (DT the) (NN naczelnik) (POS 's)) (NN office)))) (. .)))

(S1 (S (NP (NP (DT A) (JJ thin) (NN man)) (PP (IN in) (NP (DT a) (JJ gray) (NN suit)))) (VP (VBZ looks) (PRT (RP up)) (PP (IN from) (NP (DT a) (NN newspaper)))) (. .)))

(S1 (S (NP (NNP Mr.) (NNP Niciporuk)) (VP (VBZ sits)) (. .)))

(S1 (S (NP (NP (NNP Anatol) (NNP Pawlowski) (POS 's)) (NN leg)) (VP (VBZ begins) (VP (VBG jiggling) (PP (IN beneath) (NP (PRP$ his) (NN desk))))) (. .)))

(S1 (S (`` `) (S (`` `) (NP (NNP Solidarity)) (VP (VBZ does) (RB n't) (VP (VB care) (PP (IN for) (NP (NP (DT the) (NN good)) (PP (IN of) (NP (DT this) (NN region))))))) (, ,) ('' ')) ('' ') (NP (PRP he)) (VP (VBZ says) (PP (IN after) (NP (DT a) (JJ few) (NNS pleasantries)))) (. .)))

(S1 (S (`` `) (S (`` `) (NP (PRP They)) (VP (VB want) (S (VP (TO to) (VP (VB turn) (NP (NN everything)) (ADVP (RB upside) (RB down) (PP (IN in) (NP (DT a) (NN week))))))))) (. .)))

(S1 (S (NP (NNP Mr.) (NNP Niciporuk)) (ADVP (RB here)) (VP (VBZ wants) (NP (NP (CD 60) (NNS acres)) (VP (VBN used) (PP (IN at) (NP (DT the) (NN moment))) (PP (IN by) (NP (DT a) (NN state) (NN farm)))))) (. .)))

(S1 (S (NP (PRP He)) (VP (MD ca) (RB n't) (VP (VB guarantee) (SBAR (IN that) (S (NP (PRP he)) (VP (MD can) (VP (VB use) (NP (PRP it)) (ADVP (DT any) (RBR better)))))))) (. .) ('' ') ('' ')))

(S1 (S (`` `) (S (`` `) (NP (PRP I)) (VP (VBP am) (ADJP (JJ ready) (PP (IN at) (NP (DT any) (NN moment) (S (VP (TO to) (VP (VB compete) (PP (IN with) (NP (DT a) (NN state) (NN farm)))))))))) (. .) ('' ')) ('' ')))

(S1 (S (NP (DT The) (NN naczelnik)) (VP (VBZ averts) (NP (PRP$ his) (NNS eyes))) (. .)))

(S1 (SBARQ (`` `) (`` `) (WHNP (WP What)) (SQ (VBP have) (NP (PRP you)) (VP (VBD got))) (. ?)))

(S1 (FRAG (RB Not) (RB even) (NP (DT a) (NN tractor)) (. .)))

(S1 (S (CC And) (NP (PRP you)) (VP (VBP want) (S (VP (TO to) (VP (VB make) (NP (NN wicker) (NNS baskets)) (, ,) (ADVP (RB too)))))) (. .) ('' ') ('' ')))

(S1 (S (`` `) (S (`` `) (NP (PRP I)) (VP (MD can) (VP (VB do) (NP (CD five) (NNS things)) (ADVP (IN at) (RB once))))) (: --) (FRAG (S (VP (TO to) (VP (VB be) (NP (DT a) (NN businessman)))))) (. .) ('' ') ('' ')))

(S1 (S (`` `) (S (`` `) (NP (JJ Big) (NN business))) (, ,) ('' ') ('' ') (NP (NNP Mr.) (NNP Pawlowski)) (VP (VBZ snorts) (PP (IN in) (NP (NNP English)))) (. .)))

(S1 (S (NP (DT The) (NN farmer)) (VP (VBZ stands) (S (VP (TO to) (VP (VB go))))) (. .)))

(S1 (S (NP (DT The) (NN naczelnik)) (VP (VBZ stands) (, ,) (ADVP (RB too))) (. .)))

(S1 (S (`` `) (S (`` `) (NP (PRP I)) (VP (VB care) (ADVP (RB very) (RB much)) (PP (IN for) (NP (DT this) (NN post)))) (, ,) ('' ')) ('' ') (NP (PRP he)) (VP (VBZ says)) (. .)))

(S1 (FRAG (`` `) (`` `) (NP (NP (CD Eight) (NNS years)) (SBAR (S (NP (PRP I)) (VP (VBP 've) (VP (VBD had) (NP (PRP it))))))) (. .)))

(S1 (S (NP (DT A) (JJ cultural) (NN center)) (VP (VBZ has) (VP (VBN been) (VP (VBN built) (, ,) (NP (NNS shops))))) (. .)))

(S1 (S (ADVP (RB Suddenly)) (, ,) (NP (PRP I)) (VP (VBP am) (RB not) (NP (NP (DT a) (JJ comfortable) (NN man)) (PP (IN for) (NP (NNP Solidarity))))) (. .)))

(S1 (S (NP (PRP I)) (VP (VBP have) (VP (VBN accomplished) (ADVP (RB too) (RB much)))) (. .)))

(S1 (S (NP (PRP They)) (VP (VBP want) (S (VP (TO to) (VP (VB do) (NP (JJR more)))))) (. .)))

(S1 (S (NP (PRP I)) (VP (VBP wish) (NP (NP (PRP them)) (NP (DT all))) (NP (DT the) (JJS best))) (. !) ('' ') ('' ')))

(S1 (S (NP (DT The) (NN farmer)) (VP (VBZ leaves)) (. .)))

(S1 (S (CC And) (NP (DT the) (NN naczelnik)) (VP (NNS shuts) (NP (PRP$ his) (NN door))) (. .)))

