(S1 (INTJ (JJ Good) (NN grief) (. !)))

(S1 (S (NP (NNP Charlie) (NNP Brown)) (VP (VBZ is) (VP (VBG selling) (PRT (RP out)))) (. .)))

(S1 (S (NP (DT Those) (NNP Metropolitan) (NNP Life) (NNS ads)) (VP (VBD were) (ADJP (JJ bad) (RB enough))) (. .)))

(S1 (S (CC But) (ADVP (RB now)) (, ,) (NP (NNP Charlie) (NNP Brown)) (VP (VBZ is) (VP (IN about) (S (VP (TO to) (VP (VB start) (S (VP (VBG pitching) (NP (NP (NN everything)) (PP (PP (IN from) (NP (NNP Chex) (NNP Party) (NN Mix))) (PP (TO to) (NP (JJ light) (NNS bulbs)))))))))))) (. .)))

(S1 (SBARQ (WHADVP (WRB Why)) (SQ (VBZ is) (NP (PRP he)) (VP (VBG cashing) (PRT (RP in)) (ADVP (RB now)))) (. ?)))

(S1 (S (S (VP (VBZ Turns) (PRT (RP out)) (NP (DT that) (JJ next) (NN year)))) (, ,) (NP (NP (NP (NNP Charlie) (NNP Brown)) (, ,) (NP (NNP Snoopy)) (CC and) (NP (NP (DT the) (NN gang) (NN turn)) (NP (NP (CD 40)) (: --) (CC and) (NP (NP (NNP Scripps) (NNP Howard) (POS 's)) (NNP United) (NNP Media) (NN unit))))) (, ,) (NP (NP (DT the) (NN syndicator) (CC and) (NN licensing) (NN agent)) (PP (IN for) (NP (NP (NNP Charles) (NNP Schulz) (POS 's)) (JJ comic) (NN strip)))) (, ,)) (VP (VBZ sees) (NP (DT a) (NN bonanza)) (PP (IN in) (S (VP (VBG licensing) (NP (DT the) (NN cartoon) (NNS characters)) (PP (TO to) (NP (NP (DT a) (NN bevy)) (PP (IN of) (NP (NNS advertisers))))) (PP (IN for) (NP (NNS ads) (, ,) (NNS tie-ins) (CC and) (NNS promotions))))))) (. .)))

(S1 (SINV (`` `) (S (`` `) (NP (NNS Peanuts)) (VP (VBZ has) (VP (VBN become) (NP (NP (DT a) (JJ major) (NN part)) (PP (IN of) (NP (JJ American) (NN culture)))))) (, ,) ('' ')) ('' ') (VP (VBZ says)) (NP (NP (NNP Peter) (NNP Shore)) (, ,) (NP (NP (NP (NNP United) (NNP Media) (POS 's)) (NN vice) (NN president)) (PP (IN of) (NP (NN marketing) (CC and) (NN licensing))))) (. .)))

(S1 (S (NP (DT The) (JJ comic) (NN strip)) (VP (`` `) (`` `) (VBZ has) (NP (DT a) (JJ magical)) (, ,) (S (VP (VBG everlasting) (NP (NN quality)) (PP (IN about) (NP (PRP it)))))) (. .)))

(S1 (S (NP (PRP$ Our) (NN plan)) (VP (VBZ is) (S (VP (TO to) (VP (VB honor) (NP (NP (NNP Charles) (NNP Schulz)) (CC and) (NP (NP (DT the) (NN strip)) (ADVP (NP (DT all) (NN year)) (RB long)))))))) (. .) ('' ') ('' ')))

(S1 (S (NP (DT The) (NN effort)) (VP (MD will) (VP (VB make) (S (NP (DT the) (NNS Peanuts)) (VP (NN gang) (NP (ADJP (RB very) (JJ familiar)) (NNS pitchmen)) (PP (IN in) (NP (CD 1990))))))) (. .)))

(S1 (S (NP (NNP General) (NNP Electric)) (VP (VBZ plans) (S (VP (TO to) (VP (VB use) (NP (DT the) (NNS characters)) (S (VP (TO to) (VP (VB plug) (NP (PRP$ its) (NNP Miser) (NN light) (NNS bulb))))))))) (. .)))

(S1 (S (NP (NNP Teleflora)) (VP (MD will) (VP (VB run) (NP (NN TV) (NNS ads)) (PP (IN at) (NP (NP (NNP Valentine) (POS 's)) (NNP Day))) (VP (VBG promoting) (NP (PRP$ its) (`` `) (NX (`` `) (NNP Snoopy) (POS 's) (NNP Love) (NNP Bouquet)))))) (. .) ('' ') ('' ')))

(S1 (S (NP (NNP Ralston) (NNP Purina)) (VP (MD will) (VP (VB promote) (NP (NP (NP (PRP$ its) (NNP Chex) (NNP Party) (NN Mix) (POS 's)) (CD three) (JJ new) (NN flavor) (NNS packets)) (VP (VBN named) (PP (IN for) (NP (NNP Charlie) (NNP Brown) (, ,) (NNP Lucy) (CC and) (NNP Linus))))))) (. .)))

(S1 (S (NP (DT The) (NNS characters)) (VP (MD will) (ADVP (RB also)) (VP (VB be) (VP (VBN featured) (PP (IN in) (NP (NP (DT a) (JJ new) (JJ public) (NN service) (NN effort)) (PP (IN for) (NP (DT the) (NNP United) (NNP Way)))))))) (. .)))

(S1 (S (PP (IN Beyond) (NP (DT the) (NNS advertisements))) (, ,) (NP (DT the) (NN syndicator)) (VP (VBZ is) (VP (VBG planning) (NP (NP (DT a) (VBG traveling) (NN arena) (NN show)) (, ,) (NP (NP (JJ new) (NN TV) (NNS specials)) (PP (IN for) (NP (NNP CBS)))) (CC and) (NP (NP (RB even) (DT an) (NN exhibit)) (PP (IN at) (NP (DT the) (NNP Smithsonian) (NNP Institute))))))) (. .)))

(S1 (S (NP (NP (DT The) (JJ yearlong) (NN schedule)) (PP (IN of) (NP (NNS festivities)))) (VP (MD will) (VP (VB be) (VP (VBN kicked) (PRT (RP off)) (ADVP (RB officially)) (PP (IN with) (NP (NP (NP (DT a) (NN combination)) (ADVP (RB live))) (CC and) (NP (NP (NN animation) (NN half-time) (NN special)) (PP (IN at) (NP (NP (DT the) (NNP Super) (NNP Bowl)) (PP (IN in) (NP (NNP January))))))))))) (. .)))

(S1 (S (NP (PDT All) (DT the) (NNS tie-ins)) (, ,) (ADVP (RB though)) (, ,) (VP (VBP have) (NP (NP (DT some) (NN marketing) (NNS experts)) (VP (VBG questioning) (SBAR (IN whether) (S (NP (DT the) (NN party)) (VP (MD may) (VP (VB go) (ADVP (RB too) (RB far))))))))) (. .)))

(S1 (FRAG (`` `) (SINV (`` `) (S (NP (EX There)) (VP (VBP are) (S (NP (ADJP (RB too) (JJ many)) (NNS people)) (VP (VBG participating))))) (, ,) ('' ') ('' ') (VP (VBZ says)) (NP (NP (NNP Al) (NNP Ries)) (, ,) (PP (IN of) (NP (NP (NNP Trout) (CC &) (NNP Ries)) (, ,) (NP (DT a) (NAC (NNP Greenwich) (, ,) (NNP Conn.) (, ,)) (NN marketing) (NN consulting) (NN firm))))) (. .))))

(S1 (FRAG (`` `) (`` `) (S (SBAR (IN If) (S (NP (PRP you)) (VP (VBP want) (S (VP (TO to) (VP (VB cut) (PP (IN through) (NP (DT the) (NN clutter))))))))) (, ,) (NP (PRP you)) (VP (VBP have) (S (VP (TO to) (VP (VB make) (S (NP (PRP$ your) (NN message)) (ADJP (ADJP (RB as) (JJ distinct)) (, ,) (ADJP (JJ sharp)) (CC and) (ADJP (JJ individual) (PP (IN as) (ADJP (JJ possible))))))))))) (. .)))

(S1 (S (S (VP (VBG Sharing) (NP (DT a) (NN character)) (PP (IN with) (NP (JJ other) (NNS advertisers))))) (VP (VBZ is) (RB n't) (NP (NP (DT a) (NN way)) (SBAR (S (VP (TO to) (VP (VB do) (NP (DT that)))))))) (. .) ('' ') ('' ')))

(S1 (S (CC But) (NP (NNP United) (NNP Media)) (VP (VBZ says) (SBAR (S (NP (PRP it)) (VP (VBZ 's) (ADJP (RB very) (JJ scrupulous) (PP (IN with) (NP (DT the) (NNS contracts)))) (S (NP (PRP it)) (ADVP (NP (NNS hands)) (IN out))))))) (. .)))

(S1 (S (`` `) (S (`` `) (NP (PRP We)) (VP (VBP 're) (RB not) (ADJP (JJ interested) (PP (IN in) (S (VP (VBG promoting) (NP (NP (DT every) (JJ single) (NN product)) (SBAR (WHNP (WDT that)) (S (VP (VBZ comes) (ADVP (RB along))))))))))) (, ,) ('' ')) ('' ') (NP (NNP Mr.) (NNP Shore)) (VP (VBZ says)) (. .)))

(S1 (S (NP (JJ Metropolitan) (NNP Life) (NN ad) (NNS executives)) (VP (MD could) (RB n't) (VP (VB be) (VP (VBN reached) (PP (IN about) (NP (NP (DT the) (NN use)) (PP (IN of) (NP (DT the) (NNS Peanuts) (NNS characters))) (PP (IN by) (NP (NNS others)))))))) (. .)))

(S1 (S (CC But) (NP (NNP Mr.) (NNP Shore)) (VP (VBZ says) (SBAR (IN that) (S (NP (NP (NN company) (POS 's)) (JJ exclusive) (NN advertising) (NNS rights)) (VP (VB extend) (ADVP (RB only)) (PP (TO to) (NP (DT the) (NN insurance) (CC and) (JJ financial) (NNS services) (NN category))))))) (. .)))

(S1 (NP (NNP Berry) (NNPS Rejoins) (NNP WPP) (NNP Group)))

(S1 (S (NP (NP (NNP Norman) (NNP Berry)) (, ,) (NP (NP (DT the) (JJ creative) (NN executive)) (SBAR (WHNP (WP who)) (S (VP (VBD was) (ADVP (RB apparently)) (VP (VBN squeezed) (PP (IN out) (PP (IN of) (NP (NNP Ogilvy) (CC &) (NNP Mather)))) (PP (IN in) (NP (NNP June)))))))) (, ,)) (VP (VBZ is) (VP (VBG returning) (PP (TO to) (NP (NP (NP (NNP Ogilvy) (POS 's)) (NN parent) (NN company)) (, ,) (NP (NNP WPP) (NNP Group) (NNP PLC)))))) (. .)))

(S1 (S (NP (NP (NNP Mr.) (NNP Berry)) (, ,) (NP (CD 58)) (, ,)) (VP (VBD had) (VP (VBN resigned) (PP (IN after) (S (VP (VBG being) (VP (VBN asked) (PP (IN by) (NP (NP (NP (NNP Ogilvy) (POS 's)) (NN chairman) (CC and) (JJ chief) (NN executive) (NN officer)) (, ,) (NP (NNP Kenneth) (NNP Roman)) (, ,))) (S (VP (VP (TO to) (VP (VB give) (PRT (RP up)) (NP (PRP$ his) (NN title)) (PP (IN as) (NP (NP (JJ creative) (NN head)) (PP (IN of) (NP (DT the) (NNP New) (NNP York) (NN office))))))) (CC and) (VP (TO to) (VP (VB take) (NP (DT a) (JJ fuzzier) (JJ international) (NN role)))))))))))) (. .)))

(S1 (S (NP (NP (NN Yesterday)) (, ,) (RB just) (NP (NP (DT a) (NN day)) (SBAR (IN after) (S (NP (NNP Mr.) (NNP Roman)) (VP (VBD announced) (SBAR (S (NP (PRP he)) (VP (MD would) (VP (VB leave) (S (VP (TO to) (VP (VB take) (NP (NP (DT a) (JJ top) (NN post)) (PP (IN at) (NP (NNP American) (NNP Express)))))))))))))))) (, ,) (NP (NNP WPP)) (VP (VBD said) (SBAR (S (NP (NNP Mr.) (NNP Berry)) (VP (MD would) (VP (VB return) (S (VP (TO to) (VP (VB take) (NP (DT an) (JJ international) (NN role)) (PP (IN at) (NP (DT the) (NN parent) (NN company))))))))))) (. .)))

(S1 (S (NP (NNP Mr.) (NNP Berry)) (VP (VBD said) (SBAR (SBAR (S (NP (DT the) (NN timing)) (VP (VBD was) (NP (DT a) (NN coincidence))))) (CC and) (SBAR (IN that) (S (NP (PRP$ his) (NN decision)) (VP (VBD was) (ADJP (JJ unrelated) (PP (TO to) (NP (NP (NNP Mr.) (NNP Roman) (POS 's)) (NN departure))))))))) (. .)))

(S1 (NP (NNP RJR) (NNS Taps) (NNP FCB\/Leber)))

(S1 (S (NP (NNP RJR) (NNP Nabisco) (NNP Inc.)) (VP (VBD awarded) (NP (PRP$ its) (JJ national) (NN broadcast) (JJ media-buying) (NN assignment)) (PP (TO to) (NP (NP (NNP FCB\/Leber) (NNP Katz) (NNPS Partners)) (, ,) (NP (NP (DT the) (NNP New) (NNP York) (NN outpost)) (PP (IN of) (NP (JJ Chicago-based) (NNP Foote) (, ,) (NNP Cone) (CC &) (NNP Belding))))))) (. .)))

(S1 (S (NP (NP (DT The) (VBG naming)) (PP (IN of) (NP (NP (NNP FCB\/Leber) (NNP Katz) (NNPS Partners)) (PP (IN as) (NP (NP (NN agency)) (PP (IN of) (NP (NN record))) (PP (IN for) (NP (NP (NNP Nabisco) (NNPS Brands) (NNP Inc.)) (CC and) (NP (NNP Planters) (NNPS LifeSavers) (NNP Co.))))))))) (VP (VBZ follows) (NP (NP (NP (NNP RJR) (NNP Nabisco) (POS 's)) (NN announcement)) (NP (JJ last) (NN week)) (SBAR (IN that) (S (NP (PRP it)) (VP (MD will) (VP (VP (VB disband) (NP (PRP$ its) (NNP RJR) (NNP Nabisco) (NNP Broadcast) (NN division))) (CC and) (VP (VB dismiss) (NP (PRP$ its) (CD 14) (NNS employees)) (NP (NNP Dec.) (CD 1.)) (S (VP (TO to) (VP (VB cut) (NP (NNS costs)))))))))))) (. .)))

(S1 (S (S (NP (ADJP (NNP New) (JJ York-based)) (NNP RJR) (NNP Nabisco)) (VP (MD would) (RB n't) (VP (VB say) (SBAR (WHNP (WP what)) (S (NP (PRP it)) (VP (VBZ spends) (ADVP (RB annually)))))))) (, ,) (CC but) (S (NP (NN industry) (NNS executives)) (VP (VBP say) (SBAR (S (NP (PRP it)) (VP (MD will) (VP (VB spend) (NP (NP (QP (JJR more) (IN than) ($ $) (CD 140) (CD million))) (NP (DT this) (NN year))) (, ,) (ADVP (RB down) (PP (IN from) (NP (QP (RB about) ($ $) (CD 200) (CD million))) (NP (JJ last) (NN year)))))))))) (. .)))

(S1 (NP (NP (NNP Ad) (NNPS Notes)) (NP (FW ..) (. .)) (. .)))

(S1 (NP (NNS EARNINGS) (: :)))

(S1 (S (NP (NP (NNP Interpublic) (NNP Group)) (PP (IN of) (NP (NNPS Cos.)))) (VP (VBD said) (SBAR (S (NP (JJ third-quarter) (NN net)) (VP (VBD rose) (NP (CD 15) (NN %)) (PP (TO to) (NP (NP (QP ($ $) (CD 6.9) (CD million))) (, ,) (CC or) (NP (NP (CD 21) (NNS cents)) (NP (DT a) (NN share))) (, ,))) (PP (IN from) (NP (NP (QP ($ $) (CD 6) (CD million))) (, ,) (CC or) (NP (NP (CD 18) (NNS cents)) (NP (DT a) (NN share))) (, ,)) (PP (IN in) (NP (DT the) (JJ year-earlier) (NN period)))))))) (. .)))

(S1 (S (NP (NN Revenue)) (VP (VBD increased) (NP (QP (JJR more) (IN than) (CD 5)) (NN %)) (PP (TO to) (NP (QP ($ $) (CD 283.2) (CD million)))) (PP (IN from) (NP (QP ($ $) (CD 268.6) (CD million))))) (. .)))

(S1 (NP (NN HOLIDAY) (NN PROMOTION) (: :)))

(S1 (S (NP (NNP PepsiCo) (NNP Inc.)) (VP (MD will) (VP (VB give) (PRT (RP away)) (NP (NP (CD 4,000) (NNS sets)) (PP (IN of) (NP (`` `) (NP (`` `) (NN Game) (NN Boy) (, ,) ('' ')) ('' ') (NP (NP (NNP Nintendo) (POS 's)) (JJ new) (JJ hand-held) (NN video) (NN game))))) (PP (IN in) (NP (NP (DT a) (JJ two-month) (NN promotion)) (VP (VBN scheduled) (S (VP (TO to) (VP (VB begin) (NP (NNP Nov.) (CD 1)))))))))) (. .)))

(S1 (S (NP (NNP Pepsi)) (VP (VBD said) (SBAR (S (NP (PRP it)) (VP (MD will) (VP (VB spend) (NP (QP ($ $) (CD 10) (CD million))) (S (VP (VBG advertising) (NP (DT the) (NN promotion))))))))) (. .)))

