(S1 (S (NP (NNS Investors)) (VP (VBD took) (NP (NP (NN advantage)) (PP (IN of) (NP (NP (NNP Tuesday) (POS 's)) (NN stock) (NN rally)))) (S (VP (TO to) (VP (VB book) (NP (DT some) (NNS profits)) (NP (NN yesterday)) (, ,) (S (VP (VBG leaving) (NP (NNS stocks)) (PRT (RP up)) (ADVP (RB fractionally)))))))) (. .)))

(S1 (S (NP (NP (NN Bond) (NNS prices)) (CC and) (NP (DT the) (NN dollar))) (DT both) (VP (VBD gained) (ADVP (RB modestly))) (. .)))

(S1 (S (NP (DT The) (NNP Dow) (NNP Jones) (NNP Industrial) (NNP Average)) (VP (VBD finished) (ADVP (NP (QP (JJR less) (IN than) (DT a)) (NN point)) (JJR higher)) (S (VP (TO to) (VP (VB close) (PP (IN at) (NP (CD 2645.90))) (PP (IN in) (NP (JJ moderate) (NN trading))))))) (. .)))

(S1 (S (CC But) (NP (NP (VBG advancing) (NNS issues)) (PP (IN on) (NP (DT the) (NNP New) (NNP York) (NNP Stock) (NNP Exchange)))) (VP (VBD were) (ADVP (RB tidily) (RB ahead) (PP (IN of) (NP (VBG declining) (NNS stocks)))) (, ,) (ADVP (CD 847) (TO to) (CD 644))) (. .)))

(S1 (S (NP (JJ Long-term) (NN bond) (NNS prices)) (VP (VBD rose) (PP (IN despite) (NP (NP (NNS prospects)) (PP (IN of) (NP (NP (DT a) (JJ huge) (JJ new) (NN supply)) (PP (IN of) (NP (NNP Treasury) (NN debt))))))) (NP (DT this) (NN month))) (. .)))

(S1 (S (NP (NP (VBG Continuing) (NN demand)) (PP (IN for) (NP (NNS dollars))) (PP (IN from) (NP (JJ Japanese) (NNS investors)))) (VP (VBD boosted) (NP (DT the) (NNP U.S.) (NN currency))) (. .)))

(S1 (S (NP (NNS Analysts)) (VP (VBD were) (VP (VBN disappointed) (SBAR (IN that) (S (NP (DT the) (NN enthusiasm)) (NP (NNS investors)) (VP (VBD showed) (SBAR (IN for) (S (NP (NP (NNS stocks)) (PP (IN in) (NP (NP (DT the) (NN wake)) (PP (IN of) (NP (NP (NP (NNP Georgia-Pacific) (POS 's)) (ADJP (QP ($ $) (CD 3.18) (CD billion))) (NN bid)) (PP (IN for) (NP (NNP Great) (NNP Northern) (NNP Nekoosa)))))))) (VP (VBD evaporated) (ADVP (RB so) (RB quickly)))))))))) (. .)))

(S1 (S (NP (DT The) (JJ industrial) (NN average)) (VP (VBD jumped) (NP (QP (JJR more) (IN than) (CD 41)) (NNS points)) (NP (NNP Tuesday)) (SBAR (IN as) (S (NP (NNS speculators)) (VP (VBD rushed) (S (VP (TO to) (VP (VB buy) (NP (NP (NNS shares)) (PP (IN of) (NP (JJ potential) (NN takeover) (NNS targets))))))))))) (. .)))

(S1 (S (CC But) (PP (IN with) (NP (NP (DT the) (NN end)) (PP (IN of) (NP (NP (DT the) (NN year)) (PP (IN in) (NP (NN sight))))))) (, ,) (NP (NN money) (NNS managers)) (VP (VBP are) (ADJP (JJ eager) (S (VP (TO to) (VP (VP (VB take) (NP (NNS profits))) (CC and) (VP (VB cut) (NP (NP (PRP$ their) (NNS risks)) (PP (IN of) (S (VP (VBG losing) (SBAR (WHNP (WP what)) (S (PP (IN for) (NP (JJ many))) (VP (VBP have) (VP (VBN been) (NP (ADJP (RB exceptionally) (JJ good)) (NNS returns)) (PP (IN in))))))))))))))))))

(S1 (S (NP (JJ Economic) (NN news)) (VP (VBD had) (NP (NP (JJ little) (NN effect)) (PP (IN on) (NP (JJ financial) (NNS markets))))) (. .)))

(S1 (S (SBAR (IN As) (S (VP (VBN expected)))) (, ,) (NP (NP (DT a) (JJ national) (NN purchasing) (NNS managers) (POS ')) (NN report)) (VP (VBD indicated) (SBAR (S (NP (NP (DT the) (NN nation) (POS 's)) (NN manufacturing) (NN sector)) (VP (VBZ continues) (S (VP (TO to) (VP (VB contract) (ADVP (RB modestly))))))))) (. .)))

(S1 (S (NP (DT The) (NNP Federal) (NNP Reserve)) (VP (VBZ 's) (ADJP (JJ Beige) (SBAR (S (NP (NP (NNP Book)) (, ,) (NP (NP (DT a) (NN summary)) (PP (IN of) (NP (NP (JJ economic) (NNS conditions)) (PP (IN across) (NP (DT the) (NN country)))))) (, ,)) (VP (VBD indicated) (SBAR (IN that) (S (NP (DT the) (JJ overall) (NN economy)) (VP (VBZ remains) (PP (IN in) (NP (NP (DT a) (NN pattern)) (PP (IN of) (NP (JJ sluggish) (NN growth))))))))))))) (. .)))

(S1 (PP (IN In) (NP (JJ major) (NN market) (NN activity)) (: :)))

(S1 (S (NP (NN Stock) (NNS prices)) (VP (VBD rose) (ADVP (RB fractionally)) (PP (IN in) (NP (JJ moderate) (NN trading)))) (. .)))

(S1 (S (NP (NNP Big) (NNP Board) (NN volume)) (VP (VBD totaled) (NP (QP (CD 154.2) (CD million)) (NNS shares))) (. .)))

(S1 (S (NP (NN Bond) (NNS prices)) (VP (VBD were) (ADVP (RB up))) (. .)))

(S1 (S (NP (NP (DT The) (NNP Treasury) (POS 's)) (NN benchmark) (JJ 30-year) (NN bond)) (VP (VBN gained) (PP (IN about) (NP (NP (DT a) (NN quarter)) (PP (IN of) (NP (NP (DT a) (NN point)) (, ,) (CC or) (NP (NP ($ $) (CD 2.50)) (PP (IN for) (NP (NP (DT each) ($ $) (CD 1,000)) (PP (IN of) (NP (NN face) (NN amount))))))))))) (. .)))

(S1 (S (NP (DT The) (NN yield)) (VP (VBD fell) (PP (TO to) (NP (CD 7.88) (NN %)))) (. .)))

(S1 (S (NP (DT The) (NN dollar)) (VP (VBD rose)) (. .)))

(S1 (S (PP (IN In) (NP (JJ late) (NN afternoon) (NNP New) (NNP York) (NN trading))) (NP (DT the) (NN currency)) (VP (VBD was) (PP (IN at) (NP (NP (CD 1.8500) (NNS marks)) (CC and) (NP (CD 143.80) (NNS yen)))) (PP (VBN compared) (PP (IN with) (NP (NP (CD 1.8415) (NNS marks)) (CC and) (NP (CD 142.85) (NNS yen)))))) (. .)))

