(S1 (NP (NP (NP (CD Five) (NNS things)) (SBAR (S (NP (PRP you)) (VP (MD can) (VP (VB do) (PP (IN for) (NP ($ $) (CD 15,000) (QP (CC or) (JJR less))))))))) (: :)))

(S1 (S (LST (LS 1) (. .)) (VP (VB Buy) (NP (DT a) (JJ new) (NNP Chevrolet))) (. .)))

(S1 (S (LST (LS 2) (. .)) (VP (VB Take) (NP (DT a) (JJ Hawaiian) (NN vacation))) (. .)))

(S1 (S (LST (LS 3) (. .)) (VP (VB Send) (NP (PRP$ your) (NN child)) (PP (TO to) (NP (DT a) (NN university)))) (. .)))

(S1 (S (LST (LS 4) (. .)) (VP (VB Buy) (NP (DT a) (NN diamond) (NN necklace))) (. .)))

(S1 (FRAG (NP (CD 5)) (. .) (VP (VB Make) (NP (NP (DT a) (JJ lasting) (NN difference)) (PP (IN in) (NP (NP (DT the) (JJ regulatory) (NN life)) (PP (IN of) (NP (DT an) (JJ American) (NN savings-and-loan) (NN association)))))) (PP (IN through) (NP (DT the) (NNP Foster) (NNP Corporate) (NNP Parents) (NNP Plan)))) (. .)))

(S1 (S (S (NP (NNPS Americans)) (NP (NN today)) (VP (VBP spend) (NP ($ $) (CD 15,000)) (PP (IN like) (NP (NN pocket) (NN change))))) (: --) (S (NP (PRP they)) (VP (VBP do) (RB n't) (VP (VB think) (ADVP (RB much)) (PP (IN about) (NP (PRP it)))))) (. .)))

(S1 (S (CC But) (PP (IN for) (NP (DT an) (VBG ailing) (NN savings-and-loan) (NN association))) (PRN (: --) (PP (VBG teetering) (PP (IN on) (NP (NN insolvency)))) (: --)) (NP (PRP it)) (VP (MD can) (VP (VB lead) (PP (TO to) (NP (NN safety)) (PP (IN from) (NP (JJ imminent) (NN demise))) (CC and) (PP (TO to) (NP (NP (DT a) (NN future)) (ADJP (JJ full) (PP (IN of) (NP (NN promise))))))))) (. .)))

(S1 (S (NP (PRP$ Your) ($ $) (CD 15,000)) (VP (MD will) (VP (VB help) (VP (VB keep) (NP (DT a) (JJ needy) (NNS savings) (CC and) (NN loan)) (ADJP (JJ solvent)) (: --) (PP (CC and) (PP (IN out) (PP (IN of) (NP (DT the) (JJ federal) (NN budget) (NN deficit)))))))) (. .)))

(S1 (S (PP (IN As) (NP (DT a) (NNP Foster) (NNP Corporate) (NN Parent))) (, ,) (NP (PRP you)) (VP (MD 'll) (VP (VB be) (VP (VBG helping) (NP (NP (DT a) (NN neighborhood) (NN S&L)) (PP (IN in) (NP (NP (NNS areas)) (ADJP (JJ crucial) (PP (TO to) (NP (PRP$ its) (NN survival)))))))))) (. .)))

(S1 (S (VP (VB Like) (NP (JJ healthy) (JJ regulatory) (NN capital))) (. .)))

(S1 (FRAG (NP (DT A) (JJ steady) (NN deposit) (NN base)) (. .)))

(S1 (S (VP (VBG Performing) (NP (NNS loans))) (. .)))

(S1 (S (PP (IN At) (NP (DT the) (JJ same) (NN time))) (, ,) (NP (PRP you)) (VP (MD 'll) (VP (VB give) (NP (PRP$ your) (NNP Foster) (NNPS Savings) (NNP Institution)) (NP (NP (DT the) (NN gift)) (PP (IN of) (NP (NN hope) (CC and) (NN freedom)))) (PP (IN from) (NP (NP (DT the) (JJ federal) (NNS regulators)) (SBAR (WHNP (WP who)) (S (VP (VBP want) (S (VP (TO to) (VP (VB close) (NP (PRP$ its) (NNS doors)) (: --) (ADVP (IN for) (RB good)))))))))))) (. .)))

(S1 (S (PP (IN As) (NP (DT a) (NNP Foster) (NNP Corporate) (NN Parent))) (, ,) (NP (PRP you)) (VP (MD will) (VP (VB experience) (NP (NP (DT the) (JJ same) (NN joy)) (VP (VBN felt) (PP (IN by) (NP (NP (NNP Robert) (NNP Bass)) (, ,) (NP (NNP Lewis) (NNP Ranieri)) (, ,) (NP (NNP William) (NNP Simon)) (CC and) (NP (NP (NNS others)) (, ,) (SBAR (WHNP (WP who)) (S (VP (VB find) (NP (NP (NNS ways)) (SBAR (S (VP (TO to) (VP (VB help) (S (NP (NP (VBN troubled) (NNS savings) (NNS institutions)) (CC and) (NP (PRP$ their) (NNS employees))) (VP (VB help) (NP (PRP themselves))))))))))))))))))) (. .)))

(S1 (S (NP (DT That)) (VP (VBZ builds) (NP (NP (NN confidence)) (, ,) (NP (NN self) (NN sufficiency)) (, ,) (CONJP (RB not) (TO to) (VB mention)) (NP (JJ critical) (JJ regulatory) (JJ net) (NN worth)))) (. .)))

(S1 (S (S (VP (VB Do) (RB n't) (VP (VB wait)))) (: --) (S (NP (DT a) (NNS savings) (NN institution)) (VP (VBZ needs) (NP (PRP$ your) (NN help)) (ADVP (RB now)))) (. !)))

(S1 (S (NP (NP (NP (DT Every) (NN day)) (SBAR (S (NP (PRP you)) (VP (VBP delay) (, ,) (NP (NP (DT a) (NNS savings) (NN institution) (POS 's)) (NN health)))))) (: --) (CC and) (NP (DT the) (JJ federal) (NN budget) (NN deficit)) (: --)) (VP (VBZ grows) (ADJP (JJR worse))) (. .)))

(S1 (S (VP (VB Think) (PP (IN about) (NP (DT the) (NN good))) (SBAR (S (NP (PRP you)) (VP (MD can) (VP (VB do) (PP (IN for) (NP (NP (RB just) ($ $) (CD 15,000)) (NP (DT a) (NN month)))))))) (, ,) (PP (IN about) (NP (NP (DT the) (NN cost)) (PP (IN of) (NP (NP (DT a) (JJ mid-size) (NN Chevrolet)) (CC or) (NP (NP (CD two) (NNS semesters)) (PP (IN at) (NP (DT a) (NN state) (NN university))))))))) (. .)))

(S1 (S (RB Then) (VP (VB send) (NP (PRP$ your) (NN support)) (PP (TO to) (NP (NP (DT a) (NNS savings) (NN institution)) (SBAR (WHNP (WDT that)) (S (VP (VBZ has) (VP (VBN taken) (NP (DT a) (JJ bad) (NN rap)) (PP (PP (IN in) (NP (DT the) (NN press))) (CC and) (PP (IN on) (NP (PRP$ its) (NN bottom) (NN line))))))))))) (. .)))

(S1 (S (NP (NP (DT Every) ($ $) (CD 15,000)) (SBAR (S (NP (PRP you)) (VP (VBP send))))) (VP (MD will) (VP (VP (VB go) (NP (NP (DT a) (JJ long) (NN way)) (SBAR (S (VP (TO to) (VP (VB boost) (NP (NP (VBG sagging) (JJ net) (NN worth)) (CC and) (NP (NN employee) (NN morale))))))))) (: --) (CC and) (VP (VB keep) (NP (PRP$ your) (NNP Foster) (NNPS Savings) (NNP Institution)) (PP (IN off) (NP (DT the) (JJ federal) (NN budget) (NN deficit)))))) (. !)))

(S1 (S (NP (NNP Mr.) (NNP Baris)) (VP (VBZ is) (NP (NP (DT a) (NN lawyer)) (PP (IN in) (NP (NNP New) (NNP York))))) (. .)))

