(S1 (S (NP (JJ Democratic) (NNS leaders)) (VP (VBP have) (VP (VP (JJ bottled) (PRT (RP up)) (NP (NP (NP (NNP President) (NNP Bush) (POS 's)) (NNS capital-gains) (NN tax) (NN cut)) (PP (IN in) (NP (DT the) (NNP Senate))))) (CC and) (VP (MD may) (VP (VB be) (ADJP (JJ able) (S (VP (TO to) (VP (VB prevent) (NP (NP (DT a) (NN vote)) (PP (IN on) (NP (DT the) (NN issue)))) (ADVP (RB indefinitely)))))))))) (. .)))

(S1 (S (NP (NP (NNP Senate) (NNP Majority) (NNP Leader) (NNP George) (NNP Mitchell)) (PRN (-LRB- -LRB-) (NP (NNP D.)) (, ,) (NP (NNP Maine)) (-RRB- -RRB-))) (VP (VBD said) (SBAR (S (NP (PRP he)) (VP (VBZ intends) (S (VP (TO to) (VP (VB use) (NP (NNP Senate) (NNS procedures)) (S (VP (TO to) (VP (VB force) (S (NP (NP (NNS advocates)) (PP (IN of) (NP (DT the) (NN tax) (NN cut)))) (VP (TO to) (VP (VB come) (PRT (RP up)) (PP (IN with) (NP (QP (IN at) (JJS least) (CD 60)) (NNS votes))) (SBAR (IN before) (S (NP (PRP they)) (VP (MD can) (VP (VB address) (NP (DT the) (NN issue))))))))))))))))))) (. .)))

(S1 (S (CC And) (NP (DT neither) (NNPS Democrats) (CC nor) (NNPS Republicans)) (VP (VBP are) (VP (VBG predicting) (SBAR (IN that) (S (NP (DT the) (NNS capital-gains) (NNS forces)) (VP (MD can) (VP (VB produce) (NP (JJ enough) (NNS votes)))))))) (. .)))

(S1 (S (`` `) (S (`` `) (S (NP (DT The) (JJ 60-vote) (NN requirement)) (VP (MD will) (VP (VB be) (ADVP (RB there))))) (CC and) (S (NP (PRP they)) (VP (VBP do) (RB n't) (VP (VB have) (NP (DT the) (CD 60) (NNS votes))))) (, ,) ('' ')) ('' ') (NP (NNP Sen.) (NNP Mitchell)) (VP (VBD said)) (. .)))

(S1 (S (`` `) (S (`` `) (NP (PRP They)) (VP (VBP do) (RB n't) (VP (VB have) (NP (NP (DT the) (NNS votes)) (SBAR (S (VP (TO to) (VP (VB get) (S (NP (PRP it)) (VP (VBN passed)))))))))) (. .) ('' ')) ('' ')))

(S1 (S (NP (NP (NNP Sen.) (NNP Bob) (NNP Packwood)) (PRN (-LRB- -LRB-) (NP (NNP R.)) (, ,) (NP (NNP Ore.)) (-RRB- -RRB-)) (, ,) (NP (NP (DT the) (VBG leading) (JJ Republican) (NN proponent)) (PP (IN of) (NP (DT the) (NN tax) (NN cut)))) (, ,)) (VP (VBD did) (RB n't) (VP (VB disagree))) (. .)))

(S1 (S (`` `) (S (`` `) (NP (PRP I)) (VP (VBP 'm) (RB not) (ADJP (JJ sure) (SBAR (WHNP (WP what)) (S (VP (VBZ 's) (VP (VBG going) (S (VP (TO to) (VP (VB happen)))))))))) (, ,) ('' ')) ('' ') (NP (PRP he)) (VP (VBD said)) (. .)))

(S1 (S (ADVP (RB Previously)) (NP (PRP he)) (VP (VBD had) (VP (VBN said) (SBAR (S (NP (PRP he)) (VP (MD would) (VP (VB be) (ADJP (JJ able) (S (VP (TO to) (VP (VB find) (NP (DT the) (JJ requisite) (CD 60) (NNS votes)) (ADVP (RB eventually)))))))))))) (. .)))

(S1 (S (NP (NNP Sen.) (NNP Packwood)) (VP (VBZ has) (VP (VBN offered) (NP (PRP$ his) (JJ capital-gains-cut) (NN package)) (PP (IN as) (NP (NP (DT an) (NN amendment)) (PP (TO to) (NP (NP (DT a) (NN bill)) (, ,) (VP (ADVP (RB now)) (VBG pending) (PP (IN in) (NP (DT the) (NNP Senate)))) (, ,) (SBAR (WHNP (WDT that)) (S (VP (MD would) (VP (VB authorize) (NP (NP (NN aid)) (PP (TO to) (NP (NNP Poland) (CC and) (NNP Hungary)))))))))))))) (. .)))

(S1 (S (NP (NNPS Democrats)) (VP (VBP are) (VP (VBG holding) (PRT (RP up)) (NP (NP (DT a) (NN vote)) (PP (IN on) (NP (DT the) (NN amendment)))) (PP (IN by) (S (VP (VBG threatening) (NP (NP (DT a) (NN filibuster)) (, ,) (CC or) (NP (VBN extended) (NN debate)))))))) (. .)))

(S1 (S (SBAR (IN For) (S (NP (DT a) (NN cloture) (NN vote)) (VP (TO to) (VP (VB stop) (NP (DT the) (NN filibuster)))))) (, ,) (NP (NNPS Republicans)) (VP (MD must) (VP (VB muster) (NP (QP (IN at) (JJS least) (CD 60)) (NNS votes)))) (. .)))

(S1 (S (NP (NN Yesterday)) (, ,) (NP (NNP Sen.) (NNP Packwood)) (VP (VBD acknowledged) (, ,) (`` `) (S (`` `) (NP (PRP We)) (VP (VBP do) (RB n't) (VP (VB have) (NP (NP (DT the) (NNS votes)) (PP (IN for) (NP (NN cloture)))) (NP (NN today)))))) (. .) ('' ') ('' ')))

(S1 (S (NP (DT The) (NNPS Republicans)) (VP (VBP show) (NP (NP (DT no) (NN sign)) (PP (IN of) (NP (NN relenting))))) (. .)))

(S1 (S (NP (NNP GOP) (NNS leaders)) (VP (VBD continued) (S (VP (TO to) (VP (VB press) (PP (IN for) (NP (NP (DT a) (NN vote)) (PP (IN on) (NP (NP (DT the) (NN amendment)) (PP (TO to) (NP (DT the) (NP (NNP Eastern) (NNP Europe)) (NN aid) (NN measure))))))))))) (. .)))

(S1 (S (CC And) (NP (PRP they)) (VP (VBD threatened) (S (VP (TO to) (VP (VB try) (S (VP (TO to) (VP (VB amend) (NP (NP (DT any) (JJ other) (NN revenue) (NN bill)) (PP (IN in) (NP (DT the) (NNP Senate)))) (PP (IN with) (NP (DT the) (NNS capital-gains) (NN provision)))))))))) (. .)))

(S1 (SINV (`` `) (S (`` `) (S (NP (DT This)) (VP (VBZ is) (NP (JJ serious) (NN business)))) (: ;) (S (NP (PRP we)) (VP (VBP 're) (ADJP (JJ serious) (PP (IN about) (NP (DT a) (NNS capital-gains) (NN reduction)))))) (, ,) ('' ')) ('' ') (VP (VBD said)) (NP (NP (NNP Kansas) (NNP Sen.) (NNP Robert) (NNP Dole)) (, ,) (NP (NP (DT the) (NNP Senate) (POS 's)) (JJ Republican) (NN leader))) (. .)))

(S1 (S (`` `) (S (`` `) (NP (DT The) (NN strategy)) (VP (VBZ is) (`` `) (NP (NP (NNP Let) (POS 's)) (NN vote))) (. .) ('' ')) (: ') ('' ')))

(S1 (S (NP (DT The) (NNPS Republicans)) (VP (VBP contend) (SBAR (IN that) (S (NP (PRP they)) (VP (MD can) (VP (VB garner) (NP (NP (DT a) (NN majority)) (PP (IN in) (NP (DT the) (JJ 100-member) (NNP Senate)))) (PP (IN for) (NP (DT a) (NNS capital-gains) (NN tax) (NN cut)))))))) (. .)))

(S1 (S (NP (PRP They)) (VP (VBP accuse) (NP (DT the) (NNPS Democrats)) (PP (IN of) (S (RB unfairly) (VP (VBG using) (NP (NNP Senate) (NNS rules)) (S (VP (TO to) (VP (VB erect) (NP (DT a) (JJ 60-vote) (NN hurdle))))))))) (. .)))

(S1 (S (NP (NNPS Democrats)) (VP (VBP counter) (SBAR (IN that) (S (NP (DT the) (NNPS Republicans)) (VP (VBP have) (ADVP (RB often)) (VP (VBN used) (NP (DT the) (JJ same) (NNS rules)) (S (VP (TO to) (VP (VB suit) (NP (PRP$ their) (JJ own) (NNS ends)))))))))) (. .)))

(S1 (S (NP (DT The) (CD two) (NNS sides)) (ADVP (RB also)) (VP (VBD traded) (NP (NP (NNS accusations)) (PP (IN about) (NP (NP (DT the) (NN cost)) (PP (IN of) (NP (DT the) (NNP Packwood) (NN plan))))))) (. .)))

(S1 (S (NP (NNPS Democrats)) (VP (VBD asserted) (SBAR (IN that) (S (NP (NP (DT the) (NN proposal)) (, ,) (SBAR (WHNP (WDT which)) (S (ADVP (RB also)) (VP (MD would) (VP (VB create) (NP (NP (DT a) (JJ new) (NN type)) (PP (IN of) (NP (JJ individual) (NN retirement) (NN account)))))))) (, ,)) (VP (VBD was) (ADJP (JJ fraught) (PP (IN with) (NP (NN budget) (NN gimmickry)))) (SBAR (WHNP (WDT that)) (S (VP (MD would) (VP (VB lose) (NP (NP (NNS billions)) (PP (IN of) (NP (NNS dollars)))) (PP (IN in) (NP (DT the) (JJ long) (NN run))))))))))) (. .)))

(S1 (S (NP (NNPS Republicans)) (VP (VBD countered) (SBAR (IN that) (S (NP (JJ long-range) (NN revenue) (NNS estimates)) (VP (VBD were) (ADJP (JJ unreliable)))))) (. .)))

(S1 (S (NP (DT The) (NNP Packwood) (NN proposal)) (VP (MD would) (VP (VB reduce) (NP (NP (DT the) (NN tax)) (PP (VBG depending) (PP (IN on) (SBAR (WHADVP (WRB how) (RB long)) (S (NP (DT an) (NN asset)) (VP (VBD was) (VP (VBN held)))))))))) (. .)))

(S1 (S (NP (PRP It)) (ADVP (RB also)) (VP (MD would) (VP (VB create) (NP (NP (DT a) (JJ new) (NNP IRA)) (SBAR (WHNP (WDT that)) (S (VP (MD would) (VP (VB shield) (PP (IN from) (NP (NN taxation))) (NP (NP (DT the) (NN appreciation)) (PP (IN on) (NP (NP (NNS investments)) (VP (VBN made) (PP (IN for) (NP (NP (DT a) (JJ wide) (NN variety)) (PP (IN of) (NP (NNS purposes))) (, ,) (PP (VBG including) (NP (NP (NN retirement)) (, ,) (NP (JJ medical) (NNS expenses)) (, ,) (NP (JJ first-home) (NNS purchases)) (CC and) (NP (NN tuition))))))))))))))))) (. .)))

(S1 (S (NP (DT A) (NNP White) (NNP House) (NN spokesman)) (VP (VBD said) (SBAR (S (NP (NNP President) (NNP Bush)) (VP (VBZ is) (ADJP (`` `) (ADJP (`` `) (RB generally) (JJ supportive) ('' ')) ('' ') (PP (IN of) (NP (DT the) (NNP Packwood) (NN plan)))))))) (. .)))

