(S1 (S (S (NP (DT Some) (JJ lousy) (NNS earnings) (NNS reports)) (VP (VBN whacked) (NP (DT the) (NN stock) (NN market)))) (, ,) (CC but) (S (NP (NN bond) (NNS prices)) (VP (VBD fell) (ADVP (RB only) (RB slightly)))) (CC and) (S (NP (DT the) (NN dollar)) (VP (VBD rose) (NP (DT a) (JJ little)) (PP (IN against) (NP (JJS most) (JJ major) (NNS currencies))))) (. .)))

(S1 (S (NP (DT The) (NNP Dow) (NNP Jones) (NNP Industrial) (NNP Average)) (VP (VBD tumbled) (NP (CD 39.55) (NNS points)) (, ,) (PP (TO to) (NP (CD 2613.73))) (, ,) (PP (IN in) (NP (JJ active) (NN trading)))) (. .)))

(S1 (S (NP (JJ Long-term) (NNP Treasury) (NNS bonds)) (VP (VBD ended) (ADJP (RB slightly) (JJR higher))) (. .)))

(S1 (S (NP (DT The) (NN dollar)) (VP (VP (VBD rose) (ADVP (RB modestly)) (PP (IN against) (NP (NP (DT the) (NN mark)) (CC and) (NP (DT the) (NN yen))))) (, ,) (CC but) (VP (VBD soared) (PP (IN against) (NP (DT the) (NN pound))) (PP (VBG following) (NP (NP (DT the) (NN resignation)) (PP (IN of) (NP (NP (NP (NP (NNP Britain) (POS 's)) (NN chancellor)) (PP (IN of) (NP (DT the) (NNP Exchequer)))) (, ,) (NP (NNP Nigel) (NNP Lawson)))))))) (. .)))

(S1 (S (S (NP (NNS Analysts)) (VP (VBP have) (VP (VBN complained) (SBAR (IN that) (S (NP (JJ third-quarter) (JJ corporate) (NNS earnings)) (VP (VBP have) (RB n't) (VP (VBN been) (ADJP (RB very) (JJ good))))))))) (, ,) (CC but) (S (NP (DT the) (NN effect)) (VP (VBD hit) (NP (NN home)) (ADVP (RB particularly) (RB hard)) (NP (NN yesterday)))) (. .)))

(S1 (S (NP (NNP Compaq) (NNP Computer)) (VP (VBN nose-dived) (NP (NP ($ $) (CD 8.625)) (NP (DT a) (NN share))) (, ,) (PP (TO to) (NP ($ $) (CD 100)))) (, ,) (CC and) (VP (VBD pulled) (ADVP (NP (JJ other) (NN technology) (NNS issues)) (JJR lower)) (PP (IN after) (S (VP (VBG reporting) (NP (JJ lower-than-expected) (NNS earnings))))) (SBAR (IN after) (S (NP (DT the) (NN stock) (NN market)) (VP (VBD closed) (NP (NNP Wednesday)))))) (. .)))

(S1 (S (NP (JJ Later) (NN yesterday)) (NP (NP (DT the) (NN nation) (POS 's)) (JJ major) (NN auto) (NNS makers)) (VP (VBD added) (PP (TO to) (NP (NP (DT the) (NN gloom)) (SBAR (WHADVP (WRB when)) (S (NP (NP (PRP they)) (NP (DT each))) (VP (VBD reported) (SBAR (S (NP (PRP$ their) (NN core) (NN auto) (NNS operations)) (VP (VBD were) (NP (NP (JJ net) (NNS losers)) (PP (IN in) (NP (DT the) (JJ third) (NN quarter))))))))))))) (. .)))

(S1 (S (NP (DT The) (JJS less-than-robust) (JJ third-quarter) (NNS results)) (VP (VBD came) (PP (IN amid) (NP (NP (VBN renewed) (NN concern)) (PP (IN about) (NP (NP (NP (DT the) (NN volatility)) (PP (IN of) (NP (NN stock) (NNS prices)))) (CC and) (NP (NP (DT the) (NN role)) (PP (IN of) (NP (JJ computer-aided) (NN program) (NN trading))))))))) (. .)))

(S1 (S (S (VP (VBN Taken) (ADVP (RB together)))) (, ,) (NP (DT the) (NNS worries)) (VP (VBD prompted) (NP (NP (DT a) (JJ broad) (NN sell-off)) (PP (IN of) (NP (NNS stocks))))) (. .)))

(S1 (S (NP (NP (DT The) (NN number)) (PP (IN of) (NP (NP (NNS stocks)) (PP (IN on) (NP (DT the) (NNP New) (NNP York) (NNP Stock) (NNP Exchange))) (SBAR (WHNP (WDT that)) (S (VP (VBD fell) (PP (IN in) (NP (NP (NN price)) (NP (NN yesterday)))))))))) (VP (VBD exceeded) (NP (NP (CD 1,000)) (, ,) (NP (NP (DT a) (JJ key) (NN measure)) (PP (IN of) (NP (NP (JJ underlying) (NN sentiment)) (PP (IN among) (NP (JJ technical) (NNS analysts)))))))) (. .)))

(S1 (S (SBAR (IN Although) (S (NP (DT the) (NN government)) (VP (VBD said) (SBAR (S (NP (DT the) (NN economy)) (VP (VBD grew) (NP (DT an) (VBN estimated) (CD 2.5) (NN %)) (PP (IN in) (NP (DT the) (JJ third) (NN quarter))) (, ,) (PP (IN in) (NP (NP (NN line)) (PP (IN with) (NP (NNS expectations))))))))))) (, ,) (NP (NNS analysts)) (VP (VBP are) (ADVP (RB increasingly)) (VP (VBG predicting) (NP (ADJP (RB much) (RBR more) (JJ sluggish)) (NN growth)) (PRN (: --) (CC and) (ADVP (RB therefore) (JJR more)) (NP (JJ corporate) (NNS earnings) (NNS disappointments)) (: --)) (PP (IN for) (NP (DT the) (JJ fourth) (NN quarter))))) (. .)))

(S1 (SINV (`` `) (S (`` `) (NP (EX There)) (VP (VBP are) (NP (ADJP (ADVP (NP (DT a) (NN lot)) (RBR more)) (JJ downward)) (NNS revisions)) (PP (IN of) (NP (NP (NNS earnings) (NNS forecasts)) (PP (IN than) (NP (JJ upward) (NNS revisions))))))) (, ,) ('' ') ('' ') (VP (VBD said)) (NP (NP (NNP Abby) (NNP Joseph) (NNP Cohen)) (, ,) (NP (NP (DT a) (NN market) (NN strategist)) (PP (IN at) (NP (NNP Drexel) (NNP Burnham) (NNP Lambert))))) (. .)))

(S1 (S (`` `) (NP (`` `) (NNS People)) (VP (VBP are) (VP (VBG questioning) (NP (JJ corporate) (NNS profits)) (PP (IN as) (NP (NP (DT a) (NN pillar)) (PP (IN of) (NP (NP (NN support)) (PP (IN for) (NP (DT the) (NN equity) (NN market))))))))) (. .) ('' ') ('' ')))

(S1 (S (NP (DT The) (NN bond) (NN market)) (VP (VBD was) (VP (VBN unmoved) (PP (IN by) (NP (DT the) (JJ economic) (NNS statistics))))) (. .)))

(S1 (S (SBAR (IN While) (S (NP (NN bond) (NNS investors)) (VP (MD would) (VP (VB have) (NP (JJ preferred) (NN growth)) (S (VP (TO to) (VP (VB be) (ADJP (NP (DT a) (JJ little)) (JJR slower))))))))) (, ,) (NP (PRP they)) (VP (VBD were) (VP (VBN cheered) (PP (IN by) (NP (NP (NN inflation) (NNS measures)) (PP (IN in) (NP (NP (DT the) (NNS data)) (SBAR (WHNP (WDT that)) (S (VP (VBD showed) (S (NP (NNS prices)) (VP (VBG rising) (PP (IN at) (NP (NP (DT a) (JJ modest) (JJ annual) (NN rate)) (PP (IN of) (NP (CD 2.9) (NN %)))))))))))))))) (. .)))

(S1 (S (S (NP (DT That)) (VP (VBZ is) (NP (DT another) (JJ small) (NN encouragement) (SBAR (IN for) (S (NP (DT the) (NNP Federal) (NNP Reserve)) (VP (TO to) (VP (VB lower) (NP (NN interest) (NNS rates)) (PP (IN in) (NP (VBG coming) (NNS weeks)))))))))) (, ,) (NP (PRP they)) (VP (VBD reasoned)) (. .)))

(S1 (PP (IN In) (NP (JJ major) (NN market) (NN activity)) (: :)))

(S1 (S (NP (NN Stock) (NNS prices)) (VP (VBD fell) (ADVP (RB sharply)) (PP (IN in) (NP (JJ active) (NN trading)))) (. .)))

(S1 (S (NP (NP (NN Volume)) (PP (IN on) (NP (DT the) (NNP New) (NNP York) (NNP Stock) (NNP Exchange)))) (VP (VBD totaled) (NP (QP (CD 175.2) (CD million)) (NNS shares))) (. .)))

(S1 (S (NP (NP (VBG Declining) (NNS issues)) (PP (IN on) (NP (DT the) (NNP Big) (NNP Board)))) (VP (VBD outstripped) (NP (NNS gainers)) (ADVP (CD 1,141) (TO to) (CD 406))) (. .)))

(S1 (S (NP (NN Bond) (NNS prices)) (VP (VBD were) (ADJP (RB barely) (JJR higher))) (. .)))

(S1 (S (NP (NP (DT The) (NNP Treasury) (POS 's)) (JJ benchmark) (JJ 30-year)) (VP (VBD rose) (ADVP (RB fractionally))) (. .)))

(S1 (S (NP (NP (NN Yield)) (PP (IN on) (NP (DT the) (NN issue)))) (VP (VBD was) (NP (CD 7.88) (NN %))) (. .)))

(S1 (S (NP (DT The) (NN dollar)) (VP (VBD rose) (ADVP (RB modestly)) (PP (IN against) (NP (JJS most) (JJ major) (NNS currencies)))) (. .)))

(S1 (S (PP (IN In) (NP (JJ late) (NNP New) (NNP York) (NN trading))) (NP (DT the) (NN dollar)) (VP (VBD was) (PP (IN at) (NP (NP (CD 1.8400) (NNS marks)) (CC and) (NP (CD 142.10) (NN yen)))) (PP (VBN compared) (PP (IN with) (NP (NP (CD 1.8353) (NNS marks)) (CC and) (NP (CD 141.52) (NNS yen))))) (NP (NNP Wednesday))) (. .)))

(S1 (S (NP (DT The) (NN dollar)) (VP (VBD soared) (PP (IN against) (NP (NP (DT the) (NN pound)) (, ,) (SBAR (WHNP (WDT which)) (S (VP (VBD was) (PP (IN at) (NP ($ $) (CD 1.5765))) (PP (VBN compared) (PP (IN with) (NP ($ $) (CD 1.6145)))) (NP (NNP Wednesday)))))))) (. .)))

