(S1 (S (NP (DT A) (JJ shiny) (JJ new) (NN takeover) (NN deal)) (VP (VBD sparked) (NP (NP (DT a) (JJ big) (NN rally)) (PP (IN in) (NP (NP (NN stock) (NNS prices)) (, ,) (SBAR (WHNP (WDT which)) (S (VP (VBD buoyed) (NP (DT the) (NN dollar))))))))) (. .)))

(S1 (S (NP (NN Bond) (NNS prices)) (ADVP (RB also)) (VP (VBD edged) (ADVP (RBR higher))) (. .)))

(S1 (S (NP (NP (NP (NNP Georgia-Pacific) (POS 's)) (ADJP (QP ($ $) (CD 3.18) (CD billion))) (NN bid)) (PP (IN for) (NP (NNP Great) (NNP Northern) (NNP Nekoosa)))) (VP (VBD helped) (S (VP (VB drive) (NP (DT the) (NNP Dow) (NNP Jones) (NNP Industrial) (NNP Average)))) (ADVP (RB up) (NP (CD 41.60) (NNS points))) (, ,) (PP (TO to) (NP (CD 2645.08))) (, ,) (PP (IN in) (NP (JJ active) (NN trading)))) (. .)))

(S1 (S (NP (DT The) (NN dollar)) (VP (VBD drew) (NP (NN strength)) (PP (IN from) (NP (NP (DT the) (NN stock) (NN market) (POS 's)) (NN climb)))) (. .)))

(S1 (S (NP (JJ Long-term) (NN bond) (NNS prices)) (VP (VBD rose) (PP (IN despite) (NP (NP (NN trepidation)) (PP (IN about) (SBAR (WHNP (WP what)) (S (NP (DT a) (JJ key) (JJ economic) (NN report)) (VP (MD will) (VP (VB show) (NP (NN today)))))))))) (. .)))

(S1 (S (NP (NNS Analysts)) (VP (VBD said) (SBAR (S (NP (NP (DT the) (NN offer)) (PP (IN for) (NP (NNP Great) (NNP Northern) (NNP Nekoosa)))) (VP (VBD broke) (NP (NP (DT the) (NN pall)) (SBAR (WHNP (WDT that)) (S (VP (VBD settled) (PP (IN over) (NP (DT the) (NN takeover) (NN business))) (PP (IN for) (NP (DT the) (JJ past) (CD three) (NNS weeks))))))) (PP (IN in) (NP (NP (DT the) (NN wake)) (PP (IN of) (NP (DT the) (JJ collapsed) (NNP UAL) (NNP Corp) (. .) (NN buy-out))))))))) (. .)))

(S1 (S (NP (NNP Great) (NNP Northern) (NNP Nekoosa)) (VP (VBD soared) (NP (NP ($ $) (CD 20.125)) (NP (DT a) (NN share))) (, ,) (PP (TO to) (NP ($ $) (CD 62.875))) (, ,) (PP (ADVP (RB substantially)) (IN above) (NP (NP (DT the) ($ $) (CD 58)) (NP (DT a) (NN share) (SBAR (S (NP (NNP Georgia-Pacific)) (VP (VBZ is) (VP (VBG offering))))))))) (. .)))

(S1 (S (NP (DT That)) (VP (VBZ indicates) (SBAR (S (NP (NNS speculators)) (VP (VBP are) (VP (VBG betting) (SBAR (S (NP (DT a) (JJR higher) (NN offer)) (VP (VBZ is) (PP (IN in) (NP (DT the) (NNS wings))))))))))) (. .)))

(S1 (S (NP (NP (NNS Prices)) (PP (IN of) (NP (JJ other) (NN paper) (NNS makers)))) (VP (VBD rose) (ADVP (RB sharply)) (, ,) (SBAR (IN although) (S (NP (NNP Georgia-Pacific)) (VP (VBD fell) (NP (NP ($ $) (CD 2.50)) (NP (DT a) (NN share))) (, ,) (PP (TO to) (NP ($ $) (CD 50.875))))))) (. .)))

(S1 (S (PP (IN Despite) (NP (NP (PDT all) (DT the) (NN furor)) (PP (IN over) (NP (NN program) (NN trading))))) (, ,) (NP (NN program) (NN trading)) (VP (VBD played) (NP (DT a) (JJ big) (NN role)) (PP (IN in) (NP (NP (NN yesterday) (POS 's)) (NN rally)))) (. .)))

(S1 (S (NP (DT Some) (NNS traders)) (VP (VBP point) (PRT (RP out)) (SBAR (IN that) (S (SBAR (IN as) (S (NP (DT the) (JJ big) (NN brokerage) (NNS firms)) (VP (VBP back) (ADVP (RP out) (PP (IN of) (NP (NN program) (NN trading)))) (PP (PP (IN for) (NP (PRP$ their) (JJ own) (NNS accounts))) (CC or) (PP (IN for) (NP (NNS clients))))))) (, ,) (NP (NNS opportunities)) (VP (VB increase) (SBAR (IN for) (S (NP (NNS others)) (VP (TO to) (VP (VB engage) (PP (IN in) (NP (DT the) (JJ controversial) (NN practice))))))))))) (. .)))

(S1 (S (NP (DT That)) (VP (VBZ 's) (SBAR (WHNP (WP what)) (S (VP (VBD happened) (NP (NN yesterday)))))) (. .)))

(S1 (S (PP (NP (DT The) (NN rally)) (IN notwithstanding)) (, ,) (NP (EX there)) (VP (VBP are) (NP (NP (NN plenty)) (PP (IN of) (NP (NP (NNS worries)) (PP (IN about) (NP (NP (DT the) (JJ short-term) (NN course)) (PP (IN of) (NP (NN stock) (NNS prices))))))))) (. .)))

(S1 (S (NP (NP (DT A) (VBG slowing) (NN economy)) (CC and) (NP (NP (PRP$ its) (NN effect)) (PP (IN on) (NP (JJ corporate) (NNS earnings))))) (VP (VBZ is) (NP (NP (DT the) (ADJP (RB foremost)) (NN concern)) (PP (IN of) (NP (JJ many) (NNS traders) (CC and) (NNS analysts))))) (. .)))

(S1 (S (SBAR (IN Unless) (S (NP (DT the) (NNP Federal) (NNP Reserve)) (VP (VBZ eases) (S (NP (NN interest) (NNS rates)) (ADVP (RB soon)) (VP (TO to) (VP (VB stimulate) (NP (DT the) (NN economy)))))))) (, ,) (NP (NNS profits)) (VP (MD could) (VP (VB remain) (ADJP (JJ disappointing)))) (. .)))

(S1 (S (NP (NP (NP (NN Yesterday) (POS 's)) (JJ major) (JJ economic) (NN news)) (: --) (NP (NP (DT a) (ADJP (CD 0.2) (NN %)) (NN rise)) (PP (IN in) (NP (NP (DT the) (NNP September) (NN index)) (PP (IN of) (NP (VBG leading) (JJ economic) (NNS indicators)))))) (: --)) (VP (VBD had) (NP (NP (JJ little) (NN impact)) (PP (IN on) (NP (JJ financial) (NNS markets))))) (. .)))

(S1 (S (CC But) (NP (NP (DT the) (JJ next) (JJ important) (NN piece)) (PP (IN of) (NP (NP (NN news)) (PP (IN on) (NP (NP (DT the) (NN economy) (POS 's)) (NN health))))) (PRN (: --) (NP (NP (NP (DT this) (NN morning) (POS 's)) (NN release)) (PP (IN of) (NP (NP (NP (DT the) (JJ national) (NN purchasing) (NN manager) (POS 's)) (NN survey)) (PP (IN for) (NP (NNP October)))))) (: --))) (VP (MD could) (VP (VB prompt) (NP (NNS investors)) (PP (IN into) (NP (NN action))))) (. .)))

(S1 (S (NP (NP (DT A) (NN report)) (NP (NP (JJ late) (NN yesterday)) (SBAR (WHNP (WDT that)) (S (NP (DT the) (NNP Chicago-area) (NN purchasing) (NNS managers) (NN survey)) (VP (VBD showed) (NP (JJ increased) (JJ economic) (NN activity)) (PP (IN in) (NP (NP (DT that) (NN part)) (PP (IN of) (NP (DT the) (NN country)))))))))) (VP (VBD cut) (PP (IN into) (NP (JJ bond-price) (NNS gains)))) (. .)))

(S1 (S (SBAR (IN If) (S (NP (DT the) (JJ national) (NN survey)) (VP (VBZ confirms) (NP (NP (DT a) (NN pickup)) (PP (IN in) (NP (DT the) (NN manufacturing) (NN sector))))))) (, ,) (NP (PRP it)) (VP (MD could) (ADVP (RB further)) (VP (VB depress) (NP (NN bond) (NNS prices)) (SBAR (IN while) (S (VP (VBG bolstering) (NP (NP (NN stock) (NNS prices)) (CC and) (NP (DT the) (NN dollar)))))))) (. .)))

(S1 (S (ADVP (RB Meanwhile)) (, ,) (NP (NN bond) (NNS investors)) (VP (VBP are) (VP (VBG laboring) (PP (IN under) (NP (NP (DT the) (NN onus)) (PP (IN of) (NP (DT a) (JJ national) (NN debt) (NN ceiling))))) (NP (NN debate)))) (. .)))

(S1 (S (SBAR (IN Although) (S (NP (DT the) (NNP Treasury)) (VP (VBZ is) (VP (VBN expected) (S (VP (TO to) (VP (VB announce) (NP (NP (NNS details)) (PP (IN of) (NP (PRP$ its) (NNP November) (NN quarterly) (NN refunding) (NN operation)))) (NP (NN today))))))))) (, ,) (NP (DT the) (NAC (NNP Nov.) (CD 79)) (NN schedule)) (VP (MD could) (VP (VB be) (VP (VBN delayed) (SBAR (IN unless) (S (NP (NP (NNP Congress)) (CC and) (NP (DT the) (NN president))) (VP (VBP act) (S (ADVP (RB soon)) (VP (TO to) (VP (VB lift) (NP (NP (DT the) (NN nation) (POS 's)) (NN debt) (NN ceiling))))))))))) (. .)))

(S1 (PP (IN In) (NP (JJ major) (NN market) (NN activity)) (: :)))

(S1 (S (NP (NN Stock) (NNS prices)) (VP (VBD rallied) (PP (IN in) (NP (JJ active) (NN trading)))) (. .)))

(S1 (S (NP (NP (NN Volume)) (PP (IN on) (NP (DT the) (NNP New) (NNP York) (NNP Stock) (NNP Exchange)))) (VP (VBD totaled) (NP (QP (CD 176.1) (CD million)) (NNS shares))) (. .)))

(S1 (S (NP (NP (VBG Advancing) (NNS issues)) (PP (IN on) (NP (DT the) (NNP Big) (NNP Board)))) (VP (VBD surged) (ADVP (RB ahead) (PP (IN of) (NP (NNS decliners) (CD 1,111) (TO to)))))))

(S1 (S (NP (NN Bond) (NNS prices)) (VP (VBD rose)) (. .)))

(S1 (S (NP (NP (DT The) (NNP Treasury) (POS 's)) (NN benchmark) (JJ 30-year) (NN bond)) (VP (VBD gained) (NP (NP (NP (QP (JJR less) (IN than) (DT a) (NN quarter))) (PP (IN of) (NP (DT a) (NN point)))) (, ,) (CC or) (NP (NP (QP (JJR less) (IN than) ($ $) (CD 2.50))) (PP (IN for) (NP (NP (DT each) ($ $) (CD 1,000)) (PP (IN of) (NP (NN face) (NN amount)))))))) (. .)))

(S1 (S (NP (NP (DT The) (NN yield)) (PP (IN on) (NP (DT the) (NN issue)))) (VP (VBD slipped) (PP (TO to) (NP (CD 7.91) (NN %)))) (. .)))

(S1 (S (NP (DT The) (NN dollar)) (VP (VBD gained) (PP (IN against) (NP (JJS most) (JJ foreign) (NNS currencies)))) (. .)))

(S1 (S (PP (IN In) (NP (JJ late) (NN afternoon) (NNP New) (NNP York) (VBG trading))) (, ,) (NP (DT the) (NN dollar)) (VP (VBD was) (PP (IN at) (NP (NP (CD 1.8415) (NNS marks)) (CC and) (NP (CD 142.85) (NN yen)))) (PP (VBN compared) (PP (IN with) (NP (NP (NP (CD 1.8340) (NNS marks)) (CC and) (NP (CD 141.90) (NN yen))) (NP (JJ late) (NNP Monday)))))) (. .)))

