(S1 (S (NP (JJ Wary) (NNS investors)) (VP (VBP have) (VP (VBN been) (VP (VBG running) (PP (IN for) (NP (NP (NP (DT the) (NN stock) (NN market) (POS 's)) (NN equivalent)) (PP (IN of) (NP (NN bomb) (NNS shelters))))) (, ,) (S (VP (VBG buying) (NP (NP (NNS shares)) (PP (IN of) (NP (NN gold-mining) (CC and) (NN utility) (NNS companies))))))))) (. .)))

(S1 (S (NP (DT Those) (CD two) (NNS groups)) (VP (VBP have) (ADVP (RB recently)) (VP (VBN been) (VP (VBG leading) (NP (NP (DT the) (NN list)) (PP (IN of) (NP (NP (NNS stocks)) (VP (VBG setting) (NP (JJ new) (NNS highs))))))))) (. .)))

(S1 (S (PP (IN On) (NP (NNP Friday))) (, ,) (SBAR (WHADVP (WRB when) (RB only)) (S (NP (DT a) (NN dozen) (JJ common) (NNS stocks)) (VP (VBD hit) (NP (JJ 52-week) (NNS highs)) (PP (IN on) (NP (DT the) (NNP New) (NNP York) (NNP Stock) (NNP Exchange)))))) (, ,) (S (NP (CD five)) (VP (VBD were) (NP (JJ gold-mining) (NNS issues)))) (, ,) (CC and) (S (NP (DT another) (CD four)) (VP (VBD were) (NP (NNS utilities)))) (. .)))

(S1 (S (PP (IN On) (NP (NP (NNP Monday)) (, ,) (SBAR (WHADVP (WRB when)) (S (NP (DT a) (JJ mere) (CD seven) (JJ common) (NNS stocks)) (VP (VBD managed) (NP (JJ new) (NNS highs))))))) (, ,) (NP (CD six)) (VP (VBD were) (NP (NNS utilities) (CC or) (NNS golds))) (. .)))

(S1 (S (PP (IN At) (NP (JJ first) (NN glance))) (, ,) (NP (NN gold) (CC and) (NNS utilities)) (VP (VBP seem) (NP (JJ strange) (NNS bedfellows))) (. .)))

(S1 (S (PP (IN After) (NP (DT all))) (, ,) (NP (JJ gold) (NNS prices)) (ADVP (RB usually)) (VP (VBP soar) (SBAR (WHADVP (WRB when)) (S (NP (NN inflation)) (VP (VBZ is) (ADJP (JJ high)))))) (. .)))

(S1 (S (NP (NN Utility) (NNS stocks)) (, ,) (PP (IN on) (NP (DT the) (JJ other) (NN hand))) (, ,) (VP (VBP thrive) (PP (IN on) (NP (NN disinflation))) (, ,) (PP (IN because) (NP (NP (DT the) (JJ fat) (NNS dividends)) (SBAR (S (NP (NNS utilities)) (VP (VP (VBP pay) (VP (VB look) (ADJP (RBR more) (JJ attractive)) (SBAR (WHADVP (WRB when)) (S (NP (NNS prices)) (VP (VBP are) (VP (VBG falling))))))) (PRN (-LRB- -LRB-) (CC or) (VP (VBG rising) (ADVP (RB slowly))) (-RRB- -RRB-)))))))) (. .)))

(S1 (S (S (CC But) (NP (DT the) (CD two) (NNS groups)) (VP (VBP have) (NP (NP (NN something)) (ADJP (RB very) (JJ important))) (PP (IN in) (ADJP (JJ common))))) (: :) (S (NP (PRP They)) (VP (VBP are) (NP (NP (NP (DT both) (NNS havens)) (PP (IN for) (NP (VBN scared) (NN money)))) (, ,) (NP (NNS stocks))) (PP (IN for) (NP (NP (NNS people)) (SBAR (WHNP (WP who)) (S (VP (VBP hate) (NP (NNS stocks))))))))) (. .)))

(S1 (S (NP (PRP It)) (VP (VBZ 's) (SBAR (IN as) (IN if) (S (NP (NP (NNS investors)) (, ,) (NP (DT the) (JJ past) (JJ few) (NNS days)) (, ,)) (VP (VBP are) (VP (VBG betting) (SBAR (IN that) (S (NP (NN something)) (VP (VBZ is) (VP (VBG going) (S (VP (TO to) (VP (VB go) (ADVP (JJ wrong)) (: --) (SBAR (RB even) (IN if) (S (NP (PRP they)) (VP (VBP do) (RB n't) (VP (VB know) (NP (WP what)))))))))))))))))) (. .)))

(S1 (S (SBAR (IN If) (S (NP (NP (DT the) (NN stock) (NN market)) (CC and) (NP (DT the) (NN economy))) (VP (VP (VB catch) (NP (PRP$ their) (NN breath))) (CC and) (VP (VB show) (SBAR (IN that) (S (NP (PRP they)) (VP (VBP 're) (PP (IN on) (NP (JJR firmer) (NN footing)))))))))) (, ,) (NP (DT these) (NNS stocks)) (VP (MD might) (ADVP (RB well)) (VP (VB fall) (ADVP (RB back)))) (. .)))

(S1 (S (ADVP (RB Indeed)) (, ,) (NP (DT that)) (VP (VBD happened) (PP (TO to) (NP (DT some) (NN extent))) (NP (NN yesterday)) (, ,) (SBAR (IN as) (S (NP (JJ industrial) (NNS stocks)) (VP (VBD rebounded) (, ,) (PP (ADVP (RB partly)) (IN on) (NP (NP (NN news)) (PP (IN of) (NP (NNS takeovers))))) (PP (IN in) (NP (DT the) (NN paper) (NN industry))))))) (. .)))

(S1 (S (ADVP (RB Still)) (, ,) (NP (NP (DT a) (NN lot)) (PP (IN of) (NP (NNS investors)))) (ADVP (RB clearly)) (VP (VBP have) (VP (VBN revived) (NP (PRP$ their) (NN interest)) (PP (IN in) (NP (NP (NN gold)) (CC and) (NP (NN utility) (NNS shares)))))) (. .)))

(S1 (SINV (`` `) (S (`` `) (NP (DT The) (JJ primary) (VBG overriding) (NN thing)) (VP (VBZ is) (SBAR (IN that) (S (NP (NNS people)) (VP (VBP are) (ADJP (JJ frightened)))))) (, ,) ('' ')) ('' ') (VP (VBZ says)) (NP (NP (NNP Martin) (NNP Sass)) (, ,) (NP (DT a) (NNP New) (NNP York) (NN money) (NN manager))) (. .)))

(S1 (S (`` `) (NP (NP (`` `) (DT The) (NNS aftershocks)) (PP (IN of) (NP (NNP Oct.) (CD 13))) (PRN (-LRB- -LRB-) (SBAR (WHADVP (WRB when)) (S (NP (DT the) (NNP Dow) (NNP Jones) (NNP Industrial) (NNP Average)) (VP (VBD dropped) (NP (CD 190) (NNS points))))) (-RRB- -RRB-))) (VP (VBP are) (ADVP (RB still)) (VP (VBG reverberating))) (. .) ('' ') ('' ')))

(S1 (S (ADVP (RB Certainly)) (, ,) (NP (DT the) (NAC (NNP Oct.) (CD 13)) (NN sell-off)) (VP (VBD did) (RB n't) (VP (VB settle) (NP (DT any) (NNS stomachs)))) (. .)))

(S1 (S (PP (IN Beyond) (NP (DT that))) (, ,) (NP (NP (NN money) (NNS managers)) (CC and) (NP (NNS analysts))) (VP (VBP see) (NP (JJ other) (NNS problems))) (. .)))

(S1 (S (S (NP (NNS Inventories)) (VP (VBP are) (VP (VBG creeping) (PRT (RP up))))) (: ;) (S (NP (NN car) (NNS inventories)) (VP (VBP are) (ADVP (RB already)) (ADJP (JJ high)))) (, ,) (CC and) (S (NP (JJ big) (NN auto) (NNS makers)) (VP (VBP are) (NP (NN idling) (NNS plants)))) (. .)))

(S1 (S (NP (NN Takeover) (NN fever)) (VP (VBZ has) (VP (VBN cooled) (, ,) (S (VP (VBG removing) (NP (DT a) (JJ major) (NN horse)) (PP (IN from) (NP (NP (DT the) (NN market) (POS 's)) (NN cart))))))) (. .)))

(S1 (S (NP (NP (NNP Britain) (POS 's)) (JJ unsettled) (JJ political) (NN scene)) (ADVP (RB also)) (VP (VBZ worries) (NP (DT some) (NNS investors))) (. .)))

(S1 (SINV (`` `) (S (`` `) (NP (NP (DT The) (NNS gyrations)) (PP (IN in) (NP (DT the) (JJ British) (NN government))) ('' ')) ('' ') (VP (VB add) (NP (JJ political) (NN uncertainty)) (PP (IN on) (NP (NP (NN top)) (PP (IN of) (NP (NP (JJ high) (NN inflation)) (CC and) (NP (DT a) (JJ ragged) (NN stock) (NN market)))))))) (, ,) (VP (VBZ says)) (NP (NP (NNP John) (NNP Hoffman)) (, ,) (NP (NP (JJ assistant) (NN director)) (PP (IN of) (NP (NN research))) (PP (IN at) (NP (NNP Smith) (NNP Barney) (, ,) (NNP Harris) (NNP Upham) (CC &) (NNP Co))))) (. .)))

(S1 (S (`` `) (NP (NP (`` `) (CD One)) (PP (IN of) (NP (NP (DT the) (CD three) (JJ major) (NNS markets)) (PP (IN in) (NP (DT the) (NN world)))))) (VP (VBZ is) (VP (VBG getting) (VP (VBD chewed) (PRT (RP up)) (ADJP (RB pretty) (JJ bad))))) (. .) ('' ') ('' ')))

(S1 (SINV (`` `) (S (`` `) (SBAR (IN If) (S (NP (DT the) (NNP Fed)) (VP (VBZ does) (RB not) (VP (VP (VB come) (PP (TO to) (NP (DT the) (NN rescue)))) (CC and) (VP (VB produce) (NP (JJR lower) (JJ short-term) (NN interest) (NNS rates)) (PP (IN over) (NP (DT the) (JJ next) (CD 30) (NNS days)))))))) (, ,) (NP (DT the) (NN market)) (VP (VBZ 's) (VP (VBG going) (S (VP (TO to) (VP (VB flounder)))))) (, ,) ('' ')) ('' ') (VP (VBZ says)) (NP (NP (NNP Larry) (NNP Wachtel)) (, ,) (NP (NP (DT a) (NN market) (NN analyst)) (PP (IN with) (NP (NNP Prudential-Bache) (NNP Securities))))) (. .)))

(S1 (S (PP (IN With) (NP (NP (DT this) (NN sort)) (PP (IN of) (NP (NN sentiment) (JJ common))))) (, ,) (NP (PRP it)) (VP (VBZ 's) (ADJP (JJ natural)) (SBAR (IN for) (S (NP (NNS investors)) (VP (TO to) (VP (VB seek) (PRT (RP out)) (NP (`` `) (ADJP (`` `) (JJ defensive) ('' ')) ('' ') (NNS investments))))))) (. .)))

(S1 (S (S (NP (NNS Utilities)) (VP (VBP are) (NP (DT a) (JJ classic) (NN example)))) (: :) (S (PP (ADVP (RB Even)) (IN in) (NP (NNS recessions))) (, ,) (NP (NNS people)) (VP (VBP continue) (S (VP (TO to) (VP (VB use) (NP (NP (JJ electric) (NN power)) (, ,) (NP (NN water)) (CC and) (NP (NP (NN gas)) (PP (IN at) (NP (DT a) (ADJP (RB fairly) (JJ steady)) (NN rate)))))))))) (. .)))

(S1 (S (NP (NP (JJ Such) (JJ defensive) (NNS issues)) (PP (IN as) (NP (NN food) (, ,) (NN tobacco) (, ,) (CC and) (NN drug) (NNS stocks)))) (VP (VBP have) (VP (VBN been) (PP (IN in) (NP (NN favor))) (PP (IN for) (NP (DT some) (NN time))))) (. .)))

(S1 (S (CC But) (NP (NP (JJ many)) (PP (IN of) (NP (DT these) (NNS stocks)))) (VP (VBP have) (ADVP (RB now)) (VP (VBN become) (ADJP (JJ expensive)))) (. .)))

(S1 (S (S (NP (NNP Mr.) (NNP Wachtel)) (VP (VBZ points) (PP (TO to) (NP (NP (NNP Coca-Cola) (NNP Co.)) (CC and) (NP (NNP PepsiCo) (NNP Inc.)))) (PP (IN as) (NP (NNS examples))))) (: :) (S (NP (PRP They)) (VP (VBP 're) (VP (VBG selling) (PP (IN for) (NP (QP (CD 18) (TO to) (CD 22) (NNS times)) (JJ estimated) (CD 1990) (JJ per-share) (NNS earnings)))))) (. .)))

(S1 (S (NP (NN Gold) (NNS stocks)) (VP (VBP are) (RB n't) (ADVP (RB cheap)) (PP (IN on) (NP (DT this) (NN basis))) (, ,) (ADVP (RB either)) (, ,) (PP (IN with) (NP (NP (JJ many)) (VP (VBG selling) (PP (IN for) (NP (QP (CD 20) (NNS times)) (NNS earnings) (QP (CC or) (JJR more)))))))) (. .)))

(S1 (S (NP (RB Even) (NN utility) (NNS stocks)) (VP (VBP are) (RB n't) (DT all) (ADJP (RB that) (JJ inexpensive)) (, ,) (PP (IN at) (NP (NP (DT an) (NN average)) (PP (IN of) (NP (QP (CD 14) (NNS times)) (NNS earnings)))))) (. .)))

(S1 (S (CC But) (NP (DT the) (CD two) (NNS groups)) (VP (VBP represent) (NP (NP (DT a) (JJ further) (NN step)) (PP (IN in) (NP (NN defensiveness))))) (. .)))

(S1 (S (SBAR (IN If) (S (NP (JJ gold) (NNS stocks) (CC and) (NNS utilities)) (VP (VBP continue) (S (VP (TO to) (VP (VB lead))))))) (, ,) (NP (PRP it)) (VP (MD may) (VP (VB signal) (SBAR (IN that) (S (NP (DT the) (NN market)) (VP (VBZ is) (ADVP (RB in)) (PP (IN for) (NP (JJ rough) (NNS times)))))))) (. .)))

(S1 (S (NP (DT That)) (VP (VBZ 's) (ADVP (RB just)) (SBAR (WHNP (WP what)) (S (NP (NNP Joseph) (NNP Granville)) (VP (VBZ expects))))) (. .)))

(S1 (SINV (`` `) (S (`` `) (NP (PRP We)) (VP (VBP are) (VP (VBG going) (S (VP (TO to) (VP (VB explode) (ADJP (JJR lower))))))) (, ,) ('' ')) ('' ') (VP (VBZ says)) (NP (NP (DT the) (JJ flamboyant) (NN market) (NN seer)) (, ,) (SBAR (WHNP (WP who)) (S (VP (VBD had) (NP (NP (DT a) (JJ huge) (NN following)) (ADVP (NP (DT a) (JJ few) (NNS years)) (RB back))))))) (. .)))

(S1 (S (`` `) (NP (NP (`` `) (NN Anyone)) (VP (VBG telling) (NP (PRP you)) (S (VP (TO to) (VP (VB buy) (NP (NNS stocks)) (PP (IN in) (NP (DT this) (NN market)))))))) (VP (VBZ is) (ADJP (RB technically) (JJ irresponsible))) (. .)))

(S1 (S (NP (PRP You)) (VP (VBP do) (RB n't) (VP (VB want) (S (VP (TO to) (VP (VB own) (NP (NP (NN anything) (JJ long)) (PP (IN except) (NP (NN gold) (NNS stocks))))))))) (. .) ('' ') ('' ')))

(S1 (S (NP (NP (CD One) (NN reason)) (PP (IN for) (NP (PRP$ his) (NN gloom)))) (VP (VBZ is) (NP (NP (DT a) (JJ weekly) (NN tally)) (SBAR (S (NP (PRP he)) (VP (VBZ keeps) (PP (IN of) (NP (NNS stocks))) (PP (IN within) (NP (NP (DT a) (NN point)) (PP (IN of) (S (VP (VBG hitting) (NP (JJ new) (NNS highs) (CC or) (NNS lows)))))))))))) (. .)))

(S1 (S (NP (JJ Last) (NNP Friday)) (, ,) (NP (NP (CD 96) (NNS stocks)) (PP (IN on) (NP (DT the) (NNP Big) (NNP Board)))) (VP (VBD hit) (NP (JJ new) (JJ 12-month) (NNS lows))) (. .)))

(S1 (S (CC But) (PP (IN by) (NP (NP (NNP Mr.) (NNP Granville) (POS 's)) (NN count))) (, ,) (NP (CD 493) (NNS issues)) (VP (VBD were) (PP (IN within) (NP (NP (CD one) (NN point)) (PP (IN of) (NP (JJ such) (NNS lows)))))) (. .)))

(S1 (S (NP (NP (NNP Robert) (NNP Stovall)) (, ,) (NP (NP (NP (DT a) (JJ veteran) (NNP New) (NNP York) (NN money) (NN manager)) (CC and) (NP (NN president))) (PP (IN of) (NP (NNP Stovall\/Twenty-First) (NNPS Securities)))) (, ,)) (VP (VBZ has) (NP (NP (NN money)) (PP (IN in) (NP (DT both) (NN gold) (CC and) (NN utility) (NNS issues))))) (. .)))

(S1 (S (`` `) (S (`` `) (NP (PRP I)) (VP (VBP think) (SBAR (S (NP (PRP we)) (VP (MD could) (ADVP (RB very) (RB well)) (VP (VB have) (PRN (-LRB- -LCB-) (NP (DT an) (JJ economic)) (-RRB- -RCB-)) (NP (NN slowdown)) (, ,) (S (VP (VBG beginning) (ADVP (RB very) (RB soon)) (SBAR (IN if) (FRAG (RB not) (ADVP (RB already))))))))))) (, ,) ('' ')) ('' ') (NP (PRP he)) (VP (VBZ says)) (. .)))

(S1 (S (NP (NNP Mr.) (NNP Stovall)) (VP (VBZ does) (RB n't) (VP (VB expect) (NP (DT an) (JJ actual) (NN recession)))) (. .)))

(S1 (S (CC But) (NP (PRP he)) (VP (VBZ does) (VP (VB expect) (NP (`` `) (NP (NP (`` `) (NP (DT a) (NN muffler) (NN dragger) (POS ')) ('' ') (PP (IN of) (NP (DT an) (NN economy))) (, ,) (PP (IN with) (`` `) (ADJP (`` `) (RB very) (JJ slow)))) (NN growth)) (, ,) (NP (NP (QP (RB maybe) (CD one)) (NN quarter)) (PP (IN of) (NP (DT no) (NN growth))))) (ADVP (IN at) (DT all)))) (. .) ('' ') ('' ')))

(S1 (S (PP (IN In) (NP (PDT such) (DT a) (NN climate))) (, ,) (NP (NN utility) (NNS stocks)) (VP (VBP look) (ADJP (JJ good) (PP (TO to) (NP (PRP him))))) (. .)))

(S1 (S (NP (PRP He)) (VP (VBZ favors) (NP (NP (NNP FPL) (NNP Group) (NNP Inc.)) (, ,) (NP (NNP Florida) (NN Progress) (NNP Corp.)) (, ,) (NP (NNP TECO) (NNP Energy) (NNP Inc.)) (, ,) (NP (NNP Wisconsin) (NNP Energy) (NNP Corp.)) (, ,) (CC and) (NP (NNP Dominion) (NNPS Resources) (NNP Inc)))) (. .)))

(S1 (S (NP (NP (DT The) (NN appeal)) (PP (IN of) (NP (JJ gold) (NNS issues)))) (PRN (, ,) (S (NP (NNP Mr.) (NNP Stovall)) (VP (VBZ says))) (, ,)) (VP (VBZ is) (SBAR (IN that) (`` `) (S (`` `) (NP (PRP they)) (VP (VBP 're) (NP (DT a) (NN counter) (NN group)))))) (. .)))

(S1 (S (NP (PRP You)) (VP (VBP go) (PP (IN into) (NP (PRP them))) (SBAR (IN because) (S (NP (PRP they)) (VP (VBP move) (ADVP (RB counter) (PP (TO to) (NP (DT the) (JJ general) (NN market)))))))) (. .) ('' ') ('' ')))

(S1 (S (NP (PRP He)) (VP (VBZ adds) (SBAR (IN that) (S (NP (NN gold) (NNS stocks)) (VP (VBD had) (VP (VBN been) (PRT (RP down)) (ADVP (ADVP (RB so) (RB long)) (SBAR (S (NP (PRP they)) (VP (VBD were) (`` `) (ADJP (`` `) (JJ ready) (PP (IN for) (NP (DT a) (NN bounce))))))))))))) (. .) ('' ') ('' ')))

(S1 (S (NP (PRP$ His) (NNS favorites)) (VP (VBP are) (NP (NP (NNP American) (NNP Barrick) (NNPS Resources) (NNP Corp.)) (, ,) (NP (NNP Echo) (NNP Bay) (NNPS Mines) (NNP Ltd.)) (CC and) (NP (NNP Coeur) (FW d') (NNP Alene) (NNPS Mines) (NNP Corp)))) (. .)))

(S1 (S (ADVP (RB Nevertheless)) (, ,) (NP (NNP Mr.) (NNP Stovall)) (VP (VBZ emphasizes) (SBAR (IN that) (`` `) (S (`` `) (NP (PRP you)) (VP (VBP do) (RB n't) (VP (VB buy) (-LRB- -LCB-) (NP (NN gold) (NNS stocks)) (-RRB- -RCB-) (PP (VBN based) (PP (IN on) (NP (JJ powerful) (NNS fundamentals))))))))) (. .) ('' ') ('' ')))

(S1 (S (PP (IN In) (NP (NP (NN addition)) (PP (TO to) (S (VP (VBG having) (NP (JJ high) (JJ price-earnings) (NNS ratios))))))) (, ,) (NP (JJS most)) (VP (VBP pay) (NP (ADJP (JJ puny)) (NNS dividends)) (, ,) (PP (IN if) (NP (DT any)))) (. .)))

(S1 (S (`` `) (S (`` `) (NP (NP (DT The) (VBG earning) (NN power)) (-LRB- -LCB-) (PP (IN of) (NP (JJ gold) (NN mining) (NNS companies))) (-RRB- -RCB-)) (VP (VBZ is) (VP (VBN restricted) (SBAR (IN unless) (S (NP (DT the) (NN gold) (NN price)) (VP (VBZ hops) (PRT (RP up)) (PP (IN over) (NP (NP ($ $) (CD 425)) (NP (DT an) (NN ounce)))))))))) (, ,) ('' ') ('' ') (NP (PRP he)) (VP (VBZ says)) (. .)))

(S1 (S (NP (NP (NNP Abby) (NNP Cohen)) (, ,) (NP (NP (DT an) (NN investment) (NN strategist)) (PP (IN for) (NP (NNP Drexel) (NNP Burnham) (NNP Lambert)))) (, ,)) (ADVP (RB also)) (VP (VBZ thinks) (SBAR (S (NP (PRP it)) (VP (VBZ makes) (NP (NN sense)) (S (VP (TO to) (VP (VB have) (NP (DT some) (NN money)) (PP (IN in) (NP (DT both) (NNS utilities) (CC and) (NN gold)))))))))) (. .)))

(S1 (S (`` `) (S (`` `) (NP (PRP$ My) (NN outlook)) (VP (VBZ is) (PP (IN for) (NP (NP (DT a) (NN decline)) (PP (IN of) (NP (QP (RB about) (CD 10)) (NN %))) (PP (IN in) (NP (JJ corporate) (NNS profits)))))) ('' ') ('' ') (PP (IN in) (NP (CD 1990)))) (, ,) (NP (PRP she)) (VP (VBZ says)) (. .)))

(S1 (S (CC But) (NP (`` `) (NP (`` `) (NP (DT a) (NN bunch)) (PP (IN of) (NP (NNS utilities))) ('' ')) ('' ')) (VP (MD should) (VP (VB post) (NP (NN profit) (NNS increases)))) (. .)))

(S1 (S (PP (IN Among) (NP (NNS utilities))) (, ,) (NP (NNP Drexel)) (ADVP (RB currently)) (VP (VBZ favors) (NP (NP (NNP Entergy) (NNP Corp.)) (CC and) (NP (NNP General) (NNP Public) (NNPS Utilities) (NNP Corp)))) (. .)))

(S1 (S (PP (IN As) (PP (IN for) (NP (NN gold)))) (, ,) (NP (PRP she)) (VP (VBZ notes) (SBAR (IN that) (S (NP (PRP it)) (ADVP (RB usually)) (VP (VBZ rises) (SBAR (WHADVP (WRB when)) (S (NP (DT the) (NN dollar)) (VP (VBZ is) (ADJP (JJ weak)) (, ,) (SBAR (IN as) (S (NP (PRP it)) (VP (VBZ has) (VP (VBN been) (ADVP (RB lately))))))))))))) (. .)))

(S1 (S (PP (IN Among) (NP (NN gold) (NNS stocks))) (, ,) (NP (NNP Drexel)) (VP (VBZ likes) (NP (NP (NP (NNP Battle) (NNP Mountain) (NNP Gold)) (NNP Co.)) (, ,) (NP (NNP Newmont) (NNP Gold) (NNP Co.)) (CC and) (NP (NNP Freeport-McMoRan) (NNP Gold) (NNP Co)))) (. .)))

