(S1 (S (NP (NP (NNS Traders)) (VP (VBG trying) (S (VP (TO to) (VP (VB profit) (PP (IN from) (NP (NP (DT the) (JJ recent) (NN volatility)) (PP (IN in) (NP (JJ financial) (NNS markets)))))))))) (VP (VBD invaded) (NP (DT the) (NNP Nasdaq) (NN over-the-counter) (NN market)) (, ,) (S (VP (VBG prompting) (NP (NP (ADJP (RB even) (JJR more)) (NNS swings)) (PP (IN in) (NP (NN stock) (NNS prices))))))) (. .)))

(S1 (S (PP (IN After) (S (VP (VBG gaining) (NP (NN strength)) (PP (IN during) (NP (NP (DT a) (JJ brief) (NN run-up)) (SBAR (WHADVP (WRB when)) (S (NP (NN trading)) (VP (VBD began))))))))) (, ,) (NP (DT the) (NNP Nasdaq) (NNP Composite) (NNP Index)) (VP (VBD weakened) (PP (IN under) (NP (NN selling) (NN pressure)))) (. .)))

(S1 (S (NP (NP (DT The) (NNS forces)) (PP (IN at) (NP (NN work)))) (VP (VBD included) (NP (NP (JJ computer-guided) (NN trading)) (, ,) (CONJP (RB as) (RB well) (IN as)) (NP (JJ profit-driven) (NN market) (NNS makers)) (CC and) (NP (NP (JJ institutional) (NNS investors)) (SBAR (WHNP (WP who)) (S (VP (VBD had) (VP (VBN bought) (NP (NP (NN stock)) (PP (IN on) (NP (DT the) (NN cheap)))) (PP (IN during) (NP (DT the) (JJ recent) (NN correction)))))))))) (. .)))

(S1 (S (PP (IN During) (NP (NP (DT the) (JJ last) (CD two) (NNS hours)) (PP (IN of) (NP (NN trading))))) (, ,) (NP (DT the) (NN composite)) (ADVP (RB almost)) (VP (VBD drew) (PP (ADVP (RB even)) (IN on) (NP (NP (DT the) (NN day)) (PP (IN before) (S (VP (VBG slipping) (ADVP (RB again)))))))) (. .)))

(S1 (S (NP (DT The) (NNP Nasdaq) (NNP Composite)) (VP (VBD closed) (ADVP (RB down) (NP (NP (CD 1.05)) (, ,) (CC or) (NP (CD 0.2) (NN %)) (, ,)) (PP (TO to) (NP (CD 459.93))))) (. .)))

(S1 (S (S (NP (DT The) (NN action)) (VP (VBD was) (VP (VBN confined) (PP (TO to) (NP (NP (NNP Nasdaq) (POS 's)) (ADJP (ADJP (JJS biggest)) (CC and) (ADJP (RBS most) (JJ liquid))) (NNS stocks)))))) (, ,) (NP (NNS traders)) (VP (VBD said)) (. .)))

(S1 (S (NP (DT The) (NNP Nasdaq) (CD 100) (NNP Index)) (VP (VP (VBD began) (NP (DT the) (NN day)) (PP (IN at) (NP (CD 449.89)))) (, ,) (VP (VBD lost) (NP (CD 2) (NN %)) (PP (IN at) (NP (CD one) (NN point)))) (, ,) (CC and) (VP (VBD was) (ADVP (RB up) (NP (CD 0.4) (NN %))) (PP (IN at) (NP (DT another))))) (. .)))

(S1 (S (NP (NP (DT The) (NN barometer)) (PP (IN of) (NP (DT the) (JJS biggest) (JJ nonfinancial) (NNS stocks)))) (VP (VBD settled) (PP (IN at) (NP (CD 448.49))) (, ,) (ADVP (RB off) (NP (CD 1.40)))) (. .)))

(S1 (S (NP (NP (PRP$ Its) (NN counterpart)) (, ,) (NP (DT the) (NNP Nasdaq) (NNP Financial) (NNP Index)) (, ,)) (VP (VBD was) (ADJP (JJ weak)) (PP (IN for) (NP (NP (JJS most)) (PP (IN of) (NP (DT the) (NN day))))) (, ,) (S (VP (VBG sliding) (ADVP (CD 2.51) (TO to) (CD 453.57)) (PP (IN by) (NP (NP (DT the) (NN end)) (PP (IN of) (NP (NN trading)))))))) (. .)))

(S1 (S (NP (DT The) (NN volatility)) (VP (VBD was) (VP (VBG dizzying) (PP (IN for) (NP (NNS traders))))) (. .)))

(S1 (SINV (`` `) (S (`` `) (NP (DT The) (NN market)) (VP (MD must) (VP (VB have) (VP (VBN turned) (ADVP (RB up) (CC and) (RB down)) (NP (CD 15) (JJ different) (NNS times))))) (, ,) ('' ')) ('' ') (VP (VBD commented)) (NP (NP (NNP Lance) (NNP Zipper)) (, ,) (NP (NP (NN head)) (PP (IN of) (NP (NP (NNP OTC) (VBG trading)) (PP (IN at) (NP (NNP Kidder) (NNP Peabody))))))) (. .)))

(S1 (S (`` `) (S (`` `) (NP (NP (DT Every) (NN time)) (SBAR (S (NP (PRP you)) (VP (VBD thought) (SBAR (S (NP (PRP it)) (VP (VBD was) (VP (VBG going) (PP (IN into) (NP (NP (DT a) (NN rally)) (SBAR (S (NP (PRP it)) (VP (VBD gave) (PRT (RP up)))))))))))))))) (, ,) (CC and) (S (NP (NP (DT every) (NN time)) (SBAR (S (NP (PRP you)) (VP (VBD thought) (SBAR (S (NP (PRP it)) (VP (MD would) (VP (VB rally) (NP (PRP it)))))))))) (VP (VBD came) (ADVP (RB down)))) (. .)))

(S1 (S (NP (DT This)) (VP (VBZ is) (NP (DT a) (JJ tough) (NN market))) (. .) ('' ') ('' ')))

(S1 (S (NP (NNP Mr.) (NNP Zipper)) (VP (VBD said) (SBAR (S (NP (DT the) (NN market)) (VP (VBZ is) (ADVP (RB still)) (VP (VBG settling) (PRT (RP down)) (PP (IN after) (NP (DT the) (JJ recent) (NN correction)))))))) (. .)))

(S1 (S (S (NP (NP (JJS Most)) (PP (IN of) (NP (NN trading) (NN action)))) (ADVP (RB now)) (VP (VBZ is) (PP (IN from) (NP (NP (JJ professional) (NNS traders)) (SBAR (WHNP (WP who)) (S (VP (VBP are) (VP (VBG trying) (S (VP (TO to) (VP (VB take) (NP (NP (NN advantage)) (PP (IN of) (NP (DT the) (NN price) (NNS swings)))) (S (VP (TO to) (VP (VB turn) (NP (DT a) (JJ quick) (NN profit)))))))))))))))) (, ,) (NP (NP (PRP he)) (CC and) (NP (JJ other) (NNS traders))) (VP (VBD said)) (. .)))

(S1 (SINV (`` `) (S (`` `) (S (NP (NN Everybody)) (VP (VBZ 's) (ADJP (JJ confused)))) (CC and) (S (NP (DT no) (NN one)) (VP (VBZ has) (NP (DT an) (NN opinion) (SBAR (IN that) (S (VP (VBZ lasts) (NP (QP (RBR longer) (IN than) (CD 30)) (NNS seconds))))))))) (, ,) ('' ') ('' ') (VP (VBD said)) (NP (NNP Mr.) (NNP Zipper)) (. .)))

(S1 (S (`` `) (NP (NP (`` `) (DT A) (NN lot)) (PP (IN of) (NP (DT the) (JJ professional) (NNS traders)))) (VP (VBP are) (ADVP (RB just)) (VP (VBG going) (ADVP (RB back) (CC and) (RB forth)))) (. .)))

(S1 (S (NP (PRP They)) (VP (VBP 're) (ADJP (ADVP (RB just) (RB as)) (JJ confused))) (. .) ('' ') ('' ')))

(S1 (S (NP (NP (NNP William) (NNP Rothe)) (, ,) (NP (NP (NN head)) (PP (IN of) (NP (NP (NNP OTC) (VBG trading)) (PP (IN at) (NP (NNP Alex) (. .) (NNP Brown) (CC &) (NNP Sons))) (, ,) (PP (IN in) (NP (NNP Baltimore)))))) (, ,)) (VP (VBD said) (SBAR (S (NP (NN program) (NN trading)) (VP (VBZ is) (VP (VBG keeping) (S (NP (DT the) (NNS markets)) (ADJP (JJ unsettled)))))))) (. .)))

(S1 (S (NP (PRP He)) (VP (VBZ believes) (SBAR (IN that) (S (NP (NP (DT the) (JJ volatile) (NNS conditions)) (VP (VBN created) (PP (IN by) (NP (NN program) (NN trading))))) (VP (VBZ has) (NP (NP (`` `) (ADJP (`` `) (RB thoroughly) (JJ confused) ('' ')) ('' ') (NNS investors)) (PP (IN about) (SBAR (WHADVP (WRB where)) (S (NP (DT the) (NN market)) (VP (VBZ is) (VP (VBN headed))))))))))) (. .)))

(S1 (S (NP (NN Program) (NN trading)) (VP (VBZ is) (`` `) (S (`` `) (S (S (VP (VBG benefiting) (NP (DT a) (JJ few)) (PP (TO to) (NP (NP (DT the) (NN detriment)) (PP (IN of) (NP (JJ many))))))) (CC and) (S (NP (PRP I)) (VP (VBP wish) (SBAR (S (NP (NN someone)) (VP (MD would) (VP (VB do) (NP (NN something)) (PP (IN about) (NP (PRP it)))))))))) (, ,) ('' ') ('' ') (NP (PRP he)) (VP (VBN complained)))) (. .)))

(S1 (S (NP (NN Trading) (NN activity)) (VP (VBD cooled) (ADVP (RB off) (PP (IN from) (NP (NP (NNP Monday) (POS 's)) (JJ sizzling) (NN pace))))) (. .)))

(S1 (S (NP (NN Share) (NN turnover)) (VP (VBN subsided) (PP (TO to) (NP (QP (CD 161.5) (CD million))))) (. .)))

(S1 (S (NP (VBG Advancing) (CC and) (VBG declining) (NNS issues)) (VP (VBD finished) (ADVP (RB about) (RB even))) (. .)))

(S1 (S (PP (IN Of) (NP (NP (DT the) (CD 4,345) (NNS stocks)) (SBAR (WHNP (WDT that)) (S (VP (VBD changed) (NP (NNS hands))))))) (, ,) (S (NP (CD 1,174)) (VP (VBD declined))) (CC and) (S (NP (CD 1,040)) (VP (VBD advanced))) (. .)))

(S1 (S (NP (NP (CD One) (JJ big) (NN technology) (NN issue)) (, ,) (NP (NNP Novell)) (, ,)) (VP (VBD rode) (NP (DT the) (NN roller) (NN coaster))) (. .)))

(S1 (S (NP (NP (DT The) (NN stock)) (, ,) (SBAR (WHNP (WDT which)) (S (VP (VBD finished) (NP (NNP Monday)) (PP (IN at) (NP (QP (CD 29) (CD 1\/2))))))) (, ,)) (VP (VBD traded) (ADVP (ADVP (RB as) (JJ high)) (PP (IN as) (NP (NP (QP (CD 29) (CD 3\/4))) (CC and) (NP (QP (RB as) (JJ low) (IN as) (CD 28) (CD 3\/4)))))) (PP (IN before) (S (VP (VBG closing) (PP (IN at) (NP (QP (CD 29) (CD 1\/4)))) (, ,) (ADVP (RB down) (NP (CD 1\/4))))))) (. .)))

(S1 (S (NP (PRP It)) (VP (VBD was) (NP (NP (DT a) (JJ jarring) (NN day)) (PP (IN for) (NP (NP (NNS investors)) (PP (IN in) (NP (NNP Genetics) (NNP Institute))))))) (. .)))

(S1 (S (NP (DT The) (NN stock)) (VP (VBD tumbled) (NP (QP (CD 2) (CD 3\/4))) (PP (IN on) (NP (NN news) (SBAR (IN that) (S (NP (PRP it)) (VP (MD might) (VP (VB have) (S (VP (TO to) (VP (VB take) (NP (NP (DT a) (NN charge)) (PP (IN against) (NP (NNS earnings)))) (SBAR (IN if) (S (NP (PRP it)) (VP (MD ca) (RB n't) (ADVP (RB successfully)) (VP (VB resolve) (NP (NP (DT a) (NN dispute)) (PP (IN with) (NP (NP (PRP$ its) (JJ European) (NN licensee)) (, ,) (NP (NNP Boehringer) (NNP Mannheim)) (, ,))) (PP (IN over) (NP (NP (PRP$ its) (NN anti-anemia) (NN drug)) (, ,) (NP (NNP EPO))))))))))))))))))) (. .)))

(S1 (S (NP (DT The) (NN stock)) (VP (VBD recovered) (ADVP (RB somewhat)) (S (VP (TO to) (VP (VB finish) (ADVP (NP (QP (CD 1) (CD 1\/4))) (JJR lower)) (PP (IN at) (NP (QP (CD 26) (CD 1\/4)))))))) (. .)))

(S1 (S (PP (IN In) (NP (DT a) (NN statement))) (, ,) (NP (NNP Genetics) (NNP Institute)) (VP (VBD said) (SBAR (S (NP (NP (DT the) (NN dispute)) (PP (IN with) (NP (NNP Boehringer)))) (VP (VBZ centers) (PP (IN on) (NP (NP (NNS questions)) (PP (IN of) (NP (NP (DT the) (NN usability)) (PP (IN of) (NP (NP (JJ certain) (NNS batches)) (PP (IN of) (NP (NP (NNP EPO) (NN material)) (VP (VBN valued) (PP (IN at) (NP (QP ($ $) (CD 13.6) (CD million))))))))))))))))) (. .)))

(S1 (S (ADVP (RBR Earlier) (NP (DT this) (NN week))) (, ,) (NP (NNP Genetics) (NNP Institute)) (VP (VBD reported) (NP (NP (JJR wider) (NNS losses)) (PP (IN in) (NP (NP (PRP$ its) (JJ fiscal) (JJ third) (NN quarter)) (VP (VBN ended) (NP (NNP Aug.) (CD 31))))))) (. .)))

(S1 (S (NP (NNP Price) (NNP Co.)) (VP (VBD jumped) (NP (QP (CD 2) (CD 1\/4))) (PP (TO to) (NP (CD 44))) (PP (IN on) (NP (QP (CD 1.7) (CD million)) (NNS shares)))) (. .)))

(S1 (S (NP (NP (DT The) (NN wholesaler)) (PP (IN of) (NP (NP (NN cash)) (CC and) (NP (VB carry) (NN merchandise))))) (VP (VBD reported) (NP (NP (JJ fiscal) (NN fourthquarter) (NNS earnings)) (SBAR (WHNP (WDT that)) (S (VP (VBD were) (ADJP (ADJP (JJR better)) (SBAR (IN than) (S (NP (NNS analysts)) (VP (VBD had) (VP (VBN expected))))))))))) (. .)))

(S1 (S (NP (DT The) (NN company)) (ADVP (RB also)) (VP (VBD pleased) (NP (NNS analysts)) (PP (IN by) (S (VP (VBG announcing) (NP (NP (CD four) (JJ new) (NN store) (NNS openings)) (VP (VBN planned) (PP (IN for) (NP (NP (JJ fiscal) (CD 1990)) (, ,) (VP (VBG ending) (NP (JJ next) (NNP August))))))))))) (. .)))

(S1 (S (NP (DT That)) (VP (MD will) (VP (VB bring) (NP (NP (DT the) (NN total)) (PP (IN for) (NP (DT the) (NN year)))) (PP (TO to) (NP (CD 10))) (, ,) (PP (IN from) (NP (NP (CD five)) (PP (IN during) (NP (JJ fiscal) (CD 1989))))))) (. .)))

(S1 (FRAG (`` `) (`` `) (NP (NP (DT Every) (NN year)) (SBAR (S (NP (PRP we)) (VP (VBP 've) (VP (VBN been) (VP (VBG waiting) (PP (IN for) (NP (NP (JJ stepped-up) (NN expansion)) (PP (IN from) (NP (DT the) (NN company))))))))))) (. .)))

(S1 (SINV (S (NP (DT The) (NN news)) (VP (MD could) (RB n't) (VP (VB have) (VP (VBN been) (ADJP (JJR better)))))) (, ,) ('' ') ('' ') (VP (VBD said)) (NP (NP (NNP Linda) (NNP Kristiansen)) (, ,) (NP (DT a) (NP (NNP Dean) (NNP Witter) (NNP Reynolds)) (NN analyst))) (, ,) (PP (IN in) (NP (DT an) (NN interview))) (. .)))

(S1 (S (NP (NP (NNP Intermec)) (, ,) (NP (NP (DT a) (NN maker)) (PP (IN of) (NP (JJ optical) (NN character-recognition) (NNS devices)))) (, ,)) (ADVP (RB also)) (VP (VBD reported) (NP (JJR higher) (JJ third-quarter) (NNS earnings))) (. .)))

(S1 (S (NP (PRP$ Its) (NNS shares)) (VP (VBD added) (NP (CD 3\/4)) (PP (TO to) (NP (QP (CD 30) (CD 3\/4))))) (. .)))

(S1 (S (CC But) (NP (JJ favorable) (NNS earnings)) (VP (VBD was) (RB n't) (NP (DT a) (NN guarantee) (SBAR (IN that) (S (NP (NP (DT a) (NN stock) (POS 's)) (NN price)) (VP (MD would) (VP (VB improve) (NP (NN yesterday)))))))) (. .)))

(S1 (S (NP (NNP MCI) (NNP Communications)) (VP (VBD tumbled) (NP (QP (CD 2) (CD 5\/8))) (PP (TO to) (NP (QP (CD 42) (CD 3\/8)))) (PP (IN on) (NP (QP (CD 4.7) (CD million)) (NNS shares))) (SBAR (RB even) (IN though) (S (NP (DT the) (NN telecommunications) (NN giant)) (VP (VBD reported) (NP (NP (DT a) (ADJP (CD 63) (NN %)) (NN increase)) (PP (IN in) (NP (JJ third-quarter) (NN profit)))))))) (. .)))

(S1 (S (NP (NNP CoreStates) (NNP Financial)) (VP (VBD slipped) (NP (CD 3\/8)) (PP (TO to) (NP (QP (CD 43) (CD 1\/8)))) (PP (IN in) (NP (JJ active) (NN trading))) (PP (IN after) (S (VP (VBG reporting) (SBAR (IN that) (S (NP (JJ third-quarter) (NNS earnings)) (VP (VBD improved) (PP (TO to) (NP (NP ($ $) (CD 1.27)) (NP (DT a) (NN share)))) (PP (IN from) (NP (NP ($ $) (CD 1.15)) (NP (DT a) (NN share))) (ADVP (NP (DT a) (NN year)) (RBR earlier)))))))))) (. .)))

(S1 (S (ADVP (RB However)) (, ,) (NP (NP (DT the) (NN bank) (VBG holding) (NN company) (POS 's)) (JJ loan-loss) (NNS reserves)) (VP (VBD rose) (PP (TO to) (NP (QP ($ $) (CD 177.3) (CD million)))) (PP (IN from) (NP (QP ($ $) (CD 154) (CD million))) (ADVP (NP (DT a) (NN year)) (RBR earlier)))) (. .)))

(S1 (S (NP (NNP A&W) (NNPS Brands)) (VP (VBD lost) (NP (CD 1\/4)) (PP (TO to) (NP (CD 27)))) (. .)))

(S1 (S (CC But) (NP (PRP$ its) (JJ thirdquarter) (NNS earnings)) (VP (VBD rose) (PP (TO to) (NP (NP (CD 26) (NNS cents)) (NP (DT a) (NN share)))) (PP (IN from) (NP (NP (CD 18) (NNS cents)) (NP (DT a) (NN share)))) (NP (JJ last) (NN year))) (. .)))

(S1 (S (NP (NNP Capital) (NNPS Associates)) (VP (VBD dropped) (NP (CD 1)) (PP (TO to) (NP (QP (CD 5) (CD 3\/8))))) (. .)))

(S1 (S (NP (NP (DT The) (NN company)) (, ,) (SBAR (WHNP (WDT which)) (S (VP (VBZ leases) (NP (NN technology) (NN equipment))))) (, ,)) (VP (VBD reported) (NP (NP (ADJP (RB substantially) (JJR lower)) (JJ net) (NN income)) (PP (IN for) (NP (NP (PRP$ its) (JJ fiscal) (JJ first) (NN quarter)) (, ,) (SBAR (WHNP (WDT which)) (S (VP (VBD ended) (NP (NNP Aug.) (CD 31))))))))) (. .)))

