(S1 (S (PP (IN On) (NP (NP (DT an) (NN office) (NN wall)) (PP (IN of) (NP (DT the) (NNP Senate) (NN intelligence) (NN committee))))) (VP (VBZ hangs) (NP (NP (DT a) (NN quote)) (PP (IN from) (NP (NNP Chairman) (NNP David) (NNP Boren)))) (, ,) (`` `) (S (`` `) (VP (VB Do) (RB n't) (VP (VB hold) (NP (PRP$ your) (NN ticket)) (SBAR (RB 'til) (S (NP (DT the) (NN show)) (VP (VBZ 's) (ADJP (JJ over))))))) (. .) ('' ')) ('' '))))

(S1 (S (NP (PRP He)) (ADVP (RB once)) (VP (VBD used) (NP (DT that) (NN line)) (PP (IN in) (NP (NP (DT a) (JJ closed-door) (NN meeting)) (PP (IN on) (NP (NNP Panama))))) (, ,) (S (VP (VBG meaning) (SBAR (S (VP (VBP do) (RB n't) (VP (VB shrink) (PP (IN from) (S (VP (VBG taking) (NP (NP (NN action)) (PP (IN against) (NP (NNP Manuel) (NNP Noriega)))))))))))))) (. .)))

(S1 (SBARQ (RB So) (WHADVP (WRB how)) (SQ (VBD did) (NP (NP (DT a) (JJ good) (NN senator)) (PP (IN like) (NP (DT this) (NN end)))) (ADVP (RB up)) (VP (VBG approving) (NP (NP (DT a) (NN policy)) (SBAR (WHNP (WDT that)) (S (VP (VBD required) (S (NP (DT the) (NNP U.S.)) (VP (TO to) (VP (VB warn) (NP (NNP Mr.) (NNP Noriega))))))))) (PP (IN of) (NP (NP (DT any) (NN coup) (NN plot)) (PP (IN against) (NP (PRP him))))))) (. ?)))

(S1 (S (`` `) (S (S (`` `) (NP (PRP I)) (VP (VBP agree))) (, ,) (NP (PRP it)) (VP (VBZ 's) (ADJP (JJ ridiculous)))) (, ,) ('' ') ('' ') (VP (VBZ says) (SBAR (S (NP (NNP Mr.) (NNP Boren)) (PRN (, ,) (CC and) (ADVP (RB indeed)) (PP (IN by) (ADJP (RB now) (JJ ridiculous)))) (VP (MD may) (VP (VB be) (NP (NP (DT the) (JJ only) (NN way)) (SBAR (S (VP (VP (TO to) (VP (VB describe) (SBAR (SBAR (WHADVP (WRB how)) (S (NP (DT the) (NNP U.S.)) (VP (VBZ decides) (S (VP (TO to) (VP (VB take))))))) (: --) (CC or) (RB rather)))) (, ,) (RB not) (VP (TO to) (VP (VB take) (NP (: --) (JJ covert) (NN action))))))))))))) (. .)))

(S1 (S (NP (NNP George) (NNP Bush)) (VP (VBD disclosed) (NP (DT the) (NN policy)) (NP (JJ last) (NN week)) (PP (IN by) (S (VP (VBG reading) (NP (PRP it)) (PP (TO to) (NP (NNP GOP) (NNS senators))) (, ,) (ADVP (RB perhaps) (PP (IN as) (NP (NP (DT a) (NN way)) (PP (IN of) (S (VP (VBG shifting) (NP (NP (NN blame)) (PP (IN for) (NP (DT the) (NNP Panama) (NN fiasco)))) (PP (TO to) (NP (NNP Congress))))))))))))) (. .)))

(S1 (S (CC But) (NP (DT the) (JJR broader) (NN truth)) (VP (VBZ is) (ADJP (RBR more) (VBN complicated)) (: --) (CC and) (VP (VBG dismaying))) (. .)))

(S1 (S (NP (DT The) (NN policy)) (VP (VBD was) (VP (VBN contained) (PP (IN in) (NP (NP (DT an) (NN exchange)) (PP (IN of) (NP (NNS letters))))) (NP (NP (NP (JJ last) (NNP October)) (PP (IN between) (NP (DT the) (NNP Senate) (NN intelligence) (NN committee)))) (CC and) (NP (NP (DT the) (NNP CIA)) (CC and) (NP (NNP National) (NNP Security) (NNP Council)))))) (. .)))

(S1 (S (NP (NP (NN Staff) (NNS lawyers)) (PP (IN for) (NP (DT both) (NNS sides)))) (VP (VBD were) (ADJP (JJ busy) (S (VP (VBG agreeing) (PP (IN with) (NP (CD one) (DT another))) (PP (IN about) (SBAR (WHNP (WP what)) (S (NP (DT the) (NNP U.S.)) (VP (MD could) (RB not) (VP (VB do) (S (VP (TO to) (VP (VB oust) (NP (DT the) (JJ Panamanian) (NN thug)))))))))))))) (. .)))

(S1 (S (NP (PRP They)) (ADVP (RB simply)) (VP (VBD got) (VP (VBN carried) (PRT (RP away)) (PP (IN with) (S (VP (VBG interpreting) (SBAR (WHNP (WP what)) (S (NP (NP (DT the) (JJ executive) (NN order)) (VP (VBG banning) (NP (NNS assassinations)))) (ADVP (RB really)) (VP (VBD meant))))))))) (. .)))

(S1 (S (NP (NP (NNP Mr.) (NNP Boren)) (NP (PRP himself))) (VP (VBD did) (RB n't) (VP (VB discover) (NP (DT the) (JJ warn-your-enemy) (NN nuance)) (SBAR (IN until) (S (NP (NNP Mr.) (NNP Bush)) (VP (VBD told) (NP (PRP him)) (ADVP (RB privately)) (PP (IN at) (NP (DT the) (NNP White) (NNP House))) (NP (JJ last) (NN week))))))) (. .)))

(S1 (S (NP (PRP It)) (VP (VBZ 's) (ADJP (JJ ironic)) (SBAR (IN that) (S (NP (NNP David) (NNP Boren)) (VP (MD should) (VP (VB be) (PP (IN in) (NP (NP (DT the) (NN center)) (PP (IN of) (NP (DT this) (NN mire)))))))))) (. .)))

(S1 (S (S (NP (DT A) (JJ former) (NNP Oklahoma) (NN governor))) (, ,) (NP (PRP he)) (VP (VBZ 's) (NP (NP (DT a) (JJ thoughtful) (NN defender)) (PP (IN of) (NP (NP (JJ presidential) (NNS powers)) (PP (IN in) (NP (JJ foreign) (NN policy))))))) (. .)))

(S1 (S (NP (PRP He)) (VP (VBZ 's) (NP (DT a) (JJ rare) (JJ Democratic) (NN hawk))) (. .)))

(S1 (S (NP (PRP He)) (VP (VBZ 's) (NP (DT the) (NN senator)) (ADVP (RBS most)) (PP (IN like) (NP (NP (NNP Arthur) (NNP Vandenberg)) (, ,) (NP (NP (DT the) (NNP GOP) (NN senator)) (PP (IN from) (NP (NNP Michigan))) (SBAR (WHNP (WP who)) (S (VP (VBD worked) (S (VP (TO to) (VP (VB forge) (NP (NP (DT a) (JJ bipartisan) (JJ foreign) (NN policy)) (PP (IN in) (NP (DT the) (CD 1940s)))))))))))))) (. .)))

(S1 (S (`` `) (S (`` `) (NP (NNP Vandenberg) (CC and) (NNP Rayburn)) (VP (VBP are) (NP (NP (NNS heroes)) (PP (IN of) (NP (NN mine)))))) (, ,) ('' ') ('' ') (NP (NNP Mr.) (NNP Boren)) (VP (VBZ says) (, ,) (S (VP (VBG referring) (ADVP (RB as) (RB well)) (PP (TO to) (NP (NP (NNP Sam) (NNP Rayburn)) (, ,) (NP (NP (DT the) (NNP Democratic) (NNP House) (NN speaker)) (SBAR (WHNP (WP who)) (S (VP (VBD cooperated) (PP (IN with) (NP (NNP President) (NNP Eisenhower)))))))))))) (. .)))

(S1 (FRAG (`` `) (`` `) (S (NP (PRP They)) (VP (VBD allowed) (S (NP (DT this) (NN country)) (VP (TO to) (VP (VB be) (ADJP (JJ credible))))))) (. .)))

(S1 (S (NP (PRP I)) (ADVP (RB really)) (VP (VBP want) (S (VP (TO to) (VP (VB see) (S (NP (DT that)) (VP (VB happen) (ADVP (RB again)))))))) (. .) ('' ') ('' ')))

(S1 (S (SBAR (IN If) (S (NP (DT this)) (VP (VBD were) (NP (CD 1949))))) (, ,) (NP (NNP Mr.) (NNP Boren)) (VP (MD might) (ADVP (RB even)) (VP (VB succeed))) (. .)))

(S1 (S (CC But) (PP (IN in) (NP (CD 1989))) (NP (JJS most) (NNS senators)) (VP (VBP have) (NP (JJ other) (NNS ideas))) (. .)))

(S1 (S (NP (JJ Last) (NNP July)) (, ,) (NP (PRP$ his) (NN committee)) (VP (VBD rejected) (SBAR (S (NP (DT a) (NNP Reagan) (NN administration)) (VP (VBP plan) (S (VP (TO to) (VP (VB support) (NP (NP (DT a) (NN coup)) (PP (IN in) (NP (NNP Panama))))))))))) (. .)))

(S1 (S (NP (NNP Ohio) (NNP Democrat) (NNP Howard) (NNP Metzenbaum)) (VP (VBD refused) (S (VP (TO to) (VP (VB support) (NP (NP (DT any) (NN plan)) (SBAR (WHNP (WDT that)) (S (VP (MD might) (VP (VB get) (S (NP (NNS people)) (VP (VP (VBN hurt)) (, ,) (NP (NP (DT a) (JJ charming) (NN notion)) (PP (IN for) (NP (DT a) (JJ great) (NN power))))))))))))))) (. .)))

(S1 (S (NP (NNP Maine) (NNP Republican) (NNP William) (NNP Cohen)) (VP (VBD said) (SBAR (S (NP (DT the) (NN plan)) (VP (MD might) (VP (VB violate) (NP (DT the) (NN assassination) (NN ban))))))) (. .)))

(S1 (S (RB So) (NP (DT the) (NN administration)) (VP (VBD dropped) (NP (PRP it))) (. .)))

(S1 (S (PP (IN By) (NP (NNP October))) (, ,) (SBAR (WHADVP (WRB when)) (S (NP (DT the) (NN committee)) (VP (VBD rejected) (NP (DT a) (ADJP (ADVP (RB much) (RBR more)) (JJ modest)) (JJ covert) (NN proposal))))) (, ,) (NP (RB even) (DT the) (NN administration)) (VP (VBD was) (S (VP (VBG agreeing) (SBAR (S (NP (RB little)) (VP (MD should) (VP (VB be) (VP (VBN done))))))))) (. .)))

(S1 (S (S (NP (NNP Mr.) (NNP Boren)) (VP (VBZ does) (RB n't) (VP (VB think) (SBAR (S (NP (PDT all) (DT this)) (VP (VBD influenced) (NP (DT the) (VBN failed) (NN coup)) (NP (DT this) (NN month)))))))) (, ,) (CC but) (S (NP (PRP he)) (VP (VBZ does) (VP (VB concede) (SBAR (IN that) (S (NP (NNP Congress)) (VP (VBZ has) (VP (VBD made) (NP (NNS mistakes))))))))) (. .)))

(S1 (S (`` `) (S (`` `) (PP (IN In) (NP (NP (DT the) (NN aftermath)) (PP (IN of) (NP (NNP Vietnam))))) (, ,) (PP (IN in) (NP (NP (DT the) (NN aftermath)) (PP (IN of) (NP (NNP Iran-Contra))))) (, ,) (NP (PRP I)) (VP (MD can) (VP (VB understand) (SBAR (S (NP (DT some) (NNS people)) (VP (MD might) (VP (VB think) (SBAR (IN that) (S (SBAR (IN if) (S (NP (PRP they)) (VP (VBP plan) (NP (DT a) (NN coup))))) (, ,) (NP (PRP they)) (VP (VBP have) (S (VP (TO to) (VP (VB bring) (NP (PRP$ their) (NNS lawyers))))))))))))))) (, ,) ('' ') ('' ') (NP (PRP he)) (VP (VBZ says)) (. .)))

(S1 (S (CC But) (NP (RB even) (NNP Mr.) (NNP Boren)) (VP (VBZ defends) (NP (JJ congressional) (NN oversight))) (. .)))

(S1 (S (S (VP (VBG Writing) (PP (IN in) (NP (DT the) (NNP Harvard) (NNP International) (NNP Review))))) (, ,) (NP (PRP he)) (VP (VBZ says) (SBAR (IN that) (S (NP (PRP$ his) (NN committee)) (VP (VBZ approves) (NP (JJ covert) (NNS operations)) (SBAR (WHADVP (RB only) (WRB when)) (S (NP (EX there)) (VP (VBZ 's) (NP (DT a) (`` `) (`` `) (NN consensus))))))))) (. .) ('' ') ('' ')))

(S1 (SBARQ (RB So) (WHNP (WP what)) (SQ (VBZ does) (NP (NN consensus)) (VP (VB mean))) (. ?)))

(S1 (S (`` `) (S (`` `) (NP (PRP It)) (VP (VBZ does) (RB n't) (VP (VB mean) (ADJP (JJ unanimous))))) (, ,) ('' ') ('' ') (NP (PRP he)) (VP (VBZ insists) (, ,) (SBAR (IN though) (S (NP (PRP he)) (VP (VBZ implies) (SBAR (S (NP (PRP it)) (VP (VBZ means) (NP (DT a) (JJ bipartisan) (NN majority))))))))) (. .)))

(S1 (S (`` `) (S (`` `) (NP (NP (DT The) (NN sustainability)) (PP (IN of) (NP (NNP U.S.) (JJ foreign) (NN policy)))) (VP (VBZ is) (ADJP (JJ essential)))) (, ,) ('' ') ('' ') (NP (PRP he)) (VP (VBZ explains)) (. .)))

(S1 (SBARQ (`` `) (`` `) (WHADVP (WRB Why)) (SQ (VP (VBD was) (NP (NP (NN containment)) (ADJP (RB so) (JJ successful))))) (. ?)))

(S1 (S (RB Because) (NP (PRP it)) (VP (VBD had) (NP (JJ bipartisan) (NN support))) (. .) ('' ') ('' ')))

(S1 (S (NP (NNP Mr.) (NNP Boren)) (VP (VBZ is) (NP (NP (JJ confusing) (NN consensus)) (PP (IN on) (NP (NP (JJ general) (NNS principles)) (PP (IN with) (NP (NP (NN agreement)) (PP (IN on) (NP (JJ specific) (NNS actions))))))))) (. .)))

(S1 (S (NP (NP (NNP Elliott) (NNP Abrams)) (, ,) (NP (NP (DT a) (NN veteran)) (PP (IN of) (NP (NN intelligence) (NN committee) (NNS debates)))) (, ,)) (VP (VBZ doubts) (SBAR (IN that) (S (NP (RB even) (NP (NNP Grenada)) (CC or) (NP (DT the) (JJ Libyan) (NN raid))) (VP (MD would) (VP (VB have) (VP (VBN taken) (NP (NN place)) (SBAR (IN if) (S (NP (`` `) (NP (`` `) (NN consensus) ('' ')) ('' ')) (VP (VBD had) (VP (VBN been) (VP (VBN required)))))))))))) (. .)))

(S1 (S (S (NP (NNP Vandenberg) (CC and) (NNP Rayburn)) (VP (VBD were) (ADJP (JJ wise) (RB enough) (S (VP (TO to) (VP (VB leave) (NP (JJ specific) (NNS operations)) (PP (TO to) (NP (NNS presidents))))))))) (: ;) (S (NP (JJ modern) (NNS senators)) (, ,) (S (NP (NNP Mr.) (NNP Boren)) (ADVP (RB notwithstanding))) (, ,) (VP (VBP are) (ADJP (RBR less) (JJ modest)))) (. .)))

(S1 (S (NP (DT The) (NN result)) (VP (VBZ is) (SBAR (IN that) (S (NP (DT the) (NNP Senate) (NN committee)) (VP (VBZ has) (SBAR (WHNP (WP what)) (S (VP (VBZ amounts) (PP (TO to) (NP (NP (NN veto) (NN power)) (PP (IN over) (NP (DT every) (JJ covert) (NN action)))))))))))) (. .)))

(S1 (S (`` `) (S (`` `) (NP (PRP I)) (VP (MD would) (RB n't) (VP (VB say) (SBAR (S (NP (PRP it)) (VP (VBZ 's) (NP (RB quite) (DT a) (NN veto)))))))) (, ,) ('' ') ('' ') (NP (NNP Mr.) (NNP Boren)) (VP (VBZ demurs)) (. .)))

(S1 (SQ (CC But) (MD would) (RB n't) (NP (NP (DT a) (NN president)) (SBAR (WHNP (WP who)) (S (VP (VBD acted) (PP (IN despite) (NP (NNP Senate) (NNS objections))))))) (VP (VB be) (VP (VBG taking) (NP (JJ grave) (JJ political) (NNS risks)))) (. ?)))

(S1 (SINV (`` `) (S (`` `) (NP (PRP He)) (VP (MD would)) (, ,) ('' ')) ('' ') (VP (VBZ agrees)) (NP (DT the) (NN chairman)) (. .)))

(S1 (S (`` `) (`` `) (CC But) (NP (DT that)) (VP (VBZ is) (NP (NP (NN something)) (SBAR (S (NP (DT the) (NN president)) (VP (MD ought) (S (VP (TO to) (VP (VB know) (SBAR (IN before) (S (NP (PRP he)) (VP (VBZ goes) (ADVP (RB ahead))))))))))))) (. .) ('' ') ('' ')))

(S1 (S (NP (NNP Mr.) (NNP Boren)) (ADVP (RB even)) (VP (NNS spies) (NP (DT a) (NN silver) (NN lining))) (. .)))

(S1 (S (NP (PRP He)) (VP (VBZ figures) (SBAR (S (NP (DT the) (NN episode)) (VP (MD will) (VP (VB help) (`` `) (S (`` `) (VP (VB clarify) (NP (DT any) (NNS ambiguities))) ('' ')) ('' ') (PP (IN between) (NP (DT the) (NN committee) (CC and) (NN administration)))))))) (. .)))

(S1 (S (NP (PRP He)) (VP (VBZ points) (PP (TO to) (NP (NP (DT a) (NN letter)) (PP (IN on) (NP (NP (PRP$ his) (NN desk)) (, ,) (NP (NP (PRP$ his) (JJ second)) (PP (IN in) (NP (NP (DT a) (NN week)) (PP (IN from) (NP (NNP President) (NNP Bush)))))) (, ,))) (VP (VBG saying) (SBAR (IN that) (S (NP (PRP they)) (`` `) (VP (`` `) (VBP do) (RB n't) (VP (VB disagree))))))))) (. .) ('' ') ('' ')))

(S1 (S (ADVP (RBR More) (RB broadly)) (, ,) (NP (NNP Mr.) (NNP Boren)) (VP (VBZ hopes) (SBAR (IN that) (S (NP (NNP Panama)) (VP (MD will) (VP (NN shock) (NP (NNP Washington)) (PP (IN out) (PP (IN of) (NP (NP (PRP$ its) (NN fear)) (PP (IN of) (S (VP (VBG using) (NP (JJ military) (NN power))))))))))))) (. .)))

(S1 (S (`` `) (S (`` `) (ADVP (RB Maybe)) (NP (DT this)) (VP (MD will) (VP (VB jolt) (NP (PRP us)) (PP (IN out) (PP (IN of) (NP (DT the) (JJ post-Vietnam) (NN syndrome)))) (SBAR (IN that) (S (NP (PRP we)) (ADVP (RB never)) (VP (VBP are) (VP (VBN prepared) (S (VP (TO to) (VP (VB use) (NP (NN force)))))))))))) (, ,) ('' ') ('' ') (NP (PRP he)) (VP (VBZ says)) (. .)))

(S1 (FRAG (ADVP (RB Maybe)) (: --) (SBAR (IN if) (S (NP (DT every) (NN senator)) (VP (VBN shared) (NP (NP (DT the) (NNS principles)) (PP (IN of) (NP (NNP Mr.) (NNP Boren))))))) (. .)))

(S1 (S (CC But) (NP (PRP it)) (VP (VBZ 's) (ADJP (ADVP (RB just) (RB as)) (JJ plausible)) (S (VP (TO to) (VP (VB argue) (SBAR (IN that) (S (SBAR (IN if) (RB even) (S (NP (NNP David) (NNP Boren)) (VP (MD can) (VP (VB get) (VP (VBN mired) (PP (IN in) (NP (NP (DT this) (NN sort)) (PP (IN of) (NP (NN mess)))))))))) (, ,) (NP (DT the) (NN problem)) (VP (VBZ goes) (PP (IN beyond) (NP (JJ legal) (NN interpretation)))))))))) (. .)))

(S1 (S (ADVP (RB Maybe)) (NP (DT the) (NN problem)) (VP (VBZ is) (NP (NP (DT a) (JJ political) (NN system)) (SBAR (WHNP (WDT that)) (S (VP (MD wo) (RB n't) (VP (VB act) (PP (IN without) (NP (DT an) (`` `) (NX (`` `) (NX (NX (NN exchange)) (PP (IN of) (NP (NNS letters)))) (, ,) ('' ')) ('' ') (SBAR (WHNP (WDT that)) (S (VP (VBZ insists) (PP (IN on) (S (VP (VBG running) (NP (JJ foreign) (NN policy)) (PP (IN by) (NP (NP (NN committee)) (, ,) (SBAR (WHNP (WDT that)) (S (VP (VBZ treats) (NP (NP (DT a) (NN president)) (CONJP (RB as) (RB just)) (NP (NP (DT another) (NN guy)) (PP (IN at) (NP (DT the) (NN table)))))))))))))))))))))))) (. .)))

(S1 (S (NP (NP (DT The) (NN reply)) (PP (IN of) (NP (DT the) (NNPS Metzenbaums) (CC and) (NNPS Cohens)))) (VP (VBZ is) (SBAR (IN that) (S (NP (PRP we)) (VP (MD ca) (RB n't) (VP (VB abolish) (NP (DT these) (NN oversight) (NNS committees)) (SBAR (IN because) (S (NP (PRP we)) (VP (VBP 've) (VP (VBN seen) (NP (NP (ADJP (RB too) (JJ many)) (NNS abuses)) (PP (IN of) (NP (JJ executive) (NN power))))))))))))) (. .)))

(S1 (S (CC But) (NP (NNP Panama)) (VP (VBZ illustrates) (SBAR (IN that) (S (NP (PRP$ their) (NN substitute)) (VP (VBZ is) (NP (NP (DT a) (NN system)) (SBAR (WHNP (WDT that)) (S (VP (VBZ produces) (NP (DT an) (JJ absurd) (NN gridlock)))))))))) (. .)))

(S1 (S (NP (DT The) (NNS lawyers)) (VP (VBP are) (ADVP (RB now)) (PP (IN in) (NP (NP (NN charge)) (PP (IN of) (NP (PRP$ our) (JJ national) (NN security)))))) (. .)))

(S1 (S (S (PP (IN In) (NP (NNP Panama))) (, ,) (NP (NP (DT the) (NNP U.S.) (NNS interests)) (PP (IN at) (NP (NN stake)))) (VP (VBD were) (ADVP (RB happily)) (ADJP (JJ minor)))) (: ;) (S (NP (NP (DT the) (JJ only) (NNS people)) (VP (VBN killed))) (VP (VBD were) (S (NP (NNS foreigners)) (VP (VB hapless) (ADJP (JJ enough) (S (VP (TO to) (VP (VB trust) (NP (JJ American) (NN will)))))))))) (. .)))

(S1 (S (NP (NNPS Americans)) (VP (MD may) (RB not) (VP (VB be) (ADJP (RB so) (JJ lucky)) (NP (DT the) (JJ next) (NN time)))) (. .)))

