(S1 (S (PP (VBG Regarding) (NP (NP (PRP$ your) (NNP Oct.) (CD 4) (JJ page-one) (NN article)) (`` `) (ADJP (`` `) (JJ Bad) (NN Blood) ('' ')) ('' ') (PP (IN on) (NP (DT the) (NN generic-drug) (NN battle))))) (: :) (NP (DT The) (NNP Epilepsy) (NNP Institute)) (VP (VBZ is) (RB not) (NP (RB just) (DT a) (NN patient-advocacy) (NN organization))) (. .)))

(S1 (S (NP (PRP It)) (VP (VBZ is) (ADVP (RB primarily)) (NP (NP (DT a) (JJ certified) (NN outpatient) (NN treatment) (NN facility)) (VP (VBG providing) (NP (JJ comprehensive) (NNS services)) (PP (TO to) (NP (NP (NP (NNS people)) (PP (IN with) (NP (NN epilepsy)))) (CC and) (NP (PRP$ their) (NNS families))))))) (. .)))

(S1 (S (S (NP (NP (DT The) (NN institute) (POS 's)) (NN advocacy) (NNS efforts)) (VP (VBP are) (VP (VBN based) (PP (IN on) (NP (NP (DT the) (NNS needs)) (PP (IN of) (NP (DT the) (NN population)))))))) (NP (PRP it)) (VP (VBZ serves) (CC and) (VBZ represents)) (. .)))

(S1 (S (PP (IN In) (NP (CD 1985))) (, ,) (NP (DT the) (NNP Medical) (NNP Tribune)) (VP (VBD reported) (SBAR (IN that) (S (NP (NP (DT a) (VBG growing) (NN number)) (PP (IN of) (NP (NNS critics)))) (VP (VBP are) (VP (VBG challenging) (NP (DT the) (NNP FDA) (NN bioequivalence-therapeutic-equivalence) (NN equation))))))) (. .)))

(S1 (S (`` `) (S (`` `) (NP (PRP They)) (VP (VBP contend) (SBAR (S (NP (PRP it)) (VP (VBZ is) (VP (VBN based) (PP (IN on) (NP (NP (DT an) (NN assumption)) (SBAR (WHNP (WDT that)) (S (VP (VBZ has) (RB not) (ADVP (RB yet)) (VP (VBN been) (VP (VBN proven) (PP (IN in) (NP (JJ valid) (NNS tests))))))))))))))) (, ,) ('' ')) ('' ') (NP (DT the) (NNP Tribune)) (VP (VBD said)) (. .)))

(S1 (S (PP (IN In) (NP (CD 1986))) (, ,) (NP (DT some) (NN institute) (NNS patients)) (VP (VBD were) (VP (VBG reporting) (NP (NN breakthrough) (NNS seizures)) (SBAR (WHADVP (WRB when)) (S (NP (PRP they)) (VP (VBD were) (VP (VBN switched) (PP (PP (IN from) (NP (NP (DT a) (JJ specific) (JJ brand-name) (NN medication)) (PP (TO to) (NP (DT a) (JJ generic) (CD one))))) (CC or) (PP (IN from) (NP (NP (CD one) (JJ generic) (NN manufacturer)) (PP (IN of) (NP (NP (DT a) (JJ specific) (NN product)) (PP (TO to) (NP (DT another)))))))))))))) (. .)))

(S1 (S (PP (IN In) (NP (NN addition))) (, ,) (NP (NNS neurologists)) (VP (VBD were) (VP (VBG beginning) (S (VP (TO to) (VP (VB report) (NP (DT these) (NNS observations)) (ADVP (RB as) (RB well))))))) (. .)))

(S1 (S (VP (VB Call) (S (NP (PRP it)) (ADJP (JJ anecdotal)) (SBAR (IN if) (S (NP (PRP you)) (VP (MD will)))))) (. .)))

(S1 (S (CC But) (NP (DT no) (JJ ethical) (NN physician)) (VP (MD would) (VP (VB switch) (NP (NP (NNS patients)) (SBAR (WHNP (WP who)) (S (VP (VBD were) (VP (VBG doing) (ADVP (RB well)) (PP (IN on) (NP (NP (DT a) (JJ specific) (NN medication)) (PP (IN from) (NP (NP (DT a) (JJ specific) (NN manufacturer)) (SBAR (S (VP (TO to) (VP (VB prove) (NP (DT a) (NN point))))))))))))))))) (. .)))

(S1 (S (NP (PRP We)) (VP (VBP do) (RB not) (VP (VB depend) (PP (IN on) (NP (NP (JJ pharmaceutical) (NNS companies)) (PP (IN for) (NP (PRP$ our) (NN support))))))) (. .)))

(S1 (S (NP (DT The) (NN institute)) (VP (VBZ has) (NP (JJ governmental) (NN service) (NNS contracts)) (PP (IN for) (NP (NP (DT the) (NN provision)) (PP (IN of) (NP (JJ direct) (NN patient) (NNS services))))) (: ;) (VP (VBZ collects) (NP (NN patient) (NNS fees))) (: ;) (VP (VBZ receives) (NP (NN money)) (PP (IN through) (NP (NP (NNS contributions)) (PP (IN from) (NP (NNS individuals) (, ,) (NNS foundations) (CC and) (NNS bequests))))))) (. .)))

(S1 (S (S (NP (NP (DT The) (NNS funds)) (VP (VBN received) (PP (IN from) (NP (JJ pharmaceutical) (NNS firms))))) (VP (VBP are) (VP (VBN used) (S (VP (TO to) (VP (VB offset) (NP (NN physician) (NNS symposiums)))))))) (, ,) (CC and) (S (NP (DT these) (NNS symposiums)) (VP (VBP do) (RB not) (VP (VB stress) (NP (DT any) (JJ particular) (NN medication) (CC or) (NN manufacturer))))) (. .)))

(S1 (S (NP (NP (NP (DT The) (NNP Epilepsy) (NNP Institute) (POS 's)) (NN reporting)) (PP (IN of) (NP (NN breakthrough) (NNS seizures)))) (VP (VBD stemmed) (PP (IN from) (NP (NP (NNS concerns)) (PP (IN about) (NP (NP (DT the) (NNS people)) (SBAR (S (NP (PRP we)) (VP (VP (VBP treat)) (CC and) (VP (VBP care) (ADVP (RB about) (RB daily))))))))))) (. .)))

(S1 (S (NP (DT This)) (ADVP (RB perhaps)) (VP (VBD was) (UCP (VP (VBN perceived) (PP (IN as) (NP (DT a) (`` `) (ADJP (`` `) (JJ bold) ('' ')) ('' ') (NN stance)))) (, ,) (CC and) (RB thus) (ADJP (JJ suspicious)))) (. .)))

(S1 (S (CC But) (VP (VB let) (NP (PRP us)) (RB not) (VP (VB confuse) (NP (NNS profits)) (PP (IN of) (S (NP (JJ big) (NN business)) (VP (VBG masquerading) (PP (IN as) (NP (NP (NNS concerns)) (PP (PP (IN for) (NP (NP (NNS people) (POS 's)) (NN health) (NN care))) (CC or) (PP (IN for) (NP (DT the) (NN cost))))))))))) (. .)))

(S1 (SBARQ (WHPP (IN For) (WHNP (WP whom))) (SQ (VBZ is) (NP (DT the) (NN saving))) (. ?)))

(S1 (FRAG (ADVP (RB Surely)) (RB not) (PP (TO to) (NP (NP (NNS people)) (PP (IN with) (NP (NN epilepsy))) (SBAR (WHNP (WP who)) (S (VP (VBP depend) (PP (IN on) (NP (NP (DT the) (JJ same) (NNS levels)) (PP (IN of) (NP (NN medication))) (PP (IN in) (NP (PRP$ their) (JJ bloodstream) (NN daily) (S (VP (TO to) (VP (VB maintain) (NP (NN seizure) (NN control)))))))))))))) (. .)))

(S1 (NP (NNP Reina) (NNP Berner)))

(S1 (NP (NNP Executive) (NNP Director)))

(S1 (NP (NNP Arnold) (NNP M.) (NNP Katz)))

