(S1 (S (NP (NP (NNP Microsoft)) (CC and) (NP (JJ other) (NN software) (NNS stocks))) (VP (VBD surged) (, ,) (S (VP (VBG leading) (NP (NP (DT the) (NNP Nasdaq) (JJ composite) (NN index)) (PP (IN of) (NP (JJ over-the-counter) (NNS stocks)))) (PP (TO to) (NP (NP (PRP$ its) (JJS biggest) (NN advance)) (PP (IN of) (NP (DT the) (NN year))) (PP (IN on) (NP (JJ breathtaking) (NN volume)))))))) (. .)))

(S1 (S (PP (VBG Leading) (NP (DT the) (NN pack))) (, ,) (NP (NNP Microsoft)) (VP (VBD soared) (NP (NP (QP (CD 3) (CD 3\/4))) (, ,) (CC or) (NP (CD 4) (NN %)) (, ,)) (PP (TO to) (NP (NP (DT a) (NN record) (NN price)) (PP (IN of) (NP (CD 84) (CD 1\/4))))) (PP (IN on) (NP (QP (CD 1.2) (CD million)) (NNS shares)))) (. .)))

(S1 (S (PP (IN On) (NP (DT the) (JJ other) (NN hand))) (, ,) (NP (NNP Valley) (NNP National)) (VP (VBD tumbled) (NP (CD 24) (NN %)) (PP (IN after) (S (VP (VBG reporting) (NP (DT a) (JJ sizable) (JJ third-quarter) (NN loss)))))) (. .)))

(S1 (S (NP (DT The) (NNP Nasdaq) (NN composite)) (VP (VBD leaped) (NP (NP (CD 7.52) (NNS points)) (, ,) (CC or) (NP (CD 1.6) (NN %)) (, ,)) (PP (TO to) (NP (CD 470.80)))) (. .)))

(S1 (S (NP (PRP$ Its) (JJS largest) (JJ previous) (NN rise)) (NP (DT this) (NN year)) (VP (VBD came) (NP (NNP Aug.) (CD 7)) (, ,) (SBAR (WHADVP (WRB when)) (S (NP (PRP it)) (VP (VBD gained) (NP (CD 4.31)))))) (. .)))

(S1 (S (NP (NP (DT The) (NNP OTC) (NN market) (POS 's)) (JJS largest) (NNS stocks)) (VP (VBD soared) (ADVP (RB as) (RB well)) (, ,) (SBAR (IN as) (S (NP (DT the) (NNP Nasdaq) (CD 100) (NNP Index)) (VP (VBD jumped) (NP (NP (CD 10.01)) (, ,) (CC or) (NP (CD 2) (NN %)) (, ,)) (PP (TO to) (NP (CD 463.06))))))) (. .)))

(S1 (S (NP (DT The) (NNP Nasdaq) (NNP Financial) (NNP Index)) (VP (VBD rose) (NP (NP (CD 5.04)) (, ,) (CC or) (NP (CD 1.1) (NN %)) (, ,)) (PP (TO to) (NP (CD 460.33)))) (. .)))

(S1 (S (PP (IN By) (NP (NN comparison))) (, ,) (NP (NP (DT the) (NNP Dow) (NNP Jones) (NNS Industrials)) (PP (CC and) (NP (DT the) (NNP New) (NNP York) (NNP Stock) (NNP Exchange) (NNP Composite)))) (DT each) (VP (VBD rose) (NP (CD 1.5) (NN %))) (. .)))

(S1 (S (NP (NN Volume)) (VP (VBD totaled) (NP (QP (CD 173.5) (CD million)) (NNS shares)) (, ,) (PP (NP (CD 30) (NN %)) (IN above) (NP (NP (NP (DT this) (NN year) (POS 's)) (JJ average) (JJ daily) (NN turnover)) (PP (IN on) (NP (NNP Nasdaq)))))) (. .)))

(S1 (S (PP (IN Among) (NP (JJR broader) (NNP Nasdaq) (NN industry) (NNS groups))) (, ,) (NP (DT the) (NN utility) (NN index)) (VP (VBD gained) (NP (CD 18.11)) (PP (TO to) (NP (CD 761.38)))) (. .)))

(S1 (S (NP (DT The) (NN transportation) (CC and) (NN insurance) (NNS sectors)) (DT each) (VP (VBD posted) (NP (NP (NNS gains)) (PP (IN of) (NP (CD 8.59)))) (, ,) (PP (IN with) (NP (NP (NP (DT the) (NNS transports)) (VP (VBG finishing) (PP (IN at) (NP (CD 486.74))))) (CC and) (NP (NP (DT the) (NNS insurers)) (PP (IN at) (NP (CD 537.91))))))) (. .)))

(S1 (S (S (NP (DT The) (NNP Nasdaq) (JJ industrial) (NN index)) (VP (VBD climbed) (NP (CD 8.17)) (PP (TO to) (NP (CD 458.52))))) (, ,) (CC and) (S (NP (NP (DT the) (`` `) (ADJP (`` `) (JJ other) (NN finance) ('' ')) ('' ') (NN index)) (, ,) (VP (VBD made) (PRT (RP up)) (PP (IN of) (NP (NP (JJ commercial) (NNS banks)) (CC and) (NP (JJ real) (NN estate)) (CC and) (NP (NN brokerage) (NNS firms))))) (, ,)) (VP (VBD rose) (NP (CD 3.97)) (PP (TO to) (NP (CD 545.96))))) (. .)))

(S1 (S (NP (NP (DT The) (NN index)) (PP (IN of) (NP (JJR smaller) (NNS banks)))) (VP (VBD improved) (NP (CD 1.97))) (. .)))

(S1 (S (PP (IN Of) (NP (NP (DT the) (CD 4,346) (NNS issues)) (SBAR (WHNP (WDT that)) (S (VP (VBD changed) (NP (NNS hands))))))) (, ,) (S (NP (CD 1,435)) (VP (VBD rose))) (CC and) (S (NP (NNS 629)) (VP (VBD fell))) (. .)))

(S1 (S (NP (NP (NNP Jeremiah) (NNP Mullins)) (, ,) (NP (NP (NN head)) (PP (IN of) (NP (NNP OTC) (NN trading))) (PP (IN at) (NP (NNP Dean) (NNP Witter) (NNP Reynolds)))) (, ,)) (VP (VBD said) (SBAR (S (NP (DT both) (JJ institutional) (CC and) (JJ retail) (NNS investors)) (VP (VBD were) (VP (VBG buying)))))) (. .)))

(S1 (S (S (CC But) (NP (EX there)) (VP (VBD was) (NP (NP (DT a) (NN dearth)) (PP (IN of) (NP (NNS sellers)))))) (PRN (, ,) (S (NP (NNS traders)) (VP (VBD said))) (, ,)) (IN so) (S (NP (NNS buyers)) (VP (VBD had) (S (VP (TO to) (VP (VB bid) (NP (NNS prices)) (PRT (RP up))))) (S (VP (TO to) (VP (VB entice) (NP (PRP them))))))) (. .)))

(S1 (SINV (`` `) (S (`` `) (NP (EX There)) (VP (VBZ 's) (NP (NP (DT no) (NN pressure)) (PP (IN on) (NP (NNP OTC) (NNS stocks)))) (PP (IN at) (NP (DT this) (NN point)))) (, ,) ('' ')) ('' ') (VP (VBD said)) (NP (NP (NNP Mr.) (NNP Mullins)) (, ,) (SBAR (WHNP (WP who)) (S (VP (VBD said) (SBAR (S (NP (DT some) (NNS buyers)) (VP (VBP are) (VP (VBG beginning) (S (VP (TO to) (VP (VB shop) (PP (IN among) (NP (JJR smaller) (NNP OTC) (NNS issues)))))))))))))) (. .)))

(S1 (S (NP (NP (NNP Microsoft) (POS 's)) (NN surge)) (VP (VBD followed) (NP (DT a) (NN report)) (NP (NP (DT this) (NN week)) (PP (IN of) (NP (NP (RB substantially) (VBN improved) (NNS earnings)) (PP (IN for) (NP (NP (PRP$ its) (JJ first) (NN quarter)) (, ,) (VP (VBN ended) (NP (NNP Sept.) (CD 30))))))))) (. .)))

(S1 (S (NP (DT The) (NN stock)) (VP (VBD was) (VP (VBG trading) (PP (IN at) (NP (CD 69))) (ADVP (NP (RB just) (CD two) (NNS weeks)) (RB ago)))) (. .)))

(S1 (S (NP (NP (NNP Rick) (NNP Sherlund)) (, ,) (NP (DT a) (NNP Goldman) (NNP Sachs) (NN analyst)) (, ,)) (VP (VBZ has) (VP (VBN raised) (NP (NP (PRP$ his) (NNS earnings) (NNS estimates)) (PP (IN for) (NP (DT the) (NN company)))) (ADVP (RB twice)) (PP (IN in) (NP (DT the) (JJ past) (CD two) (NNS weeks))) (, ,) (S (VP (VBG citing) (NP (JJ improved) (NNS margins)))))) (. .)))

(S1 (S (SBAR (IN After) (S (NP (DT the) (NNS earnings)) (VP (VBD were) (VP (VBN announced))))) (, ,) (NP (PRP he)) (VP (VBD raised) (NP (PRP$ his) (JJ fiscal) (CD 1990) (NN estimate)) (PP (TO to) (NP (NP (QP (IN between) ($ $) (CD 3.80) (CC and) ($ $) (CD 4))) (NP (DT a) (NN share))))) (. .)))

(S1 (S (NP (NNP Microsoft)) (VP (VBD earned) (NP (NP ($ $) (CD 3.03)) (NP (DT a) (NN share))) (PP (IN in) (NP (JJ fiscal) (CD 1989)))) (. .)))

(S1 (S (PP (IN Among) (NP (JJ other) (NN software) (NNS issues))) (, ,) (S (NP (NNP Autodesk)) (VP (VBD jumped) (NP (QP (CD 1) (CD 1\/4))) (PP (TO to) (NP (CD 42))))) (, ,) (S (NP (NNP Lotus) (NNP Development)) (VP (VBD was) (ADJP (JJ unchanged)) (PP (IN at) (NP (QP (CD 32) (CD 1\/2)))))) (, ,) (S (NP (NNP Novell)) (VP (VBD jumped) (NP (CD 7\/8)) (PP (TO to) (NP (QP (CD 30) (CD 3\/4)))))) (, ,) (S (NP (NNP Ashton-Tate)) (VP (VBD gained) (NP (CD 1\/4)) (PP (TO to) (NP (QP (CD 10) (CD 5\/8)))))) (, ,) (CC and) (S (NP (NNP Oracle) (NNP Systems)) (VP (VBD rose) (NP (CD 3\/4)) (PP (TO to) (NP (QP (CD 25) (CD 3\/4)))))) (. .)))

(S1 (S (NP (NP (NNP Caere)) (, ,) (NP (DT a) (JJ new) (NN software) (NN issue)) (, ,)) (VP (VBD surged) (PP (IN from) (NP (NP (PRP$ its) (NN offering) (NN price)) (PP (IN of) (NP (CD 12))))) (S (VP (TO to) (VP (VB close) (PP (IN at) (NP (QP (CD 16) (CD 1\/8)))))))) (. .)))

(S1 (S (NP (DT The) (NN company)) (ADVP (RB also)) (VP (VBZ makes) (NP (JJ optical) (NN character) (NN recognition) (NN equipment))) (. .)))

(S1 (S (NP (NNP Caere)) (VP (VBD was) (VP (VBN underwritten) (PP (IN by) (NP (NNP Alex) (. .) (NNP Brown) (CC &) (NNP Sons))))) (. .)))

(S1 (S (NP (NP (DT Another) (ADJP (RB recently) (VBN offered)) (NNP Alex) (. .) (NNP Brown) (NN issue)) (, ,) (NP (NNP Rally) (POS 's)) (, ,)) (VP (VBD surged) (NP (QP (CD 3) (CD 1\/8))) (PP (TO to) (NP (CD 23)))) (. .)))

(S1 (S (NP (NP (DT The) (NN operator)) (PP (IN of) (NP (NN fast-food) (NNS restaurants))) (, ,) (SBAR (WHNP (WP$ whose) (NNS shares)) (S (VP (VBD began) (S (VP (VBG trading) (NP (JJ last) (NNP Friday))))))) (, ,)) (VP (VBD climbed) (NP (QP (CD 3) (CD 1\/8))) (PP (TO to) (NP (CD 23))) (PP (IN on) (NP (CD 944,000) (NNS shares)))) (. .)))

(S1 (S (NP (PRP$ Its) (ADJP (CD 1.7) (JJ million-share)) (NN offering)) (VP (VBD was) (VP (VBN priced) (PP (IN at) (NP (CD 15))))) (. .)))

(S1 (S (NP (NP (NP (NNP Valley) (NNP National) (POS 's)) (NN slide)) (PP (IN of) (NP (NP (QP (CD 5) (CD 3\/4)) (NNS points)) (PP (TO to) (NP (QP (CD 18) (CD 1\/2)))) (PP (IN on) (NP (QP (CD 4.2) (CD million)) (NNS shares)))))) (VP (VBD followed) (NP (PRP$ its) (NN report)) (NP (NP (JJ late) (NNP Wednesday)) (PP (IN of) (NP (DT a) (ADJP (QP ($ $) (CD 72.2) (CD million))) (JJ third-quarter) (NN loss))))) (. .)))

(S1 (S (PP (IN In) (NP (DT the) (CD 1988) (NN quarter))) (, ,) (NP (DT the) (NAC (NNP Phoenix) (, ,) (NNP Ariz.) (, ,)) (JJ commercial) (NN banking) (NN concern)) (VP (VBD earned) (NP (QP ($ $) (CD 18.7) (CD million)))) (. .)))

(S1 (S (NP (NNP Valley) (NNP National)) (VP (VBD said) (SBAR (S (NP (NP (PRP$ its) (ADJP (QP ($ $) (CD 110) (CD million))) (NN provision)) (PP (IN for) (NP (NP (NN credit) (NNS losses)) (CC and) (NP (NP (ADJP (QP ($ $) (CD 11) (CD million))) (NN provision)) (PP (IN for) (NP (NP (JJ other) (JJ real) (NN estate)) (VP (VBN owned)))))))) (VP (VBZ is) (VP (VBN related) (PP (TO to) (NP (NP (NN weakness)) (PP (IN in) (NP (DT the) (NNP Arizona) (JJ real) (NN estate) (NN market)))))))))) (. .)))

(S1 (S (ADVP (RB Additionally)) (, ,) (NP (NP (NNP Moody) (POS 's)) (NNP Investors) (NNP Service)) (VP (VBD said) (SBAR (S (NP (PRP it)) (VP (VP (VBD downgraded) (NP (NP (NNP Valley) (NNP National) (POS 's)) (JJ senior) (NN debt))) (CC and) (VP (VBN confirmed) (NP (NP (NP (DT the) (NN company) (POS 's)) (JJ commercial) (NN paper) (NN rating)) (PP (IN of) (`` `) (ADJP (`` `) (RB not) (JJ prime))))))))) (. .) ('' ') ('' ')))

(S1 (S (NP (NP (DT A) (JJ new) (NN issue)) (, ,) (NP (NNP Exabyte)) (, ,)) (VP (VBD surged) (NP (QP (CD 2) (CD 1\/8))) (PP (IN from) (NP (NP (PRP$ its) (JJ initial) (NN offering) (NN price)) (SBAR (S (VP (TO to) (VP (VB close) (PP (IN at) (NP (QP (CD 12) (CD 1\/8))))))))))) (. .)))

(S1 (S (S (NP (DT The) (NN offering)) (VP (VBD was) (PP (IN for) (NP (NP (QP (RB about) (CD 2.8) (CD million)) (NNS shares)) (PP (IN of) (NP (DT the) (NNS data) (NN storage) (NN equipment) (NN maker))))))) (: ;) (S (NP (QP (JJR more) (IN than) (CD 2.2) (CD million)) (NNS shares)) (VP (VBD changed) (NP (NNS hands)) (SBAR (IN after) (S (NP (NN trading)) (VP (VBD began)))))) (. .)))

(S1 (S (NP (NNP Dell) (NNP Computer)) (VP (VBD dropped) (NP (CD 7\/8)) (PP (TO to) (NP (CD 6)))) (. .)))

(S1 (S (NP (DT The) (NN company)) (VP (VBD said) (SBAR (S (NP (NP (NNS earnings)) (PP (IN for) (NP (NP (DT the) (NN year)) (VP (VBG ending) (NP (NNP Jan.) (CD 28) (, ,) (CD 1990) (, ,)))))) (VP (VBP are) (VP (VBN expected) (S (VP (TO to) (VP (VB be) (NP (NP (NP (QP (CD 25) (TO to) (CD 35)) (NNS cents)) (NP (DT a) (NN share))) (, ,) (PP (VBN compared) (PP (IN with) (NP (NP (DT a) (JJ previous) (NN estimate)) (PP (IN of) (NP (NP (QP (CD 50) (TO to) (CD 60)) (NNS cents)) (NP (DT a) (NN share)))))))))))))))) (. .)))

(S1 (S (NP (NNP Nutmeg) (NNPS Industries)) (VP (VBD lost) (NP (QP (CD 1) (CD 3\/4))) (PP (TO to) (NP (CD 14)))) (. .)))

(S1 (S (NP (NP (NNP Raymond) (NNP James) (CC &) (NNP Associates)) (PP (IN in) (NP (NP (NNP St.) (NNP Petersburg)) (, ,) (NP (NNP Fla.)) (, ,)))) (VP (VBD lowered) (NP (NP (PRP$ its) (JJ third-quarter) (NNS earnings) (NN estimate)) (PP (IN for) (NP (DT the) (NN company)))) (, ,) (PP (VBG according) (PP (TO to) (NP (NNP Dow) (NNP Jones) (NNP Professional) (NNP Investor) (NNP Report))))) (. .)))

(S1 (S (NP (NNP A.P.) (NNP Green) (NNPS Industries)) (VP (VBD advanced) (NP (QP (CD 1) (CD 5\/8))) (PP (TO to) (NP (QP (CD 36) (CD 1\/8))))) (. .)))

(S1 (S (NP (NP (NNP East) (NNP Rock) (NNP Partners)) (, ,) (SBAR (WHNP (WDT which)) (S (VP (VBZ has) (VP (VBN indicated) (SBAR (S (NP (PRP it)) (VP (MD might) (VP (VB make) (NP (NP (DT a) (NN bid)) (PP (IN for) (NP (DT the) (NN company)))))))))))) (, ,)) (VP (VBD said) (SBAR (S (NP (NP (NNP A.P.) (NNP Green)) (, ,) (NP (DT a) (JJ refractory) (NNS products) (NN maker)) (, ,)) (VP (VBD told) (NP (DT the) (NN partnership)) (SBAR (S (NP (PRP it)) (VP (VBZ is) (RB n't) (PP (IN for) (NP (NN sale)))))))))) (. .)))

