(S1 (S (NP (NP (NN Row) (CD 21)) (PP (IN of) (NP (NP (NNP Section) (CD 9)) (PP (IN of) (NP (DT the) (JJ Upper) (JJ Reserved))))) (PP (IN at) (NP (NNP Candlestick) (NNP Park)))) (VP (VBZ is) (NP (NP (DT a) (JJ lofty) (NN perch)) (, ,) (NP (QP (RB only) (DT a) (JJ few)) (NNS steps))) (PP (IN from) (NP (NP (DT the) (JJ very) (NN top)) (PP (IN of) (NP (DT the) (NNS stands)))))) (. .)))

(S1 (S (PP (IN From) (NP (PRP$ my) (NN orange) (NN seat))) (, ,) (NP (PRP I)) (VP (VP (VBD looked) (PP (IN over) (NP (DT the) (JJ first-base) (NN line)))) (CC and) (VP (NP (DT the) (JJ new-mown) (NN ball) (NN field)) (PP (IN in) (NP (NP (DT the) (JJ warm) (NN sun)) (PP (IN of) (NP (NP (DT the) (JJ last) (JJ few) (NNS minutes)) (PP (IN before) (SBAR (WHNP (WP what)) (S (VP (VBD was) (S (VP (TO to) (VP (VB have) (VP (VBN been) (NP (NP (DT the) (JJ third) (NN game)) (PP (IN of) (NP (DT the) (NNP World) (NNP Series)))))))))))))))))) (. .)))

(S1 (S (S (NP (PRP It)) (VP (VBD was) (NP (CD five)) (PP (IN in) (NP (DT the) (NN afternoon))))) (, ,) (CC but) (S (NP (DT that)) (VP (VBD was) (NP (NNP Pacific) (NN time)))) (. .)))

(S1 (S (S (ADVP (RB Back) (PP (IN in) (NP (NNP New) (NNP York)))) (NP (DT the) (NN work) (NN day)) (VP (VBD was) (ADVP (RB already)) (ADVP (RB over)))) (, ,) (IN so) (S (NP (PRP I)) (VP (VBD did) (RB n't) (VP (VB have) (S (VP (TO to) (VP (VB feel) (ADJP (JJ guilty)))))))) (. .)))

(S1 (S (ADVP (RB Even) (RB still)) (, ,) (S (NP (PRP I)) (VP (VBD did) (VP (VB feel) (ADJP (JJ self-indulgent))))) (, ,) (CC and) (S (NP (PRP I)) (VP (MD could) (RB n't) (VP (VB help) (S (VP (VBG remembering) (NP (NP (PRP$ my) (NN father) (POS 's)) (NN contempt)) (PP (IN for) (NP (NP (DT a) (JJ rich) (JJ medical) (NN colleague)) (SBAR (WHNP (WP who)) (S (VP (MD would) (VP (VB go) (S (VP (TO to) (VP (VB watch) (NP (NP (DT the) (NNS Tigers)) (PP (IN on) (NP (NN summer) (NNS afternoons)))))))))))))))))) (. .)))

(S1 (S (NP (NP (DT This) (NN ballpark)) (, ,) (NP (DT the) (NN Stick)) (, ,)) (VP (VBD was) (RB not) (NP (NP (DT a) (JJ classic) (NN baseball) (NN stadium)) (: --) (NP (ADJP (RB too) (JJ symmetrical)) (, ,) (ADJP (RB too) (JJ much)) (JJ bald) (NN concrete)))) (. .)))

(S1 (S (CC And) (NP (PRP it)) (VP (VBD did) (RB n't) (VP (VB have) (NP (NP (DT the) (JJ crowded) (JJ wild) (NN intimacy)) (PP (IN of) (NP (NNP Yankee) (NNP Stadium)))))) (. .)))

(S1 (S (CC But) (NP (PRP I)) (VP (VP (VBD liked) (NP (NP (DT the) (JJ easy) (NN friendliness)) (PP (IN of) (NP (DT the) (NNS people)))) (PP (IN around) (NP (PRP me)))) (, ,) (VP (VBD liked) (NP (PRP it)) (SBAR (IN that) (S (NP (PRP they)) (VP (VBD 'd) (VP (VBN brought) (NP (PRP$ their) (NNS children))))))) (, ,) (VP (VBD found) (S (NP (PRP it)) (ADJP (JJ charming))) (SBAR (IN that) (, ,) (S (NP (NP (JJ true) (NNS citizens)) (PP (IN of) (NP (NP (DT the) (NN state)) (PP (IN of) (NP (DT the) (NN future)))))) (, ,) (NP (PRP they)) (VP (VBD had) (VP (VBN brought) (S (NP (ADJP (RB so) (JJ many)) (NNS TVs) (CC and) (NNS radios)) (VP (TO to) (VP (VB stay) (PP (IN in) (NP (NP (NN touch)) (PP (IN with) (NP (NP (NN electroreality)) (PP (IN at) (NP (DT a) (JJ live) (NN event)))))))))))))))) (. .)))

(S1 (S (RB Maybe) (NP (PRP it)) (VP (VBD was) (NP (NP (PRP$ their) (JJ peculiar) (NN sense)) (PP (IN of) (NP (NN history))))) (. .)))

(S1 (S (NP (DT The) (NNS broadcasters)) (VP (VBD were) (, ,) (PP (IN after) (NP (DT all))) (, ,) (S (VP (VBG documenting) (NP (DT the) (NN game)))) (, ,) (S (VP (VBG ratifying) (NP (PRP$ its) (NN occurrence)) (PP (IN for) (NP (NP (NNS millions)) (PP (IN outside) (NP (DT the) (NN Stick)))))))) (. .)))

(S1 (SBARQ (WHADVP (WRB Why)) (SQ (RB not) (VP (VB watch) (CC or) (VB hear) (NP (PRP$ your) (NN experience)) (PP (VBN historicized) (SBAR (IN while) (S (NP (PRP you)) (VP (VBD were) (VP (VBG living) (NP (PRP it))))))))) (. ?)))

(S1 (S (NP (DT The) (NN day)) (VP (VBD was) (VP (VBD saturated) (PP (IN with) (NP (NP (DT the) (NN weight)) (PP (IN of) (NP (PRP$ its) (JJ own) (JJ impending) (NN history))))))) (. .)))

(S1 (S (NP (NP (JJ Long) (NNS lines)) (PP (IN of) (NP (NNS people)))) (VP (VBD waited) (S (VP (TO to) (VP (VB buy) (NP (JJ special) (NN souvenir) (NNP World) (NNP Series)) (NP (NP (NNS postcards)) (PP (IN with) (NP (JJ official) (NNS postmarks)))))))) (. .)))

(S1 (S (NP (NP (NNS Thousands)) (PP (IN of) (NP (PRP us)))) (VP (VBD had) (VP (VBN paid) (NP ($ $) (CD 5)) (PP (IN for) (NP (NP (DT the) (JJ official) (NN souvenir) (NN book)) (PP (IN with) (NP (NP (PRP$ its) (JJ historical) (NNS essays)) (PP (IN on) (NP (NP (NNP Series) (NNS trivia)) (, ,) (NP (NP (PRP$ its) (JJ historical) (NNS photographs)) (PP (IN of) (NP (NP (JJ great) (NNS moments)) (PP (IN in) (NP (NNP Series) (NN past)))))) (, ,) (CC and) (NP (PRP$ its) (NNS instructions)) (, ,) (PP (IN in) (NP (NNP English) (CC and) (NNP Spanish))) (, ,) (PP (IN for) (S (VP (VBG filling) (PRT (RP in)) (NP (DT the) (NN scorecard))))))))))))) (. .)))

(S1 (X (X (NP (NN Pitcher)) (SYM =)) (NP (NN lanzador)) (. .)))

(S1 (X (X (NNP Homerun) (SYM =)) (NP (NN jonron)) (. .)))

(S1 (S (S (NP (NNS Players)) (VP (VBD ran) (PRT (RP out)) (PP (IN on) (NP (NP (DT the) (NN field) (NN way)) (ADVP (RB below)))))) (, ,) (CC and) (S (NP (DT the) (NNS stands)) (VP (VBD began) (S (VP (TO to) (VP (VB reverberate)))))) (. .)))

(S1 (S (NP (PRP It)) (VP (MD must) (VP (VB be) (NP (NP (DT a) (JJ local) (NN custom)) (, ,) (SBAR (S (NP (PRP I)) (VP (VBD thought) (, ,) (S (VP (VBG stamping) (NP (NNS feet)) (S (VP (TO to) (VP (VB welcome) (NP (DT the) (NN team))))))))))))) (. .)))

(S1 (S (CC But) (ADVP (RB then)) (NP (DT the) (NN noise)) (VP (VBD turned) (PP (IN into) (NP (DT a) (NN roar)))) (. .)))

(S1 (S (CC And) (NP (DT no) (NN one)) (VP (VBD was) (VP (VBG shouting))) (. .)))

(S1 (S (NP (NP (DT No) (NN one)) (PP (IN around) (NP (PRP me)))) (VP (VBD was) (VP (VBG saying) (NP (NN anything)))) (. .)))

(S1 (FRAG (SBAR (IN Because) (S (NP (NP (PRP we)) (NP (DT all))) (VP (VBD were) (ADJP (JJ busy) (S (VP (VBG riding) (NP (DT a) (NN wave)))))))) (. .)))

(S1 (NP (NP (QP (CD Sixty) (CD thousand)) (NNS surfers)) (PP (IN atop) (NP (DT a) (NN concrete) (NN wall))) (, ,) (VP (VBG waiting) (PP (IN for) (NP (DT the) (NN wipeout)))) (. .)))

(S1 (SINV (PP (ADVP (RB Only)) (IN at) (NP (NP (DT the) (NN moment)) (PP (IN of) (NP (NN maximum) (NN roll))))) (VBD did) (NP (PRP I)) (VP (VB grasp) (SBAR (WHNP (WP what)) (S (VP (VBD was) (VP (VBG going) (PRT (RP on))))))) (. .)))

(S1 (S (RB Then) (NP (PRP I)) (VP (VBD remembered) (NP (NP (DT the) (NN quake)) (PP (IN of) (NP (CD '71))) (, ,) (SBAR (WHNP (WDT which)) (S (NP (PRP I)) (VP (VBD experienced) (PP (IN in) (NP (NNP Santa) (NNP Barbara))) (PP (IN in) (NP (DT a) (JJ second-story) (NN motel) (NN room)))))))) (. .)))

(S1 (S (S (SBAR (WHADVP (WRB When)) (S (NP (NP (DT the) (VBG swaying)) (PP (IN of) (NP (DT the) (NN building)))) (VP (VBD woke) (NP (PRP me)) (ADVP (RB up))))) (, ,) (NP (PRP I)) (VP (VBD reasoned) (SBAR (IN that) (S (LST (DT a) (-RRB- -RRB-)) (S (NP (PRP I)) (VP (VBD was) (PP (IN in) (NP (NNP Southern) (NNP California))))) (: ;) (S (LST (LS b) (-RRB- -RRB-)) (NP (DT the) (NN bed)) (VP (VBD was) (VP (VBG moving)))))))) (: ;) (S (LST (NN c) (-RRB- -RRB-)) (NP (PRP it)) (VP (MD must) (VP (VB be) (NP (NP (DT a) (JJ Magic) (NNP Fingers) (NN bed)) (SBAR (WHNP (WDT that)) (S (VP (VBD had) (VP (VBN short-circuited))))))))) (. .)))

(S1 (S (RB Then) (NP (PRP I)) (VP (VBD noticed) (SBAR (S (NP (DT the) (NN overhead) (NN light)) (VP (VP (VBD was) (VP (VBG swaying) (PP (IN on) (NP (PRP$ its) (NN cord))))) (CC and) (VP (VBD realized) (SBAR (WHNP (WP what)) (S (VP (VBD had) (VP (VBN happened)))))))))) (. .)))

(S1 (SBARQ (WHNP (WP What)) (SQ (MD should) (NP (PRP I)) (VP (VB do))) (. ?)))

(S1 (S (VP (VB Get) (PP (IN out) (PP (IN of) (NP (NP (DT the) (ADJP (RB possibly) (VBG collapsing)) (NN building)) (PP (TO to) (NP (DT the) (NN parking) (NN lot))))))) (. .)))

(S1 (S (CC But) (S (NP (DT the) (NN lot)) (VP (MD might) (VP (VB split) (PP (IN into) (NP (NNS crevasses)))))) (, ,) (IN so) (S (NP (PRP I)) (VP (VBD had) (NP (JJR better) (NN stand)) (PP (IN on) (NP (PRP$ my) (NN car))) (, ,) (SBAR (WHNP (WDT which)) (S (ADVP (RB probably)) (VP (VBD was) (ADJP (JJR wider) (PP (IN than) (NP (DT the) (JJ average) (NN crevasse))))))))) (. .)))

(S1 (S (ADVP (RB Fortunately)) (, ,) (NP (DT the) (NN quake)) (VP (VBD was) (ADVP (RB over)) (SBAR (IN before) (S (NP (PRP I)) (VP (VBD managed) (S (VP (TO to) (VP (VP (VB run) (PRT (RP out))) (CC and) (VP (VB stand) (ADVP (JJ naked)) (PP (IN on) (NP (DT the) (NN hood))))))))))) (. .)))

(S1 (S (PP (IN At) (NP (DT the) (NN Stick))) (, ,) (SBAR (IN while) (S (NP (DT the) (NN world)) (VP (VBD shook)))) (, ,) (S (NP (PRP I)) (VP (VBD thought) (PP (IN of) (NP (DT that) (NN morning))))) (CC and) (S (ADVP (RB then)) (NP (PRP it)) (VP (VBD struck) (NP (PRP me)) (SBAR (IN that) (S (NP (DT this) (NN time)) (VP (VBD was) (ADJP (JJ different))))))) (. .)))

(S1 (S (SBAR (IN If) (S (NP (PRP I)) (VP (VBD survived)))) (, ,) (NP (PRP I)) (VP (MD would) (VP (VB have) (VP (VBN achieved) (NP (NP (DT every) (NN journalist) (POS 's)) (JJS highest) (NN wish))))) (. .)))

(S1 (S (NP (PRP I)) (VP (VBD was) (NP (NP (DT an) (NN eyewitness)) (PP (IN of) (NP (NP (DT the) (ADJP (RBS most) (JJ newsworthy)) (NN event)) (PP (IN on) (NP (DT the) (NN planet)))))) (PP (IN at) (NP (DT that) (NN moment)))) (. .)))

(S1 (SBARQ (WHNP (WP What)) (SQ (VP (VBD was) (NP (PRP$ my) (NN angle)))) (. ?)))

(S1 (SBARQ (WHADVP (WRB How)) (SQ (MD would) (NP (PRP I)) (VP (VB file))) (. ?)))

(S1 (S (NP (PDT All) (DT these) (NNS thoughts)) (VP (VBD raced) (PP (IN through) (NP (PRP$ my) (NN head))) (PP (IN in) (NP (NP (DT the) (CD 15) (NNS seconds)) (PP (IN of) (NP (NP (DT the) (NN earthquake) (POS 's)) (JJ actual) (NN duration)))))) (. .)))

(S1 (S (NP (DT The) (NN rest)) (VP (VBZ is) (PRN (, ,) (PP (IN of) (NP (NN course))) (, ,)) (NP (NN history))) (. .)))

(S1 (S (NP (DT The) (NN Stick)) (VP (VBD did) (RB n't) (VP (VB fall))) (. .)))

(S1 (S (NP (DT The) (JJ real) (NNS tragedies)) (VP (VBD occurred) (ADVP (RB elsewhere)) (, ,) (SBAR (IN as) (S (NP (PRP we)) (ADVP (RB soon)) (VP (VBD found) (PRT (RP out)))))) (. .)))

(S1 (S (CC But) (PP (IN for) (ADVP (NP (DT a) (JJ few) (NNS minutes)) (RB there))) (, ,) (NP (NN relief)) (VP (VBD abounded)) (. .)))

(S1 (S (NP (DT A) (JJ young) (NN mother)) (VP (VBD found) (NP (NP (PRP$ her) (NN boy)) (, ,) (SBAR (WHNP (WP who)) (S (VP (VBD had) (VP (VBN been) (PP (IN out) (S (VP (VBG buying) (NP (DT a) (NN hotdog))))))))))) (. .)))

(S1 (S (S (NP (NP (DT The) (NN wall)) (PP (IN behind) (NP (PRP me)))) (VP (VBD was) (ADVP (RB slightly)) (VP (VBN deformed)))) (, ,) (CC but) (S (NP (DT the) (NN center)) (VP (VBD had) (VP (VBN held)))) (. .)))

(S1 (S (CC And) (NP (NP (JJS most)) (PP (IN of) (NP (PRP us)))) (VP (VBD waited) (PP (IN for) (NP (DT a) (NN while))) (SBAR (IN for) (S (NP (DT the) (NN game)) (VP (TO to) (VP (VB start)))))) (. .)))

(S1 (S (RB Then) (NP (PRP we)) (VP (VBD began) (S (VP (TO to) (VP (VB file) (PRT (RP out)) (, ,) (S (VP (TO to) (VP (VB wait) (ADVP (RB safely)) (PP (IN on) (NP (NNP terra) (NN firma))) (PP (IN for) (NP (DT the) (NN opening) (NN pitch)))))))))) (. .)))

(S1 (S (NP (PRP It)) (VP (VBD was) (PP (IN during) (NP (DT the) (JJ quiet) (NN exodus))) (ADVP (RB down) (NP (NP (DT the) (JJ pristine) (JJ concrete) (NNS ramps)) (PP (IN of) (NP (DT the) (NN Stick))))) (SBAR (IN that) (S (NP (PRP I)) (ADVP (RB really)) (VP (VBD understood) (NP (NP (DT the) (NN point)) (PP (IN of) (NP (PDT all) (DT those)))) (NP (NNP Walkmen) (CC and) (NNP Watchmen)))))) (. .)))

(S1 (S (NP (DT The) (NN crowd)) (VP (VBD moved) (PP (IN in) (NP (NNS clumps))) (, ,) (S (NP (NNS clumps)) (VP (VBN magnetized) (PP (IN around) (NP (DT an) (JJ electronic) (NN nucleus)))))) (. .)))

(S1 (S (PP (IN In) (NP (DT this) (NN way))) (, ,) (SBAR (IN while) (S (NP (NP (DT the) (NN Stick)) (NP (PRP itself))) (VP (VBD was) (VP (VBN blacked) (PRT (RP out)))))) (, ,) (NP (PRP we)) (VP (VBD kept) (ADVP (RB up) (PP (TO to) (NP (NN date)))) (PP (IN on) (NP (NNS events)))) (. .)))

(S1 (S (PP (IN Within) (NP (NP (NP (CD 15) (NNS minutes)) (PP (IN of) (NP (DT the) (NN quake)))) (NP (PRP itself)))) (, ,) (NP (PRP I)) (VP (VBD was) (ADJP (JJ able) (S (VP (TO to) (VP (VB see) (NP (NP (NNS pictures)) (PP (IN of) (NP (NP (DT the) (JJ collapsed) (NN section)) (PP (IN of) (NP (DT the) (NNP Bay) (NNP Bridge))))))))))) (. .)))

(S1 (S (NP (NP (ADJP (RB Increasingly) (JJ accurate)) (NNS estimates)) (PP (IN of) (NP (NP (DT the) (NN severity)) (PP (IN of) (NP (DT the) (NN quake)))))) (VP (VBD became) (ADJP (JJ available)) (SBAR (IN before) (S (NP (PRP I)) (VP (VBD got) (PP (TO to) (NP (PRP$ my) (NN car))))))) (. .)))

(S1 (S (CC And) (PP (IN by) (NP (RB then))) (, ,) (NP (JJ expensive) (NN automobile) (NN sound) (NNS systems)) (VP (VBD were) (VP (VBG keeping) (S (NP (NP (DT the) (JJ gridlocked) (NN parking) (NN lot)) (PP (IN by) (NP (DT the) (NN bay)))) (VP (VBN informed) (PP (IN about) (S (NP (DT the) (NN fire)) (VP (VBG causing) (NP (NP (DT the) (JJ big) (JJ black) (NN plume)) (PP (IN of) (NP (NP (NN smoke)) (SBAR (S (NP (PRP we)) (VP (VBD saw) (PP (IN on) (NP (DT the) (JJ northern) (NN horizon)))))))))))))))) (. .)))

(S1 (S (NP (NN Darkness)) (VP (VBD fell)) (. .)))

(S1 (S (CC But) (NP (DT the) (NNS broadcasts)) (VP (VBD continued) (PP (IN through) (NP (DT the) (JJ blacked-out) (NN night))) (, ,) (PP (IN with) (NP (NP (NNS pictures)) (PP (IN of) (NP (NP (NP (DT the) (VBN sandwiched) (NN highway) (NN ganglion)) (PP (IN in) (NP (NNP Oakland)))) (CC and) (NP (NP (NN firefighting)) (PP (IN in) (NP (DT the) (NNP Marina) (NN district))))))))) (. .)))

(S1 (S (PP (IN By) (NP (RB then))) (, ,) (NP (NP (PRP$ our) (JJ little) (NN sand) (NN village)) (PP (IN of) (NP (NNS cars)))) (VP (VBD had) (VP (VBN been) (VP (VBN linked) (PP (IN with) (NP (NP (DT a) (JJ global) (NN village)) (PP (IN of) (NP (NNS listeners) (CC and) (NNS viewers)))))))) (. .)))

(S1 (S (NP (NP (NN Everyone)) (PP (IN at) (NP (DT the) (NN Stick)))) (NP (DT that) (NN day)) (VP (VP (VBD had) (VP (VBN started) (PRT (RP out)) (PP (IN as) (NP (DT a) (NN spectator))))) (CC and) (VP (VBD ended) (PRT (RP up)) (PP (IN as) (NP (DT a) (NN participant))))) (. .)))

(S1 (S (PP (IN In) (NP (NN fact))) (, ,) (NP (NP (DT the) (JJ entire) (NN population)) (PP (IN of) (NP (DT the) (NNP Bay) (NNP Area)))) (VP (VBD had) (VP (VBN ended) (PRT (RP up)) (PP (IN with) (NP (NP (DT this) (JJ dual) (NN role)) (PP (IN of) (NP (NN actor) (CC and) (NN audience))))))) (. .)))

(S1 (S (S (NP (DT The) (NNS reporters)) (VP (VBD were) (NP (NNS victims)))) (CC and) (S (NP (NP (DT some)) (PP (IN of) (NP (DT the) (NNS victims)))) (VP (VBD turned) (PP (IN into) (NP (JJ unofficial) (NNS reporters))))) (. .)))

(S1 (S (NP (NP (DT The) (JJ outstanding) (NN example)) (PP (IN of) (NP (DT this)))) (VP (VBD was) (NP (NP (DT the) (NN motorist)) (PP (IN on) (NP (DT the) (NNP Bay) (NNP Bridge))) (SBAR (WHNP (WP who)) (S (VP (VBD had) (NP (NP (DT the) (NN presence)) (PP (IN of) (NP (NN mind))) (SBAR (S (VP (TO to) (VP (VP (VB take) (PRT (RP out)) (NP (NP (DT a) (NN video) (NN camera)) (PP (IN at) (NP (DT the) (ADJP (RB absolutely) (JJ crucial)) (NN moment))))) (CC and) (VP (VB record) (NP (DT the) (NN car)) (PP (IN in) (NP (NN front)))) (SBAR (IN as) (S (NP (PRP it)) (VP (VBD fell) (PP (IN into) (NP (DT the) (NN gap))) (PP (IN in) (NP (DT the) (NN roadway)))))))))))))))) (. .)))

(S1 (S (NP (DT The) (NN tape)) (VP (VBD was) (PP (IN on) (NP (NN tv))) (SBAR (IN before) (S (NP (DT the) (NN night)) (VP (VBD was) (ADJP (RP out)))))) (. .)))

(S1 (S (NP (NNP Marshall) (NNP McLuhan)) (, ,) (NP (PRP you)) (VP (MD should) (VP (VB have) (VP (VBN been) (ADVP (RB there)) (PP (IN at) (NP (DT that) (NN hour)))))) (. .)))

