(S1 (S (NP (NNP Amoco) (NNP Corp.)) (VP (VBD said) (SBAR (S (NP (JJ third-quarter) (JJ net) (NN income)) (VP (VBD plunged) (NP (CD 39) (NN %)) (PP (TO to) (NP (NP (QP ($ $) (CD 336) (CD million))) (, ,) (CC or) (NP (NP (CD 65) (NNS cents)) (NP (DT a) (NN share))))) (, ,) (SBAR (IN as) (S (NP (NN gasoline) (NN refining) (CC and) (NN marketing) (NNS profits)) (VP (VBN lagged) (PP (ADVP (RB substantially)) (IN behind) (NP (NP (JJ last) (NN year) (POS 's)) (JJ record) (NN level)))))))))) (. .)))

(S1 (S (NP (NP (DT A) (NN charge)) (PP (IN of) (NP (QP ($ $) (CD 80) (CD million)))) (VP (VBN related) (PP (TO to) (NP (NP (VBN projected) (JJ environmental) (NNS costs)) (PP (IN in) (NP (PRP$ its) (NN refining) (CC and) (NN marketing) (NNS operations))))))) (ADVP (RB further)) (VP (VBD depressed) (NP (NNS results))) (. .)))

(S1 (S (NP (DT A) (NN spokesman)) (VP (VBD said) (SBAR (SBAR (S (NP (NNP Amoco)) (VP (VBD completed) (NP (DT an) (JJ environmental) (NN analysis)) (NP (JJ last) (NN quarter))))) (CC but) (SBAR (IN that) (S (NP (DT no) (JJ single) (JJ clean-up) (NN project)) (VP (VBD was) (ADJP (JJ responsible))))))) (. .)))

(S1 (S (PP (IN In) (NP (DT the) (CD 1988) (JJ third) (NN quarter))) (, ,) (NP (DT the) (JJ Chicago-based) (NN oil) (NN company)) (VP (VBD earned) (NP (NP (QP ($ $) (CD 552) (CD million))) (, ,) (CC or) (NP (NP ($ $) (CD 1.07)) (NP (DT a) (NN share))))) (. .)))

(S1 (S (NP (NP (NN Revenue)) (PP (IN in) (NP (DT the) (JJS latest) (NN quarter)))) (VP (VBD rose) (NP (CD 12) (NN %)) (PP (TO to) (NP (QP ($ $) (CD 6.6) (CD billion)))) (PP (IN from) (NP (QP ($ $) (CD 5.91) (CD billion))))) (. .)))

(S1 (S (ADVP (RB Aside) (PP (IN from) (NP (DT the) (JJ special) (NN charge)))) (, ,) (NP (NP (NNP Amoco) (POS 's)) (NNS results)) (VP (VBD were) (PP (IN in) (NP (NP (NN line)) (PP (IN with) (NP (NNP Wall) (NNP Street) (NNS estimates)))))) (. .)))

(S1 (S (NP (NP (DT The) (NN company) (POS 's)) (NN stock)) (VP (VBD ended) (PP (IN at) (NP ($ $) (CD 48.375))) (, ,) (ADVP (RB up) (NP (CD 25) (NNS cents))) (PP (IN in) (NP (NNP New) (NNP York) (NNP Stock) (NNP Exchange) (JJ composite) (NN trading)))) (. .)))

(S1 (S (NP (NNP Amoco)) (VP (VBZ is) (NP (NP (DT the) (JJ first) (JJ major) (NN oil) (NN company)) (SBAR (S (VP (TO to) (VP (VB report) (NP (JJ third-quarter) (NNS results)))))))) (. .)))

(S1 (S (NP (NNS Analysts)) (VP (VBP expect) (S (NP (NNS others)) (VP (TO to) (VP (VB show) (NP (DT a) (JJ similar) (NN pattern)))))) (. .)))

(S1 (S (PP (ADVP (RB Generally)) (IN in) (NP (DT the) (NN quarter))) (, ,) (NP (NP (NP (NN overproduction)) (PP (IN of) (NP (NN gasoline)))) (CC and) (NP (JJR higher) (JJ crude) (NN oil) (NNS prices))) (VP (VBD pressured) (NP (NN profitability))) (. .)))

(S1 (S (NP (NP (DT The) (NN industry) (POS 's)) (NN chemical) (NNS profits)) (ADVP (RB also)) (VP (VBD declined) (SBAR (IN because) (S (NP (JJ excess) (NN capacity)) (VP (VBZ has) (VP (VBN depressed) (NP (NNS prices))))))) (. .)))

(S1 (S (S (S (NP (NN Gasoline) (NNS margins)) (VP (MD may) (VP (VB rebound) (NP (DT this) (NN quarter))))) (, ,) (NP (DT some) (NN industry) (NNS officials)) (VP (VBP say))) (, ,) (CC but) (S (NP (PRP they)) (VP (VBP believe) (SBAR (S (NP (NN chemical) (NNS margins)) (VP (MD could) (VP (VB worsen))))))) (. .)))

(S1 (S (NP (NP (NNP American) (NNP Petrofina) (NNP Inc.)) (, ,) (NP (DT a) (JJ Dallas-based) (JJ integrated) (NN oil) (NN company)) (, ,)) (NP (NN yesterday)) (VP (VBD said) (SBAR (S (NP (PRP$ its) (JJ third-quarter) (NNS earnings)) (VP (VBD declined) (PP (IN by) (NP (QP (JJR more) (IN than) (NN half)))))))) (. .)))

(S1 (S (NP (NNP Fina)) (VP (VBD blamed) (NP (NP (JJR lower) (NN chemical) (NNS prices)) (, ,) (NP (JJ reduced) (NN gasoline) (NNS margins)) (CC and) (NP (NN refinery) (NN maintenance) (NNS shutdowns)))) (. .)))

(S1 (S (NP (PRP It)) (VP (VBD said) (SBAR (S (NP (JJ net) (NN income)) (VP (VBD dropped) (PP (TO to) (NP (NP (QP ($ $) (CD 15.1) (CD million))) (, ,) (CC or) (NP (NP (CD 98) (NNS cents)) (NP (DT a) (NN share))) (, ,))) (PP (IN from) (NP (NP (QP ($ $) (CD 35.2) (CD million))) (, ,) (CC or) (NP (NP ($ $) (CD 2.66)) (NP (DT a) (NN share))))))))) (. .)))

(S1 (S (NP (NNS Sales)) (VP (VBD rose) (NP (CD 2.2) (NN %)) (PP (TO to) (NP (QP ($ $) (CD 711.9) (CD million)))) (PP (IN from) (NP (QP ($ $) (CD 696.1) (CD million))))) (. .)))

(S1 (S (NP (NP (NP (NNP Amoco) (POS 's)) (NN refining) (CC and) (NN marketing) (NN profit)) (PP (IN in) (NP (DT the) (NN quarter)))) (VP (VBD fell) (PP (TO to) (NP (QP ($ $) (CD 134) (CD million)))) (PP (IN from) (NP (QP ($ $) (CD 319) (CD million))))) (. .)))

(S1 (S (NP (NN Chemical) (NNS earnings)) (VP (VBD declined) (PP (IN by) (NP (NN one-third))) (PP (TO to) (NP (QP ($ $) (CD 120) (CD million)))) (NP (NP (JJ last) (NN year) (POS 's)) (JJ robust) (NNS levels))) (. .)))

(S1 (SINV (S (NP (NP (NNP Amoco) (POS 's)) (JJ domestic) (NN oil) (CC and) (JJ natural) (NN gas) (NNS operations)) (VP (VBD recorded) (NP (NP (DT a) (NN profit)) (PP (IN of) (NP (QP ($ $) (CD 104) (CD million)))) (PP (IN in) (NP (DT the) (NN quarter)))) (PP (VBN compared) (PP (IN with) (NP (NP (DT a) (NN loss)) (PP (IN of) (NP (QP ($ $) (CD 5) (CD million))))))) (, ,) (`` `) (PP (`` `) (ADVP (RB primarily)) (IN on) (NP (NP (DT the) (NN strength)) (PP (IN of) (NP (JJR higher) (JJ crude) (NN oil) (NNS prices))))))) (, ,) ('' ') ('' ') (VP (VBD said)) (NP (NNP Chairman) (NNP Richard) (NNP M.) (NNP Morrow)) (. .)))

(S1 (S (NP (NNP Amoco)) (ADVP (RB also)) (VP (ADVP (RB sharply)) (VBD boosted) (NP (NP (NN natural-gas) (NN output)) (, ,) (NP (NP (NN part)) (PP (IN of) (NP (PRP it))))) (PP (IN from) (NP (NP (NNS properties)) (VP (VBN acquired) (PP (IN from) (NP (NNP Tenneco) (NNP Inc.))) (NP (JJ last) (NN year)))))) (. .)))

(S1 (S (CC But) (NP (JJ foreign) (NN exploration) (CC and) (NN production) (NNS earnings)) (VP (VBD fell) (ADVP (RB sharply)) (, ,) (PP (TO to) (NP (QP ($ $) (CD 12) (CD million)))) (PP (IN from) (NP (QP ($ $) (CD 95) (CD million))))) (. .)))

(S1 (S (NP (JJR Higher) (NN oil) (NNS prices)) (VP (VBD were) (RB n't) (ADJP (JJ enough) (S (VP (TO to) (VP (VB offset) (NP (NP (DT a) (ADJP (QP (RB roughly) ($ $) (CD 20) (CD million))) (NN charge)) (VP (VBN related) (PP (TO to) (NP (NP (NP (DT a) (ADJP (CD 10) (NN %)) (NN reduction)) (PP (IN in) (NP (NP (NNP Amoco) (POS 's)) (NNP Canadian) (NN work) (NN force)))) (CONJP (RB as) (RB well) (IN as)) (NP (VBN increased) (NN exploration) (NNS expenses))))))))))) (. .)))

(S1 (S (PP (IN For) (NP (DT the) (CD nine) (NNS months))) (, ,) (NP (NNP Amoco)) (VP (VBD said) (SBAR (IN that) (S (S (NP (JJ net) (NN income)) (VP (VBD fell) (PP (TO to) (NP (QP ($ $) (CD 1.29) (CD billion)))) (PP (IN from) (NP (QP ($ $) (CD 1.69) (CD billion)))))) (CC but) (S (SBAR (IN if) (S (NP (JJ unusual) (NNS items)) (VP (VBP are) (VP (VBN excluded))))) (, ,) (NP (NNS operations)) (VP (VBD produced) (NP (ADJP (RB essentially) (JJ flat)) (NNS results))))))) (. .)))

(S1 (S (NP (NN Revenue)) (VP (VBD rose) (NP (CD 12) (NN %)) (PP (TO to) (NP (QP ($ $) (CD 19.93) (CD billion)))) (PP (IN from) (NP (QP ($ $) (CD 17.73) (CD billion))))) (. .)))

