(S1 (S (PP (IN For) (ADJP (JJ Vietnamese))) (, ,) (NP (DT these)) (VP (VBP are) (NP (ADJP (JJ tricky) (, ,) (RB often) (JJ treacherous) (, ,)) (NNS times))) (. .)))

(S1 (S (PP (IN After) (NP (NP (NNS years)) (PP (IN of) (NP (NN hesitation))))) (, ,) (S (NP (ADJP (JJ economic) (CC and) (JJ political)) (NN reform)) (VP (VBD was) (VP (VBN embraced) (PP (IN at) (NP (NP (DT the) (NN end)) (PP (IN of) (NP (CD 1986)))))))) (, ,) (CC but) (S (NP (NN ringing) (NNS declarations)) (VP (VBP have) (ADVP (RB yet)) (S (VP (TO to) (VP (VB be) (VP (VBN translated) (PP (IN into) (NP (JJ much) (NN action))))))))) (. .)))

(S1 (S (NP (NNP Vietnam)) (VP (VBZ is) (VP (VBG finding) (SBAR (IN that) (S (S (VP (VBG turning) (NP (DT a) (JJ stagnant) (JJ socialist) (NN order)) (PP (IN into) (NP (DT a) (JJ dynamic) (JJ free) (NN market))))) (VP (VBZ does) (RB n't) (VP (VB come) (ADVP (RB easy)))))))) (. .)))

(S1 (S (NP (RB Here)) (VP (VBZ is) (SBAR (WHADVP (WRB how)) (S (NP (CD three) (JJ Vietnamese)) (VP (VBP are) (VP (VBG coping) (PP (IN with) (NP (NN change)))))))) (: :)))

(S1 (NP (DT The) (NNP Tire) (NNP King)))

(S1 (S (NP (NNP Nguyen) (NNP Van) (NNP Chan)) (VP (VBZ is) (VP (VBG living) (NP (NN proof) (SBAR (IN that) (S (NP (JJ old) (NNS ways)) (VP (VBP die) (ADVP (RB hard)))))))) (. .)))

(S1 (S (NP (NNP Mr.) (NNP Chan)) (VP (VBD used) (S (VP (TO to) (VP (VB be) (NP (NP (NP (DT an) (NN oddity)) (PP (IN in) (NP (NNP Hanoi)))) (: :) (NP (DT a) (JJ private) (NN entrepreneur))))))) (. .)))

(S1 (S (NP (PRP$ His) (NN business) (NN success)) (VP (VBD made) (S (NP (PRP him)) (NP (NP (DT an) (JJ official) (NN target)) (PP (IN in) (NP (JJ pre-reform) (NNS days)))))) (. .)))

(S1 (S (NP (NP (NNP Mr.) (NNP Chan)) (, ,) (ADJP (ADVP (RB now)) (NP (CD 64) (NNS years)) (JJ old)) (, ,)) (VP (VBD invented) (NP (NP (DT a) (NN fountain) (NN pen)) (SBAR (S (NP (NP (PRP he)) (CC and) (NP (PRP$ his) (NN family))) (VP (VBD produced) (PP (IN from) (NP (JJ plastic) (NN waste)))))))) (. .)))

(S1 (S (ADVP (RB Later)) (, ,) (NP (PRP he)) (VP (VBD marketed) (NP (NN glue))) (. .)))

(S1 (S (NP (DT Both) (NNS products)) (VP (VBD were) (ADJP (RB immensely) (JJ popular))) (. .)))

(S1 (S (PP (IN For) (NP (PRP$ his) (NNS troubles))) (, ,) (NP (NNP Mr.) (NNP Chan)) (VP (VBD was) (VP (VBN jailed) (NP (CD three) (NNS times)) (PP (IN between) (NP (CD 1960) (CC and) (CD 1974))))) (. .)))

(S1 (S (SBAR (IN Though) (S (NP (PRP$ his) (NN operation)) (VP (VBD was) (VP (VBN registered) (CC and) (VBN used) (ADVP (RB only) (VB scrap)))))) (, ,) (NP (PRP he)) (VP (VBD was) (VP (VBN accused) (PP (IN of) (S (VP (VP (VBG conducting) (NP (JJ illegal) (NN business))) (CC and) (VP (VBG possessing) (NP (JJ illegal) (NNS materials)))))))) (. .)))

(S1 (S (ADVP (RB Once)) (NP (PRP he)) (VP (VBD was) (VP (VBN held) (PP (IN for) (NP (CD three) (NNS months))) (PP (IN without) (S (VP (VBG being) (VP (VBN charged))))))) (. .)))

(S1 (S (NP (NNS Things)) (VP (VBD were) (VP (VBN supposed) (S (VP (TO to) (VP (VB change) (SBAR (WHADVP (WRB when)) (S (S (NP (NP (NNP Vietnam) (POS 's)) (JJ economic) (NNS reforms)) (VP (VBD gathered) (NP (NN pace)))) (, ,) (CC and) (S (PP (IN for) (NP (RB awhile))) (NP (PRP they)) (VP (VBD did)))))))))) (. .)))

(S1 (S (PP (IN After) (NP (NP (NNS years)) (PP (IN of) (NP (VBG experimenting))))) (, ,) (NP (NNP Mr.) (NNP Chan)) (VP (VBD produced) (NP (NP (DT a) (JJ heavy-duty) (NN bicycle) (NN tire)) (SBAR (WHNP (WDT that)) (S (VP (VBD outlasted) (NP (PRP$ its) (JJ state-produced) (NN rival))))))) (. .)))

(S1 (S (PP (IN By) (NP (CD 1982))) (, ,) (NP (PRP he)) (VP (VBD was) (VP (VBG selling) (NP (NP (NNS thousands)) (PP (IN of) (NP (NNS tires)))))) (. .)))

(S1 (S (S (NP (NNS Newspapers)) (VP (VBD published) (NP (NP (NNS articles)) (PP (IN about) (NP (PRP him)))))) (, ,) (CC and) (S (NP (PRP he)) (VP (VBD was) (VP (VBN hailed) (PP (IN as) (`` `) (NP (`` `) (DT the) (NN tire) (NN king)))))) (. .) ('' ') ('' ')))

(S1 (S (NP (PRP$ His) (NNS efforts)) (VP (VP (VBD earned) (NP (NP (DT a) (JJ gold) (NN medal)) (PP (IN at) (NP (DT a) (JJ national) (NN exhibition))))) (: --) (CC and) (VP (VBD attracted) (NP (NP (VBN renewed) (NN attention)) (PP (IN from) (NP (JJ local) (NNS authorities)))))) (. .)))

(S1 (S (NP (NP (NN District) (NN police)) (PP (IN in) (NP (CD 1983)))) (VP (VBD descended) (PP (IN on) (NP (NP (PRP$ his) (JJ suburban) (NN home)) (, ,) (SBAR (WHNP (WDT which)) (S (NP (NP (PRP he)) (CC and) (NP (PRP$ his) (JJ large) (NN family))) (VP (VP (VBD used) (PP (IN as) (NP (DT both) (NN residence) (CC and) (NN factory)))) (, ,) (CC and) (VP (VBD demanded) (NP (NN proof) (SBAR (S (NP (DT the) (NX (NX (NN house)) (CC and) (NX (NN equipment)))) (VP (VBD were) (NP (PRP$ his))))))))))))) (. .)))

(S1 (S (NP (PRP He)) (VP (VBD produced) (NP (PRP it))) (. .)))

(S1 (S (`` `) (S (`` `) (NP (DT That)) (VP (VBD was) (NP (NP (DT the) (JJ first) (NN time)) (SBAR (S (S (NP (PRP they)) (VP (VBD lost))) (CC and) (S (NP (PRP I)) (VP (VBD won))))))) (, ,) ('' ')) ('' ') (NP (PRP he)) (VP (VBZ says)) (. .)))

(S1 (S (NP (PRP He)) (VP (VBD was) (ADVP (RBR further)) (VP (VBN questioned) (S (VP (TO to) (VP (VB determine) (SBAR (IN if) (S (NP (PRP he)) (VP (VBD was) (`` `) (NP (`` `) (NP (DT a) (JJ real) (VBG working) (NN man)) (CC or) (NP (DT an) (NN exploiter))))))))))) (. .) ('' ') ('' ')))

(S1 (SINV (VP (VBZ Says)) (NP (NNP Mr.) (NNP Chan)) (: :) (`` `) (S (`` `) (SBAR (WHADVP (WRB When)) (S (NP (PRP I)) (VP (VBD showed) (SBAR (S (NP (PRP it)) (VP (VBD was) (PP (IN from) (NP (PRP$ my) (JJ own) (NN brain))))))))) (, ,) (NP (PRP they)) (VP (VBD lost) (PP (IN for) (NP (DT the) (JJ second) (NN time)))) (. .) ('' ')) (: ')))

(S1 (S (CC But) (ADVP (NP (DT a) (JJ few) (NNS days)) (RB later)) (NP (DT the) (NN police)) (VP (VBD accused) (NP (PRP him)) (PP (IN of) (S (VP (VBG stealing) (NP (NN electricity))))) (, ,) (S (VP (VP (VBG acquiring) (NP (NN rubber)) (PP (IN without) (NP (NN permission)))) (CC and) (VP (VBG buying) (NP (VBN stolen) (NN property)))))) (. .)))

(S1 (S (S (VP (VBD Warned) (SBAR (S (NP (PRP he)) (VP (VBD was) (S (VP (TO to) (VP (VB be) (VP (VBN jailed) (ADVP (RB again))))))))))) (, ,) (NP (PRP he)) (VP (VBD fled) (PP (TO to) (NP (DT the) (NN countryside)))) (. .)))

(S1 (S (S (NP (PRP$ His) (NN family)) (VP (VBD was) (VP (VBN given) (NP (CD three) (NNS hours)) (S (VP (TO to) (VP (VB leave) (PP (IN before) (NP (DT the) (NN house))))))))) (CC and) (S (NP (NNS contents)) (VP (VBD were) (VP (VBN confiscated)))) (. .)))

(S1 (S (PP (IN With) (NP (NP (RB only) (DT the) (NNS clothes)) (SBAR (S (NP (PRP they)) (VP (VBD were) (VP (VBG wearing))))))) (, ,) (NP (NN family) (NNS members)) (VP (VBD moved) (PP (TO to) (NP (NP (DT a) (NN home)) (VP (VBN owned) (PP (IN by) (NP (NP (CD one)) (PP (IN of) (NP (NP (NNP Mr.) (NNP Chan) (POS 's)) (NNS sons))))))))) (. .)))

(S1 (S (PP (IN After) (NP (NP (CD six) (NNS months)) (PP (IN on) (NP (DT the) (NN run))))) (, ,) (NP (NNP Mr.) (NNP Chan)) (VP (VBD learned) (SBAR (S (NP (NP (DT the) (NN order)) (PP (IN for) (NP (PRP$ his) (NN arrest)))) (VP (VBD had) (VP (VBN been) (VP (VBN canceled))))))) (. .)))

(S1 (S (NP (PRP He)) (VP (VP (VBD rejoined) (NP (PRP$ his) (NN family)) (PP (IN in) (NP (NNP January) (CD 1984)))) (CC and) (VP (VBD began) (NP (NP (DT the) (JJ long) (NN struggle)) (PP (IN for) (NP (NN justice)))) (, ,) (S (VP (VBG pressing) (NP (NP (NN everyone)) (PP (PP (IN from) (NP (NNP Hanoi) (JJ municipal) (NNS officials))) (PP (TO to) (NP (NP (NNP National) (NNP Assembly)) (NNS deputies))))) (PP (IN for) (NP (NP (NN restoration)) (PP (IN of) (NP (PRP$ his) (NNS rights))))))))) (. .)))

(S1 (S (NP (NP (PRP He)) (CC and) (NP (PRP$ his) (NN family))) (VP (VBN kept) (ADVP (RB afloat)) (PP (IN by) (S (VP (VP (VBG repairing) (NP (NNS bicycles))) (, ,) (VP (VBG selling) (NP (NN fruit))) (CC and) (VP (VBG doing) (NP (JJ odd) (NNS jobs))))))) (. .)))

(S1 (S (NP (NNP Mr.) (NNP Chan)) (VP (VP (VBD achieved) (NP (DT a) (NN breakthrough)) (PP (IN in) (NP (CD 1987)))) (: --) (CC and) (VP (VBD became) (NP (DT a) (JJ minor) (NN celebrity)) (ADVP (RB again)) (: --) (SBAR (WHADVP (WRB when)) (S (NP (PRP$ his) (NN story)) (VP (VBD was) (VP (VBN published) (PP (IN in) (NP (DT a) (JJ weekly) (NN newspaper))))))))) (. .)))

(S1 (S (PP (IN In) (NP (CD 1988))) (, ,) (SBAR (NP (CD 18) (NNS months)) (IN after) (S (NP (DT the) (JJ sixth) (NN congress)) (VP (ADVP (RB formally)) (VBD endorsed) (NP (JJ family-run) (JJ private) (NN enterprise))))) (, ,) (NP (NN district) (NNS authorities)) (VP (VBD allowed) (S (NP (NNP Mr.) (NNP Chan)) (VP (TO to) (VP (VB resume) (NP (NN work)))))) (. .)))

(S1 (S (PP (IN By) (NP (RB late) (JJ last) (NN year))) (NP (PRP he)) (VP (VBD was) (VP (VBN invited) (ADVP (RB back) (PP (IN as) (NP (`` `) (NP (`` `) (DT the) (NN tire) (NN king) (POS ')) (POS ')))) (S (VP (TO to) (VP (VB display) (NP (PRP$ his) (NNS products)) (PP (IN at) (NP (DT a) (JJ national) (NN exhibition)))))))) (. .)))

(S1 (S (NP (NNP National) (NNS leaders)) (VP (VBD stopped) (PP (IN by) (NP (PRP$ his) (NN stand))) (S (VP (TO to) (VP (VB commend) (NP (PRP$ his) (NNS achievements)))))) (. .)))

(S1 (S (NP (NNP Mr.) (NNP Chan)) (ADVP (RB now)) (VP (VBZ produces) (NP (NP (NP (CD 1,000) (UCP (NN bicycle) (CC and) (JJ motorbike)) (NNS tires)) (NP (DT a) (NN month))) (CC and) (NP (NP (CD 1,000) (NNS tins)) (PP (IN of) (NP (NP (JJ tire-patching) (NN glue)) (PP (IN in) (NP (NP (DT the) (NN son) (POS 's)) (JJ small) (NN house)))))))) (. .)))

(S1 (S (NP (CD Eighteen) (NNS people)) (VP (VB pack) (NP (NP (NP (DT the) (NN house) (POS 's)) (CD two) (NNS rooms)) (: --) (NP (DT the) (NNPS Chans)) (, ,) (NP (NP (CD four)) (PP (IN of) (NP (NP (PRP$ their) (CD 10) (NNS children)) (PP (IN with) (NP (NNS spouses)))))) (, ,) (CC and) (NP (NP (CD eight)) (PP (IN of) (NP (CD 22) (NNS grandchildren)))))) (. .)))

(S1 (S (NP (JJS Most)) (VP (VBP sleep) (PP (IN on) (NP (DT the) (NN floor)))) (. .)))

(S1 (S (PP (VBN Come) (NP (NNP daybreak))) (, ,) (NP (NP (CD eight) (NN family) (NNS members)) (CC and) (NP (CD two) (JJ other) (NNS workers))) (VP (VBP unroll) (NP (NP (DT a) (NN sheet)) (PP (IN of) (NP (JJ raw) (NN rubber))) (SBAR (WHNP (WDT that)) (S (VP (VP (VBZ covers) (NP (NP (DT the) (NN floor)) (PP (IN of) (NP (DT the) (NN house))))) (CC and) (VP (VBZ spills) (PP (IN out) (PP (IN onto) (NP (DT the) (NN street)))))))))) (. .)))

(S1 (S (NP (DT The) (JJ primitive) (NNS operations)) (ADVP (RB also)) (VP (VBD burst) (PP (IN out) (NP (DT the) (JJ back) (NN door))) (PP (IN into) (NP (NP (DT a) (JJ small) (NN courtyard)) (, ,) (SBAR (WHADVP (WRB where)) (S (S (NP (DT an) (JJ ancient) (NN press)) (VP (VBZ squeezes) (NP (NN rubber) (NN solution)) (PP (IN into) (NP (DT a) (JJ flat) (NN strip))))) (CC and) (S (NP (ADJP (RB newly) (VBN made)) (NNS tires)) (VP (VBP are) (VP (VBN cooled) (PP (IN in) (NP (NP (DT a) (NN bathtub)) (VP (VBN filled) (PP (IN with) (NP (NN water)))))))))))))) (. .)))

(S1 (S (NP (NNP Mr.) (NNP Chan)) (VP (VBZ talks) (PP (RB optimistically) (IN of) (S (VP (VBG expanding)))) (, ,) (S (ADVP (RB maybe)) (VP (ADVP (RB even)) (VBG moving) (PP (IN into) (NP (DT the) (JJ import-export) (NN field)))))) (. .)))

(S1 (S (ADVP (RB First)) (, ,) (ADVP (RB however)) (, ,) (NP (PRP he)) (VP (VBZ has) (NP (JJ unfinished) (NN business))) (. .)))

(S1 (S (SBAR (WHADVP (WRB When)) (S (NP (NN district) (NNS authorities)) (VP (VBD allowed) (S (NP (PRP him)) (VP (TO to) (VP (VB resume) (NP (VBG manufacturing)))))))) (, ,) (NP (PRP they)) (VP (VBD released) (NP (NP (RB only) (CD one)) (PP (IN of) (NP (PRP$ his) (NNS machines))))) (. .)))

(S1 (S (NP (PRP They)) (VP (VBD did) (RB n't) (VP (VB return) (NP (NP (DT the) (NN rubber) (NNS stocks)) (SBAR (WHNP (WDT that)) (S (VP (VBP represent) (NP (PRP$ his) (NN capital)))))))) (. .)))

(S1 (SINV (CC Nor) (VBD did) (NP (PRP they)) (VP (VB return) (NP (NP (PRP$ his) (NN house) (CC and) (NNS contents)) (, ,) (SBAR (WHNP (WDT which)) (S (NP (PRP he)) (VP (VBZ values) (PP (IN at) (NP (QP (RB about) ($ $) (CD 44,000))))))))) (. .)))

(S1 (S (NP (PRP He)) (VP (VBZ wants) (S (VP (TO to) (VP (VB recover) (NP (NP (JJR more)) (PP (IN than) (NP (RB just) (PRP$ his) (NN property)))) (, ,) (ADVP (RB though)))))) (. .)))

(S1 (S (`` `) (S (`` `) (NP (PRP I)) (VP (VBP want) (NP (PRP$ my) (NN dignity)) (ADVP (RB back))) (, ,) ('' ')) ('' ') (NP (PRP he)) (VP (VBZ says)) (. .)))

(S1 (NP (DT The) (NNP Editor)))

(S1 (S (NP (NNP Nguyen) (NNP Ngoc)) (VP (VBD seemed) (NP (DT an) (JJ obvious) (NN choice)) (SBAR (WHADVP (WRB when)) (S (NP (DT the) (JJ Vietnamese) (NNPS Writers) (NN Association)) (VP (VBD was) (VP (VBG looking) (PP (IN for) (NP (DT a) (JJ new) (NN editor))) (S (VP (TO to) (VP (VB reform) (NP (NP (PRP$ its) (JJ weekly) (NN newspaper)) (, ,) (NP (NNP Van) (NNP Nghe))))))))))) (. .)))

(S1 (S (PP (IN After) (NP (DT the) (JJ sixth) (NN congress))) (, ,) (NP (NNS journalists)) (VP (VBD seized) (NP (NP (DT the) (NN opportunity)) (VP (VBN provided) (PP (IN by) (NP (DT the) (NN liberalization) (S (VP (TO to) (VP (NN probe) (ADVP (RB previously)) (NP (JJ taboo) (NNS subjects)))))))))) (. .)))

(S1 (S (S (NP (NP (NNP Mr.) (NNP Ngoc)) (, ,) (ADJP (NP (CD 57) (NNS years)) (JJ old)) (, ,)) (VP (VBD had) (NP (JJ solid) (NN reformist) (NNS credentials)))) (: :) (S (NP (PRP He)) (VP (VBD had) (VP (VBN lost) (NP (NP (PRP$ his) (JJ official) (NN position)) (PP (IN in) (NP (DT the) (NN association)))) (PP (IN in) (NP (PRP he) (JJ early) (NNS 1980s))) (SBAR (IN because) (S (NP (PRP he)) (VP (VBD questioned) (NP (NP (DT the) (NN intrusion)) (PP (IN of) (NP (NNS politics)))) (PP (IN into) (NP (NN literature))))))))) (. .)))

(S1 (S (S (VP (VBN Appointed) (NP (NP (NN editor)) (PP (IN in) (NP (NN chief)))) (PP (IN in) (NP (NNP July) (CD 1987))))) (, ,) (NP (NNP Mr.) (NNP Ngoc)) (VP (ADVP (RB rapidly)) (VBD turned) (NP (DT the) (JJ staid) (NNP Van) (NNP Nghe)) (PP (IN into) (NP (NP (NNP Vietnam) (POS 's)) (JJS hottest) (NN paper)))) (. .)))

(S1 (S (NP (NN Circulation)) (VP (VBD soared) (SBAR (IN as) (S (NP (DT the) (JJ weekly)) (VP (VBD went) (PP (ADVP (RB way)) (IN beyond) (NP (NP (JJ standard) (JJ literary) (NNS themes)) (SBAR (S (VP (TO to) (VP (VB cover) (NP (NP (JJ Vietnamese) (NN society)) (CC and) (NP (PRP$ its) (NNS ills))))))))))))) (. .)))

(S1 (S (NP (NNS Readers)) (VP (VBD were) (VP (VP (VBN electrified) (PP (IN by) (NP (NP (DT the) (NN paper) (POS 's)) (NN audacity)))) (CC and) (VP (VBN appalled) (PP (IN by) (NP (NP (DT the) (JJ dark) (NN side)) (PP (IN of) (NP (NP (NN life)) (SBAR (S (NP (PRP it)) (VP (VBD uncovered))))))))))) (. .)))

(S1 (S (S (NP (CD One) (NN article)) (VP (VBN recounted) (NP (DT a) (JJ decade-long) (NN struggle)) (PP (IN by) (NP (NP (DT a) (JJ wounded) (NN soldier)) (SBAR (S (VP (TO to) (VP (VB prove))))))) (, ,) (ADVP (RB officially)))) (, ,) (NP (PRP he)) (VP (VBD was) (ADJP (JJ alive))) (. .)))

(S1 (S (NP (DT Another)) (VP (VBD described) (SBAR (WHNP (WHNP (WHADJP (WRB how) (JJ tax-collection)) (NNS officials)) (PP (IN in) (NP (NNP Thanh) (NNP Hoa) (NN province)))) (S (NP (CD one) (NN night)) (VP (VP (VBN stormed) (PP (IN through) (NP (NNS homes)))) (CC and) (VP (VBN confiscated) (NP (NP (NN rice)) (PP (IN from) (NP (VBG starving) (NNS villagers))))))))) (. .)))

(S1 (S (NP (DT The) (NN newspaper)) (ADVP (RB also)) (VP (VBD ran) (NP (NP (DT a) (NN series)) (PP (IN of) (NP (NP (JJ controversial) (JJ short) (NNS stories)) (PP (IN by) (NP (NP (NNP Nguyen) (NNP Huy) (NNP Thiep)) (, ,) (NP (DT a) (JJ former) (NN history) (NN teacher)) (, ,) (SBAR (WHNP (WP who)) (S (VP (VP (VBD stirred) (NP (NP (NN debate)) (PP (IN over) (NP (PRP$ his) (NN interpretation))) (PP (IN of) (NP (JJ Vietnamese) (NN culture))))) (CC and) (VP (VBD took) (NP (NP (DT a) (ADJP (RB thinly) (VBN veiled)) (NN swipe)) (PP (IN at) (NP (NP (NNS writers)) (SBAR (WHNP (WP who)) (S (VP (VBD had) (VP (VBN blocked) (NP (NP (PRP$ his) (NN entry)) (PP (IN into) (NP (PRP$ their) (JJ official) (NN association))))))))))))))))))))) (. .)))

(S1 (S (NP (NNP Van) (NNP Nghe)) (ADVP (RB quickly)) (VP (VBD made) (NP (JJ influential) (NNS enemies))) (. .)))

(S1 (SINV (`` `) (S (`` `) (NP (NP (DT Those)) (SBAR (WHNP (WP who)) (S (VP (VBP manage) (NP (NP (NN ideology)) (CC and) (NP (NP (DT a) (JJ large) (NN number)) (PP (IN of) (NP (NNS writers))) (VP (VBN reacted) (ADVP (RB badly))))))))) ('' ') (VP (POS ') (PP (TO to) (NP (DT the) (VBN restyled) (NN paper))))) (, ,) (VP (VBZ says)) (NP (NP (NP (NNP Lai) (NNP Nguyen)) (NP (DT An))) (, ,) (NP (DT a) (JJ literary) (NN critic))) (. .)))

(S1 (S (PP (IN After) (NP (NP (NNS months)) (PP (IN of) (NP (JJ internal) (NNS rumblings))))) (, ,) (NP (NNP Mr.) (NNP Ngoc)) (VP (VBD was) (VP (VBN fired) (NP (JJ last) (NNP December)))) (. .)))

(S1 (S (NP (PRP$ His) (NN dismissal)) (VP (VBD triggered) (NP (NP (DT a) (NN furor)) (PP (IN among) (NP (NP (NNS intellectuals)) (SBAR (WHNP (WDT that)) (S (VP (VBZ continues) (NP (NN today))))))))) (. .)))

(S1 (SINV (`` `) (S (`` `) (PP (IN Under) (NP (NNP Mr.) (NNP Ngoc))) (, ,) (NP (NNP Van) (NNP Nghe)) (VP (VBD protected) (NP (NP (DT the) (NNS people)) (CONJP (RB instead) (IN of)) (NP (DT the) (NN government))))) (, ,) ('' ') ('' ') (VP (VBZ says)) (NP (NP (NNP Nguyen) (NNP Duy)) (, ,) (NP (NP (DT a) (NN poet)) (SBAR (WHNP (WP who)) (S (VP (VBZ is) (NP (NP (NP (DT the) (NN paper) (POS 's)) (NN bureau) (NN chief)) (PP (IN for) (NP (JJ southern) (NNP Vietnam))))))))) (. .)))

(S1 (FRAG (`` `) (`` `) (S (NP (DT The) (NN paper)) (VP (VBD reflected) (NP (DT the) (NN truth)))) (. .)))

(S1 (S (PP (IN For) (NP (DT the) (NN leadership))) (, ,) (NP (DT that)) (VP (VBD was) (ADJP (RB too) (JJ painful) (S (VP (TO to) (VP (VB bear)))))) (. .) ('' ') ('' ')))

(S1 (NP (DT The) (`` `) (NN Billionaire) ('' ')))

(S1 (S (NP (NNP Nguyen) (NNP Thi) (NNP Thi)) (VP (VBZ is) (NP (NP (NP (NNP Vietnam) (POS 's)) (NN entrepreneur)) (PP (IN of) (NP (DT the) (NNS 1980s))))) (. .)))

(S1 (S (NP (PRP$ Her) (NN challenge)) (VP (VBZ is) (S (VP (TO to) (VP (VB keep) (NP (PRP$ her) (NN fledgling) (NN empire)) (PP (IN on) (NP (NP (NN top)) (PP (IN in) (NP (DT the) (CD 1990s))))))))) (. .)))

(S1 (S (NP (NNP Mrs.) (NNP Thi)) (VP (VBD did) (RB n't) (VP (VB wait) (SBAR (IN for) (S (NP (DT the) (NNS reforms)) (VP (TO to) (VP (VB get) (NP (PRP$ her) (NN start)))))))) (. .)))

(S1 (S (NP (PRP She)) (VP (VBD charged) (ADVP (RB ahead) (PP (IN of) (NP (NP (DT the) (NN government)) (CC and) (NP (DT the) (NN law) (S (VP (TO to) (VP (VB establish) (NP (NNP Hochiminh) (NNP City) (NNP Food) (NNP Co.)) (PP (IN as) (NP (NP (DT the) (JJS biggest) (NN rice) (NN dealer)) (PP (IN in) (NP (DT the) (NN country))))))))))))) (. .)))

(S1 (S (NP (NP (PRP$ Her) (NN success)) (, ,) (SBAR (WHNP (WDT which)) (S (VP (VBD included) (S (VP (VBG alleviating) (NP (DT an) (JJ urban) (NN food) (NN shortage)) (PP (IN in) (NP (DT the) (JJ early) (CD 1980s)))))))) (, ,)) (VP (VBD helped) (S (VP (VB persuade) (NP (NNP Hanoi)) (S (VP (TO to) (VP (VB take) (NP (DT the) (NN reform) (NN path)))))))) (. .)))

(S1 (S (NP (PRP$ Her) (NN story)) (VP (VBZ is) (VP (VBG becoming) (NP (NP (NN part)) (PP (IN of) (NP (JJ local) (NN folklore)))))) (. .)))

(S1 (S (NP (NP (DT A) (JJ lifelong) (NN revolutionary)) (PP (IN with) (NP (NP (JJ little) (NN education)) (SBAR (WHNP (WP who)) (S (VP (VBD fought) (NP (DT both) (NP (DT the) (NNPS French)) (CC and) (NP (DT the) (JJ U.S.-backed) (NNP Saigon) (NN regime))))))))) (, ,) (NP (PRP she)) (VP (VBD switched) (ADVP (RB effortlessly)) (PP (TO to) (NP (NN commerce))) (PP (IN after) (NP (DT the) (NN war)))) (. .)))

(S1 (S (NP (PRP$ Her) (NNS instincts)) (VP (VBD were) (ADJP (JJ capitalistic)) (, ,) (PP (IN despite) (NP (PRP$ her) (NN background)))) (. .)))

(S1 (S (SBAR (IN As) (S (NP (PRP she)) (VP (VBD rode) (PRT (RP over)) (NP (NNS regulations))))) (, ,) (NP (NP (RB only) (PRP$ her) (NN friendship)) (PP (IN with) (NP (NP (NN party) (NNS leaders)) (, ,) (PP (VBG including) (NP (NP (NNP Nguyen) (NNP Van) (NNP Linh)) (, ,) (ADVP (RB then)) (NP (NNP Ho) (NNP Chi) (NNP Minh) (NNP City) (NN party) (NN secretary)))) (, ,)))) (VP (VBD kept) (NP (PRP her)) (PP (IN out) (PP (IN of) (NP (NN jail))))) (. .)))

(S1 (S (S (VP (VBG Following) (NP (NP (NP (NNP Mr.) (NNP Linh) (POS 's)) (NN appointment)) (PP (IN as) (NP (NN secretary-general))) (PP (IN of) (NP (DT the) (NN party)))) (PP (IN at) (NP (DT the) (JJ sixth) (NN congress))))) (, ,) (NP (NNP Mrs.) (NNP Thi)) (VP (VBZ has) (VP (VBN become) (NP (NP (NP (DT the) (NN darling)) (PP (IN of) (`` `) (NP (`` `) (NP (NNP doi) (NNP moi) (POS ')) (POS ')))) (, ,) (NP (NP (DT the) (JJ Vietnamese) (NN version)) (PP (IN of) (NP (FW perestroika))))))) (. .)))

(S1 (S (NP (DT The) (NNS authorities)) (VP (VBP have) (VP (VBN steered) (NP (JJ foreign) (NNS reporters)) (PP (TO to) (NP (PRP$ her) (NN office) (S (VP (TO to) (VP (VB see) (NP (NP (DT an) (NN example)) (PP (IN of) (`` `) (NP (NP (`` `) (DT the) (JJ new) (NN way)) (PP (IN of) (NP (NN thinking))))))))))))) (. .) ('' ') ('' ')))

(S1 (S (NP (JJ Foreign) (NNS publications)) (VP (VBP have) (VP (VBN responded) (PP (IN with) (NP (NP (NNS articles)) (VP (VBG declaring) (NP (PRP her)) (NP (NP (NNP Vietnam) (POS 's)) (JJS richest) (NN woman))))))) (. .)))

(S1 (S (`` `) (S (`` `) (NP (DT Some) (NNS people)) (VP (VBP call) (S (NP (PRP me)) (NP (DT the) (JJ communist) (NN billionaire)))) (, ,) ('' ')) ('' ') (NP (PRP she)) (VP (VBZ has) (VP (VBN told) (NP (NNS visitors)))) (. .)))

(S1 (S (ADVP (RB Actually)) (, ,) (NP (JJ 67-year-old) (NNP Mrs.) (NNP Thi)) (VP (VBZ is) (NP (NP (RB about) (RB as) (JJ poor)) (PP (IN as) (NP (NP (RB almost) (NN everyone) (JJ else)) (PP (IN in) (NP (DT this) (VBN impoverished) (NN land))))))) (. .)))

(S1 (S (S (NP (PRP She)) (VP (VBZ has) (ADVP (RB indeed)) (VP (VBN turned) (NP (NNP Hochiminh) (NNP City) (NNP Food)) (PP (IN into) (NP (DT a) (VBG budding) (NN conglomerate)))))) (, ,) (CC but) (S (NP (NP (DT the) (NN company)) (NP (PRP itself))) (VP (VBZ remains) (ADJP (JJ state-owned)))) (. .)))

(S1 (S (NP (PRP She)) (VP (VBZ manages) (NP (PRP it)) (PP (IN with) (NP (NP (DT the) (NN title)) (PP (IN of) (NP (NN general-director)))))) (. .)))

(S1 (S (NP (NP (DT The) (NN heart)) (PP (IN of) (NP (DT the) (NN business)))) (VP (VBZ is) (NP (NP (DT the) (NN purchase)) (PP (IN of) (NP (NP (NN rice) (CC and) (JJ other) (NNS commodities)) (, ,) (PP (JJ such) (IN as) (NP (NP (NN corn)) (CC and) (NP (NN coffee)))) (, ,))) (PP (IN from) (NP (NP (NNS farmers)) (PP (IN in) (NP (DT the) (NN south)))))) (, ,) (S (VP (VBG paying) (PP (IN with) (NP (NP (NN fertilizer)) (, ,) (NP (NN farm) (NNS tools)) (CC and) (NP (JJ other) (NNS items))))))) (. .)))

(S1 (S (NP (JJ Last) (NN year)) (, ,) (NP (NNP Hochiminh) (NNP City) (NNP Food)) (VP (VBZ says) (SBAR (S (NP (PRP it)) (VP (VBD bought) (NP (NP (QP (CD two) (CD million)) (JJ metric) (NNS tons)) (PP (IN of) (NP (JJ unhusked) (NN rice)))) (, ,) (NP (NP (QP (JJR more) (IN than) (CD 10)) (NN %)) (PP (IN of) (NP (NP (DT the) (NN country) (POS 's)) (NN output)))))))) (. .)))

(S1 (S (NP (DT The) (NN company)) (VP (VBZ operates) (NP (NP (DT a) (NN fleet)) (PP (IN of) (NP (NP (NNS trucks)) (CC and) (NP (NP (NNS boats)) (SBAR (S (VP (TO to) (VP (VB transport) (NP (DT the) (NNS commodities)) (PP (TO to) (NP (PRP$ its) (NNS warehouses)))))))))))) (. .)))

(S1 (S (NP (DT A) (NN subsidiary) (NN company)) (VP (VBZ processes) (NP (NNS commodities)) (PP (IN into) (NP (NP (NNS foods)) (PP (JJ such) (IN as) (NP (NP (JJ instant) (NNS noodles)) (SBAR (WHNP (WDT that)) (S (VP (VBP are) (VP (VBN sold) (PP (IN with) (NP (DT the) (NN rice))) (PP (IN through) (NP (DT a) (JJ vast) (NN retail) (NN network)))))))))))) (. .)))

(S1 (S (PP (IN In) (NP (JJ recent) (NNS years))) (, ,) (NP (NNP Mrs.) (NNP Thi)) (VP (VBZ has) (VP (VBN started) (S (VP (TO to) (VP (VB diversify) (NP (DT the) (NN company))))) (, ,) (S (VP (VP (VBG taking) (NP (NP (DT a) (ADJP (CD 20) (NN %)) (NN stake)) (PP (IN in) (NP (ADJP (ADJP (RB newly) (VBN established)) (, ,) (ADJP (RB partly) (JJ private))) (NNP Industrial) (CC and) (NNP Commercial) (NNP Bank))))) (, ,) (CC and) (VP (VBG setting) (PRT (RP up)) (NP (NP (NNP Saigon) (NNP Petro)) (, ,) (SBAR (WHNP (WDT which)) (S (VP (VBZ owns) (CC and) (VBZ operates) (NP (NP (NNP Vietnam) (POS 's)) (JJ first) (NN oil) (NN refinery))))))))))) (. .)))

(S1 (S (NP (NNP Mrs.) (NNP Thi)) (VP (VBZ says) (SBAR (S (NP (NNP Hochiminh) (NNP City) (NNP Food) (JJ last) (NN year)) (VP (VBD increased) (NP (JJ pretax) (NN profit)) (NP (CD 60) (NN %)) (PP (TO to) (NP (NP (DT the) (NN equivalent)) (PP (IN of) (NP (NP (QP (RB about) ($ $) (CD 2.7) (CD million))) (PP (IN on) (NP (NP (NNS sales)) (PP (IN of) (NP (QP ($ $) (CD 150) (CD million)))))))))))))) (. .)))

(S1 (S (NP (PRP She)) (VP (VBZ expects) (NP (DT both) (NN revenue) (CC and) (NN profit)) (S (VP (TO to) (VP (VB gain) (NP (DT this) (NN year)))))) (. .)))

(S1 (S (NP (PRP She)) (VP (VBZ is) (ADJP (RB almost) (JJ cavalier) (PP (IN about) (NP (NP (DT the) (NN possibility)) (SBAR (S (NP (NP (NNP Vietnam) (POS 's)) (NNS reforms)) (VP (MD will) (VP (VB create) (NP (NP (NNS rivals)) (PP (IN on) (NP (PRP$ her) (NN home) (NN turf)))))))))))) (. .)))

(S1 (S (`` `) (S (`` `) (NP (PRP I)) (VP (VBP do) (RB n't) (VP (VB mind) (NP (NP (DT the) (NN competition)) (PP (IN inside) (NP (DT the) (NN country)))))) (, ,) ('' ')) ('' ') (NP (PRP she)) (VP (VBZ says)) (. .)))

(S1 (FRAG (`` `) (`` `) (S (NP (PRP I)) (VP (VBP am) (RB only) (ADJP (JJ afraid) (SBAR (IN that) (S (PP (IN with) (NP (NP (NNP Vietnam) (POS 's)) (JJ poor-quality) (NNS products))) (NP (PRP we)) (VP (MD ca) (RB n't) (VP (VB compete) (PP (IN with) (NP (JJ neighboring) (NNS countries)))))))))) (. .)))

