(S1 (S (S (NP (DT The) (JJ following) (UCP (NNP U.S.) (NNP Treasury) (, ,) (JJ corporate) (CC and) (JJ municipal)) (NNS offerings)) (VP (VBP are) (VP (ADVP (RB tentatively)) (VBN scheduled) (PP (IN for) (NP (NP (NN sale)) (NP (DT this) (NN week)))) (, ,) (PP (VBG according) (PP (TO to) (NP (NNP Dow) (NNP Jones) (NNP Capital) (NNPS Markets) (NNP Report))))))) (: :) (NP (QP ($ $) (CD 15.6) (CD billion)) (ADJP (JJ three-month) (CC and) (JJ six-month)) (NNS bills)) (. .)))

(S1 (NP (NP (QP ($ $) (CD 10) (CD billion))) (PP (IN of) (NP (JJ two-year) (NNS notes))) (. .)))

(S1 (S (NP (NNP Resolution) (NNP Funding) (NNP Corp.)) (VP (TO to) (VP (VB sell) (NP (QP ($ $) (CD 4.5) (CD billion))) (NP (JJ 30-year) (NNS bonds)))) (. .)))

(S1 (NP (NP (NNP Aim) (NNP Prime) (NNP Rate) (NNP Plus) (NNP Fund) (NNP Inc.)) (: --) (NP (NP (QP (CD 10) (CD million)) (JJ common) (NNS shares)) (, ,) (PP (IN via) (NP (NNP PaineWebber) (NNP Inc)))) (. .)))

(S1 (NP (NP (NP (NNP Allied) (NNP Capital) (NNP Corp.)) (NP (NNP II))) (: --) (NP (NP (CD 6,500,000) (JJ common) (NNS shares)) (, ,) (PP (IN via) (NP (NNP Shearson) (NNP Lehman) (NNP Hutton) (NNP Inc)))) (. .)))

(S1 (NP (NP (NNP American) (NNP Cyanamid) (NNP Co.)) (: --) (NP (NP (CD 1,250,000) (JJ common) (NNS shares)) (, ,) (PP (IN via) (NP (NNP Merrill) (NNP Lynch) (NNP Capital) (NNP Markets)))) (. .)))

(S1 (NP (NP (NNP Associated) (NNP Natural) (NNP Gas) (NNP Corp.)) (: --) (NP (NP (CD 1,400,000) (JJ common) (NNS shares)) (, ,) (PP (IN via) (NP (NNP Dillon) (NNP Read) (CC &) (NNP Co)))) (. .)))

(S1 (NP (NP (NNP B) (CC &) (NNP H) (NNP Crude) (NNP Carriers) (NNP Ltd.)) (: --) (NP (NP (QP (CD Four) (CD million)) (JJ common) (NNS shares)) (, ,) (PP (IN via) (NP (NNP Salomon) (NNP Brothers) (NNP Inc)))) (. .)))

(S1 (NP (NP (NNP Baldwin) (NNP Technology) (NNP Co.)) (: --) (NP (NP (CD 2,600,000) (NNP Class) (NNP A) (NNS shares)) (, ,) (PP (IN via) (NP (NNP Smith) (NNP Barney) (, ,) (NNP Harris) (NNP Upham) (CC &) (NNP Co)))) (. .)))

(S1 (NP (NP (NNP Blockbuster) (NNP Entertainment) (NNP Corp.)) (: --) (NP (NP (ADJP (QP ($ $) (CD 250) (CD million))) (PRN (-LRB- -LRB-) (NP (NN face) (NN amount)) (-RRB- -RRB-)) (NNP Liquid) (NNP Yield) (NNP Option) (NNP Notes)) (, ,) (PP (IN via) (NP (NNP Merrill) (NNP Lynch)))) (. .)))

(S1 (NP (NP (NNP Chemex) (NNP Pharmaceuticals) (NNP Inc.)) (: --) (NP (NP (CD 1,200,000) (NNS units)) (, ,) (PP (IN via) (NP (NNP PaineWebber)))) (. .)))

(S1 (NP (NP (NNP Immune) (NNP Response) (NNP Corp.)) (: --) (NP (NP (QP (CD Three) (CD million)) (JJ common) (NNS shares)) (, ,) (PP (IN via) (NP (NNP Merrill) (NNP Lynch)))) (. .)))

(S1 (NP (NP (NNP Marsam) (NNP Pharmaceuticals) (NNP Inc.)) (: --) (NP (NP (CD 1,300,000) (JJ common) (NNS shares)) (, ,) (PP (IN via) (NP (NNP Smith) (NNP Barney) (, ,) (NNP Harris) (NNP Upham)))) (. .)))

(S1 (NP (NP (NNP RMI) (NNP Titanium) (NNP Co.)) (: --) (NP (NP (QP (CD 15) (CD million)) (JJ common) (NNS shares)) (, ,) (PP (IN via) (NP (NNP Salomon) (NNP Brothers) (NNP Inc)))) (. .)))

(S1 (NP (NP (NNP Tidewater) (NNP Inc.)) (: --) (NP (NP (CD 4,631,400) (JJ common) (NNS shares)) (, ,) (PP (IN via) (NP (NNP Salomon) (NNP Brothers) (NNP Inc)))) (. .)))

(S1 (NP (NP (NNP Massachusetts)) (: --) (NP (NP (QP (RB Approximately) ($ $) (CD 230) (CD million))) (PP (IN of) (NP (JJ general) (NNS bonds))) (, ,) (NP (NP (JJ consolidated) (NN loan)) (PP (IN of) (NP (NP (CD 1989)) (, ,) (NP (NNP Series) (NNP D))))) (, ,) (PP (IN via) (NP (JJ competitive) (NN bid)))) (. .)))

(S1 (NP (NP (NP (NNP Montgomery) (NNP County)) (, ,) (NP (NNP Maryland))) (: --) (NP (NP (QP ($ $) (CD 75) (CD million))) (PP (IN of) (NP (NP (JJ general) (JJ consolidated) (JJ public) (NN improvement) (NNS bonds)) (PP (IN of) (NP (CD 1989))) (, ,) (NP (NNP Series) (NNP B)))) (, ,) (PP (IN via) (NP (JJ competitive) (NN bid)))) (. .)))

(S1 (NP (NP (NP (NNP Trinity) (NNP River) (NNP Authority)) (, ,) (NP (NNP Texas))) (: --) (NP (NP ($ $) (CD 134,750,000)) (PP (IN of) (NP (NP (JJ regional) (NN wastewater) (NN system) (NN improvement) (NN revenue) (NNS bonds)) (, ,) (NP (NNP Series) (CD 1989)))) (, ,) (PP (IN via) (NP (JJ competitive) (NN bid)))) (. .)))

(S1 (NP (NP (NP (NP (NNP City) (CC and) (NNP County)) (PP (IN of) (NP (NNP Honolulu)))) (, ,) (NP (NNP Hawaii))) (: --) (NP (NP (QP ($ $) (CD 75) (CD million))) (PP (IN of) (NP (NP (NN obligation) (NNS bonds)) (, ,) (NP (CD 1989) (NNP Series) (NNP B)) (, ,) (ADJP (JJ due) (NP (CD 1993-2009))))) (, ,) (PP (IN via) (NP (JJ competitive) (NN bid)))) (. .)))

(S1 (NP (NP (NNP Beverly) (NNP Hills)) (: --) (NP (NP (QP ($ $) (CD 110) (CD million))) (PP (IN of) (NP (NP (NP (JJ civic) (NN center) (NN project)) (NNS certificates)) (PP (IN of) (NP (NN participation))))) (, ,) (NP (NNP Series) (CD 1989)) (, ,) (PP (IN via) (NP (DT a) (NNP Goldman) (, ,) (NNP Sachs) (CC &) (NNP Co.) (NN group)))) (. .)))

(S1 (NP (NP (NP (NNP Broward) (NNP County) (NNP School) (NNP District)) (, ,) (NP (NNP Florida))) (: --) (NP (NP (QP ($ $) (CD 185) (CD million))) (PP (IN of) (NP (NN school) (NN district) (JJ general) (NNS bonds))) (, ,) (PP (IN via) (NP (DT a) (NNP First) (NNP Boston) (NNP Corp.) (NN group)))) (. .)))

(S1 (NP (NP (NNP Connecticut) (NNP Housing) (NNP Finance) (NNP Authority)) (: --) (NP (NP ($ $) (CD 132,620,000)) (PP (IN of) (NP (NN housing) (NN mortgage) (NN revenue) (PRN (-LRB- -LRB-) (NP (NP (NNP AMT)) (CC and) (NP (NN non-AMT))) (-RRB- -RRB-)) (NNS bonds))) (, ,) (PP (IN via) (NP (DT a) (NNP PaineWebber) (NN group)))) (. .)))

(S1 (NP (NP (NNP Maryland) (NNP Stadium) (NNP Authority)) (: --) (NP (NP ($ $) (CD 137,550,000)) (PP (IN of) (NP (NNS sports) (NNS facilities) (NN lease) (NN revenue) (NNP Alternative) (NNP Minimum) (NNP Tax) (PRN (-LRB- -LRB-) (NNP AMT) (-RRB- -RRB-)) (NNS bonds))) (, ,) (NP (NNP Series) (CD 1989) (NNP D)) (, ,) (PP (IN via) (NP (DT a) (NNP Morgan) (NNP Stanley) (CC &) (NNP Co.) (NN group)))) (. .)))

(S1 (NP (NP (NNP Michigan)) (: --) (NP (NP (QP ($ $) (CD 80) (CD million))) (PP (IN of) (NP (NNP Michigan) (NNP First) (JJ general) (NNS bonds))) (, ,) (PP (VBG including) (NP (NP (NP (QP ($ $) (CD 70) (CD million))) (PP (IN of) (NP (JJ environmental) (NN protection) (NN project) (NNS bonds)))) (CC and) (NP (NP (QP ($ $) (CD 10) (CD million))) (PP (IN of) (NP (NP (NN recreation) (NN project) (NNS bonds)) (, ,) (PP (IN via) (NP (DT a) (NNP Shearson) (NNP Lehman) (NNP Hutton) (NN group))))))))) (. .)))

(S1 (NP (NP (NNP West) (NNP Virginia) (NNP Parkways) (NNP Economic) (NNP Development) (CC and) (NNP Tourism) (NNP Authority)) (: --) (NP (NP (QP ($ $) (CD 143) (CD million))) (PP (IN of) (NP (NP (NN parkway) (NN revenue) (NNS bonds)) (, ,) (NP (NNP Series) (CD 1989)))) (, ,) (PP (IN via) (NP (DT a) (NNP PaineWebber) (NN group)))) (. .)))

(S1 (NP (NP (NP (NNP San) (NNP Antonio)) (, ,) (NP (NNP Texas))) (: --) (NP (NP (QP ($ $) (CD 640) (CD million))) (PP (IN of) (NP (UCP (NN gas) (CC and) (JJ electric)) (NN revenue) (NN refunding) (NNS bonds))) (, ,) (PP (IN via) (NP (DT a) (NNP First) (NNP Boston) (NN group)))) (. .)))

