(S1 (S (S (NP (NNP Korean) (NN car) (NNS exports)) (VP (VBP have) (VP (VBD slid) (NP (NP (QP (RB about) (CD 40)) (NN %)) (ADVP (RB so) (RB far) (NP (DT this) (NN year))))))) (, ,) (CC but) (S (NP (NN auto) (NNS makers)) (ADVP (RB here)) (VP (VBP are) (RB n't) (VP (VBG panicking)))) (. .)))

(S1 (S (NP (PRP They)) (VP (VBP are) (VP (VBG enjoying) (NP (NP (JJ domestic) (NNS sales)) (SBAR (WHNP (WDT that)) (S (VP (VBP are) (VP (ADVP (RBR more) (IN than)) (VBG making) (PRT (RP up)) (PP (IN for) (NP (VBN lost) (JJ overseas) (NNS sales)))))))))) (. .)))

(S1 (S (NP (ADJP (JJ South) (JJ Korean)) (NNS consumers)) (VP (VBP are) (VP (VBN expected) (S (VP (TO to) (VP (VB buy) (NP (NP (QP (RB almost) (CD 500,000)) (NN passenger) (NNS cars)) (NP (DT this) (NN year))) (, ,) (ADVP (RB up) (NP (CD 60) (NN %)) (PP (IN from) (NP (CD 1988))))))))) (. .)))

(S1 (S (S (PP (IN In) (NP (NN fact))) (, ,) (NP (DT some) (NN auto) (NNS executives)) (VP (VBP suggest) (SBAR (IN that) (S (NP (NP (JJ slackened) (NN demand)) (PP (IN for) (NP (PRP$ their) (NNS cars))) (PP (IN in) (NP (NP (DT the) (NNP U.S.)) (CC and) (NP (NNP Canada))))) (VP (VBZ is) (NP (DT a) (NN blessing))))))) (: ;) (S (ADVP (RB otherwise)) (NP (PRP they)) (VP (MD would) (RB n't) (VP (VB be) (ADJP (JJ able) (S (VP (TO to) (VP (VB keep) (PRT (RP up)) (PP (IN with) (NP (NP (NN demand)) (PP (IN in) (NP (DT the) (ADJP (RBR more) (JJ profitable)) (JJ local) (NN market)))))))))))) (. .)))

(S1 (SINV (`` `) (S (`` `) (NP (PRP We)) (VP (VBP are) (ADJP (RB very) (JJ lucky) (S (VP (TO to) (VP (ADVP (RB easily)) (VB change) (NP (NP (DT an) (NN export) (NN loss)) (PP (TO to) (NP (JJ domestic) (NN plus))))))))) (, ,) ('' ')) ('' ') (VP (VBZ says)) (NP (NP (NNP Hong) (NNP Tu) (NNP Pyo)) (, ,) (NP (NP (VBG managing) (NN director)) (PP (IN of) (NP (JJ domestic) (NN marketing))) (PP (IN for) (NP (NNP Hyundai) (NNP Motor) (NNP Co))))) (. .)))

(S1 (S (SBAR (IN As) (S (NP (PRP it)) (VP (VBZ is)))) (, ,) (NP (NP (NN waiting) (NNS lists)) (PP (IN of) (NP (DT a) (NN month)))) (VP (VBP are) (RB n't) (ADJP (JJ unusual) (PP (IN for) (NP (JJ popular) (NNS models))))) (. .)))

(S1 (S (NP (NN Demand)) (VP (VBZ is) (ADJP (RB so) (JJ strong)) (SBAR (IN that) (S (NP (NP (DT all)) (PP (IN of) (NP (NP (DT the) (JJ domestic) (NNS makers)) (: --) (NP (NP (NNP Hyundai)) (, ,) (NP (NNP Kia) (NNPS Motors) (NNP Corp.)) (, ,) (NP (NNP Daewoo) (NNP Motor) (NNP Co.)) (CC and) (NP (RB even) (JJ upstart) (NNP SsangYong) (NNP Motor) (NNP Co.))) (: --)))) (VP (VBP plan) (S (VP (TO to) (VP (VB build) (NP (JJR more) (NNS factories))))))))) (. .)))

(S1 (S (NP (NN Industry) (NNS analysts)) (VP (VBP predict) (SBAR (IN that) (S (PP (IN by) (NP (CD 1995))) (, ,) (NP (NNP South) (NNP Korea)) (VP (MD will) (VP (VB be) (VP (VBG building) (NP (NP (QP (CD three) (CD million)) (NNS cars)) (NP (DT a) (NN year))) (: --) (PP (IN about) (NP (NP (NN half)) (PP (IN of) (NP (NP (DT that)) (PP (IN for) (NP (NN export))))))))))))) (. .)))

(S1 (S (NP (PRP It)) (VP (VBZ 's) (NP (NP (DT an) (JJ optimistic) (NN move)) (PP (IN in) (NP (NP (DT a) (NN industry)) (VP (ADVP (RB already)) (VBG facing) (NP (JJ world-wide) (NN overcapacity))))))) (. .)))

(S1 (S (CC But) (NP (NNP South) (NNP Korean) (NN auto) (NNS makers)) (VP (VBP are) (ADJP (JJ confident) (SBAR (SBAR (IN that) (S (NP (DT the) (NN export) (NN market)) (VP (MD will) (VP (VB bounce) (ADVP (RB back)))))) (CC and) (SBAR (IN that) (S (NP (NP (NN demand)) (PP (IN in) (NP (NNP Korea)))) (VP (MD will) (VP (VB stay) (ADJP (JJ strong))))))))) (. .)))

(S1 (S (ADVP (RB Currently)) (NP (QP (RB only) (CD one) (IN in) (CD 38)) (NNP South) (NNPS Koreans)) (VP (VBZ owns) (NP (NP (DT a) (NN car)) (, ,) (ADVP (RB up) (PP (IN from) (NP (NP (CD one)) (PP (IN in) (NP (CD 200)))) (ADVP (NP (DT a) (NN decade)) (RB ago)))))) (. .)))

(S1 (S (`` `) (`` `) (PP (IN In) (NP (DT the) (NN year) (CD 2000))) (NP (PRP it)) (VP (MD will) (VP (VB be) (NP (NP (CD one) (NN car)) (PP (IN per) (NP (NN family)))))) (. .)))

(S1 (SINV (S (PP (IN At) (NP (DT that) (NN point))) (NP (JJ domestic) (NNS sales)) (VP (MD will) (VP (VB slow) (PRT (RP down))))) (, ,) ('' ') ('' ') (VP (VBZ says)) (NP (NP (NNP Kim) (NNP Yoon) (NNP Kwon)) (, ,) (NP (NP (NN director)) (PP (IN of) (NP (NN marketing))) (PP (IN for) (NP (NNP Daewoo) (NNP Motor))))) (. .)))

(S1 (S (S (NP (NP (DT The) (NN reason)) (PP (IN for) (NP (DT the) (JJ tremendous) (NN demand)))) (VP (VBZ is) (ADJP (JJ simple)))) (: :) (S (NP (NNP South) (NNPS Koreans)) (ADVP (RB suddenly)) (VP (VBP have) (NP (ADJP (NP (DT a) (NN lot)) (JJR more)) (NN money)))) (. .)))

(S1 (S (`` `) (S (`` `) (NP (PRP We)) (ADVP (RB never)) (VP (VBD thought) (SBAR (S (NP (PRP we)) (VP (MD 'd) (VP (VB own) (NP (DT a) (NN car))))))) (, ,) ('' ')) ('' ') (VP (VBZ says) (VP (VBG Kwang) (ADJP (JJ Ok)))) (NP (NP (NNP Kyong)) (, ,) (SBAR (WHNP (WP who)) (S (ADVP (RB just)) (VP (VBD bought) (NP (DT a) (NNP Daewoo) (NNPS LeMans)) (PP (IN on) (NP (DT a) (JJ five-year) (NN loan))))))) (. .)))

(S1 (S (NP (NP (PRP She)) (CC and) (NP (PRP$ her) (NN husband))) (VP (VP (VBD started) (NP (DT a) (JJ small) (NN printing) (NN business))) (CC and) (VP (VBP need) (NP (NP (DT the) (NN car)) (PP (IN for) (NP (NN work)))) (PP (CONJP (RB as) (RB well) (IN as)) (IN for) (NP (NN weekend) (NNS jaunts))))) (. .)))

(S1 (S (NP (NP (NN Pay) (NNS raises)) (PP (IN of) (NP (NP (CD 60) (NN %)) (PP (IN over) (NP (DT the) (JJ past) (CD three) (NNS years)))))) (VP (VBP have) (VP (VBN given) (NP (JJ many) (NNP South) (NNPS Koreans)) (NP (NP (DT the) (NN money)) (SBAR (S (VP (TO to) (VP (VB enjoy) (NP (NP (DT the) (NNS things)) (SBAR (S (NP (PRP they)) (VP (VBD were) (VP (VBG supplying) (NP (NP (DT the) (NN rest)) (PP (IN of) (NP (DT the) (NN world)))))))))))))))) (. .)))

(S1 (S (NP (NP (DT The) (NN success)) (PP (IN of) (NP (NN newcomer) (NNP SsangYong) (NNP Motor)))) (VP (VBZ shows) (NP (NP (NP (DT the) (NN strength)) (PP (IN of) (NP (DT the) (NN auto) (NN market)))) (CC and) (NP (PRP$ its) (VBG growing) (NN diversity)))) (. .)))

(S1 (S (NP (NP (DT A) (NN part)) (PP (IN of) (NP (DT the) (JJ construction-oriented) (NN conglomerate) (NNP SsangYong) (NNP Group)))) (, ,) (NP (PRP it)) (VP (VBD took) (PRT (RP over)) (NP (DT the) (VBG dying) (NNP Dong-A) (NNP Motor) (NNP Co.)) (PP (IN in) (NP (CD 1986)))) (. .)))

(S1 (S (NP (NNP SsangYong)) (VP (VBD began) (S (VP (VBG making) (NP (NP (NNS variations)) (PP (IN of) (NP (DT the) (JJ Jeep-like) (`` `) (NX (`` `) (NX (NNP Korando)) ('' ')) ('' ') (NN vehicle))))))) (. .)))

(S1 (S (-LRB- -LRB-) (NP (NNP Dong-A)) (VP (VBD had) (VP (VBN had) (NP (NP (DT a) (NN technology) (NN agreement)) (PP (IN with) (NP (NP (NNP Jeep) (NN maker) (NNP American) (NNP Motors) (NNP Corp.)) (, ,) (ADVP (RB now)) (NP (NP (DT a) (NN part)) (PP (IN of) (NP (NNP Chrysler) (NNP Corp))))))))) (. .) (-RRB- -RRB-)))

(S1 (S (NP (DT The) (ADJP (RBS most) (JJ popular)) (NN style)) (VP (VBZ is) (NP (DT the) (VBN stretched) (`` `) (NP (`` `) (NP (NNP Family)) (, ,) ('' ')) ('' ') (SBAR (WHNP (WDT which)) (S (VP (VBZ resembles) (NP (DT a) (NX (NX (NNP Ford) (NNP Bronco)) (CC or) (NX (NNP Chevy) (NNP Blazer))))))))) (. .)))

(S1 (S (S (NP (DT The) (JJ four-wheel-drive) (NNS vehicles)) (VP (VBP start) (PP (IN at) (NP ($ $) (CD 15,000))))) (: ;) (S (NP (DT a) (NN Family)) (VP (MD can) (VP (VB cost) (PRT (RP over)) (NP ($ $) (CD 25,000))))) (. .)))

(S1 (S (NP (NP (NN SsangYong)) (, ,) (SBAR (WHNP (WDT which)) (S (VP (VBZ has) (NP (NP (QP (RB only) (IN about) (CD 3)) (NN %)) (PP (IN of) (NP (DT the) (JJ domestic) (NN market))))))) (, ,)) (VP (MD will) (VP (VB sell) (NP (NP (QP (RB about) (CD 18,000))) (PP (IN of) (NP (PRP$ its) (NNS models)))) (NP (DT this) (NN year)) (, ,) (ADVP (ADVP (RB twice) (RB as) (JJ many)) (PP (IN as) (NP (JJ last) (NN year)))))) (. .)))

(S1 (S (NP (PRP It)) (VP (VBZ sees) (S (NP (NNS sales)) (VP (VBG rising) (NP (NP (QP (CD 45) (NN %) (TO to) (CD 26,000)) (NNS units)) (NP (JJ next) (NN year)))))) (. .)))

(S1 (S (NP (DT The) (NN company)) (VP (VBZ plans) (S (VP (TO to) (VP (VB expand) (NP (NP (NN plant) (NN capacity)) (ADJP (CD 50) (NN %))) (PP (IN by) (NP (CD 1991))))))) (. .)))

(S1 (S (PP (IN By) (ADVP (RB then))) (NP (PRP it)) (ADVP (RB also)) (VP (VBZ hopes) (S (VP (TO to) (VP (VB begin) (S (VP (VP (VBG producing) (NP (NP (DT a) (NN passenger) (NN car)) (VP (VBN based) (PP (IN on) (NP (DT the) (NNP Volvo) (CD 240)))))) (CC and) (VP (VBG selling) (PP (IN for) (NP (QP (RB about) ($ $) (CD 20,000))))))))))) (. .)))

(S1 (S (S (NP (NNP Hyundai) (CC and) (NNP Daewoo)) (VP (VBP seem) (ADJP (JJ unconcerned) (PP (IN about) (NP (DT the) (JJ SsangYong) (NN threat)))))) (, ,) (CC but) (S (NP (NP (NNP Kia)) (, ,) (NP (DT the) (JJ scrappy) (NNP No.3) (NN auto) (NN maker)) (, ,)) (VP (VBZ is) (VP (VBG selling) (NP (JJ four-wheel-drive) (NNS vehicles)) (PP (IN through) (NP (PRP$ its) (NNP Asia) (NN unit)))))) (. .)))

(S1 (S (NP (PRP It)) (VP (VBZ plans) (S (VP (TO to) (VP (VB sell) (NP (CD 1,700) (NNS units)) (PP (IN in) (NP (CD 1989))))))) (. .)))

(S1 (S (NP (NP (NNP Kia)) (, ,) (NP (NP (DT the) (ADJP (JJ only) (JJ Korean)) (NN car) (NN maker)) (SBAR (WHNP (WDT that)) (S (VP (VBZ has) (VP (VBN seen) (S (NP (PRP$ its) (JJ overseas) (NNS sales)) (VP (VBP grow) (PP (IN in) (NP (CD 1989)))))))))) (, ,)) (VP (VBZ aims) (PP (IN at) (NP (NP (NNP Korea) (POS 's)) (JJ common) (NN man)))) (. .)))

(S1 (S (NP (PRP$ Its) (NN advantage)) (VP (VBZ has) (VP (VBN been) (NP (NP (DT the) (JJ peppy) (JJ little) (NN Pride)) (, ,) (VP (VBN sold) (PP (IN as) (NP (DT the) (NNP Ford) (NNP Festiva))) (PP (IN in) (NP (DT the) (NNP U.S.))))))) (. .)))

(S1 (S (PP (IN At) (NP (NP (QP (CD 3.8) (CD million)) (NNS won)) (, ,) (CC or) (NP ($ $) (CD 5,700)))) (, ,) (NP (DT the) (NN econobox)) (VP (VBZ is) (NP (NP (DT the) (JJ lowest-priced) (NN car)) (PP (IN in) (NP (NNP South) (NNP Korea))))) (. .)))

(S1 (S (PP (IN Along) (PP (IN with) (NP (CD two) (JJR larger) (NNS models)))) (, ,) (NP (DT the) (NN company)) (VP (VBZ claims) (NP (NP (CD 18) (NN %)) (PP (IN of) (NP (DT the) (JJ domestic) (NN market))))) (. .)))

(S1 (S (NP (NP (NNP Ford) (NNP Motor) (NNP Co.)) (CC and) (NP (NP (NNP Japan) (POS 's)) (NNP Mazda) (NNP Motor) (NNP Corp.))) (VP (VBP have) (NP (NP (NN equity) (NNS interests)) (PP (IN in) (NP (NNP Kia))))) (. .)))

(S1 (S (NP (NNP Kia)) (VP (VBZ is) (NP (NP (DT the) (ADJP (RBS most) (JJ aggressive))) (PP (IN of) (NP (DT the) (NNP Korean) (NNP Big) (NNP Three)))) (PP (IN in) (NP (NN offering) (NN financing)))) (. .)))

(S1 (S (NP (NP (NNS Loans)) (PP (IN for) (NP (QP (RB as) (JJ long) (IN as) (CD five)) (NNS years)))) (VP (VBP make) (S (NP (DT the) (NNS cars)) (ADJP (RB very) (JJ accessible))) (, ,) (PP (IN with) (NP (NP (JJ monthly) (NNS payments)) (ADJP (ADJP (RB as) (JJ low)) (PP (IN as) (NP (NP (CD 80,000) (VBN won)) (, ,) (CC or) (NP ($ $) (CD 120)))))))) (. .)))

(S1 (S (NP (NP (NNP Daewoo) (NNP Motor)) (, ,) (NP (NP (DT a) (CD 50-50) (JJ joint) (NN venture)) (PP (IN with) (NP (NP (NNP General) (NNPS Motors) (NNP Corp.)) (CC and) (NP (DT the) (NNP Daewoo) (NNP Group) (NN conglomerate))))) (, ,)) (VP (VBZ is) (NP (NP (DT the) (JJ only) (NN auto) (NN maker)) (SBAR (WHNP (WDT that)) (S (VP (VBZ appears) (S (VP (TO to) (VP (VB be) (VP (VBG hurting)))))))))) (. .)))

(S1 (S (NP (NP (NNS Shipments)) (PP (IN of) (NP (PRP$ its) (NNS Lemans))) (PP (TO to) (NP (NP (NNP GM) (POS 's)) (NNP Pontiac) (NN division)))) (VP (VBP are) (ADVP (RB off) (NP (QP (RB about) (CD 65)) (NN %)) (PP (IN from) (ADVP (NP (DT a) (NN year)) (RB ago)))) (, ,) (PP (IN versus) (NP (NP (NP (DT a) (ADJP (CD 44) (NN %)) (NN decline)) (PP (IN for) (NP (NNP Hyundai)))) (CC and) (NP (NP (DT an) (ADJP (CD 18) (NN %)) (NN increase)) (PP (IN for) (NP (NNP Kia))))))) (. .)))

(S1 (S (ADVP (RB Moreover)) (, ,) (NP (NP (NNP Daewoo) (POS 's)) (JJ domestic) (NNS sales)) (VP (VBP have) (VP (VBN grown) (ADVP (RB half) (RB as) (RB fast)) (PP (IN as) (NP (NP (NNS sales)) (PP (IN of) (NP (PRP$ its) (NNS rivals))))))) (. .)))

(S1 (S (NP (NP (DT The) (JJ big) (NN problem)) (PP (IN for) (NP (NNP Daewoo))) (, ,) (SBAR (WHNP (WDT which)) (S (VP (VBZ holds) (NP (NP (QP (RB about) (CD 21)) (NN %)) (PP (IN of) (NP (DT the) (NN market))))))) (, ,)) (VP (VBZ is) (NP (NP (DT the) (JJ long) (NN series)) (PP (IN of) (NP (NP (NN labor) (NNS disruptions)) (SBAR (S (NP (PRP it)) (VP (VBD suffered) (NP (DT this) (NN year))))))))) (. .)))

(S1 (S (CC But) (NP (NNP Daewoo)) (VP (VBZ is) (VP (VBG expanding) (ADVP (RB too)))) (. .)))

(S1 (S (PP (IN In) (NP (NN fact))) (, ,) (NP (NP (DT a) (NN sister) (NN company)) (, ,) (NP (NNP Daewoo) (NNP Shipbuilding) (CC and) (NNP Heavy) (NNP Machinery)) (, ,)) (VP (VBZ plans) (S (VP (TO to) (VP (VB build) (NP (CD 240,000) (NNS minicars)) (PP (IN by) (NP (DT the) (NNS mid-1990s))))))) (. .)))

(S1 (S (NP (NP (NNP Hyundai)) (, ,) (NP (NP (DT the) (NNP Korean) (NN market) (NN leader)) (PP (IN with) (NP (DT a) (ADJP (CD 58) (NN %)) (NN share)))) (, ,)) (ADVP (RB also)) (VP (VBZ plans) (S (VP (TO to) (VP (VB jump) (PP (IN into) (NP (NNS minicars))) (PP (IN at) (NP (DT the) (JJ same) (NN time))))))) (. .)))

(S1 (S (NP (PRP It)) (VP (VBZ has) (NP (NP (DT a) (JJ similar) (NN project)) (PP (IN for) (NP (NP (CD 200,000) (NNS cars)) (NP (DT a) (NN year)))))) (. .)))

(S1 (S (NP (NNP Kia)) (VP (VBZ is) (RB reportedly) (ADVP (RB also)) (VP (VBG considering) (NP (PDT such) (DT a) (NN plan)))) (. .)))

(S1 (S (S (NP (RB Even) (JJ giant) (NNP Samsung) (NNP Group)) (VP (VBZ is) (VP (VBN rumored) (PP (IN in) (NP (DT the) (JJ Korean) (NN press) (S (VP (TO to) (VP (VB be) (VP (VBG considering) (S (VP (VBG getting) (PP (IN into) (NP (DT the) (JJ auto-making) (NN business)))))))))))))) (: ;) (S (NP (DT a) (NN company) (NN spokesman)) (VP (VBD had) (NP (DT no) (NN comment)))) (. .)))

