(S1 (S (NP (NP (NNP Stanislav) (NNP Ovcharenko)) (, ,) (SBAR (WHNP (WP who)) (S (VP (VBZ represents) (NP (NP (NP (DT the) (JJ Soviet) (NN airline)) (NP (NNP Aeroflot))) (ADVP (RB here)))))) (, ,)) (VP (VBZ has) (NP (NP (DT some) (NNS visions)) (SBAR (WHNP (WDT that)) (S (VP (VBP are) (ADJP (JJ wild) (PP (RB even) (IN by) (NP (NP (DT the) (JJ current) (NNS standards)) (PP (IN of) (NP (FW perestroika))))))))))) (. .)))

(S1 (S (PP (IN In) (NP (NP (PRP$ his) (NN office)) (VP (VBG overlooking) (NP (NP (DT the) (NN runway)) (PP (IN of) (NP (NNP Shannon) (NNP Airport))))))) (, ,) (NP (NNP Mr.) (NNP Ovcharenko)) (VP (ADVP (RB enthusiastically)) (VBZ throws) (PRT (RP out)) (SBAR (WHNP (WP what)) (S (NP (PRP he)) (VP (VBZ calls) (`` `) (NP (`` `) (NP (RB just) (NNS ideas)) ('' ')) ('' '))))) (: :)))

(S1 (S (ADVP (RB First)) (PRN (, ,) (S (NP (PRP he)) (VP (VBZ suggests))) (, ,)) (NP (NP (NNP GPA) (NNP Group) (NNP Ltd.)) (, ,) (NP (NP (DT the) (JJ international) (NN aircraft) (NN leasing) (NN company)) (VP (VBN based) (PP (IN in) (NP (NNP Ireland))))) (, ,)) (VP (MD could) (VP (VB lease) (NP (NP (DT some)) (PP (IN of) (NP (PRP$ its) (NNP Boeing) (NNS jetliners)))) (PP (TO to) (NP (DT the) (JJ Soviet) (NN airline))))) (. .)))

(S1 (S (S (ADVP (RB Then)) (NP (NP (NNP Aer) (NNP Lingus)) (, ,) (NP (DT the) (JJ Irish) (NN flag) (NN carrier)) (, ,)) (VP (MD could) (VP (VB teach) (NP (NNP Aeroflot) (NNS pilots)) (S (VP (TO to) (VP (VB fly) (NP (DT the) (NNPS Boeings)))))))) (, ,) (CC and) (S (NP (DT the) (NN fleet)) (VP (MD could) (VP (VB be) (VP (VBN based) (ADVP (RB here)) (PP (IN at) (NP (NNP Shannon) (NNP Airport))))))) (. .)))

(S1 (S (S (NP (DT That)) (VP (VBZ 's) (RB not) (NP (DT all)))) (, ,) (NP (PRP he)) (VP (VBZ says)) (. .)))

(S1 (S (NP (NP (NNP Aer) (NNP Rianta)) (, ,) (NP (DT the) (NNP Irish) (NN airport) (NN authority)) (, ,)) (VP (MD could) (VP (VB build) (NP (NP (DT a) (NN cargo) (NN terminal)) (PP (IN in) (NP (DT the) (NNP Soviet) (NNP Union)))))) (. .)))

(S1 (S (NP (NNP Aeroflot)) (VP (MD could) (VP (VB lease) (NP (NP (DT some)) (PP (IN of) (NP (PRP$ its) (NN cargo) (NNS planes)))) (PP (TO to) (NP (NNP Aer) (NNP Lingus))) (, ,) (PP (IN through) (NP (NNP GPA))) (, ,) (PP (IN for) (NP (DT a) (JJ joint-venture) (NN cargo) (NN airline))))) (. .)))

(S1 (S (CC And) (ADVP (RB then)) (NP (EX there)) (VP (VBZ is) (NP (NP (PRP$ his) (NN notion)) (PP (IN of) (NP (NP (DT an) (JJ Irish-Soviet) (JJ charter) (NN airline) (S (VP (TO to) (VP (VB ferry) (NP (NNPS Armenians)) (PP (TO to) (NP (NNP Los) (NNP Angeles))))))) (PP (IN via) (NP (NNP Shannon))))))) (. .)))

(S1 (SQ (VBP Have) (NP (NP (DT the) (NNS freedoms)) (PP (IN of) (NP (NN glasnost)))) (VP (VBN gone) (PP (TO to) (NP (NP (NNP Mr.) (NNP Ovcharenko) (POS 's)) (NN head)))) (. ?)))

(S1 (FRAG (ADVP (RB Hardly)) (. .)))

(S1 (S (NP (DT The) (JJ Irish-Soviet) (NN aviation) (NN connection)) (VP (VBZ is) (ADJP (JJ alive) (CC and) (RB well)) (ADVP (RB here)) (PP (IN at) (NP (NNP Shannon) (NNP Airport)))) (. .)))

(S1 (S (NP (NNP GPA)) (VP (VBZ is) (ADVP (RB indeed)) (VP (VBG talking) (PP (PP (IN about) (S (VP (VBG leasing) (NP (NNP Western) (NNS planes)) (PP (TO to) (NP (NNP Aeroflot)))))) (CC and) (PP (ADVP (RB even)) (IN about) (S (VP (VBG buying) (NP (NNP Soviet-built) (NNP Tupolev) (NNS 204s)))))))) (. .)))

(S1 (S (NP (NNP Aer) (NNP Lingus)) (VP (VBZ is) (PP (IN in) (NP (NP (NNS discussions)) (PP (IN with) (NP (DT the) (NNP Soviet) (NN carrier))))) (PP (IN about) (NP (NP (DT a) (NN cargo) (NN venture)) (CC and) (NP (JJ other) (NNS possibilities))))) (. .)))

(S1 (S (NP (NNP Aer) (NNP Rianta)) (ADVP (RB already)) (VP (VBZ has) (NP (NP (ADJP (RB so) (JJ many)) (NNS ventures)) (PP (IN with) (NP (NNP Aeroflot)))) (SBAR (IN that) (S (NP (PRP$ its) (JJ chief) (NN executive)) (VP (VBZ is) (VP (VBG studying) (NP (NNP Russian))))))) (. .)))

(S1 (S (ADJP (JJ Unlikely)) (SBAR (IN as) (S (NP (PRP it)) (VP (MD may) (VP (VB seem))))) (, ,) (NP (JJ tiny) (, ,) (ADJP (RB politically) (JJ neutral)) (NNP Ireland)) (VP (VBZ has) (VP (VBN penetrated) (NP (DT the) (JJ mighty) (NNP Soviet) (NN airline) (NN bureaucracy)))) (. .)))

(S1 (S (CC And) (SBAR (IN as) (S (NP (NNP Aeroflot)) (VP (VBZ struggles) (S (VP (TO to) (VP (VP (VB boost) (NP (PRP$ its) (NN service) (NNS standards))) (, ,) (VP (VB upgrade) (NP (PRP$ its) (NN fleet))) (CC and) (VP (VB pursue) (NP (JJ commercial) (NNS opportunities))))))))) (, ,) (NP (DT the) (NNP Irish) (NN aviation) (NN industry)) (VP (VBZ seems) (VP (VBN poised) (S (VP (TO to) (VP (VB benefit)))))) (. .)))

(S1 (SINV (`` `) (S (`` `) (NP (UCP (NNP Irish) (CC and) (NNP Soviet)) (NNS people)) (VP (VBP are) (ADJP (JJ similar))) (, ,) ('' ')) ('' ') (VP (VBZ says)) (NP (NNP Mr.) (NNP Ovcharenko)) (. .)))

(S1 (S (`` `) (S (`` `) (NP (PRP They)) (VP (VBP look) (NP (DT the) (JJ same)))) (. .)))

(S1 (S (NP (PRP They)) (VP (VBP 're) (ADJP (RB very) (JJ friendly))) (. .) ('' ') ('' ')))

(S1 (S (ADVP (RB Moreover)) (PRN (, ,) (S (NP (PRP he)) (VP (VBZ says))) (, ,)) (NP (NNP Irish) (NNS companies)) (VP (VBP are) (ADJP (JJ small) (CC but) (JJ spunky))) (. .)))

(S1 (S (`` `) (S (`` `) (NP (PRP We)) (VP (VBP have) (S (VP (TO to) (VP (VB study) (NP (PRP$ their) (NN experience)) (ADVP (RB very) (RB well)))))) (, ,) ('' ')) ('' ') (NP (PRP he)) (VP (VBZ says)) (. .)))

(S1 (S (`` `) (S (`` `) (NP (PRP We)) (VP (MD must) (VP (VB find) (NP (NP (DT any) (NN way)) (SBAR (S (VP (TO to) (VP (VB get) (NP (NN business))))))))) (. .) ('' ')) ('' ')))

(S1 (S (NP (DT The) (CD two) (NNS groups)) (VP (VBP have) (VP (VBN been) (VP (VBG working) (ADVP (RB together)) (PP (IN since) (NP (DT the) (JJ late) (CD 1970s))) (, ,) (SBAR (RB long) (IN before) (S (NP (JJ Soviet) (JJ joint) (NNS ventures)) (VP (VBD were) (NP (DT the) (NN rage)) (PP (IN in) (NP (DT the) (NNP West))))))))) (. .)))

(S1 (S (S (NP (NNP Aeroflot)) (VP (VBD carried) (NP (QP (RB about) (CD 125) (CD million)) (NNS passengers)) (NP (JJ last) (NN year)))) (, ,) (CC and) (S (NP (NP (NNP Shannon) (NNP Airport)) (, ,) (NP (NP (NP (DT the) (NN airline) (POS 's)) (JJS largest) (NN transit) (NN airport)) (PP (IN outside) (NP (DT the) (NNP Soviet) (NNP Union)))) (, ,)) (VP (VBD saw) (S (NP (NP (CD 1,400) (NNP Aeroflot) (NNS flights)) (CC and) (NP (CD 250,000) (NNS passengers))) (VP (VB pass) (PRT (RP through)))))) (. .)))

(S1 (S (NP (NP (DT An) (NN apartment) (NN complex)) (PP (IN down) (NP (DT the) (NN road)))) (VP (VBZ is) (NP (NP (DT the) (NN crew-rest) (CC and) (NN staging) (NN area)) (PP (IN for) (NP (QP (JJR more) (IN than) (CD 130)) (NNP Aeroflot) (NNS pilots) (CC and) (NN flight) (NNS attendants))))) (. .)))

(S1 (S (NP (NP (NP (DT The) (NN airport) (POS 's)) (JJS biggest) (NN supplier)) (PP (IN of) (NP (NN aircraft) (NN fuel)))) (VP (VBZ is) (NP (DT the) (NNP Soviet) (NNP Union))) (. .)))

(S1 (S (NP (NP (NNS Tankers)) (PP (IN from) (NP (NP (DT the) (NNP Latvian) (NN port)) (PP (IN of) (NP (NNP Ventspils))) (NP (DT each) (NN year))))) (VP (VB unload) (NP (NP (QP (CD 25) (CD million)) (NNS gallons)) (PP (IN of) (NP (NN fuel)))) (PP (IN into) (NP (NP (DT a) (JJ special) (NN tank) (NN farm)) (PP (IN at) (NP (DT the) (NN airport)))))) (. .)))

(S1 (S (SBAR (WHNP (WP What)) (S (NP (NNP Aeroflot)) (VP (VBZ does) (RB n't) (VP (VB pour) (PP (IN into) (NP (PRP$ its) (JJ own) (JJ gas-guzzling) (NNS Ilyushins))))))) (VP (VBZ is) (ADJP (JJ bartered) (PP (TO to) (NP (NP (DT the) (NN airport) (NN authority)) (, ,) (SBAR (WHNP (WDT which)) (S (VP (VBZ resells) (NP (PRP it)) (PP (TO to) (NP (NP (CD 11) (JJ Western) (NNS carriers)) (PP (VBG including) (NP (NP (NNP Air) (NNP France)) (, ,) (NP (NNP Trans) (NNP World) (NNPS Airlines)) (CC and) (NP (NNP Pakistan) (NNP International) (NNPS Airlines))))))))))))) (. .)))

(S1 (S (NP (NNP Aeroflot)) (ADVP (RB thus)) (VP (VBZ pays) (NP (PRP$ its) (NX (NX (NN landing) (NNS fees)) (, ,) (NX (NNS ground-handling)) (CC and) (NX (NN catering) (NNS bills)))) (PP (IN with) (NP (NN fuel))) (, ,) (S (VP (VBG preserving) (NP (PRP$ its) (JJ hard) (NN currency))))) (. .)))

(S1 (S (NP (DT That)) (VP (VBZ is) (RB n't) (NP (DT all))) (. .)))

(S1 (S (NP (JJ Last) (NN year)) (, ,) (NP (NP (DT the) (JJ Irish) (NN airport) (NN authority)) (, ,) (PP (IN in) (NP (NP (DT a) (JJ joint) (NN venture)) (PP (IN with) (NP (NNP Aeroflot))))) (, ,)) (VP (VBD opened) (NP (CD four) (NN hard-currency) (JJ duty-free) (NNS shops)) (PP (IN at) (NP (NP (NNP Moscow) (POS 's)) (NNP Sheremetyevo) (NNP Airport)))) (. .)))

(S1 (S (NP (NNP Aer) (NNP Rianta)) (ADVP (RB now)) (VP (VBZ manages) (NP (NP (JJ duty-free) (NNS sales)) (PP (IN on) (NP (DT all) (NNP Aeroflot) (JJ international) (NNS flights)))) (PP (IN out) (PP (IN of) (NP (NNP Moscow))))) (. .)))

(S1 (S (S (NP (NP (JJ Duty-free) (NNS shops)) (PP (IN in) (NP (NP (NNP Leningrad) (POS 's)) (NNP Pulkova) (NNP Airport)))) (VP (VBD opened) (PP (IN in) (NP (NNP July))))) (, ,) (CC and) (S (NP (NP (NN hard-currency) (NNS shops)) (PP (PP (IN in) (NP (NNP Leningrad) (NNS hotels))) (CC and) (PP (IN on) (NP (DT the) (JJ Soviet-Finnish) (NN frontier))))) (VP (VBP are) (VP (VBG coming) (ADVP (RB soon))))) (. .)))

(S1 (S (NP (NNP Aer) (NNP Rianta)) (VP (VP (VBZ is) (VP (VBG talking) (PP (IN about) (NP (JJ similar) (JJ joint) (NNS ventures))) (PP (PP (IN in) (NP (NNP Tashkent))) (CC and) (PP (IN in) (NP (NP (NNP Sochi)) (, ,) (NP (DT a) (NNP Black) (NNP Sea) (NN resort)) (, ,)))))) (CC and) (VP (ADVP (RB even)) (VBZ has) (NP (NP (DT a) (JJ computer-assembly) (NN project) (NN cooking)) (PP (IN with) (NP (NP (DT the) (JJ Georgian) (NN city)) (PP (IN of) (NP (NNP Tbilisi)))))))) (. .)))

(S1 (S (NP (NP (NP (NNP Aeroflot) (POS 's)) (JJ international) (NN fleet)) (PP (IN of) (NP (CD 285) (NNS planes)))) (VP (VBZ is) (VP (VBG being) (VP (VBN repainted) (CC and) (VBN refurbished) (PP (IN at) (NP (NNP Shannon) (NNP Airport)))))) (. .)))

(S1 (S (NP (NP (NNS Thanks)) (PP (TO to) (NP (NP (DT a) (JJ new) (NN air-traffic) (NN agreement)) (CC and) (NP (NP (DT the) (NN ability)) (PP (IN of) (NP (NNP Irish) (NN travel) (NNS agents))) (S (VP (TO to) (VP (VB issue) (NP (NNP Aeroflot) (NNS tickets))))))))) (, ,) (NP (NP (NNS tourists)) (ADVP (RB here))) (VP (VBP are) (VP (VBG taking) (NP (NP (NN advantage)) (PP (IN of) (NP (NP (NNP Aeroflot) (POS 's)) (JJ reasonable) (NNS prices)))) (PP (TO to) (NP (NP (NN board) (NNS flights)) (PP (IN in) (NP (NNP Shannon))) (PP (IN for) (NP (NP (NNS holidays)) (PP (IN in) (NP (NNP Havana) (, ,) (NNP Kingston) (CC and) (NNP Mexico) (NNP City))))))))) (. .)))

(S1 (S (NP (NP (DT The) (JJ round-trip) (NN fare)) (PP (TO to) (NP (NNP Havana)))) (VP (VBZ is) (NP (NP (CD 410) (JJ Irish) (NNS punts)) (PRN (-LRB- -LRB-) (NP ($ $) (CD 578)) (-RRB- -RRB-)))) (. .)))

(S1 (S (NP (NNP Jamaica)) (VP (VBZ costs) (NP (CD 504) (NNS punts))) (. .)))

(S1 (S (NP (NP (DT A) (JJ formal) (NN blessing)) (PP (IN of) (NP (NNS sorts)))) (VP (VBD was) (VP (VBN bestowed) (PP (IN on) (NP (NP (DT this) (NN friendship)) (PP (IN in) (NP (NP (NNP April)) (SBAR (WHADVP (WRB when)) (S (NP (NNP Mikhail) (CC and) (NNP Raisa) (NNP Gorbachev)) (VP (VBD stopped) (ADVP (RB here)) (PP (IN for) (NP (NP (NNS talks)) (PP (IN with) (NP (NNP Irish) (NNP Prime) (NNP Minister) (NNP Charles) (NNP Haughey)))))))))))))) (. .)))

(S1 (S (NP (JJ New) (NN trade) (NNS accords)) (VP (VBD were) (VP (VBN signed))) (. .)))

(S1 (S (NP (PRP It)) (DT all) (VP (VBD started) (PP (IN with) (NP (NN geography)))) (. .)))

(S1 (S (SBAR (WHADVP (WRB When)) (S (NP (PRP it)) (VP (VBD opened) (PP (IN in) (NP (CD 1939)))))) (, ,) (NP (NNP Shannon)) (VP (VBD was) (NP (NP (DT the) (JJ first) (NN landfall)) (PP (IN in) (NP (NNP Europe))) (PP (IN for) (NP (NP (JJ thirsty) (NNS airplanes)) (VP (VBG flying) (PP (IN from) (NP (NNP North) (NNP America)))))))) (. .)))

(S1 (S (S (NP (NP (NNS Advances)) (PP (IN in) (NP (NP (NN aircraft) (NN fuel) (NN efficiency)) (PP (IN over) (NP (DT the) (NNS years)))))) (VP (VBD made) (S (NP (DT a) (NNP Shannon) (NN stop)) (ADJP (JJ unnecessary)) (PP (IN for) (NP (JJS most) (NNP Western) (NN air) (NNS fleets)))))) (, ,) (CC but) (S (NP (NNP Aeroflot)) (ADVP (RB still)) (VP (VBZ flies) (NP (NP (JJ inefficient) (NNS Ilyushins)) (SBAR (WHNP (WDT that)) (S (VP (MD ca) (RB n't) (VP (VB make) (NP (PRP it)) (PP (PP (IN from) (NP (NNP Moscow))) (PP (TO to) (NP (NNP Managua)))) (PP (IN on) (NP (CD one) (NN hop)))))))))) (. .)))

(S1 (S (PP (IN As) (NP (DT a) (NN result))) (, ,) (NP (NNP Ireland)) (VP (VBD did) (RB n't) (VP (VB spurn) (NP (DT the) (NNPS Soviets)) (SBAR (IN after) (S (NP (PRP they)) (VP (VBD shot) (ADVP (RB down) (NP (DT a) (NNP Korean) (NNP Air) (NNPS Lines) (NN jetliner))) (PP (IN over) (NP (NP (DT the) (NN Sea)) (PP (IN of) (NP (NNP Japan))))) (PP (IN in) (NP (CD 1983))) (, ,) (SBAR (IN though) (S (NP (PRP it)) (VP (VBD suspended) (NP (JJ direct) (NNP Moscow-Shannon) (NNS flights)) (PP (IN for) (NP (CD two) (NNS months))))))))))) (. .)))

(S1 (S (PP (IN In) (NP (NN fact))) (, ,) (NP (NNP Aer) (NNP Lingus)) (VP (VBD started) (S (VP (VBG ferrying) (NP (NNPS Russians)) (PP (PP (IN from) (NP (NNP Shannon))) (PP (TO to) (NP (NNP New) (NNP York)))))) (SBAR (WHADVP (WRB when)) (S (NP (NNP Washington)) (VP (VBD stripped) (NP (NP (NNP Aeroflot)) (PP (IN of) (NP (PRP$ its) (NNP U.S.) (NN landing) (NNS rights)))))))) (. .)))

(S1 (S (NP (NN Today)) (, ,) (NP (NNP Aer) (NNP Rianta)) (VP (VBZ is) (VP (VBG making) (NP (NP (DT a) (NN heap)) (PP (IN of) (NP (NN money)))) (PP (IN from) (NP (PRP$ its) (JJ Soviet) (NN friendship))))) (. .)))

(S1 (S (CC And) (, ,) (PP (IN with) (NP (NP (DT those) (NNS contacts)) (PP (IN in) (NP (NN place))))) (, ,) (NP (PRP it)) (VP (MD could) (VP (VB be) (ADJP (RB relatively) (JJ simple) (S (VP (TO to) (VP (VB add) (NP (NNP Aer) (NNP Lingus) (CC and) (NNP GPA)) (PP (TO to) (NP (DT the) (NN team))))))))) (. .)))

(S1 (S (ADVP (RB Then)) (, ,) (ADVP (RB perhaps)) (, ,) (NP (NP (NNP Mr.) (NNP Ovcharenko) (POS 's)) (NNS ideas)) (VP (MD would) (RB n't) (VP (VB sound) (PP (IN like) (NP (ADJP (RB so) (JJ much)) (NN blarney))))) (. .)))

