(S1 (S (NP (VBN Spooked) (NNS investors)) (, ,) (PP (IN despite) (NP (PRP$ their) (NN stampede) (S (VP (TO to) (VP (VB dump) (NP (NN takeover) (NNS stocks))))))) (, ,) (VP (MD should) (VP (VB hold) (PRT (RP on)) (ADVP (RB tight)) (PP (TO to) (NP (PRP$ their) (NNP Jaguar) (NNS shares))))) (. .)))

(S1 (S (NP (DT That)) (VP (VBZ 's) (NP (NP (DT the) (NN view)) (PP (IN of) (NP (NP (DT some) (NNS analysts)) (ADVP (RB here)) (SBAR (WHNP (WP who)) (S (VP (VBP argue) (SBAR (IN that) (S (NP (NP (NP (NNP Britain) (POS 's)) (VBG leading) (NN maker)) (PP (IN of) (NP (NN luxury) (NNS cars)))) (ADVP (RB still)) (VP (MD may) (VP (VB have) (S (NP (CD two) (NNP U.S.) (NN auto) (NNS giants)) (VP (VBG battling) (PP (IN for) (NP (PRP it)))))))))))))))) (. .)))

(S1 (S (NP (NN Yesterday)) (, ,) (NP (NNP Ford) (NNP Motor)) (VP (VBD disclosed) (SBAR (IN that) (S (NP (PRP it)) (VP (VBZ has) (VP (VBN raised) (NP (NP (PRP$ its) (NN holding)) (PP (IN in) (NP (NNP Jaguar)))) (PP (TO to) (NP (CD 10.4) (NN %))) (PP (IN from) (NP (CD 5) (NN %)))))))) (. .)))

(S1 (S (NP (DT Both) (NP (NNP Ford)) (CC and) (NP (PRP$ its) (JJ rival) (NNP General) (NNPS Motors))) (ADVP (RB recently)) (VP (VBP set) (NP (PRP$ their) (NNS sights)) (PP (IN on) (S (VP (VBG grabbing) (NP (NP (JJ significant) (NN minority) (NNS stakes)) (PP (IN in) (NP (DT the) (JJ British) (NN company)))))))) (. .)))

(S1 (S (NP (NP (NNP Ford) (POS 's)) (JJS latest) (NN move)) (VP (VBZ increases) (NP (NP (DT the) (NN pressure)) (PP (IN on) (NP (NNP GM))) (S (VP (TO to) (VP (VB complete) (NP (NP (PRP$ its) (JJ current) (NNS talks)) (PP (IN with) (NP (NNP Jaguar)))) (ADVP (RB quickly))))))) (. .)))

(S1 (S (S (NP (NNP GM)) (VP (VBZ is) (ADJP (JJ likely) (S (VP (TO to) (VP (VB reach) (NP (NP (DT the) (JJ cooperative) (NN operating) (NN pact)) (SBAR (S (NP (PRP it)) (VP (VBZ has) (VP (VBN been) (VP (VBG seeking) (PP (IN in) (NP (QP (RB about) (CD two)) (NNS weeks))))))))))))))) (, ,) (NP (JJ knowledgeable) (NNS individuals)) (VP (VBP say)) (. .)))

(S1 (S (PP (IN At) (NP (DT that) (NN point))) (NP (NNS investors)) (VP (MD may) (VP (VB face) (NP (DT a) (JJ long) (, ,) (JJ bumpy) (NN ride)))) (. .)))

(S1 (S (NP (NP (DT A) (NN victor)) (PP (IN in) (NP (NP (DT the) (NN fight)) (PP (IN for) (NP (NNP Jaguar)))))) (VP (MD may) (RB not) (VP (VB emerge) (PP (IN until) (PP (IN after) (NP (NP (DT the) (NN expiration)) (NP (RB late) (JJ next) (NN year)) (PP (IN of) (NP (JJ British) (NN government) (NN takeover) (NNS restrictions)))))))) (. .)))

(S1 (S (NP (DT The) (NNS curbs)) (VP (VBP prevent) (NP (DT a) (NN buyer)) (PP (IN from) (S (VP (VBG purchasing) (NP (NP (QP (JJR more) (IN than) (CD 15)) (NN %)) (PP (IN of) (NP (NNP Jaguar) (NNS shares)))) (PP (IN without) (NP (NN permission))))))) (. .)))

(S1 (SINV (`` `) (S (`` `) (NP (DT This)) (VP (VBZ is) (NP (DT an) (ADJP (RB exceptionally) (JJ odd)) (NN takeover) (NN battle))) (, ,) ('' ')) ('' ') (VP (VBZ says)) (NP (NP (NNP London) (NN analyst) (NNP Christopher) (NNP Will)) (PP (IN of) (NP (NNP Shearson) (NNP Lehman) (NNP Hutton)))) (. .)))

(S1 (S (NP (NP (NNP Jaguar) (POS 's)) (JJ American) (NN depositary) (NNS receipts)) (VP (VBD were) (ADVP (RB up) (NP (CD 3\/8) (NN yesterday))) (PP (IN in) (NP (DT a) (JJ down) (NN market))) (, ,) (S (VP (VBG closing) (PP (IN at) (NP (QP (CD 10) (CD 3\/8))))))) (. .)))

(S1 (S (-LRB- -LRB-) (NP (NP (NNP Jaguar) (POS 's)) (NNPS ADRs)) (VP (VBP make) (S (NP (DT the) (NN company)) (NP (NP (CD one)) (PP (IN of) (NP (NP (DT the) (ADJP (RBS most) (RB widely) (VBN held)) (NNP United) (NNP Kingdom) (NNS stocks)) (PP (IN in) (NP (DT the) (NNP U.S.))))))) (, ,) (PP (IN with) (NP (NP (JJR more)) (PP (IN than) (NP (NP (NN one-fourth)) (PP (IN of) (NP (NP (PRP$ its) (NNS shares)) (VP (VBN owned) (ADVP (RB there)))))))))) (. .) (-RRB- -RRB-)))

(S1 (S (NP (NNP Jaguar)) (VP (VBD topped) (NP (NP (DT the) (JJ most-active) (NN list)) (PP (IN for) (NP (DT the) (NNP U.S.) (JJ over-the-counter) (NN market)))) (NP (NNP Monday))) (. .)))

(S1 (S (CC And) (PP (IN on) (NP (NP (NNP London) (POS 's)) (NNP Stock) (NNP Exchange))) (NP (NNP Monday)) (, ,) (NP (QP (CD 18.5) (CD million)) (NNS shares)) (VP (VBD were) (ADJP (VBN traded)) (, ,) (PP (RB far) (IN above) (NP (DT the) (JJ usual) (NN volume)))) (. .)))

(S1 (S (NP (NP (NNP Ford) (POS 's)) (NN share) (NNS purchases)) (ADVP (RB undoubtedly)) (VP (VBD accounted) (PP (IN for) (NP (NP (JJ much)) (PP (IN of) (NP (NP (NNP Monday) (POS 's)) (JJ heavy) (NN trading)))))) (. .)))

(S1 (S (NP (JJ Last) (NN week)) (, ,) (NP (JJ many) (NNP Jaguar) (NNS shareholders)) (VP (VP (VBD took) (NP (PRP$ their) (NN money))) (CC and) (VP (VBD ran))) (. .)))

(S1 (S (VP (VBZ Fears) (SBAR (IN that) (S (NP (NP (NNP Ford) (POS 's)) (NN ardor)) (VP (MD might) (VP (VB be) (VP (VBG cooling) (VP (VBD put) (NP (NNP Jaguar) (NNS shares)) (PP (IN into) (NP (NN reverse))) (SBAR (IN after) (S (NP (NNP GM)) (VP (VBD confirmed) (NP (NP (PRP$ its) (JJ friendly) (NNS negotiations)) (PP (IN with) (NP (NNP Jaguar)))))))))))))) (. .)))

(S1 (S (CC But) (NP (NP (NN yesterday) (POS 's)) (NN announcement)) (VP (VBZ indicates) (SBAR (IN that) (S (NP (NNP Ford)) (VP (VBZ has) (RB n't) (VP (VBN lost) (NP (NN interest))))))) (. .)))

(S1 (S (NP (NP (DT Both) (NP (NNP Shearson) (POS 's)) (NNP Mr) (. .) (NNP Will) (CC and) (NNP Stephen) (NNP Reitman)) (, ,) (NP (NP (JJ European) (NN auto) (NN analyst)) (PP (IN at) (NP (DT the) (NNP London) (NN brokerage) (NN firm) (NNP UBS-Phillips) (CC &) (NNP Drew)))) (, ,)) (ADVP (RB recently)) (VP (VBD switched) (NP (PRP$ their) (NNP Jaguar) (NNS recommendations)) (S (VP (TO to) (VP (VB hold) (PP (IN from) (NP (NN buy))))))) (. .)))

(S1 (S (`` `) (S (VP (`` `) (VB Sit) (ADVP (RB tight)) ('' ') ('' ') (PP (IN through) (NP (DT the) (VBG coming) (NN volatility))))) (, ,) (NP (NNP Mr.) (NNP Reitman)) (VP (VBZ suggests) (, ,) (SBAR (IN though) (S (NP (PRP he)) (VP (VBZ concedes) (SBAR (IN that) (S (NP (JJ many) (JJ small) (NNS investors)) (VP (MD will) (VP (VB find) (S (NP (NP (NNP Jaguar) (POS 's)) (NNS zigzags)) (`` `) (ADJP (`` `) (RB too) (JJ hard) (S (VP (TO to) (VP (VB swallow)))))))))))))) (. .) ('' ') ('' ')))

(S1 (S (CC But) (NP (DT a) (JJ crucial) (NN point)) (VP (VBZ is) (SBAR (WHADVP (WRB how)) (S (NP (NNP Ford)) (VP (VBZ reacts) (SBAR (WHADVP (WRB when)) (S (NP (NP (NNP GM)) (, ,) (NP (NP (DT the) (NN world) (POS 's)) (JJS largest) (NN auto) (NN maker)) (, ,)) (VP (NNS firms) (PRT (RP up)) (NP (NP (PRP$ its) (JJ proposed) (NN deal)) (PP (IN with) (NP (NNP Jaguar))))))))))) (. .)))

(S1 (S (PP (IN At) (NP (DT the) (NN moment))) (, ,) (NP (NNP Ford) (NNS executives)) (VP (MD will) (VP (VB say) (NP (JJ little)) (PP (IN beyond) (S (VP (VBG reiterating) (NP (PRP$ their) (NN desire) (S (VP (TO to) (VP (VB raise) (NP (NP (NNP Ford) (POS 's)) (NNP Jaguar) (NN stake)) (PP (TO to) (NP (QP (RB about) (CD 15)) (NN %)))))))))))) (. .)))

(S1 (S (NP (NNP GM)) (VP (VBZ is) (VP (VBN expected) (S (VP (TO to) (VP (VP (VB inject) (NP (NP (QP (RB roughly) (# #) (CD 200) (CD million))) (PRN (-LRB- -LRB-) (NP (QP ($ $) (CD 316) (CD million))) (-RRB- -RRB-))) (PP (IN by) (S (VP (VBG acquiring) (NP (DT some) (NNP Jaguar) (NNS shares)))))) (, ,) (CC and) (RB then) (VP (VB win) (NP (NP (NP (NNP Jaguar) (NN management) (POS 's)) (NN promise)) (PP (IN of) (NP (DT an) (JJ eventual) (ADJP (CD 30) (NN %)) (NN stake)))))))))) (. .)))

(S1 (S (NP (NNS Analysts)) (VP (VBP believe) (SBAR (S (NP (DT the) (NN car) (NNS makers)) (ADVP (RB also)) (VP (MD will) (VP (VB create) (NP (NP (JJ joint) (NNS ventures)) (SBAR (S (VP (TO to) (VP (VB develop) (NP (JJ new) (NN executive) (NNS models)) (, ,) (S (VP (VBG doubling) (NP (NP (NP (NNP Jaguar) (POS 's)) (JJ yearly) (NN output)) (PP (IN of) (NP (CD 50,000) (NNS cars)))))))))))))))) (. .)))

(S1 (S (NP (NNP Jaguar) (NNS shareholders)) (VP (MD would) (VP (VB have) (S (VP (TO to) (VP (VB bless) (NP (PDT such) (DT a) (JJ far-reaching) (NN accord))))))) (. .)))

(S1 (S (NP (NNP Ford)) (VP (MD might) (VP (VB challenge) (NP (DT the) (NN proposal)) (PP (IN by) (S (VP (VBG offering) (NP (DT a) (JJ full) (NN bid))))) (SBAR (IN if) (S (NP (NNS holders) (CC and) (NP (DT the) (NNP U.K.) (NN government))) (VP (VBD agreed) (S (VP (TO to) (VP (VB drop) (NP (DT the) (JJ anti-takeover) (NN barrier)) (ADVP (RB early)))))))))) (. .)))

(S1 (S (`` `) (S (`` `) (NP (PRP I)) (VP (VBP think) (SBAR (S (NP (NNP Ford)) (VP (VBZ is) (VP (VBG going) (S (VP (TO to) (VP (VB come) (PRT (RP out)) (PP (IN with) (NP (JJ full) (NNS guns))) (S (VP (VBG blazing))))))))))) (, ,) ('' ')) ('' ') (NP (NNP Mr.) (NNP Reitman)) (VP (VBZ says)) (. .)))

(S1 (FRAG (`` `) (FRAG (`` `) (S (NP (NNP Ford)) (VP (VBZ wants) (-LRB- -LCB-) (NP (NNP Jaguar)) (-RRB- -RCB-) (ADVP (RB very) (RB much)))) (. .) ('' ')) ('' ')))

(S1 (S (NP (NP (NNP U.S.) (NN takeover-stock) (NNS speculators)) (, ,) (SBAR (WHNP (WP who)) (S (VP (MD may) (VP (VB own) (NP (NP (QP (IN between) (CD 20) (NN %) (CC and) (CD 30) (NN %))) (PP (IN of) (NP (NNP Jaguar)))))))) (, ,)) (VP (MD could) (VP (VB give) (NP (NNP Ford)) (NP (JJ enough) (NNS votes) (S (VP (TO to) (VP (VB block) (NP (DT the) (NNP GM) (NN deal)))))))) (. .)))

(S1 (S (NP (NNP GM)) (VP (MD might) (VP (NN counterbid))) (. .)))

(S1 (S (ADVP (RB Then)) (, ,) (NP (NNP Mr) (. .) (NNP Will)) (VP (VBZ says) (, ,) (`` `) (S (`` `) (NP (PRP you)) (VP (VBP get) (NP (NP (DT a) (NN bidding) (NN war)) (PP (IN between) (NP (CD two) (ADJP (ADJP (RB very) (JJ rich)) (, ,) (ADJP (RB very) (JJ determined))) (JJ international) (NNS companies))))))) (. .) ('' ') ('' ')))

(S1 (S (NP (PRP He)) (VP (VBZ believes) (SBAR (S (NP (NP (NNP Jaguar) (POS 's)) (NN share) (NN price)) (VP (MD could) (VP (VB zoom) (PP (TO to) (NP (NP (QP (IN between) (# #) (CD 8) (CC and) (# #) (CD 10))) (PRN (-LRB- -LRB-) (NP (QP ($ $) (CD 12.60) (TO to) ($ $) (CD 15.80))) (-RRB- -RRB-))))))))) (. .)))

(S1 (SINV (`` `) (S (`` `) (NP (EX There)) (VP (VBZ 's) (NP (NP (RB quite) (DT a) (NN bit)) (PP (IN of) (NP (NN value))) (VP (VBN left) (PP (IN in) (NP (NP (DT the) (-LRB- -LCB-) (NNP Jaguar) (-RRB- -RCB-) (NNS shares)) (ADVP (RB here)))) (SBAR (RB even) (IN though) (S (NP (PRP they)) (VP (VBP have) (VP (VBN run) (PRT (RP up))))))))) ('' ') ('' ') (ADVP (RB lately))) (, ,) (VP (VBZ says)) (NP (NP (NNP Doug) (NNP Johnson)) (, ,) (NP (NP (DT a) (NN fund) (NN manager)) (PP (IN for) (NP (JJ Seattle-based) (NNP Safeco) (NNP Asset) (NNP Management))))) (. .)))

(S1 (S (PP (IN At) (NP (DT the) (NN moment))) (, ,) (NP (PRP he)) (VP (VBZ intends) (S (VP (TO to) (VP (VB keep) (NP (NP (DT the) (NN firm) (POS 's)) (CD 180,000) (NNP Jaguar) (NNS shares)))))) (. .)))

(S1 (S (NP (DT The) (NN risk)) (VP (VBZ is) (SBAR (IN that) (S (NP (NP (NNP Jaguar) (POS 's)) (NN share) (NN price)) (VP (MD could) (VP (VBP slump) (SBAR (IN if) (S (NP (NP (NP (NNP GM) (POS 's)) (NN agreement)) (PP (IN with) (NP (NNP Jaguar)))) (ADVP (RB effectively)) (VP (VBZ locks) (PRT (RP out)) (NP (PRP$ its) (NNP U.S.) (NN rival)))))))))) (. .)))

(S1 (SINV (`` `) (S (`` `) (NP (NP (NNP Ford) (POS 's)) (NN appetite) (S (VP (TO to) (VP (VB attack) (NP (-LRB- -LCB-) (NNP Jaguar) (-RRB- -RCB-)))))) (VP (MD could) (ADVP (RB gradually)) (VP (VBP wane) (PP (IN over) (NP (NN time))) (, ,) (SBAR (ADVP (RB particularly)) (IN if) (S (NP (NNP Saab)) (VP (VBZ is) (NP (DT a) (ADJP (RB reasonably) (JJ attractive)) (NN proposition))))))) (, ,) ('' ')) ('' ') (VP (VBZ says)) (NP (NP (NNP John) (NNP Lawson)) (, ,) (NP (NP (DT an) (NN auto) (NN analyst)) (PP (IN at) (NP (NP (NNP London) (POS 's)) (NNP Nomura) (NNP Research) (NNP Institute))))) (. .)))

(S1 (S (S (NP (PRP He)) (VP (VBZ thinks) (SBAR (S (NP (NP (NNP Saab-Scania) (NNP AB)) (PP (IN on) (NP (NNP Friday)))) (VP (MD will) (VP (VB announce) (NP (NP (DT the) (NN sale)) (PP (IN of) (NP (CD 50) (NN %))) (PP (IN of) (NP (PRP$ its) (NN car) (NN division))) (PP (TO to) (NP (NNP Ford)))))))))) (: ;) (S (NP (DT the) (NNS companies)) (VP (VBP have) (VP (VBN been) (VP (VBG discussing) (NP (JJR closer) (NN cooperation)) (PP (IN for) (NP (NNS months))))))) (. .)))

(S1 (S (NP (NP (NNP Clifford) (NNP Stahl)) (, ,) (NP (NP (NP (NN president)) (CC and) (NP (JJ chief) (NN investment) (NN officer))) (PP (IN of) (NP (NNP C-S) (NNP Capital) (NNP Advisors) (NNP Inc.)))) (, ,)) (ADVP (NP (CD two) (NNS weeks)) (RB ago)) (VP (VBD sold) (NP (NP (PRP$ his) (NNP Cincinnati) (NN firm) (POS 's)) (CD 107,100) (NNP Jaguar) (NNS ADRs)) (PP (IN at) (NP (NP (QP (RB about) (CD 10))) (NP (DT each)))) (, ,) (S (VP (VBG making) (NP (DT a) (JJ tidy) (NN profit)) (PP (IN on) (NP (NP (DT a) (NN holding)) (VP (VBN purchased) (PP (IN at) (NP (CD 4) (CD 7\/8)))))) (PP (IN in) (NP (JJ early) (NNP May)))))) (. .)))

(S1 (S (`` `) (S (`` `) (NP (PRP I)) (VP (VBD thought) (SBAR (S (NP (NP (DT the) (NNS probabilities)) (PP (IN of) (NP (-LRB- -LCB-) (NP (DT a) (NN bidding) (NN war)) (-RRB- -RCB-))) (VP (VBG happening))) (VP (VBD were) (ADJP (JJR less)))))) (, ,) ('' ')) ('' ') (NP (PRP he)) (VP (VBZ says)) (. .)))

(S1 (S (PP (IN Of) (NP (NN course))) (, ,) (NP (DT that)) (VP (VBD was) (PP (IN before) (NP (NP (NNP Ford) (POS 's)) (JJS latest) (NN move)))) (. .)))

(S1 (NP (NP (NNP Jaguar)) (PRN (-LRB- -LRB-) (NP (NNP OTC)) (: ;) (NP (NP (NN Symbol)) (: :) (NP (NNP JAGRY))) (-RRB- -RRB-))))

(S1 (NP (NP (NN Business)) (: :) (NP (NN Luxury) (NNS cars))))

(S1 (NP (NP (NN Year)) (VP (VBN ended) (NP (NNP Dec.) (CD 31) (, ,) (CD 1988))) (: :)))

(S1 (NP (NP (NN Revenue)) (: :) (NP (QP ($ $) (CD 1.71) (CD billion)))))

(S1 (NP (NP (JJ Net) (NN income)) (: :) (NP (QP ($ $) (CD 44.9) (CD million))) (: ;) (CC or) (NP (NP (CD 25) (NNS cents)) (NP (DT a) (NN share)))))

(S1 (NP (NP (NP (JJ First) (NN half)) (VP (VBN ended))) (, ,) (NP (NNP June) (CD 30) (, ,) (CD 1989)) (: :)))

(S1 (NP (NP (JJ Net) (NN loss)) (: :) (NP (NP (NP (QP ($ $) (CD 1.7) (CD million))) (PP (FW vs.) (NP (JJ net) (NN income)))) (: :) (NP (QP ($ $) (CD 21.2) (CD million))) (: ;) (CC or) (NP (NP (CD 12) (NNS cents)) (NP (DT a) (NN share))))))

(S1 (NP (NP (JJ Averae) (JJ daily) (NN trading) (NN volume)) (: :) (NP (NP (NP (JJ Ordinary) (NNS shares)) (ADJP (JJ outstanding))) (: :) (NP (QP (CD 182.9) (CD million))))))

(S1 (FRAG (NP (NN NOTE)) (: :) (S (NP (DT All) (NNS figures)) (VP (VBP are) (VP (VBN translated) (PP (IN into) (NP (NP (NNP U.S.) (NNS dollars)) (VP (VBN based) (PP (IN on) (NP (JJ current) (NN exchange) (NNS rates))))))))) (. .)))

