(S1 (S (NP (NP (NNP UAL) (POS 'S)) (NN STOCK)) (VP (VBD SKIDDED) (NP (DT an) (JJ additional) ($ $) (CD 24.875)) (, ,) (PP (TO to) (NP ($ $) (CD 198))) (, ,) (SBAR (IN as) (S (NP (NNP British) (NNPS Airways)) (VP (VBD indicated) (SBAR (S (NP (PRP it)) (VP (MD may) (VP (VB balk) (PP (IN at) (NP (NP (DT any) (RB hastily) (JJ revised) (NN version)) (PP (IN of) (NP (NP (DT the) (JJ aborted) (ADJP (QP ($ $) (CD 6.79) (CD billion))) (NN buy-out)) (PP (IN of) (NP (NP (NNP United) (NNP Air) (POS 's)) (NN parent))))))))))))))) (. .)))

(S1 (S (NP (NNP UAL)) (VP (VBZ has) (VP (VBN fallen) (NP (NP ($ $) (CD 87.25)) (, ,) (CC or) (NP (CD 31) (NN %)) (, ,)) (PP (IN in) (NP (NP (DT the) (CD three) (NN trading) (NNS days)) (SBAR (IN since) (S (NP (NP (NN disclosure)) (PP (IN of) (NP (NP (DT the) (NN buy-out) (POS 's)) (NN collapse)))) (VP (VBD jolted) (NP (DT the) (NN stock) (NN market))))))))) (. .)))

(S1 (S (S (ADVP (RB Meanwhile)) (, ,) (NP (NN investor) (NNP Marvin) (NNP Davis)) (VP (VBD said) (SBAR (S (NP (PRP he)) (VP (VBZ remains) (ADJP (JJ interested) (PP (IN in) (NP (NNP UAL))))))))) (, ,) (CC but) (S (NP (PRP he)) (VP (VBD dropped) (NP (PRP$ his) (JJ earlier) (ADJP ($ $) (JJ 300-a-share)) (NN back-up) (NN bid)))) (. .)))

(S1 (S (NP (NN Stock) (NNS prices)) (VP (VBD fell) (ADVP (RB broadly)) (PP (IN in) (NP (NP (JJ heavy) (NN trading)) (, ,) (VP (VBN dominated) (PP (IN by) (NP (NP (NP (NP (JJ futures-related) (NN program) (NN selling)) (CC and) (NP (JJ further) (NNS declines))) (PP (IN by) (NP (NNP UAL)))) (CC and) (NP (JJ other) (NN airline) (NNS stocks)))))))) (. .)))

(S1 (S (NP (DT The) (NNP Dow) (NNP Jones) (NNS industrials)) (VP (VBD closed) (ADVP (RB off) (NP (CD 18.65) (NNS points))) (, ,) (PP (IN at) (NP (CD 2638.73))) (, ,) (PP (IN after) (S (VP (VBG plunging) (PP (IN over) (NP (CD 60.25) (NNS points))) (PP (IN in) (NP (DT the) (NN morning))))))) (. .)))

(S1 (S (NP (NN Bond) (NNS prices)) (VP (VBD ended) (ADVP (RBR lower)) (PP (IN after) (NP (DT an) (JJ early) (NN rally))) (, ,) (SBAR (IN while) (S (NP (DT the) (NN dollar)) (VP (VBD was) (ADJP (JJ mixed)))))) (. .)))

(S1 (S (NP (DT The) (NNP U.S.) (NN trade) (NN deficit)) (VP (VBD swelled) (PP (TO to) (NP (QP ($ $) (CD 10.77) (CD billion)))) (PP (IN in) (NP (NNP August))) (, ,) (S (VP (VBG prompting) (NP (NNS worries) (SBAR (IN that) (S (NP (NP (DT the) (NN nation) (POS 's)) (NN export) (NN drive)) (VP (VBD had) (VP (VBN stalled))))))))) (. .)))

(S1 (S (NP (NNS Exports)) (VP (VBD declined) (PP (IN for) (NP (DT the) (JJ second) (NN month))) (PP (IN in) (NP (DT a) (NN row))) (, ,) (SBAR (IN while) (S (NP (NNS imports)) (VP (VBD rose) (PP (TO to) (NP (DT a) (NN record))))))) (. .)))

(S1 (NP (NP (DT An) (NN analyst)) (VP (VBN called) (S (NP (PRP it)) (NP (NP (CD one)) (PP (IN of) (NP (NP (DT the) (JJS worst) (NN trade) (NNS reports)) (PP (IN since) (NP (NP (DT the) (NN dollar)) (VP (VBN bottomed) (PRT (RP out)) (PP (IN in))))))))))))

(S1 (S (NP (JJ Industrial) (NN output)) (VP (VBD fell) (NP (CD 0.1) (NN %)) (PP (IN in) (NP (NNP September))) (, ,) (NP (NP (DT the) (JJS latest) (NN sign)) (SBAR (S (NP (NN manufacturing)) (VP (VBZ is) (VP (VBG slowing))))))) (. .)))

(S1 (S (NP (DT An) (NN analyst)) (VP (VBD cited) (NP (NP (JJR weaker) (NN capital) (NN spending)) (CC and) (NP (NNS exports)))) (. .)))

(S1 (S (NP (NNP Bankers) (NNP Trust)) (VP (VBD added) (NP (QP ($ $) (CD 1.6) (CD billion))) (PP (TO to) (NP (NP (NNS reserves)) (PP (IN for) (NP (NNP Third) (NNP World) (NNS loans))))) (, ,) (NP (NP (DT the) (JJS latest) (JJ big) (NN bank)) (SBAR (S (VP (TO to) (VP (VB take) (NP (PDT such) (DT a) (NN step)))))))) (. .)))

(S1 (S (NP (PRP It)) (VP (VBZ expects) (NP (DT a) (ADJP (QP ($ $) (CD 1.42) (CD billion))) (JJ quarterly) (NN loss))) (. .)))

(S1 (S (NP (NNP Citicorp)) (VP (VBD posted) (NP (NP (DT a) (ADJP (CD 9) (NN %)) (NN drop)) (PP (IN in) (NP (JJ quarterly) (NN profit))))) (. .)))

(S1 (S (NP (NNP Manufacturers) (NNP Hanover)) (VP (VBD had) (NP (NP (DT a) (NN loss)) (ADJP (JJ due) (PP (TO to) (NP (DT a) (JJ big) (NN reserve) (NN addition)))))) (. .)))

(S1 (S (NP (NP (NNP Bank)) (PP (IN of) (NP (NNP New) (NNP England)))) (VP (VBZ plans) (S (VP (TO to) (VP (VP (VB sell) (NP (DT some) (NNS operations))) (CC and) (VP (VB lay) (PRT (RP off)) (NP (NP (CD 4) (NN %)) (PP (IN of) (NP (PRP$ its) (NN work) (NN force)))) (PP (IN after) (NP (NP (DT a) (NN year)) (PP (IN of) (NP (NP (JJ weak) (NNS earnings)) (CC and) (NP (VBG mounting) (NN loan) (NNS problems))))))))))) (. .)))

(S1 (S (NP (NP (NNP Eastern) (NNPS Airlines) (POS ')) (NNS creditors)) (VP (VBP have) (VP (VBN begun) (S (VP (VBG exploring) (NP (NP (JJ alternative) (NNS approaches)) (PP (TO to) (NP (DT a) (NNP Chapter) (CD 11) (NN reorganization)))))) (SBAR (IN because) (S (NP (PRP they)) (VP (VBP are) (ADJP (JJ unhappy) (PP (IN with) (NP (NP (DT the) (NN carrier) (POS 's)) (JJS latest) (NN proposal))))))))) (. .)))

(S1 (S (NP (NNP Tele-Communications)) (VP (VBD agreed) (S (VP (TO to) (VP (VB buy) (NP (NP (NN half)) (PP (IN of) (NP (NNP Showtime) (NNS Networks)))) (PP (IN from) (NP (NNP Viacom))) (PP (IN for) (NP (QP ($ $) (CD 225) (CD million)))))))) (. .)))

(S1 (S (NP (DT The) (NN move)) (VP (MD could) (VP (VB pose) (NP (NP (DT a) (JJ new) (NN challenge)) (PP (TO to) (NP (NP (NNP Time) (NNP Warner) (POS 's)) (NNP Home) (NNP Box) (NNP Office)))))) (. .)))

(S1 (S (NP (DT The) (NNP CFTC)) (VP (VBZ plans) (S (VP (TO to) (VP (VB curb) (NP (NP (JJ dual) (NN trading)) (PP (IN on) (NP (NP (NNS commodities) (NNS markets)) (, ,) (SBAR (WHPP (IN in) (WHNP (WDT which))) (S (NP (NNS traders)) (VP (VBP buy) (CC and) (VBP sell) (PP (DT both) (PP (IN for) (NP (PRP$ their) (JJ own) (NN account))) (CC and) (PP (IN for) (NP (NNS clients)))))))))))))) (. .)))

(S1 (S (NP (DT The) (NN move)) (VP (VBZ is) (ADJP (JJ likely) (S (VP (TO to) (VP (NN anger) (NP (NNS traders))))))) (. .)))

(S1 (S (NP (NNP FDIC) (NNP Chairman) (NNP Seidman)) (VP (VBD said) (SBAR (IN that) (S (NP (NP (NNP Lincoln) (NNP Savings) (CC &) (NNP Loan)) (PP (IN of) (NP (NNP California)))) (VP (MD should) (VP (VB have) (VP (VBN been) (VP (VBN seized) (PP (IN in) (NP (CD 1986))) (S (VP (TO to) (VP (VB contain) (NP (NP (NNS losses)) (SBAR (S (NP (PRP he)) (VP (VBD estimated) (SBAR (S (VP (MD will) (VP (VB cost) (NP (NNS taxpayers)) (NP (QP (RB as) (JJ much) (IN as) ($ $) (CD 2) (CD billion))))))))))))))))))))) (. .)))

(S1 (S (NP (DT A) (ADJP (QP ($ $) (CD 67) (CD billion))) (NN spending) (NN bill)) (VP (VBD was) (VP (VBN approved) (PP (IN by) (NP (NP (JJ House-Senate) (NNS conferees)) (SBAR (WHNP (WDT that)) (S (VP (VBZ includes) (NP (NP (JJ major) (NNS provisions)) (VP (VBG affecting) (NP (DT the) (JJ federal) (NN mortgage) (NN market))))))))))) (. .)))

(S1 (S (NP (NP (NNP Hooker) (POS 's)) (NNP U.S.) (NN unit)) (VP (VBZ is) (VP (VBN expected) (S (VP (TO to) (VP (VB agree) (PP (IN in) (NP (NN principle))) (NP (DT this) (NN week) (S (VP (TO to) (VP (VB sell) (NP (PRP$ its) (NNP Merksamer) (NNP Jewelers) (NN chain)) (PP (TO to) (NP (NN management)))))))))) (, ,) (PP (VBG according) (PP (TO to) (NP (NNS executives)))))) (. .)))

(S1 (S (NP (DT The) (NN deficit-reduction) (NN bill)) (VP (VBD became) (VP (VBN snagged) (PP (IN over) (NP (NNS efforts) (S (VP (TO to) (VP (VB streamline) (NP (NP (DT the) (NNP House) (NN version)) (PP (IN of) (NP (DT the) (NN legislation)))) (PP (IN in) (NP (NP (NN advance)) (PP (IN of) (NP (DT a) (NNP House-Senate) (NN conference)))))))))))) (. .)))

(S1 (S (NP (NNP Integrated) (NNP Resources)) (VP (VBD said) (SBAR (S (NP (NNS talks)) (VP (VBP have) (VP (VBN ended) (PP (IN with) (NP (NP (DT another) (JJ potential) (NN buyer)) (PP (IN of) (NP (PRP$ its) (JJ core) (NNS businesses)))))))))) (. .)))

(S1 (S (NP (CD Three) (JJ big) (NN drug) (NNS makers)) (VP (VBD posted) (NP (JJ robust) (JJ third-quarter) (NNS earnings))) (. .)))

(S1 (S (NP (NP (NNP Merck) (POS 's)) (NN profit)) (VP (VBD climbed) (NP (NP (CD 25) (NN %)) (, ,) (NP (NP (NNP Warner-Lambert) (POS 's)) (CD 22) (NN %)) (CC and) (NP (NNP Eli) (NNP Lilly) (VBZ 's))) (NP (CD 24) (NN %))) (. .)))

(S1 (NP (NNS Markets) (: --)))

(S1 (NP (NP (NNS Stocks)) (: :) (NP (NP (NN Volume)) (NP (CD 224,070,000) (NNS shares))) (. .)))

(S1 (FRAG (NP (NP (NNP Dow) (NNP Jones) (NNS industrials)) (NP (NP (CD 2638.73)) (, ,) (ADVP (RB off) (NP (CD 18.65))))) (: ;) (FRAG (NP (NP (NN transportation)) (NP (NP (CD 1254.27)) (, ,) (ADVP (RB off) (NP (CD 49.96))))) (: ;) (NP (NP (NNS utilities)) (NP (NP (CD 214.54)) (, ,) (ADVP (RB off) (NP (CD 0.19)))))) (. .)))

(S1 (NP (NP (NNS Bonds)) (: :) (NP (NP (NNP Shearson) (NNP Lehman) (NNP Hutton) (NNP Treasury) (NN index)) (NP (CD 3377.43)) (, ,) (ADVP (RB off)))))

(S1 (NP (NP (NNS Commodities)) (: :) (NP (NP (NP (NNP Dow) (NNP Jones) (NNS futures) (NN index)) (NP (NP (CD 129.72)) (, ,) (ADVP (JJ unchanged)))) (: ;) (NP (NP (NN spot) (NN index)) (NP (CD 129.97)) (, ,) (ADVP (RB off) (NP (CD 0.19))))) (. .)))

(S1 (NP (NP (NN Dollar)) (: :) (NP (NP (NP (CD 142.75) (NN yen)) (, ,) (ADVP (IN up) (NP (CD 0.95)))) (: ;) (NP (NP (CD 1.8667) (NNS marks)) (, ,) (ADVP (RB off) (NP (CD 0.0018))))) (. .)))

