(S1 (FRAG (ADVP (RB literally)) (. .)))

(S1 (S (NP (NP (NNS Traders)) (VP (ADVP (RB nervously)) (VBG watching) (NP (PRP$ their) (NNP Quotron) (JJ electronic-data) (NNS machines) (NN yesterday) (NN morning)))) (VP (VBD were) (VP (VBN stunned) (S (VP (TO to) (VP (VB see) (S (NP (DT the) (NNP Dow) (NNP Jones) (NNP Industrial) (NNP Average)) (VP (VB plummet) (NP (CD 99) (NNS points)) (PP (IN in) (NP (NNS seconds)))))))))) (. .)))

(S1 (S (ADVP (NP (DT A) (NN minute)) (RB later)) (NP (PRP it)) (VP (VBD soared) (NP (CD 128) (NNS points)) (, ,) (S (RB then) (VP (VBD zoomed) (ADVP (RB back)) (ADVP (RB down) (NP (NP (CD 113) (NNS points)) (, ,) (NP (CD 69)))) (PP (IN below) (NP (NP (NNP Friday) (POS 's)) (NN close)))))) (. .)))

(S1 (SINV (`` `) (S (`` `) (NP (PRP It)) (VP (VBD was) (ADJP (JJ crazy))) (, ,) ('' ')) ('' ') (VP (VBD said)) (NP (NP (NNP Neil) (NNP Weisman)) (, ,) (NP (NP (JJ general) (NN partner)) (PP (IN of) (NP (NNP Chilmark) (NNP Capital) (NNP Corp))))) (. .)))

(S1 (S (`` `) (S (`` `) (NP (PRP It)) (VP (VBD was) (PP (IN like) (S (VP (VBG flying) (PP (IN without) (NP (NP (DT a) (NN pilot)) (PP (IN in) (NP (NP (DT the) (NN front)) (PP (IN of) (NP (DT the) (NN plane)))))))))))) (. .) ('' ') ('' ')))

(S1 (S (CC But) (NP (NP (DT those)) (SBAR (WHNP (WP who)) (S (VP (VBD said) (`` `) (S (`` `) (NP (DT This)) (VP (MD ca) (RB n't) (VP (VB be) (VP (VBG happening)))) ('' ')) ('' '))))) (VP (VBD were) (ADJP (JJ right))) (. .)))

(S1 (S (NP (DT The) (NNPS Quotrons)) (VP (VBD were) (ADJP (JJ wrong))) (. .)))

(S1 (S (NP (NP (NNP Quotron) (NNPS Systems) (NNP Inc.)) (, ,) (NP (DT a) (NNP Citicorp) (NN unit)) (, ,)) (VP (VBD blamed) (NP (DT the) (JJ 30-minute) (NN foul-up)) (PP (IN on) (`` `) (NP (`` `) (NP (DT a) (NN timing) (NN problem)) (PP (IN in) (NP (PRP$ our) (NN software) (POS '))) ('' ') (VP (VBN caused) (PP (IN by) (NP (NP (DT the) (JJ enormous) (JJ early) (NN volume)) (: --) (NP (NP (QP (RB about) (CD 145) (CD million)) (NNS shares)) (PP (IN in) (NP (NP (DT the) (JJ first) (NN hour)) (PP (IN of) (NP (NNP New) (NNP York) (NNP Stock) (NNP Exchange) (NN trading)))))))))))) (. .)))

(S1 (S (S (NP (NP (DT The) (NNS prices)) (PP (IN of) (NP (NP (DT the) (JJ individual) (NNS stocks)) (SBAR (WHNP (WDT that)) (S (VP (VBP make) (PRT (RP up)) (NP (DT the) (NN average)))))))) (VP (VBD were) (ADJP (JJ correct)))) (PRN (, ,) (S (NP (NNP Quotron)) (VP (VBD said))) (, ,)) (CC but) (S (NP (DT the) (NN average)) (VP (VBD was) (ADJP (JJ wrong)))) (. .)))

(S1 (S (ADVP (RB Meanwhile)) (, ,) (NP (EX there)) (VP (VBD was) (NP (NP (DT an) (JJ awful) (NN lot)) (PP (IN of) (NP (NN confusion))))) (. .)))

(S1 (S (PP (IN At) (NP (RB about) (CD 10:40) (NN a.m.))) (PP (IN on) (NP (NP (DT the) (JJ over-the-counter) (NN trading) (NN desk)) (PP (IN at) (NP (NP (DT a) (JJ major) (NN brokerage) (NN firm)) (, ,) (NP (NP (DT a) (JJ veteran) (NN trader)) (SBAR (WHNP (WP who)) (S (VP (VBZ buys) (CC and) (VBZ sells) (NP (NP (DT some)) (PP (IN of) (NP (DT the) (JJS most) (JJ active) (NNS stocks)))))))))))) (VP (VP (VBD looked) (PP (IN at) (NP (DT a) (JJ senior) (NN official)))) (CC and) (VP (VBD asked) (, ,) (`` `) (SBARQ (`` `) (WHNP (WP What)) (SQ (VP (VBZ 's) (VP (VBG going) (PRT (RP on))))) (. ?))))))

(S1 (SQ (VBZ Is) (NP (DT the) (NN market)) (ADVP (RP up) (CC or) (RP down)) (. ?) ('' ') ('' ')))

(S1 (S (PP (IN At) (NP (DT the) (NN time))) (, ,) (NP (NNP Quotron)) (VP (VBD was) (VP (VBG reporting) (SBAR (IN that) (S (NP (DT the) (JJ industrial) (NN average)) (VP (VBD was) (ADVP (RB down) (NP (CD 70) (NNS points)))))))) (. .)))

(S1 (S (PP (IN In) (NP (NN fact))) (, ,) (NP (PRP it)) (VP (VBD was) (ADVP (RB up) (NP (CD 24)))) (. .)))

(S1 (S (NP (NP (NNP Holly) (NNP Stark)) (, ,) (NP (NP (DT a) (NN vice) (NN president)) (SBAR (WHNP (WP who)) (S (VP (VBZ heads) (NP (NP (DT the) (NN trading) (NN desk)) (PP (IN at) (NP (NNP Dillon) (NNP Read) (NNP Capital) (NNP Corp.)))))))) (, ,)) (VP (VBD said) (SBAR (IN that) (S (SBAR (RB once) (S (NP (PRP she)) (VP (VBD figured) (PRT (RP out)) (SBAR (S (NP (DT the) (NNP Quotron) (NNS numbers)) (VP (VBD were) (ADJP (JJ wrong)))))))) (, ,) (NP (PRP she)) (VP (VBD called) (S (NP (NNS brokers)) (VP (TO to) (VP (VB tell) (NP (PRP them))))))))) (. .)))

(S1 (S (`` `) (S (`` `) (NP (PRP It)) (VP (VBZ 's) (VP (VBN been) (NP (NP (NN kind)) (PP (IN of) (NP (NN annoying)))) (, ,) (S (VP (TO to) (VP (VB say) (NP (DT the) (JJS least))))))) (, ,) ('' ')) ('' ') (NP (PRP she)) (VP (VBD said)) (. .)))

(S1 (S (S (VP (TO To) (VP (VB confuse) (NP (NNS matters)) (ADVP (RB further))))) (, ,) (SBAR (WHADVP (WRB when)) (S (NP (NNP UAL) (NNP Corp.) (NN stock)) (ADVP (RB finally)) (VP (VBD opened) (PP (IN on) (NP (DT the) (NNP New) (NNP York) (NNP Stock) (NNP Exchange))) (PP (IN at) (NP (CD 11:08) (NN a.m.)))))) (, ,) (S (NP (DT the) (NN price)) (VP (VBD was) (VP (VBN listed) (PP (IN at) (NP (NP ($ $) (CD 324.75)) (NP (DT a) (NN share)))) (, ,) (ADVP (RB up) (NP (QP (RB about) ($ $) (CD 45))) (PP (IN from) (NP (NNP Friday))))))) (: ;) (S (PP (IN in) (NP (NN fact))) (, ,) (NP (PRP$ its) (JJ true) (NN price)) (VP (VBD was) (NP ($ $) (CD 224.75)) (, ,) (ADVP (RB down) (NP ($ $) (CD 55))))) (. .)))

(S1 (S (NP (DT That)) (VP (VBD was) (NP (NP (NP (DT the) (NNP New) (NNP York) (NNP Stock) (NNP Exchange)) (POS 's)) (NN blooper))) (. .)))

(S1 (S (NP (DT A) (NN spokesman)) (VP (VP (VBD cited) (NP (DT a) (`` `) (NX (`` `) (NX (JJ technical) (NN error)) ('' ')) ('' '))) (CC and) (VP (VBD declined) (S (VP (TO to) (VP (VB elaborate)))))) (. .)))

(S1 (S (CC And) (NP (EX there)) (VP (VBD were) (NP (JJ other) (NNS blunders))) (. .)))

(S1 (S (SBAR (WHADVP (WRB When)) (S (NP (DT the) (NN market)) (VP (VBD opened) (PP (IN at) (NP (NP (CD 9:30) (NN a.m.)) (NP (NNP EST))))))) (, ,) (NP (NP (DT a) (NN reporter)) (PP (IN for) (NP (DT the) (NNP Reuters) (NNP newswire)))) (VP (VBD miscalculated) (NP (NP (NP (DT the) (JJ industrial) (NN average) (POS 's)) (NN drop)) (PP (IN as) (NP (NP (DT a) (ADJP (CD 4) (NN %)) (NN decline)) (SBAR (WHADVP (WRB when)) (S (NP (PRP it)) (ADVP (RB really)) (VP (VBD was) (ADVP (RB down) (NP (CD 0.7) (NN %)))))))))) (. .)))

(S1 (S (`` `) (S (`` `) (NP (PRP It)) (VP (VBD was) (NP (NP (DT a) (NN case)) (PP (IN of) (NP (JJ human) (NN error))) (, ,) (SBAR (WHNP (WDT which)) (S (NP (PRP we)) (VP (VP (VBD found) (ADVP (RB almost) (RB immediately))) (CC and) (VP (VBN corrected))))))) (, ,) ('' ')) ('' ') (NP (NP (DT a) (NN spokesman)) (PP (IN for) (NP (NP (NNP Reuter)) (PP (IN in) (NP (NNP New) (NNP York)))))) (VP (VBD said)) (. .)))

(S1 (S (ADVP (RB Meanwhile)) (, ,) (NP (NP (DT some) (NN currency) (NNS traders)) (PP (IN at) (NP (NP (ADJP (NNP West) (NNP German)) (NNS banks)) (PP (IN in) (NP (NNP Frankfurt)))))) (VP (VBD said) (SBAR (S (NP (PRP they)) (VP (VP (VBD sold) (NP (NNS dollars)) (PP (IN on) (NP (DT the) (NN news)))) (CC and) (VP (VBD had) (S (VP (TO to) (VP (VB buy) (NP (PRP them)) (ADVP (RB back)) (ADVP (RBR later)) (PP (IN at) (NP (JJR higher) (NNS prices))))))))))) (. .)))

(S1 (S (CC But) (NP (PRP it)) (VP (VBD was) (NP (NP (DT the) (NNP Quotron) (NNS problems)) (SBAR (WHNP (WDT that)) (S (VP (VBD had) (NP (VBG lingering) (NNS effects))))))) (. .)))

(S1 (S (S (NP (NP (NNP Dillon) (NNP Read) (POS 's)) (NNP Ms.) (NNP Stark)) (VP (VBD said) (PP (IN in) (NP (JJ early) (NN afternoon))) (SBAR (IN that) (S (NP (PRP she)) (VP (VBD was) (ADVP (RB still)) (VP (VBG viewing) (NP (NP (NNS prices)) (CC and) (NP (JJ other) (NNS data))) (PP (IN as) (ADJP (JJ subject) (PP (TO to) (NP (NN verification))))))))))) (, ,) (CC and) (S (NP (PRP she)) (VP (VBD said) (SBAR (S (NP (NN portfolio) (NNS managers)) (VP (VBD continued) (S (VP (TO to) (VP (VB question) (NP (NP (DT the) (NNS numbers)) (SBAR (S (NP (PRP they)) (VP (VBD saw) (PP (IN on) (NP (DT the) (NN screen))))))))))))))) (. .)))

(S1 (S (NP (PRP It)) (VP (VBD was) (NP (NP (DT the) (JJ second) (NN time)) (PP (IN in) (NP (QP (JJR less) (IN than) (DT a)) (NN week))) (SBAR (IN that) (S (NP (NNP Quotron)) (VP (VBZ has) (VP (VBD had) (NP (NP (NNS problems)) (S (VP (VBG calculating) (NP (DT the) (JJ industrial) (NN average))))))))))) (. .)))

(S1 (S (PP (IN At) (NP (NP (DT the) (NN start)) (PP (IN of) (NP (NP (NN trading)) (NP (JJ last) (NNP Wednesday)))))) (, ,) (NP (DT the) (NN average)) (VP (VBD appeared) (S (VP (TO to) (VP (VB plunge) (NP (QP (JJR more) (IN than) (CD 200)) (NNS points)))))) (. .)))

(S1 (S (ADVP (RB Actually)) (, ,) (NP (PRP it)) (VP (VBD was) (ADVP (RB down) (NP (RB only) (DT a) (JJ few) (NNS points))) (PP (IN at) (NP (DT the) (NN time)))) (. .)))

(S1 (S (NP (NNP Quotron)) (VP (VBD said) (SBAR (S (NP (NP (DT that) (NN snafu)) (, ,) (SBAR (WHNP (WDT which)) (S (VP (VBD lasted) (NP (CD nine) (NNS minutes))))) (, ,)) (VP (VBD resulted) (PP (IN from) (NP (DT a) (NN failure) (S (VP (TO to) (VP (VB adjust) (PP (IN for) (NP (NP (DT a) (JJ 4-for-1) (NN stock) (NN split)) (PP (IN at) (NP (NNP Philip) (NNP Morris) (NNP Cos)))))))))))))) (. .)))

(S1 (S (NP (DT A) (NNP Quotron) (NN spokeswoman)) (VP (VBD said) (SBAR (S (NP (JJ recent) (NN software) (NNS changes)) (VP (MD may) (VP (VB have) (VP (VBN contributed) (PP (TO to) (NP (NP (NN yesterday) (POS 's)) (NNS problems))))))))) (. .)))

(S1 (S (NP (PRP She)) (VP (VBD said) (SBAR (S (NP (NNP Quotron)) (VP (VBD switched) (PP (TO to) (NP (DT a) (NN backup) (NN system))) (SBAR (IN until) (S (NP (DT the) (NNS problems)) (VP (VBD were) (VP (VBN corrected))))))))) (. .)))

(S1 (S (`` `) (S (`` `) (NP (NP (NNP Today)) (PP (IN of) (NP (DT all) (NNS days))))) (, ,) ('' ') ('' ') (NP (PRP she)) (VP (VBD lamented)) (. .)))

(S1 (S (`` `) (NP (NP (`` `) (DT The) (NNS eyes)) (PP (IN of) (NP (DT the) (NN world)))) (VP (VBD were) (VP (VBG watching) (NP (PRP us)))) (. .)))

